recipient,amount,signature
327vwxcWHTrRjJc2qZgQQDrQkW3bZSa4BgzKM5383CVV,4500.000000,xemjkLn3xbd7s6HCsKFpQrERMWxn1ahgFsPTGFmH4WnXeHuMRv91G9E8aWYmBd7ZC84mPWaRCsKuQggjqRAuG6K
7UjeBDzTuQYGrWYLcjRZ7AXWUedNm4BLaR3DeAHS9SVc,4500.000000,2GtdX7kPhEwnksuGQERTa5cFd8aBykYzxcw8e48YdKgKpwBRg6uF1RQY5frszXpBHupHD97y8A7E8cBrGALAYKBp
AxX76igLxVaK2KsEV47iH9JPxHz7rtNx11nyFBmdUxPA,4500.000000,5r7xRC646cVRKzwEaKDYjdAvrz115MqXeds9RkQH5DSSpvA5mAKLEVAMQuY6rHph7syCTahdQdYofHQqTUbubNoV
ATZ5RC5Ew2cEdf8PPDozrEM17gxu46e34DKEvFMxxuGq,4500.000000,4aCyz1655DUU5XuU2CQxT7FRAgw38HDjxKQkK1xJ5i1nqWafT3QBKLFaKNESzW2s7F8xcRDuz1puCBCUmTfzGdkJ
6A9Vpg6VDGzh3tNi9awC4zZWDCuCxEfWJcLYatR4eGi5,4500.000000,42LdiLPgudTYPDDNLEFYTy1NN4bwPnmjdgB6ymi5eGaHAbgynQrcJ18nFEcorccAimW4Sz3rANqs7e4FVyvBh4aa
EiUgCVsNwE91UCjB6JRk1VkwA9dy1xT2tjUedG8rhUy9,4500.000000,4VkKzrw15fXVi3ntPEXx19RZv6n3BYKJyJWHeQvXWGnd5XAXsU7iHFzsWtpzjWJzT6gzSeVwUwbEJReGa5asSNz4
5bq5Wo22C1313EXn6y1xe5rmQELrtRh24jSSbmpZSc6w,4500.000000,2wj6WyWhxzfTz8xv2DB3RzGrNTHeywe19x6ASCAtjL8LmzgSsy9zQLz7j3WTMwBFRMvtCGBfePFqkSvRRyhskAqJ
B5wsRUwWQLiJey52ccFLBVGAg7XBKQek2KkNsVibQ5LF,4500.000000,5buWQx1CbNFNxy42UPtahggPM2d1xk5kawPAai6op1SQHBLL4aLG87szWySjKXL5iQes7zq9grhH3ZBfisRVyTXJ
6EhrF1dZs1GNVp5Ak8n225AMyc9Z7T6StYc9j52spBrR,4500.000000,3vWAbQQp5B54cYEcjA9bEJS8P7WfHFdMpmo7nRg1eoSKEbXxsuTeTJUvKEUUwu1fbA8P3ZF5JJnCAmmwcTt91jU
CcbKJx5EqM7xeKbdmkMddbuBmqUfedaZ4FtSTtoR9VCK,4500.000000,24CwKyucafmiJun8dgjiyzT5j8cUuDXZbauSNdXsEMYkXyS6UxkNSSDtLAP25uREACmxDwyHYvfoozKs7bB5UXev
ExW4ou3BTDHVWniYuUkjjL48oB9RtShLwGkykjtZxpNE,4500.000000,CZpXAzucbjyodaZYLuZsn6EiFgEexfBLtSBsstnTub8bifQ8yLyT7tKfHXgAJfYMc9y24kGzKcr3U4qHEhsFKcA
Hm6b47oc1fa6ytX2YfVbA1fq5xH7QkeFH9kTtP4e4LmM,4500.000000,e5X82idtBsFnMTXcxVkthr9BBBBxDqLHxCiLUqq9THZk2PRW48odf1EnjPzsdcetRcRmWdDCKyhz6qM2Jwg6oHy
8YDqTMZbqFYHbZ6N2dmQQp3eyQc6V34sEyDRenqMt5tf,4500.000000,4oPSJptMBqvyT7iFs6gLEGJMtEMJK5ysk1SNpTfBNrRPgg53Kq4GC4tSY45sF7XCSqpUHWpWpiFC7B46fQaE22eb
41EdPExSmNgJm5yMzAgmqARhSYsh1FEZoiFWqW2ZJjJV,4500.000000,4DHhq6fnGAqHfvu56cAkkYFeb57EeV4xVujxhjvJtxrREAK9SdMGmF3RDQadZjNsmH9SxhuFdQNe4qVD4cV7ZgeA
CUdkdj2gBCn63v8QcLGuy7fRDAd4tw6dwxA1Yu3ANjif,4500.000000,4Mr1E9fdbZR6raWocmQV166uRfNcuayM73hWKiWdi6Hugqm2ct6K2AhA1kftQXZj9MTfFQZFw4wpnbG9uXdUzYzm
AtbstESnKxp5vPRz2Bxd4ebiBZwdN5Y1cs9UacoLLowF,4500.000000,4n2N6DzmRvKjLiAF6YCzq2GiNRAvdadQa5XNa28qNmoCFxKhn6Kpz7TamDvv9tZnwfjjbg8TG7e6hjdbb8fWvQPw
2gZQ2gt3vrzRPraovrrEXGSRUEtC6Cnzx1rAtCCPPu5Z,4500.000000,59nxrijPjQhm3r4zqaYSnSo1KjVPde9qesgQpo4zFBkYXNsCyyprQhNQBXvssfXnJuKR8a3MVNL7ZDxewKVXAs4G
CovrCAVUo7SXyMva73XWBeGLgU22ENXBcEnf7YvFmWnG,4500.000000,Gu5CnWAbpRFdrBojAmB4Nr7dKfGMEEYA9QNLKRXyhMC9egqRT5iCuTzMGPDCTNjimiLP3hP4RALB2ukgwHaN1Cn
4KjgTFz6DzZERJojAKSrVrAVDGm65U2Yfa8B3RVaQo9z,4500.000000,5Cubr1RMXz1uxnvyo2xwpi1BDp77Jav763fCtLaJXswHrgdD3fWqLCbyJjigeXaaLxhUXTUsnxBwH9okRGMwYmVG
DaRwXg6B4m5yKBko75w24Y8RmW7i1mGiSCY3QY3VQDBd,4500.000000,3X7n66tfPVFr4CBjEwYbgUBbn5BFJCh4G8VY3aiKKazvCTJna78Lkx1EzJ1xf4xWEu6Wribjs1nhE1kZbvfopUTR
EPBGYvGCRgkT8DGnivZoiHyDfL28fFbw4dGgi4eCCAtZ,4500.000000,44vyPbvhtEbswiPux1QjggjiotbwXjNjzZKbsgCBQxvLEYLhHacFdzdp96pjS7yS1g2GhpS4e9EDEFYDj8pjt9rV
C8qTjv6PcK8HGfvk65mtY8CYEihkit7YpVUncpKDaQ6E,4500.000000,5QpARAWvX4w48ysQdVFbAeyx9tQqz16aQoFH5ziBpAkGfNPk6mkNrgzY7YDbjWQxhneQdBcS6MyM1qR9g53Ho5Gh
QsD6Ps7M1LzyrBquFddqVHmhFswHQkep3t2iVYgz1Lf,4500.000000,ARSxv2Jr77u2F6zrCNciHBX7cdvCBkBVPjvqJkG4Bxu51DfpG12RYoNoKfAKAY6X1euDqXNWCHqpJ1q3mUhNKuM
HjSWYuxKNvpGwH2PvJD5haKvWzb4xj6yZ3Amf9dKyqNF,4500.000000,2EjrV1cCgNXnemZjBVotg19BBXLV9mD2mCuUBn5Uxz7Fy6vspoLDzrvYPvqKPbKmRgphEf9osxkv8KYHQnod6kwr
AWxHb6mjoMUuYLrcwY9SjTpkERTSQYFvCkkdjszrRBqK,4500.000000,47MWgEt8JihEX4ZdjZT8Xa7KShJsA55JTNBwLmRrSj2p7hJCFxrbkQW6MBijn5yrbx21xHXkrFmTCPYT2YBCzTZ8
4w7i2mQcEAata6Mu1HnDJGKqpBSjxgehXaBBBRBVbWXZ,4500.000000,4MRQkwtmBcCHW4o1p9wfmkw17PhDK2hQYd3zRsJEFYgPwwVhk2ztjNvGfL4AR3J2evQjF4KBhA81abgbEGrjQSG1
25h5uAR6CWSMSDKb9bPaEcwLZGgxX25jY52FKxTE5Uca,4500.000000,4Yk2xUCkto6u1n55PyVJpeqeQhdLTyxdxrHDz3raKfpVCZdwXc3m7LP8zn6GyrS1aJubuYSW61dB9DVR11fmvW63
4XjpefApxAE9obECgPBzT9Gqumj4YVbbJQUoxMvvbz7c,4500.000000,3Sg3mUvaaWUKHVve8HVtP36nz4BGjFkYdVWUfnUv9tJcUHak2ECNVFKg9nUAuvKoxX1Q1jdgJ5qg2Pb83q7Lcrtr
u8WRvMNQCRdBUwffzMM5wkTNzV9HDgab9S6wCexkSw5,4500.000000,2y9d3d9aau7zAb5Zuze5LiN3d73XnUQSam5popQgWSMtJNGz3KsrtmdGHVoQRTej4CkVRz2DK1sKAH5AndUoZ3x9
5QSN4kfKZkcQrqxsLZTqruG5fozkX181ym4FCviBXpaP,4500.000000,2VekABGTiYLi6cWh9c8xkZK6GQWwsAVhvTohqyKUiGk5YJnCe47q2J9NUubpeLQLpSD64BsukdqB382CkHktemx9
BjUTRj2DRnmPFRpFP89vc9wE9eXHTbfLAop5EbfX82B4,4500.000000,35ssvadaPfV16RjiqaYbzE3HyWRMKJ4aVSvxWTSH9vjtKEGKhqiq9LJbvqpVENUPXsU866A3BhJSzaiomP6hZpUp
AYDzVzWRPNie9bA5ErcfpALE1XpDD8YzehEN9oWXvLR,4500.000000,2eVkUM2ywZncijjVmjndQVjKSrkNziszBfNGQAMzENfGApm5yX3BiySW6FsboCMCrcoJ3QsLRW8YAT1kXQiHGTtS
7fT1jbfeG4B5jfs7XZRbzQQGpvThaSWcAcBVcTjTzvZ8,4500.000000,GBTFwJ1uYnuQnPFy4aCSbMu4FLLGzgDRMyniSHkC6trNdV6SQ8DHcUT3VKdKShLPHVjNx3vocqq8g4KxAxhzGBa
HgcLRJeyFCuiqBZB2RKU5QfJcAHrq3z3yRS9fGAx2Hbw,4500.000000,2LoyvbegifidBPhad5tDG8MHiGRX4KFQexv3xKoYgZaMzmT989FC9VupDzSuyEJJNLRe3VMsVCwuQkqRr71ruQxc
HFWdiABtRxaSBpM4sEjTAzyNafZk7ycEePVDDodrLNdc,4500.000000,377j2vJKX4R28iTkY4bsLu46DBq8mnJskp7yidD73vr37CToKwRoAsDhYawdNgoSwVCqF2tEN2kv1W2K7eUaVU8U
FGT2grrAk7VnvncMetSSbmCsdRutbFMTH59YU7xv7ERo,4500.000000,4wCFxW8pqmR8nNM3pbunvZSmWY6hk9taxKetWXYiKER3gaDdwiFw16AE9hi5oqpKtyKbBN4Lw9DyAXsHiaKvCcvC
GQHgmHLJ1uFFTj4APHdCcBMs21xXAAQHeYKfoCsXzocx,4500.000000,3UTsesKxzXCVhjTu3Js5Tgmz3D9cY36r54UEuLBFD7aYkm5daDLMsbBNhdc2YfLNppxFMNrye2fUgLSLYDzpM1J4
9RXCDn4au6xuTFGRqXjHoLZQnGcZTDzGWFeN1uvfFADz,4500.000000,4PWW5rknx3yHopZvJAkLxFFE8zVe86QLpZ7b2fsbm42WYJLpVoPTmKoFdoGZvX4CFpbNaGshfGLP4mPJMVLW8bLo
8kP8Et7AD7Xuq8Y6pvhLKwVtDxoraz7EPaESWtmDxS4B,4500.000000,3ixaMoskGJQxKRq9Pt5E2YPV5yewjtpxsgPbD5fbeNotTwH49VbcJpEjbEYtjdu94TDtg4BSSEqPeDVjee2TiFf5
B3vmdhrZXbzbsMzmrbL26rgv8qYvx8oGPUUiRUTou2ee,4500.000000,4GWwcTEYCY8Xjh9XK1Djqq4SiqzeYwvMQbMAAggGsq9scmJibRZs5RK723jxpGnRDke1czjRk7fDaytt13yWZEuR
EEiYDXPP5y3geLW3m4bS6VtxxsbQfuwopHhmxTqai7G6,4500.000000,5U9qSQ4gWft2RiLS8ExSaKKHQcCLqdWEwkoers9zJWcV6ows2aLPqQifbfRGZkrh2ChBvNAiPhh4kGs1c2VxoHXR
BkoP4ZtjnD7evEsehYAeVcmtKFMc1Tjz9zZvc9KUMcPt,4500.000000,3sPLPMujbWUgLj2NCerdUEqbDGumzviMKbMnTCdFKyHBLFrpUjPyVcAApKT8DcpUjboWosEwFqU726Ese43NVmfG
HKHczNhrYQNaeap7KUfhxudBCZF69cCxLDbrCj5r6Z6o,4500.000000,BetnbA4onVuY5sxSfPS45xGdYsWMjxaizMj7uzfiDLDxvnPCrKv3ecBL86U2eHbroMKGC551wwedQwEz6Pu4U19
B7ZVk4wpMkHfVpNDvkV5kh5BSEEdi3XAAEpzzHTdiZW,4500.000000,SCEDeVhEWwnkLG88TgyG4CNVbgQiDBTjh3CYrwyYhqC2utaUd3aeLffTz7a8DDMX8z6tK8HwCrsatvEnKXD1HQS
A5TYmMcVNcsmJqjYJVTZ6qyU9eoESjLHEt3x9aePKqC7,4500.000000,53dJMWgYj4UAtWpLA4UHqcet4KAqhoj288HSh67JjxhjYFBPVqB9rjXe3A9NhYwg1bqL7SvUvK3xnspprKXF88dh
3XW7hMvuBXC99opnK7w7cSDWVb3jzDZ2K4i1PdB4j68Q,4500.000000,2iVuyWaU1R6NthpEf7AG2d3PEU1TiJAKkQw4XjhLg8QtK8a2JNh3Ut7iX7gDMRS8Gfd75TvfBfHXQeYaNEcoybTM
56bnbEg7tNt2vQpQUGG6ZanF7fNfCCzJ7EbYQc1L5DzE,4500.000000,3bfNy2kU9UdAPuHqmj3AKeUJU8xPwDWwfQ3HoCTcETU3tuSJ78mUdBsaGDBYjzWbtMDsz3WWWu2kMmyaViK4DN7e
AzozGpX3QaTt7hzfBirGn1yyiD2eVAdBHL5s5E1yo2Wy,4500.000000,KbgkAc9cRArY4ieUy5sWTY6Y54TYeneUsB5bKh6GyUiQyCn3xsbdZUabdiUt3LNLBio2M3YpDsbHbuwYRVwBQuS
6dLE9sWv7h9hFPHFyvpDeVZjviUe3HYHDFjDh6c2pudj,4500.000000,5KNXP1iTDRiK3GqmLoLk6PFZ7tUauyngphuyDCpjibeCeYa8kyk1NVYTG7jTAa1TCPZWmqahAuVxNVt4ihh9FBQu
9MUiSicbtU3Lz25GNmMYD6rZcRoRE17Ex2oHNj2UCKAJ,4500.000000,BrddtE4oBGih3r9N9MFDKwNYCFnYqDDM6VyjwfyDpJiY7CbWkrvSBeVAYCMZBqnmRNet75Jx27QmNwxUUzujQ1U
EQiE4wJN4GqsRTTeBGV893Q4gje4QvRdzuAP1oCY4zzt,4500.000000,2VKMJbDArbWtWzR57HL3HPH6beJn5QUtzE7YTRKweNvdtLjwDCFMHv6kn51xe86A8S3hfehM6TTWjhJaW1orThmB
Da8LaB63Ci5vjYyKua1XB5djYj3zDMk1Fdn1GaBFSB3c,4500.000000,5WrGNwNrm6hyg1oxwRU472YL6hitmiVDspQxsVhSwrZXdDYhk7MLqP2pd9cCp7TaCh3xD63YjnukFqw5GBnDSrdu
7JtdcTh1shjmCCMUDERn93D9nmutMzGD64i1CaD4Z1QN,4500.000000,TMA6Bts1uL3JQje7mwuYS76XDKRb6cpe9AzXRNgzemzLyp1TmsVsTGYj2SSKGDr4sMqjCDnNuP2SsQSEou29rwN
E2uGuH3zymbSurr5u3idy2VoZ5owdhN3Uy3TWAXRWC7v,4500.000000,3Ab3EczwYPWUCntLbjUyYozmMAJuEwdGiYVksjtUVv1oAJQuLFNLDZcBXzQJvknzxGc8X5yURgmXufmHLTaAYWDw
6tFt91FGbddRBh7AeNUYoR6JHoxGFapwtSPS9qstgQn4,4500.000000,59Luu4P7mTbDz21WDWGcdYxdDP54B3Qr9DgSM92ct4e1ru9E7Q1jnkrQL5EarUvKWLopnEXKBUJ2B6jYJ8QD5xBE
8QvfcAhHSa9gNcTuUHbTToCw2iGzu5Qt18HvWFguj8Hv,4500.000000,27WpMzGBiRnRSwAsyeeKYtDP7ToDcj1X3WLefRpGujKJXML4CtRqjD267ssz4GzWcLLV4JN8ADyyGZeK7bw67SmB
Fk6smXPPzR57susBR43DiDWzww86WdW8NinYMVGpTqeo,4500.000000,hVz7mnsn2dJw4h4FZfTYYTUFQopevzgkvSjqBKiHxEBdBYEQ2bMjEjS9LAkm2CqWKw5V836oktJhdNWy3XLkXRs
6t6VDLPL1DmghX7jBFLUqgxdZqUKyQJkJ4i29GAGXHcF,4500.000000,5YnuNra8NNRhDzkru2X3WMPwEg1Hb4Ju2kVMu4nQPySGhHSEyU58qUHD8kwo6iUSNiN6ZjuBYwgNtR8pBfgHF9uM
5n6y5ijiSzDaxgKL7LMB2z41kinsQEKcggtbgbU6oFt3,4500.000000,2VmBZoXSjDBTNMARbbWMX8mBBUy9YTonAmmDB3f8RwP5MACHAzS6Wr8xStidW6yMRt3vPbPX6soH5osD33AsWS4M
H2aLkCH6kdPcP1KKdMgUafgX55k9oVnHiUxWMj7taGSJ,4500.000000,5No9vwfu1uoAMvi2qw2FFpunGU6ZdPyyoHL7f6u1GSRV66JLZ9FgUkNQd6vitJQaHWCz7fJZstEuYgbm4yAoWbpH
9xBCxKS4mtUDA6ULWaQm1QouibSv2zqUcMAxM8E3Vpwx,4500.000000,449WWjc6oV131N6PLa89fqLYyptdBhBBk93ckYcgwRsHruCc4kNnU2ygGrNrUv3Y52w3LQY8CW3azhYhMpURMYVU
6VCboQKqKWmCkcfUzFviZRu51ZqPvZE83yP37avwyhES,4500.000000,5quX5fgKQLG58xyxPLCHaG5dj3RXFYhG2yh4B7vqjY1S6YPieQD3DxR7QtLZmL1TutiVJ2ArLBz1pdUip4roL4JE
B8cTmbS1YgKHhvYVRhZ2E5UsMVdWV6H8Dt73yr9ehfxX,4500.000000,3eUv6knw7N1T94g8EuDcHVoQkx2NavKGpJW48LMpoytgrKLMCrWXFko2gotG1R3kMv8HSuZrGKCxGwpWWvMgnywo
DqS17qpd5vaQTiZfgoyAZMV59zUZnm6isZrHN4NCEsnm,4500.000000,4VzAwpRjDhxziXmD37ZQeS6bnHcMtNWGYPd2jfR3tRbsZv7su4QzgoJwPRsv5UodH6eBgYQim61AEZ6WRT3QDPkX
7MUXVqkpcexZaDNnv2JdQ6UavhmGhz3vPRAskXTcHTBV,4500.000000,2vUzsV6JMdDAvudNUNiGjKuKZiGkiMyq6CCSriYuXufe52G18PWWmgjky9KxZGvgx1oEpXxjzZEWipSR9s5Khwv8
59LmnfokSKM4ArDQTF3m3wKSKV3vjMdY4Bw2VXwu3TkP,4500.000000,3YpN4fFcysJcwDzkvVYvR1S4fFxisjfoSsTJ5xMBbxR7jk3uA27s6qiPZZEFfmfNYjGKap5Db7Ui3iBKgHaL3Zbm
2zPHUiMSiGWFDiqVrSHS2VvahG3SuVXXZp5HTdmsVNgv,4500.000000,hFwUgRjjZ8YHVay56NLFgdNbrQQzxpzLHy6PUkn4DJfgDbAS8VW8vyKLzLQziavik5MJ2XkcmZv3ps48fL9cHzC
aT2U4kBjc7mFCoSmxYLV26iawt7VFoLhcHthNDswrTL,4500.000000,3nZmDGHQAgab3ZvMNnQxBwxDHZKxfL5Mvb5PxzPX9dqBCjmuyahX9nW335tDVTJy3KLA1NpVFYXfP5jjBZ8AVHd
2VJKW1bR1eG7zeU6cFDzym6ooVXL2btTsxJeyhR5copE,4500.000000,3pM7Zw9Ws4vfFHdW8sL4RAPEHWmuaxKySYZX9D1YLxpfPPwvKQYZep84shvhBQL3p6DkxcZ9mSgxD1QBMRSKKXhp
9m2NP1xq3zdLRLSXMZ91qtrKHxzKsAsi74VDD9DHXVUA,4500.000000,QD8vhXQwKnHPZK51RqTyKx5x3dghKsMqAPku3Xnyn8dKXCxySnR6LWQXsPoMtTLmBivPC2HyhDcZeAiAYNa1W3M
ABwRsXQ6y7hsYrBb9ueGptiAJyLYwuJMmy62kKPqr7Ks,4500.000000,uLKmR4AeHCGFUnLNjcxHKiaJXprYJyQek5EEZyRW3vSKvVcm8rKhjeZ3iLfaEQJt4yBoDUEHTpn3H5WYvMV4TNa
5CbUWPF5SYc3ggsZXsDd4juoWB3gDJDiEfcVuoY9hjAm,4500.000000,2EtSJD2cSDVs7wXp3UpfNQBtNsUVx4nTqijwfUvsLYCwQ1U3HQp3M7veJ6ik9w18ng6wktTGHYUbxzCmuZvcPK4R
3pHCphfeop5DzYkcCTkaLVkq7wvF86VdHYHxgiroTf9V,4500.000000,3RYc38cseAEaxGbHhu2REmw92Fqs2Exu9zz5DAKwPMjMNMh32v79ReZiDRC4LAtCUGs7Je6AE8SfA4RCE1sYxfiZ
8267ufXP4bT3yuzFNgVc4HzKLsErxi9ZuD9KxjeADoSP,4500.000000,4EBAjor75YSBzkExzRLAexZdWPXjTGYuhPTRSVyZYLm65khVtWDwgbAVNmNQmqjUppmMKnXRhYAi3svAH8wrj3CX
D3yGSQiTNCUFYumfv23GCBuyYGC253WmfLXxRK9XWWCv,4500.000000,3c9WCanfws6fw35VKnXk16ua3MYbSuZa97EAEg2ejkxcH2mmeendMryR9F6AHUur58uAPCyadxbA3h3mpWYNmA7P
9zBuUv3xDcf3FXKXmfMnhauMK9jCk8LUwbdFoRTPwWJ1,4500.000000,2PXReCViXHnESMwGR7tNV5NQmLdCWzoFDzPpGSJF7seFi3gf4CYitj4oe7AKEP3mQmcGkvk9CBD7DuQNrL4guHmW
7PPo4F7onp71jbx2VCU7gTKsv6FDfbBfuvcA4zdf5iWp,4500.000000,2zf1PFbrdvRJZsXw3rZhTfiEjE7pjV7rTnKXi6LeE5fg5BQvvueoF98kv11t6RZ5rLMsWxFaLPUa4ZdhqaDv48a9
4UBbXLzn9BGdYUAJrtWrRAYpszGzjd1FrhXig7UjesEr,4500.000000,4bDvzZvNmbKNu19K4MjEddm9r8DqgVwpca86QLnSVvnNJeQeFg558T8jRpMGhXvxdyfmzAzdK4EQiSBjmnF6xRpY
9d9Gw1UY55A18HjCsyV5rzDuRaN4uifhgct4ryL1HVxw,4500.000000,3t5Jxojb9PdBMRRgLvwNfr68UEKAH7zMmvBTuEmWG3pRVRxDnknP3AEjKPNq6VWeNTxF4wnWaXhQb7GcknNjm3sJ
4X2nayiZjNfeDKsaib7hCdMMnEXDMk4MrZgKAFqAELpr,4500.000000,67pqX2vvxKjPswfhhpxpuyth4xmrFUTmPChpfEjXJSnnT5ssxiS4gu3MSFrj3asgB44ip3DvWphMdHuxSkpgd91u
3qPtJSRUp1ZZDms3ev7U21g69YySHrYJdBEaJvTwS9jV,4500.000000,54udRxzbG8yAUtCfcb7mNicRuxF75utJoPMtu7t8e5EUyPwQ2aNobEzuGqrkoqJoi9xSnA99TW5ajDGia23gXrTY
4fYMqwnDTLcwVwv9toh3zrS7XJbecPNTMAb8w66J657a,4500.000000,thjoAjhi7JizjFZxD58jspWgxXvuSXBok57pPzaF7iTN6SpHLMU9aRWSp5LnP7KdkL4SbALtyNBYRBfSb73jMyS
6Ued7WCvoinFPiYfdMXvvh7pVq69MsJq7VH1DzxyMNyt,4500.000000,3eoUmHRhUVDGcCVFSa4VLwFEjLmuKbGx1rfsEoCsakrswHZKqJeXruS9eajUJKYm6nYp1PtLnN1xrARpAR7DMNzC
FtJL4sfqv9R77nX9jgJJnyvN8Kd8NTU8sjRMcyACRwvX,4500.000000,61hqCDg46aUmv5vFTKiDdYCY4ias6oVLQuzSzKNuSdW7ntogDDnqU7dN4rkLjD6DPBTy5PPxo9DKS59hKh7fSDBB
3gL6BvpaZW2krpb22XTHRtwv8LCi7iCJnc5APPFFMtHZ,4500.000000,51NjTjTPpxAwwm8RPrphSRhG5Tqf3NdwgtyRGKecvfnJmKaEg3gHwcHSakeFkpQYyuu5DE7ApRDWYDjXFpQnxguv
8gBU5rz6WdsbA3Ay4iBmkm62Pb1Ya8fCVGZ46vy7F5is,4500.000000,2bbQQ1w3aLA5cD2DdZEbwjm9L3p7RnAKjYoTpGAMKdfZUJVJLSyMqD6r8zqNmY3qSLNf6Aqcd7nZeuKF81vNJ7xT
CWBFeqMRTDwY2m6CeRHKxZyVcKMdbnKhZm43oid6ZARU,4500.000000,4Sm6qYBq8sbVsTpjAYaCamoYFnNjt8oa5jJWtCcoKBM8SskAPJQj2xcaSuaD23QRpKLSZZbr4Bv1BThXkHamkA66
ASne6zYpQjY7gKgDTooq7PakPtPhiJBp6X413Z82ky35,4500.000000,2brzkxh83BhvNxGfRHbEhWspEYP3odDsn7qfTDYQS5TZcVE4CLDiJp1wMcWPsjrfZhGtcmCtwyLgTzwSr81rGJXk
F6KDLARinuSfeqbN6VNH4zSVikef1DPwdpt9DUsZtdEp,4500.000000,3u3dPq5Uat2suPQaiwJm8UUpB9USQbnu6hNmMKxuUQ7vD1c4bsuzqSza1bth7CpacDekaY4xumvTDDF9n7b1n7by
5wF8pjnzhAg5GZMHDGMLYQxhWqNcT7exfw5QsrTUC6WX,4500.000000,63hhqNv2wKpGGncmnCCB493R7ZhcqJSmZjCQJpDbHYWeC9psPL3vJqbHzLC2N51NZJGHRcjbZTUzfkEQ1kD2Eagr
4ohBPrWpbZMAfC63Kj5Nix77QLozCcueum7fMvnLfef2,4500.000000,3bLwsdgKBuqHVxwpkWQuTLz8XbS4HiaBT81Q8rmigohLfo7v2bcGfRAtDDk35p8uR9nVzRePjiFfpAHKYfwNyt5i
EowaFHq8yD4TQ6HHzyC7mR2fE7fgzVUpjHw3k7HGgHXM,4500.000000,jHpzpww4TzP5pYLzAM778E4nz937kMXt585BLh7o7e3L4Gs5XBk9N8CMHDaXeH3wWBqphSpyMR5rQxEocC282K9
GyeYHD82xAmZAUNBYb6dchiPs6jz5p3RJUoASEPXqRuQ,4500.000000,2XsUgF8SnB9NKYYyEfTW9k4up8xSuZaPWj5UC9HZ75Pmdm98YFcHukoQAXmfGEf6VJPE5daHWZo9bLkmdzda4BZT
Dcjk36kciSPVUvW33GyGhkZiK51Ti69NNcG1wAYhPWyR,4500.000000,3mw7pgUv4jFqip27ZCzCxpfLztXNqLhQyHDVfvKBa7CUBemnjXgstJbqAhK5S2StX2SkaBZDhn8zcW1HxcatB5ka
4SSD9EVD7Y6DFzaprVyY2EEbC81cAhEiqwSq2KcUwWfV,4500.000000,2BR6yUpTzvo6GNy4VXUZz7ExsUtih6JR6UA2u7xTwPCwh3qDNvKh9yURbJAh3PxfPcxTtJtnNL1fFWXqmttzhCA8
9UiWkKswuUkPJgR9r5Da6MD87wbi2gRLW1vyERQMXshn,4500.000000,5a8qXsnRB92fnX5sPrjyT9z28xwNpMcqUgRStX5bt4QoXyLfqZWqkuYHkZad3Sao5mPEEDyxnkF2VsHtB7be5u5d
3u7vY3gWDMT4PE6U2Abx5dcUWvBb18MQaZLt8APWQhj6,4500.000000,3MiDkXFv2gMRKNErk9u3RY4GkPQVxG5ExZ745appobrFGajYPCaREgwpjDLgVYKveUQWnQr93Ee39FXyvsSCTWt5
2SbvwPcmXyPbw8h57z296txoKtxnM6VTvFMx4zYbzqBr,4500.000000,aPNfZjaMH9294GZsjtTc1n5NoJRdJ2DW9rDAvBN8THzN6dxM65QuSo1tdN4jkmkUSHTwqvPKY7Yoah9Z4g2Mr8z
2kHb6iJkbi2EWhmpughPnaJs4UdxKXQD5QjiotaYWEe4,4500.000000,2vnvS2bQAd3L4R2fvR8QNmiGYTyzRk3X8mJLeApa9zpGm7cTP6aujbL33GGUxJCdMHxyzoDGsW2AhNW2Q2c1TUt
7zy4b7qKn7zE7rA1C5FnmPhEJKW3ovPKGG5kFDNKyYRk,4500.000000,dWnUAMRYhSzVbP2j7HkXQ5eBVCpdLVYwf71kHMSfdC19xHTQyV9YG5q2t3TD5thxqTRwRBg8N8N6mXtV2NYq58M
D49s2PGB92awFcG4Z2PE4GLqNU1nbzaGCuJt8yqGPmC4,4500.000000,5uP4Gp1vNq5FvczVYpFWUnSYNttXXuPXTb1WQAcWTHUuMrQmzHm9HZDoeC95QamLR4WEPLg5nnZPdqucxVDcYvCD
GcXJ8c1BsUJZq8sAjTuCfNox2bBYveUfvr8RrbMvbU4m,4500.000000,4Lg4KSSZgbKqXJcEBwUqKeUk1P4mseVSXPBd1PaxCCSe83AziPwFAQvNPhDGDygeBNV2Rbw4b6PiL6mn8oDF76TT
HcL4dVsUqR6w7FM9MYSfmKkCL8efdcJfTQiGNTwpkxCF,4500.000000,kjrGjM1aP8XCnJ7mf6hwLRmXKjY34x4GhfAr9hNEyFDTseb3gUHV5NfmBHvqnb1zPEjR3445dB6UY2Y6d6vRtAZ
g4Kid5PKa2DeR3TP1mESAT1X66Ex7DEweG5tyaFVx6x,4500.000000,2v5Ka44CxLrs4YAcapqp1AizjDGfycxiejGEuZ7bJimTtr7S5b7qeW2SgCkcMjnU8Riso1yxSujNi8ncPR53xna8
HMnzCh3QH2EBWMqhTqNkmQ1QM5mEFTrerDJkwPjtZLpa,4500.000000,JUgxsFXGYAR5rsXQpHg1oN1mUhPBxZSyup8k2aAgDHG79joz7HPUHU5xALuDc3wvJKonCs4vqv8LekTdRx6Dpbg
7e9BebrDHgXSm33Qyej2JMx2jwKaNqFf7voNJnfDG5oB,4500.000000,2mFCqgeKSSUZgPQCZoKpqGBEMkW4aFjVvKjuQRq4Zif1dLVnaP7Kshoffhjc4tBqhp4BDewdDebogHVHVhjrfhmk
DBSdH3bXHy9ckL4KvUB6qzcCjpqA2YcuHNDt2MJcnDRo,4500.000000,4av1za9u3QH4Wdy7tsDKpDqSXovGRqRZDyajUZw9QrAG8k3iFB8V2tLVLWahL6tZ6QzfQ9ssyLw4SVhCoKFjnXJN
86tGNEDz6HQGLN5rKbUWm5GtL7Svt61ANHFhgBjaQX3Q,4500.000000,2ZPYoWjCJMTkj84C8FxgrDnhQW513idfZ73He1qpAH5jLTBqQciJa8dVnYtnWNhze9ZJ4BXjBdP8BXTppgYtypg2
2aRXtkpVZAU3YLpvvdn3AWCuCE18ZxUfqwBjibbQLMbp,4500.000000,4tkk4G72sspG1j5Whyyyed4DubUTfkkmyRtgUSEG45PLvfaW3rGr8oQm29YCfmHcUPrMLa31wMXuMJgfnLyHsPJ8
4w1QFNcLY3RdziBdXgpHwVSjJTK8RybxWvaLTFND7xLh,4500.000000,2zEXe4CLNt6MerZQGQaFPFwcK1ufDoCeWwpHUFrphQdsoQuYPEyh8kTyEdJBZZ3yMfCyCUEekce2pTLcEUZqg4rd
4wn4JULpgSjVdAM8LCHtwDGbGK2QNrhtC49NXM8rNDbc,4500.000000,57ptyNbAHWYoQavxHLCBjhkuBQrsSyu3RmGt8msRtGgZiVdcAQdxfKdr3t5q8YF2UKKQnRNyoUTMqKBXZff7eJFF
Exuk9xn4h6Fv2wtBwS7UpFjsNJ6LKKGArvEBwsoJNQPP,4500.000000,4BijBJMrhVUutnkPohU3zvy2NMaeaw6SLYLupAXSezPK12NHW6vrkQmaj4MQnmPxb9i8jbWRjq1D8kChbj4jLwBy
FCbdfcXcC6bXNXhkza8ZL7Nrid6mtjvENmnSPL9kG2fF,4500.000000,2Q5gSepgbdpDX2Dwi3p3vMAoZdGK8BFvqHsTBkq8DdTXUtAUwjvdcDT71ipKNH8NMEeNRoYjMtiM6gya8pr49eoH
877q1GguM5ySjuJP81e2PhuAiPHC1Lam64nXTadQiPKV,4500.000000,4517PUuLmkrpCsQh694cNZLWqiubN44mPydQ5iz2KYczWzfqvVaLfEaH7dTr181MfMbkAXWzrm7ayAvCaJzLwUUX
5LtENdtvNqqcqfQttkhdHPuFdZtrvTtwMGrvGtrgn1ke,4500.000000,43p4ZJsn5BX8cEQfWym9aGDVM1w5ko9bzZ7MHAuLgAx7WwbCPdwqYKNAbVjHCxNUfX1h1tWTapXmWEAKjZNFdhX2
7SkvEyqpSDkgaqKyaqRi1Wk53UoC6haT6TQyxqAkjgdJ,4500.000000,5L4yJfXRuaTHiMXQmixrCjoExBY9yP44y98xaezFBwTCxGMqiJYdKsm4EHjMS7C3H2QPjvN4XBh1vbMG5m8zrbat
2vPLiFerao3A4agKCMbSh1R3LGWp89Gp81poztYtPf2R,4500.000000,4Dey3PnW5bhtuNh2a33DMY45aPVsBFrMShuhocbjXs6RPxtFoDERX3rjBknKFCimqHfoAefRT8aTE7FPTRvCXWBk
DEyhvjoGZc7h3mZwqc1Ao1mNnsxjhRKAhDiaV6AstiTc,4500.000000,3o9f1BGhxDVLnsMdJiZg7UM8nVSdZGP9ome9PzByCmT4hZpPaPJyjHnjA6YuWZRZb5fvhdFYhMfdByi5JhVxHsA4
EZMNRTEB9VE47WFUBHwhuSEzSo4PP9R7KFniNLpZep6n,4500.000000,3R45pGEaR6j6iXGtwjLfPMdCnh6BRvJUkfw9w3hbDM3SxbgBPXU7NJRAouTJ2myykoGcogkib8YT9MKEpwsvYuUo
3NV3wZVhB2E31TLDgZmxEZ73XJE7nvt7XMt9V3YsTyHa,4500.000000,wdsciPcJoUyqWiTt5MzZrKmGbUcKpFxmb4Brh3dv39jiQE9rn5fWTa8AAaC2RsoBUqj89ZUKeM5ppdKJt5EMPUW
74JtZxtcEuVwSJEdLAnGqdgutjHntRBUMDWrENeHSChM,4500.000000,2oKv4rCFiLVmhtZpWDXo7iaT3SGtKNTkUdyjVmUZvvNBjr5B2NyvY8oEGDLSLK2XmsuappotHKGLr9cqnNyQMdfC
Dk8n7uTNLrXpF2L1dRyZixd6UmTTpFdGDdxW3gkzdg8g,4500.000000,5m9xVpLDUZnRcrr4FEGh1RMqEdUjkg5eCQD44RMS7eMW9gw48RiQx2zYPdC83JMxegUftdtmF9ZxCmxvEiTKVvvC
4FScCS7gU9FwYd19PySg2CaNAtcMnK1EnrVsfSPugHkW,4500.000000,KmzStA5PUKtas2Npa1t4UshPfybDhAofSYJ4xDcJHnGeH88vj9VdRgL1c3PCLnUVV4SWzu8yeNr2VFX7AyUY1FP
4w7AFpf5uemU4gYPqqE5tWrQmLCKEL3c7qWpCwSP8y4h,4500.000000,2BfwX6A6wvnugcH9YBtqEyNgBEY8u1SEHFDsfqJhqNFRokhG8NVgFLYKtm2RBtvZtVf2mRGBjQxcaohYLQwkec87
FTkfo7DJdhTvxs18fDDF9rJLBENCQCm2CMByVhRytKec,4500.000000,5JJtZoKvwpnupNTE5XwXdmDZjUA4s6ps1roYgC4NkF5R2WZQ9DB17qGnPC7bzdXZvyM1DVgfvHt1rTXpvinX7Prf
4qnoARGyrwZz1xdWuu3JpouFKAurGCeTiRxJopbEFx3H,4500.000000,2wpcJMhHZiAFVowA2frehHYZLjMEALnVZcVi7x7W6uS4kpbUpRPoZExwKzJ6VA4FgdLkqSFhJrpr2Fe24SHo1H1b
9cBrPFYBZ2JDk9f6to7zALfHEsT8s8kg5t9odddf2NnF,4500.000000,5uygpc9M99Uo93kivbJGA8x25ELEuR93dZSJVr4bPXZR8NNN9FCmBcgmk9PCJ6GDozYyK9UdixKp1tWqa1megeih
2K4HqwedEeRN7oe9V7rfwmYfNkPZ9TD6ER1uiJ1ceqMJ,4500.000000,3BbD7WCq8CjXKKzdXGCRsN9iPesoCbs2EQkfbo4AUdqr5TFsFLaaEfboq52MZbJZwMu2pq22chRgQLouPZjnNHBh
98tywrycqAXTU5LSrMSfFbnYvuoe5j4HyS1pPLQYR5kq,4500.000000,5N1XF4zGBvBBjiAn3tTX11gA1HmorqDBsG3YDYo1ha57Qr5QoJjgNurFGhkYu24Y6jSVBatYzd4rMJBUPzyATbFo
Db4SVtCYvK6FvZi3gUydBWriYzQeJfmUUds23aWWhNr9,4500.000000,viQaZPyiCaXDWD8865gzRb2wzmpuyUrheU4frT9FHN4pn1TCZNWsqPF2D6BBmsefk9zSrHk2tvth6aRF3e6tG14
8MKa8c3KwqgqTGPnGzcYcchf9aPNP1aWzW4guJoD2gC2,4500.000000,63JmHhrfZxupj4L94VnSPJeue9eKYpiEvJ7uPi9QhAGKhWNKWjVFwiqqnWFVB4k4vnrik5pkZGJvaLw6KNSrJLfn
Geg1pjKopoYcZgeG6XN1eTstVnRh52Ub6FjYXakjwJqx,4500.000000,26xtfLJgfaX2gJAoVQSkwGQah9uysWSekZync2qUvK7ufN869H9dJswCswWRGuaEwWnQ1cjdBT3NhbyfyjKE4d9Y
7gHrtdYRfPcft2sPwDjok6KorhyE7p8tYKp4zQFCtcNw,4500.000000,3D5mULuvuzcc4WQ1RW1yUwd77gozRSRpisbAYYnDrMUxrsW98VRHVhnEaBTWDefunLMt4wfgb5sr6NefjbuVZbsq
GC1b7HEyhxdRzV5cgrG9UTzgADGbkGfbLznZosehFZ3J,4500.000000,41rUGuUt2CPkcUkPi41w5ka28fhfr9Cj34KXSZVFgEZa5dhj5F5Mdi2uGry56mEvNhpV1hN3R3hsRQnVEmu6k3jy
13BmoHnpC81TnQ1D8mgoA2Mvd7ZYmw4fLkX3xK1Qzjj,4500.000000,3jyhU2RYgBgZHVb7ao2AUGtFw5C95zu1MxakQsBp6kETUX6errL3LUAYgzw1wRqK1iRQAymKwJfczweWsqy4JukY
9KS4PHzK6Ho9nhLE47Q2qqYS2zTuBssJBCj5A3ujABCz,4500.000000,4FyTGGJHz5Us8w2uUjvP2yBYpHz2sB3tpCzUwDq8ywtX3sFi9Xva2k25SqPa6jPgYLjhk4vrM2Z7CyFJyRVUKkEB
HrvNtJcoACVswinYRSQpYsYb6FGacx3Bjf995DgdV2mX,4500.000000,3pb3R3cemwZGNJ13D8Xip1qKfh8bTdtvQsBVtZn1Hk5dtTL7TUr2s9VZeqsYrFaE8Sb19m9DWJkbPDzEfREtjy6n
E9ttbfKx4WV3C1CfTxkJfJzpxgrXeZeb3HfhpskYtKun,4500.000000,2NCsvDvfkqSSRUcKJzUnKUkYgtgewawtVa7jYeS8QvxReXqVZUVVxgpRSE92MbTEZEpMA4NtxEXWMHPJn1GfgvKf
5hZdkzzDBVE6Z6xfDxmd7PyjYdCcNZr4bLAFxex2846s,4500.000000,44CoKhmwkrfYjjJUBtUpZuWePjn2yQfUdRx3d65rs5FPubz625rcDX9qnrwsQLAxurc1NKrwLEdfmMtfq3e4WaPA
3ojKTxgLmi3KCEr8gG4zUdTYTKuUQh95tvGc6QjZ6J8z,4500.000000,4Fv5kJhiUURBkNdWY1aYtM1bGvi2U86UYSBefrfbKLfTnNoDCgCWET6sH8Rm7NsCGh4e8jvBrgyaeKekW6PwaQDL
D8ZAw16reuEnvVNqp6MkQBssWpmZ9tmLCKVGpwUoWpxq,4500.000000,tuP9aoTrx8e5jsAtKQAG4ihyDFjrw9L5wj278bwYbmCanVgEeMudSjDAnrb6UV4sqdWPnB296h6s8tAVpDNDCmH
EtUQCMnr7rt4mHCth8tmwLaQc19JZFTZvYTzMgVohjgC,4500.000000,4PPRWGNEs3SW1DU3ointsE4cBqCV5zuwS52w51KmcAXqvgqJbRX2fnesENkggKE3izFqjV6BbfCok1BKXVm8fHDi
2oBUzriWZwcmpwCTqxYghS3dV4WLaCmhvQoKy4MpbcT7,4500.000000,5kyNHaATETemhNStdw7MgZH3yArynuT2ThsMvc42sZ21McR4cjB9pUD1sVN9Pf1bU2GBsR7QpCTXZHVtZKFQLzw
513aeDTXLJ2yXMDgpzV92nirdsqSNZFyG43cWyDyJJov,4500.000000,3pn81LMXFBKBQgidhkF2rLCdEFBeErBr5cTgAxp5qV7PV6pfsxaQj8MJHshJXCxpDcy274xXdjkGmtvWfp8nSzhS
EMUi64ZjAaKb9zjgKvAxoNP6czGYHoQC9PknBdjS3bUS,4500.000000,3ZN1jfzzXuA91URXxqiGTFUMZsjmXd3vXiQS6DSpSz8PhkyHQP56hb4b14o5z8uwWpScW2UjVhoxtaagU77LGa5u
n8cMe2K2mubdj7Zvb8Bob9vcQAsCMvaV9Lphyg9DSQD,4500.000000,3jvfi8wYPLw9TT14Wcv7BFRjmFSdyo4rz6hRjcECsNLCvYhCAFGQo5wCUU9r2Dd8CvBQPqF9qCoLn4oWcBRbrmce
BzyakrQMLvS3ssWfEKc8oweNgXZ3eNXwXNpYcaqwb2uP,4500.000000,2QMxFKPkG1YDvkLkNCQem2mMcRDyxFqAcrQdq8Nw5dw5EhxtrbPWEeMJDVBKhtWQBVEWJxyWReUXtERG9RrFGsYc
25MBMhUWRfpX3y6YAKMyZZ7nfkb8SWACLnngeb5UVTr9,4500.000000,2xCbxc9vet7gZGrFGxtMAUW5Gs2urxqvVu4snrnsZusBryA2C6cfhjaDmrPMpoGXmh2ysDUw9AtprMb98TDzinrW
9ZDAic2TFqL559R9L4eUDqPwwGLhagygHiiHqPACxL81,4500.000000,5wyaMcUShGiBiXPwG9TXLTbqJ8vYDfHJJpgjAiTLmbDSyEM5fsx5LeXW9sc7XuhERd3NSwd41zRvKfHtPzygmWsC
63yGEXzGQVzQdimZj9hcc3CvgwEpfqCQhD5aCqhewToJ,4500.000000,5whzdRETFyZBpCh47dtTJXXyvMNd6wtBQcVeYcv3tRwrWzE2uBGwE42z9XspXT2FZsjVv3MgriKUyRmCUS1VULMQ
BobXvnmjPGtr8c3ZfKVemNzxVkTA3yS2E1BvFmEzdXvR,4500.000000,4N8ofDPtEVHT7iVyJL1YvQwMcgYgJZFtDqJKVKibwH4wp98x8icxtXy9nR2CYrBNt6kp4zjH3yWP6tSdum7nvUG2
76rtrGoyRGGdASEBS5N8XDEdHkRBuE4ahewpSjZWU2jv,4500.000000,2EnkB7tdi6ubBCWwxdkXDR9JiQhMvBRgFThXXJi9yiajMcKVMvR3Vxbf9zvXReeWxMEzBy6EXtqcGzGFCBc7E2Gx
DuvdZNpHJheNyLjAHK9K7hgoBZk3gMMrmPgxwSzCTwPi,4500.000000,2EYCDVMFWBCaiFFWwBA4xp9dyMbZLg4DSb24F3FFhq6Aa8goUHQa87g3rJr4CHSwXVYx3BsGZvvqaD5tiZU1jAbU
3dFewcqSjuUabLcCVPf5fw6mCrfvnMYDcdi546wy3ZCv,4500.000000,289bBWPCLSFFR8DCUwQ6u7CYWApPTPfdSgTxkRTLT1jEsYNhsuVWsFBttoRFNE2irRmbBP2yEFGU3V2cfyqmvk9V
5ncZrtjTyJhQf6oQP9yp6LarUvtfdEzzdcnKJkof6bYo,4500.000000,42UiUQjVVe2SswdAFJe41acu58Kpn5GQP1DzpGNjwRoYskcfyfDYfbV9SW2tJFKyRgDLExk13tbs3C1vr8oVKRTm
8ZSLcfia8sBsvVofFH7u1Rw93rsN1B6WM1PFEdGUqauC,4500.000000,rnFfrCCtkkt8HTA2njEZsZ29yXDeKF8hgWYM1czfkDZAYyDwYTM8JMYLESrDDWctAu7isRqdCybwiJHB4FP4mRN
BHKmHbBAb8matVRp1GNobSMpLvc2SXjMDM76e96K2sGo,4500.000000,4tbnMUMCxaRiuQ7kWdMJea5B45LRqZPVZuehEHsrP4w73aKu4kP2gVjNHKxpCSCVDqAUbxotJh7Lk8rScCR4ZnnS
78wydoGT6i1PNKtDJjMhwXPq6R6onYvniFanAfuZwjrh,4500.000000,2yQrTAdpxo6VyagNQg3EzBhuSpsRAxSqDvC4GpnsTN74NFSywD9r1ft24fqfZnEGw1hJRn34LjacC3LRjnQbkSTh
CtagmHXFU4p4JovMQAVEq84FYJbUq12ssdUTF266Vt9F,4500.000000,j65sZVub7NE7W7SvcTsPgxyv4QQYtqcKL7SKh8agjQzBrX5J56qSJw7Zh1pb8VMDsnnoeGDPxExurEjmJxR4RA8
GHNsJWLrfMoXdGsAx9aekKhihHYfe18mZ8bSYxzf3WZi,4500.000000,3z8DpT3azeb2bKbnowmpo3pZ1LjxdXQmgaMTgY3hCLAoQsbvn6FW3ZKJpsQP7XU5u2R5h6F92rUDr4uXcynNzyZA
3AEhguQQqMN3YsVoF5NudQb2kF8QsmZFtbAFEmKdeHhh,4500.000000,3Mk5pd58DfJsHDbZtukyc3PVknD7j4NFAqereogP8h8wxtw6Myozqxbx9s64phYtK2MZtDAzyk1GtyUZgJmA6QKc
aUzS1HoP543YZjkKrNW5WYT25XJ8yCy21Nnxe3tTkMC,4500.000000,46wm8MWYs5VWDoeh1GoVEGaYjT62Pmk6QCKK5rUo2KDeE3otBjBNJpbnPcVqd97n1TQ8Fmbw6PYyETLgYEQUjhqf
F4q5ZmK6VWcdFYXDhTjxzFyueemBcVAtxEkFFBJQaasj,4500.000000,2mVxs38DhpxAWQk9fqgjvAK8bBgBva5fQLDQNMTPa1URxArkJovHuHWjxCB4Te2Jr7StSFqYbjNvsU2Xwk2fqRQy
5E6cd3F5fxi7X5Uyv8BRFz9TN7cDGq8dgWG4KoToTrLE,4500.000000,5HERFeLMPGqVSCd6pEjkdSYPVQrMoxhfX4oGCQJpFWqu4UvysTduiSBRHoPmeoxXrx4vk9DpzNZLwARvYozHoqGD
EMeZgE2yA1q3M5FRHdet9PbHJdYCxDTXdpfzoZNMLXL2,4500.000000,2aW25Eks8ymmxqn6YWEbdPwX28qgGHfxiZWDomHD3HMhAeG3K5u8b8cnWzFUn2JXysC9yJEaHCHhd73bZ6YLdK5f
4wzUtEuXvTkqauX41wdP6EbNjeyUfxcVkmZAjs7cb8iY,4500.000000,2GXzZ68eapXMNEfS2TLnarNomoazbs7FJmWLka55a4JVnNytEz9J7RH3ikzURJtrCa5Wvg4jQNCeBdpHaqrVGw6F
EhX9E8aGXDopU93pyyLHCh5pS6Hagy35BCjEu3ox6JQJ,4500.000000,3c9szL6dfa3YdGWYoRfz5mPWfANPjzzHz7LvR3pcWv6yUfax8YzaqhoUfFCrr2K2GmdJ2jKkAy4uyukKfa6uJShp
9ifCQQ2hjGNeZJVKeAbRQk2fGuckpiyFhjGzqe6iSbME,4500.000000,Po6YhAHt9TodtFrrgPJ3PxyL3ErpnMpDERLGwA6HesmXHVr3W4nMpRJ4AY9ArYXQ5kiytfgUDmWQpCZKUxBziaf
7mz9bQdR56f1TtXsYFH1p5rmx1hnEsGfMkJdD8SB9VZc,4500.000000,44bSyLn6xpjybnLgDR2Mkc5x2puLA2ocwLoxEPrf2jmf4wUBRLnhNWfdXW9JEF1st8GdFvEZMyVncNZK1PRnCefi
8fmXvS8fvDr3njvZekLGWjJwUNwKniCbDgdCipZx6isA,4500.000000,5EdpDYzh8d4XcVzqjxMZTaZ2xzEbh3ykszH4MzVBH4jedwEhpRJ93mGiyhxabWw6XC227nbggcjgSTmFy4WMwozJ
5nkke7rh5pSxGQ3VHbEKKqoqHcSnHQ54v8Pfxr64Yusx,4500.000000,3PLioqJXVRFc9JZ1purtJE7KBqVA6boyPSFwr9dcNRrFDhxRduhWHKei9mx4f3JD1iS6m4wuUWzCAkLP1U8y52u
BUSwayzZdhyTGKhbGZwjYxkZuCrEk1m8Fusd8bygq18i,4500.000000,2NDPaJtC98cXNKnWyFZMQ5dioPmroeCiyqvDgeCoGDzMee4xJowx5vDaoshVwXNmatvbaXE5gCNCXkb1j6QQZE61
8DiDhPSPMjLPAxXBfgEr2zKnqzRGTuvWr5KcJMNDbgrc,4500.000000,4EiPumRfKiAMPUvs61DBYLaT63iLy28GterLJFtWJm2Jw8fjmL8RMCQdLS4L3puB8AhBpo4ku2iNykdMbN5E61ay
GynysAjM25D7U9CH4mBz1ZfAVEhzAnqkhc6B7XyNBGXy,4500.000000,5rk5xDSM6yCC1F6HnATY9K3ViLNXE3VpY2YcRMY4WL3z82LvwAUdxoZtL7wJ38iZabJtPaALZcP4Vpk8xo3NoEx3
Hd6d6Ehdj1p7qjVN2oxe2JYt8h9tV7rihCcpXGyQrydo,4500.000000,36LwDdX7PCZRnQynA9tP8q6Yj5bqe7Y1StKKhEfziyFtzHLeGxXhSXigVitmDRBjwHHKeJq7TCPo7E4CQPaB9yCm
13SNHdahMWP8t6quJstiN6Jxg9BBmUPeLoscR2EnDMUt,4500.000000,3wvib1C5wq3AxbKZZ4wUx33i1PHvMg2CR3F285CXYhUMcSdVC78cLyvVCaBdyC6VXZkjgshhUsBybYVkAQTUYJtG
BfCULahuoih8HVPRFRQpSZu6DZTwRRbKv1aYUugu2NqT,4500.000000,4wLffoNNyh2Yj75AWmCWoZyyN5fFYTt2awtMoZfHxyFnmmSatBgoMMPoAbJR7YM3TkgasiWkhGPkqUowuLaRY9mr
F4XpBerrpuEeWXyrtkCV6zEqTjWk2Snq9jGWy7vuKbRt,4500.000000,2zytrovLixbpBat2UkNbmsJ9EeSzYyMnpiKSdBfuXocEFaVxRZJc4ZwUjLBNB54MpSLuYkhsfxChZjm3W7DhVu2a
4u4jXBQxDEs65pu2t1x1MC7PgmJKES9V59nhppqyF4aZ,4500.000000,2PiEKsfoSTUHBSUH7gVCes17onzXaYBjzvSNRnuJjpgL8UGyCupdtTQpTD1hkUd3CqdUAdk3uRKisXGoz9eGYAFo
BfAbSqZnuacG8odJuwiEDYNEw3qEho5nexUMCHLAgVAH,4500.000000,3Uyycpni7srqWcnSWR7idfyUfG2TEVXBAcshQt6TNiRXw8XDKnnZaperBoPhLF4BHM56JTNM5zvb8rZA9UeCctbg
GfSpYczuWwEHNX1jzFuywNect4MzPc1CyUpo3LupmhCn,4500.000000,5Y52n2qhiicQ9d7TkBmek4QNSMF4hKintme6P8t3cUgoGh3MG3EbQViJeQdkQ9qbso7Bd841ah5KtT4Y5dR3KZ7u
4Gay2yUrzwbp5gpPxhpvespxXU1TjjfsYmz2iZgKADLW,4500.000000,5tF6XtbtZVtEV2CPTRpg8iHVRZtjWuvdvaPYTRAGMJT2Eavh67QkN7fLsSMzJ48MYRzPc8jtmRz73zBsSx81Dj84
DpMD97LvWbZwWxPVCP9yCwyV4QSAbR1YFiJuXq4B1QEz,4500.000000,3zkNJcedp77phBdUDWQeRMm4QhxRkwoZfHzRkGmA9ZTf2482FHFCQvVZDxecmWE6CwGKe3H3sw42SssM2SoUnCB7
GY2yuB3jKWRWLF9UwHMCgkjYfvKSZJFC5ZHNi42ZDjBz,4500.000000,98b4tg3333eRyZTg9c5iVdv6mWbHkg4BLrE2fpGe57NnBQDQao2enfcFjdqrsMNXJXVZJahBuZf7iuimNjujY6y
J9FUQSf145c1DbdsaG8fb2VC67BiER6RgJbwMmQsmfQ4,4500.000000,3XVt46wqyF4FqkTxeDV5yHD2bLX5Wp5KZtFcMTEMaHQCcdiBVBE1KyLA1BnChx4QXUTBAx76j4VuXFRbXvN9VN8z
D5ow5xcuDzCNaghsN5EDZE3od5P4u7ejrygbwJDMhg22,4500.000000,467m2USKxT5gGWEdP5jEwyS2TbZfiXRoiTVjiq9ESdrCtaodmAWNAcPkBqkNEzbUHG2Tq7UkfbVMv36rBLfy9kjv
3fhcLzPSqdQCbQWHuhqCLcAjCJEEnCVUW5mgReq3GXLi,4500.000000,2aiwSpSTggSRWJhosUBwWtFRHf9voSkKueqW1ZfEPz45GgSRqbNq12uugseHVgPvg3U7TpzVyhve6rsNdwJLy7me
5NiuonDsGbbKekDdPit6fCM3HCcPfNgosZ7nDNu7Yci9,4500.000000,4SqccbZWQQusMETRWPvFtqjfJGo11kFhCtfPehvdFAiERqCWyAS6Hp3dwP4qGTn13qoyqC1xdtmta5T6vzCb5EZ
ERLAxzkBWVKEmiVJpqFuuQeTjcXDTp51NQcwtpckmvLC,4500.000000,5LnQ8VrGxKmY4bbb4ahecoMusgiXY3U4aJY75KCbEAmh1WnM34mPxZ1RPqdnA1n92jW76eGdCuJ5cTTVpuNSgbm2
FcLjqm1dfcEq8LhKnR76TudtnaPtqFZRhP6xK3ZiSx37,4500.000000,2jRV79pYTMnGw6x9EjCSjwVSy7axSpu66AQzEFeq8FcZ2GTiMHha1bvnAZdExtxY7X7wVTpbDDoxvtvFKxoaCHGW
Dp7eyzatFNPQrP8hQJ2UiV1BLg69YeqVgLBYqedLEYCN,4500.000000,4f97356vB7Xx4ThVDYezzH7kqcvMMYa3z3pPNVZBF9Rr138hq2ZXp2XDMFH1z6HArTtZMhGiuBqnrNdHhnzjEfKT
Bz1YDmc7TdamFt4upZHScYs3wZoBWQPEbKPLHR8XVP4r,4500.000000,5TcXHKf5okUJVhSNSYTHNe3ToUZW2JL26WS1E9sxtSayTtYVzLWSKB9kJhK9oBB4Vy9rJJJvW6wFPhmghWoXeaMt
5eedoo2cAS3UgNbqUT5NNpGYqeQYLezBrX6W4KMp6js4,4500.000000,4AcTCUZ9mZJvLuCgaamffPsDcsc61shkjyF7dws1ccUGTfa2VJLzmzFQqira6UM1dU96BJ7mUk7h2XJ62GB9MfRS
3d42XCufcMYNskWPgJTVVw78VBsPqnFYyM4VNQo7mvU5,4500.000000,44V76YtcjSLaSCEjcMMTJQxmWirRYsRnzVwbbDH9J3JR52ZEG9DFKGLL7LFLvuPnFWncZ7niCwfoweRyAEJi5E8H
2jfVpLmSCXS4k1XZaEZaRbd4hMneNJEQD2nbwSmB7ZB2,4500.000000,3DFRubDTotyC7osdVEjCPty4gRSRqt3QVAK6VCVyfGBAU2X6YtsGTnVjxSFC9j6VAXwzFwzP3aRB5cQAtB2yAWe5
EGdQxLp47yq9CvpgwrQgUjRVcATFgYKtGRWfKaYmPP64,4500.000000,AtGnfabv6AxDvTnyw1C7Vi83PvvywSbxpWpgZ1i1h6vw9uhiuZKcc2Kzg1JwG5rqTT5dRreVjGeKSVjyfJ1FxEG
jNfJ7RVr6hAMGvCRQnGv8oAUfnANusxV6Lw1F4NoeN6,4500.000000,53Jdodd1MHdu6qNsKftRaM6RQDSzVgV7sDTdhDamKL9cRiZ8UCk7kX9GeRxiFSLuErQ3iEZoiiP4CKdzb2yoXeuz
8J71uJipX1AsVapzpYzKnRnRtz4WNqHUf9HKkXdjY1nJ,4500.000000,xjgciaJFSGDTbuDsj39dcbAxGkSpY56TwMAFumkBQ6qXD32w7qL29PGa1ofE6yF9EVc2PM2J55j4jPAcurvXi5v
26ZkGSxHagBVBp86LnUTrn6p7kWKobdgnwaZEcCsrwYf,4500.000000,f65uNM2zaLVJuZL3E4tJipfdZRbrtzEgb1NyjHcjuF2fFDtzCNPW3vE4p2pMy3Xwo1jHhzKyq6m2hcJkMxx3nK8
Hp55tv6rNr5v6DSSX6uBfYZfjax1hzWutW1UbBxkXzVs,4500.000000,5VzAQ1H9ELgLKpygZv4nebyAXKzV4ixg8oDjRVX6inGS9mbPh1o7KYw5cuA7qk851w2U2uWqnvxpdVvy7PsCcn92
3V4U2FBo7iwjU3NVTqCwv2RSfyKi2M1Zs7PbR9evnHxj,4500.000000,4K8ykk77qPn5g3afJa6KyY69xwvbsvmqdjYGYHYWaU2s1bMacjb4sSPYyPU9bL98JJWHBRzobFyG1r9yJRj2FZ3J
d8gTE9gU6oBLZ9cAMxBA48Zw8A5H2UjoQeSBXyjLTrM,4500.000000,4JMFc5KCjCSJuU3VS4dAHFzUjisffaugGeCsVsPhDwEqEEB6rYoxaP3nUarhYWEVK35a7qrncqcsSXtQcJRPJbse
XvGHVXLHc35JSLc1W1F7M1QyWyyCutPqaTHZYjd9ygo,4500.000000,Jq8vNcY4715tfX8ojCmWb5hypMdPcRJs7SfV1FCk4YKy4JNAfGjQAjtToqqCksUtESTXLjRPDmd1vG8YBtESM8E
EZbUvMJV3o9JHZZ9vBy5ME3XgC3Z8BPfFcyEitR6BwNg,4500.000000,54TuK9SyCionmuWL8E9kJWZqr2WdMKN5QwwyzwtCWxFMPLqQb1SAuEpZj9924PvxT2iG6QmQR8kEifgTEX8dUg46
A9CUQrLFMDQkz6qnGgVy3BH1dvAzEPkaMrchgj4hh9TC,4500.000000,54GLtQ65KBTDGvLi4QczxR85nkAV81kKMBFem58pL6i2TN9nJv9Krg6g2EnSnigwgPA93JZ27gssHUEpJBwcVFHc
HvXXcDat7niA3dkii4tSYbtQJB6sSWfNskQ6hZjXRRuf,4500.000000,WEynTa7jyXRAEU9xLKq6heEStPJ4cmu1qqjLUPcg49SrrLrVob5NUhQd7sJM8KgLj5A7KvrrjHxF26wLzoQoh6j
6y4EkFssXhHZ5A5GJ6PyvYiSh5T9CTR8Y7hkjsWzz1Fv,4500.000000,4gDcWZRpY6QiVYHW1EjyD8WGhfdeUaZoinevwfQX39jmUhcCYgZVzQtedfSUuFEWUqfPB9iHPeRsxYJpmu83j3WS
EDWpUjUJCzXrCwVnJRS6wq33KBUsHnux7ta9qcuvMdze,4500.000000,Dn9AWG78opk6voC7GRC6eHXgeEvKy76G2W8Bp5eXRfSMQr1dRdJVBqN8PHUH5d7ojVX7BJp28rYUHHq5DeYiwun
EwcGzpSYHXzaZ9r2GHTiXJK7wn8HTcRYujqyXL4z5zhM,4500.000000,4j3jfzrw2igeWy7bbk5urzUsZet3dCAJLsYxvYSao7mHKiUSxx2Ggu82kovRTwAjeRKpgeayWAr1NL9prsbAztPk
3Xj6Yy6ymsBdanx4iMiNDihAY98MapguNnyM9pwyUqeU,4500.000000,3U8yd8cLoMk8DzPcBHsCSGcnZBJ1vEKcwL8a7kQsEksDYTLaXzKLUGM8hyFidrwzAMCFkPrYVgcAnRWP4M4zey32
7GXoHbSdNXEgS677GDo12xPRPVnbtca8yVojqAEPhPYG,4500.000000,2oi7VfyHkFc8uENVZfSPyCNXhqXdkCh75hTWd6rjT2SBLEcTaCLt66JgbjJ9D3Sn3jrxtkAymQw9twzyAaDo3gr8
7i7ku2etKNuHFtgYUJVo884gSJwWA6UYXBcc3fp1ukZf,4500.000000,t3bDRG7DsWgd9zrwLKDQ9LCRkC8NVJTvDzmQ7nakjd1GyQuo9tvafBLuBY96B36t3Qijwa5nHkq1M2NQ5bxnfiv
HcYr7X7JUdnHAFUPRjyu37zjBhhRnHd4ujBZfqggAPZd,4500.000000,3ZefSDBypQo9Qdemtiesu5PtzHtkqkHL3Qy8WuhefbCd3h2DXVEYRfFyPegoMWkTiiC6kfGNmfVVFecscdyWxTd
FwHHHKSCQEcDYi1iLtRaeb5j61WYJp49mTohngL8qcat,4500.000000,2fhgaxR6YbutaLdrbv8jQiv3Ro3omJURTNrGBEETd4sXyqBuuCfmBxDtdiQrMTQh28NaXNKuFWb39FphMRnQ6wYB
9m2M1JypmNbiAFBLohgeDEQ1SGKXiEpTrJD4vb9ciS4g,4500.000000,4oi56jepoaC1JcgCLXsUdrE6xnT4E4H7WMbCfRmTpLV8NFeeoNGF5YtRRd7nBz5XAxErwX4sjW9Au9cZTBrvyJu
BRctzTfEnM9WhRARqnP6TuyyDd6Tgh8Ras3t7p54NMHZ,4500.000000,4WhBxtubJCWVXmhJ8ELgU5Xh7xS21kpzwYgDNd2aLDxTHpFvSNzLkgQ8sv2itaHGjxv3cgJjLJWsSa4UMLoPhDhi
F2HNuGviamp6BbayETMJGQFd7iru9M9DRVhog59Ndqw2,4500.000000,2AKRJtKvRpkY9bvKe6WwvF7K9UKCjdRP6SojJpLEUYULf7EkTEDgmGHrDo3A2NtJ7qoHFJuvo6HPgZSzMUGag9aX
cmwXT2T3Tf8v5NHZf7jgoeahrhNcudUHsqfdGrz1GWB,4500.000000,2roWt5oydYtWmcMmUyV4iKYP4vdDCDaxBBQFas9VwmtaitGHvKyne66hsFpAtGB2bxzFVYWKphgTuMw5u8LmEjpF
AjugcY4KQ4qcVcw8Av1De4KQDb2PXoSQWmhMchZkKzYQ,4500.000000,39LRygo7x8JNPCpYLEvh76Ybxvy71eccrjLUvS7ypTrXhmAmuy8CsTh36YEU8rHUz3zSurf4qmcWSofAxp2NYweD
EqVcDurP6ySVKzdbEg7TkdPGGQLPi28WVFdtQySrNgds,4500.000000,Qt2b1pnigJUoedjovA1QQqdnV1Jwbm8SQKvtVuqL2sJ61VDznXbjHD3hS1kdktjbsjHj4ekuN8vmCRS3rvyAo6b
CY7Ah1UVrQiUvDX27YkUdsytPktXcDaiq2hBAyWX5gcu,4500.000000,4toVnveyR4AiPP7jXcs1V8wB1nqUJidckesLcL9gjU7BfMBTK85QMPAnFvS8V1K8HbTbakqm4dwTZEfgRT7uuA1h
3vw2uPbok8dVut7AFcbQ4CHEUEqfMeNa8jWYEgVbY4WP,4500.000000,3v5YM7RQ9hMFVPbQkDF6EMPHyT6EXjQtKi9jvfARez2ipAKWXSAWp98dEm2gg5iv14tpZ3UFi3TQPJDhyh5s75gR
Cknhj3TmP8uprJT6h7FJNDpvUhjumBZzbVpcVXUeyx4U,4500.000000,316ugtrZp9cAtNLzX5N5f3AabrAgq6N4RPNX2hXVvpsJA2Hz3rRGi3mtRAkUAHMaptwoXYfFoAPkkeDVz7t6EZ6u
BpPCPdAKXUERmifjeA3fjaDJ2X2E4JBLRfpfJ5ggBC9T,4500.000000,38u8zPnvyAmkMNRPBs4sfT82kFoR1eBuUqmLDGBCXnTRv7FSDH9ZsMAMZqKcqacq9d1dF5JRURharCAEbZd8Wgh8
9WnhtJfW7HpcJyb8Xsk6giJKsrWnts871d72RFnNeQy2,4500.000000,4kzJdAfHxGCQRG4KCuucbDvutGcLrVntQnzRr4K5Ktji8DQLbcKrhJLHnSs1nMY64rqWcuAhKKqc1ZJ1Wn8tVSfz
7mMpc13XXmo1C543EEwcrekXx7wWec1wpvToj1o4QU2k,4500.000000,4hsf8Dy9WvZfuuMMn5VtxwDq4nHVkWD6dvU6VE8BcCy2GYEJKmmdXFABritspgyBXKqxhFQjejX3yRR812h42YJs
GhQf1bBXdn4JB4jZvAfiddsXnY7rodsngUpQK7juSY5Y,4500.000000,4DP5TtgCCcya2cnHrkBYqEAQLoxe1dEQZ9GjyRkNWpKNpN4aPoih42qLyf2reNHnNpqx67QJTnMWRgCHt1ZeBM4h
6LoHFiSNE9KzSGy9fST9jrXmtpe9vYw8s4nWDnyAX74N,4500.000000,JvTF3PiJeQycoJqCAd5QZ4WzZqbYg9Fj8qZnadSfAvAG5HZX4Epn6zBjjwHoBCTohrKJnzFyB9gFFcSktVCiRSe
CWir2hLQhn3gnJwPJje6f3qigQPVdjfcVXQqqjq8JoLi,4500.000000,2g6n6cmVUsSRB7DpzL6qwEXAojiVp8DZ6cmmEoLWzdbTeZyc3xJ8vFTdMxs4Lng7zeV5Sd5MEE42xqVCLzuNjPya
8U82y46w9KKEmnc6pRGopAisXD3ZrQhFqvWgjMvHiun8,4500.000000,3oRgkW1pHrnNCBvCb6emAPxDWzGEXSqaVYoW2VZJpVToyGZz1qSAAie2cr1Ge46J2LDpGjLyRMBKZpSDm1WVgdcL
7K2TBEgPZnV37PvzW6PVPrKqEv8CaHPboQRPznqBDfeP,4500.000000,fr9ivLhinY1PhW9JQciZywrDkotUGj6ES8DSZJTSzqgDe5LBhqWZmFRJwrAzD4yeAiz7MD5oQLXMFCRnKKdcmJD
Btr7GnhUgpVDHU3hp7PnWnLHXs528Sy75DE2YBqEfgds,4500.000000,41Q1SsHBPpXcjHAKQ8kozwBR8RAnzU9mpXVkoJyciHVHKwzVdzCjtB9SLqdmzdAwsuFBmxyXC5t2VDBfmSWKTKkv
GqJctFNrrXRiWom1jpi7sPop54FRyFxfgDHjFdJrbHDW,4500.000000,kbZThqjF3Xtts3VinEwWq52XpzCP1WE46L92QDvJgHttfHev7fULpukz6gg6pUqqVNiHqN7jVY8q58FqBDeoxHs
2e9L8fbcsCHarr5jz8xWA6sKa4Zu53VyG7vquzNoELQu,4500.000000,3daXZkZC9cwcGyFfTT2rjRgFn69vRWQXEMkBwAxJydDAKFfMWAwugx6fzovxma2ard3gpjg2LUCXQ2kojTEKGaB3
AK37jLiUXe6jPseiFWzV9u29z5wJsCyRybkhUSqs5tQT,4500.000000,4Ji32jvR5ADTCK6ggxtvuKuZ4nZnYrf5tnoyRgiYNWQzpQHzk2nsZFnwakaUVMNNv2AYLUM1LZUSrQVs2YYqueEc
EXg3etWzhD7jmJoSqAHkJ5n5F79ahRz5XUCGdwysJbQz,4500.000000,22aYStafGUweskp4YRUhtitsPw1769hUVAst1KSHbecA24T4F6Av7uCtxmaX1szMLFCvLd3WMUiHQMqenhsC4NUG
FoGcKreuK8RiAikSpNCu8XYGhd4Hmn9vHeEotHyjZYr5,4500.000000,hT4hZCUvprZgcRitqKPLHEob9NQV6Yox8nzhqJcajqq59AgtfzR6XrPDcWtruJAFrVMbUpnZvyWGZzFTngB75nT
5rBVXFynjxcAVZRnRLKRdHHUwBEgjftodhSKjmuWswZu,4500.000000,4PybjDHxw9F1FZ6uhxxBjne6SHXXCcA9dxFvye7XJNFe81rS7C1e94o2mWTn2LXDp7TYq5GwiTrxKtgCsn99ve8s
FjT2RULFMikeLQBfuSWcXPoeQVmHLSwGfdUoYnHBBycT,4500.000000,4vneRx48bSHXBw9987pu5QGLpUfqzDxdvnY8XvERHdK8tgrBoAKXc6Vg7ts1nRVaCe3vQyrdDkTLX4GJZ6ZnwEpN
DAaEBbd53pM8Vfmx2nTneKRVxqm8KNBLzsU9thyoaiuK,4500.000000,4gbLwCY2KzkcLJv2gKBHHJtVcrT9RDCcbabxVesJpEdyeEHcQNLZ7cJPdEchpSK6cuQ3oZimZUy3PUJVgGGHP47m
9UBdFEKZSXQJCu9PSyQdYZXuU98ysJ1p5t7jtskFjAGT,4500.000000,4VKvLCrqYiLL3TpbZPhVYRuK6nsiEz6RxiJQBmbjH2FjP7aRRZLn18JJ7HSnQbVeb7mh2mJiNkn184B55EF1SzAR
7Y59F8BN7VN58SgNLK2JREwHWASLk5XaCJa6NQhWXXyb,4500.000000,SNw7Gqd64od1xVqdT73KG2CkWxBYYyj6JdcLznfvfue6SfabNnVw9R9frmSTq9kc3KSWF5RZASfVSjTwoCxH2aT
Hn5LT5hFA3m1V6Rp4foEk58CgZwFsfazvSenMWmvT95D,4500.000000,5aZqMd2jpSkXbCZscvuxHe3MMRa34mERvaeuNNGcrdjNJum8tCFEkpqwZdEZxvonnjQewjBPZ798b7H9h2FcLxr5
5d4YEa12mQ29WNcYNX8M6jEM3RKGSzyreMZqDmegrLEk,4500.000000,5dFW3eY76QD8qxyT5gRLJJfkbbozyh1LdLwUNwNjoC24oq4fLLtJswWdPnjXrQj8GT2mhW1HpshPBcbDcLiZjQLL
EBSfj3AfozMfTixbC2aavD5vp11H1rwwsvEhrrgA2bBQ,4500.000000,2jFq3bMdh7oMhcoFfcSnSi1cDP84eVgEBTezRRgyYBkMdd1F3Ca7mY7v4m4wN7sL5oUbbw4AP1eyAtoPiRmxEmG2
2gSHt8KEKHCZkH9By97GjcgQBHmwFuBaKBiD5jXvjAVZ,4500.000000,4wD8CssTibHJzjQYvn5FMUb1HkQnkyKZSZh4dVfQqqV13mKCzqwUEYRUvbAoEpMWZVpjzUx7jb69YdvYrP8dqSsK
EZx8m8SpQ7QX4qfGiELYZAnRFEqHhxcUFwdW2iBSvyH2,4500.000000,3WpdmutnnVxLrhGpKtN8QCtZn9gXPxvfqPUizDwbBQ92ofqE1GrMz4UfuRhmL72H93x7TkudcEDwskUWajyU8Frp
8cN3jVBJar5tQ2GbKHgdfPXnJMtw4sdnpzmxTauhu95d,4500.000000,2HXUvRRuXk7P3Mquhgbwa96bhM9rC4W2Uqf6fshMip6wvt12j1Z67b7yWHLYmQpUsE97AZmjoUextPg4tb3AgQ4y
8MZyQwixrTBXryVgpHAW3xTUskiuJXwXkFVWzjRDJbDk,4500.000000,5sVfpKTrRkSYQtvYyfP3NrMUyxZpTAAeZgqUv1pLbDVZyDpAtQ29AUtPYoD2rD9KHovCoN8khMs7ReRaSUToBjd3
6eg8SWVYUNfCCfvWgjmZYga5yfg7RTK4cdppQkQ9Lhii,4500.000000,3ShnjQ9FAdcLkdh4QpWJrXLmrLBjJiDRFSPcCMneY6FsM99QBf77n7FfDPNqVzWBhW3ZD1L75iC4aE42EozyyDVR
8YLwwGxrHLbh2rNW6ZdFkzVbRdDt9YFGUriDt8HfBEch,4500.000000,5b72VFy7mT4FUFGn6184kLxGgo54pzCMgo3XWbdjursuf5dzsKkW5MYEDbM5ie1qYhph1JtPLQoou7ziuGj9LPVV
7W1zx7WDD76CGTjXVhKCFin4bJQBeH1N7sMrYeZescc5,4500.000000,93r1qxX6zv5nVZFxVGaHfXVLWpAZq4DJo4Jt46LRnVjnJ7AQXzzKUzEMC5SjaZLP8378YcTbEoP4VrwJfLFgM6z
CZBzsBaLNJDsrwHDBAfgRAVfF2tmVJDiCkHsf7aGPn56,4500.000000,3DDbAv4x2ukor3yG6ZAEYrKA9DfttS3oKequaYcPUpFsN5NncBZuWMCURcQZocBRZ7jr7mvRHntzrvhrAXKJe3xq
9YgbfqpypBFSwPAa54CHGmwJBsAg1Bfnc23Cf1biYuB5,4500.000000,1292iWuuqhXqnLeYhQuBnMRZzLnk91Xw2t7ziQZ4EKk8WvtqCgip8W6PmTZUvTRtvPCJXBygALrgDboYRkM98TRJ
ANm55eGZQUQfBMLMT2EHhS7HVWgfWUdLXDF11kpzteXJ,4500.000000,39bqbsexhvWdn33BRo4AMSFTDBUiGdDPtZ17Ck2zgRrMdVW6W4dr7699rFqPpjr9EbRUZfxpmQwnLNpASaUhREnV
63gfFjFBrpjARrEB7KEadGiW2DzuTcGCVbJy8ZLjAFrV,4500.000000,5zAwbBAfX9TtuhEdq6jY27xMExsXeSgTPT37KQJd4HjWVxkBkLFL8324nmzdiTGHU2FbQTBySErrw4AkmrdvF7yy
GtMG9vXYD8V9eTdM18CB6TMZk9GXqjUiYgF8kEeW6jKu,4500.000000,cPQpwV981V4Kkaj7mwLjhBZmsnH2qV2mxeh288wsrfxLhL1jkTPionDdmNvRchTHYrdhAe81dnwKRzRe1Bko9QD
HHbq8FiGqSeyRjpwvdEHRqp4ZAPNfXEQaDwt2gSrB3ir,4500.000000,5Rp4DuNbeFX889qUHX1gEedudvVWp3m3sGyaCZRrQeCPxYdALnGor9t4h1jYRndJ5kh4V7L2GpUW2siH2AvWctHT
Dk9Egs9XUv4woAZtoEsJj96DFobpYFFrGREQDkdnJ35J,4500.000000,4EidauQNUXLPue5YWTqqiSeLRUa4yU9eYFBUdf7Qk8tgzYkj9YDwJX9T2jnMuoPPjzYCDcHDSgeWz9q3mNLpLhZb
Djv5g6FDBoWMvHgmcPYQcHH5Pu4ZpCpWvzJFCKmMhenF,4500.000000,4dfAjLk5gkTnD92Px7b3FCjXFr3quVHNM29wve6WnayvcwaBkYQQyPtg9XiNRa7tqU2M58o8oH8FeQXvypi6z6js
Fd99hA6vmbntVpTTAXqhTE2zQtcYLJBzQb5zonBZvJ9A,4500.000000,j1TzhDh7pZs2AytWt2J7AViZAoUrKn4RkXoVEGv3DFYU7cAK749u6tGEZuzt5QaLJy8o7DJ1u4vQx5st1ckpbXB
DBBzhiX4LWL5hz912d4TmmvB4kxpH1mkSySR2FocS3f7,4500.000000,RYUjY3w3eNqShJUYLGA9oFSCkETa6cH8gWJtqs9kn7Mcv5iowPDwoSa1H3Q62Mo68zdjJ9DAnAsB48jPkmoY3N1
3hWWhENhFMDPavG2oEzEoWNBjMqKTBwzZGyxJgNn7XfW,4500.000000,2LF7RakVyrixvqEDVw9GkBLozHtfy6pSnLcr6toFYzDzKp8Wo2MdLBgQPhNb3Mb1dpuWqZTVEWZib1RbbwuBHAf3
4izyQf9mQomatJxsi48jtfLZEGSgeAHxhEmgFmW81U4i,4500.000000,3cAcMe9dXDzN3GBn87co95nXhvhjRVTWkSA26acARn86enp1Tir4c1t9PVRPH8b2LAiuHxjAbFENehpBoqsp5vpR
BooMaeqdaYYB7NugA3TN74D6tbaLdQ8w24oLTrN4sg5,4500.000000,3Nwt9eoJCGm8C1qfPDZDDqfgnM7q6imHbjL3Axm27y25xf7vrKWJcpqRbFo8scp1VXicR9oasLBmSDREgT7GPyPE
4o677ksUJNUsLjfAi6Wyox4p8BE7mKrVp4hf3FE6pSgp,4500.000000,2QNrZcBzNMG3VDMwoQJ2d4Zmyei9HLsjbmtFYz8UVXv6DaLzz8SHvUjgHyX8ECynKqdND9mzSZqzSiLBsgepmtmn
DLWMLxLJMz4Hi8BegBWd4jbY4Ef1Cj8YmK9QcZWgkmoy,4500.000000,3x1LQrpdAGNBZAJKHMUuV1apxJB3MZ2AcgxkzV8EnA23PwJQQpYtcKoDp5784CzAv683hF3qi4Zbu9cDRpBWnEdv
FE7fpcWE7pEWr9kzmDw1Le1r2VQW63zUqtWuAMyRjG4q,4500.000000,64EAsYpypZ5YMuXPza3KBmbZWqoEyy7GuuPG1yinn8uy9dDHdJuo5aBUtmBM4kfd8SuDz3jxRkiYXPtyALuT465
3sKu3RVvTBvHD5LAN6V36TeYgqRpSfuszeMr2MnVN6CD,4500.000000,5gR83RfczvDP99oWVCGPN6ewVNjDw1tH4nWn7UioCP56NGzUNhh2o31cSrNHxy2ST1BLGhomZ57kYg6BgcGa7Dfb
2M4gYiQkSMWmpri3CuAGe2yQGQBz6uwhjpoUKPSTgXbJ,4500.000000,33ukvi8re11QQwgnrtJivSqovCoMrz7VYT1Pi6js5M7F1hv4hGvFfUsf3RotwR4asBo39TG6Eo2BtFx46cw95wdf
DsXdp1K8LjEeQ9dJukAaMCHkCPaTjyVbzbFVEfDUzrGu,4500.000000,3wxGvEv6WoKh3VKeCSFdg5d5rkX1JV9JKpeERDf4fvaixihceFurSWUdc6c5HkkrMLGMvsrrrHU86PauYP8Sa8TA
HkcKDytkhgPDbRuHWo2kzzmhhAwqynk9U2YyCzmRfqcF,4500.000000,q2mxcBUm3GErJKsvwVovpjQPybqWrvQXtAka7o1RsMZRrGcoZH27dZnSuQPJsabf8crUE7sJxaGCuzYwTqFR9yU
HV1YuMX9L1yqpYfQznPM1eQKAQjZbScYj37hoYpzXFrd,4500.000000,22VD8oANQgRJQgbz8NRJzRL8uxRRqHf91pPm5J68qzDDiKe6PN1Mogx4uXPiivXesjJAEQyL7ydG73aNehTebV8d
AGo3F7ZC48fU9pghooJ31A6WfNhnYjp6vZ5yXEC1Axwd,4500.000000,YXnrxzBGVuKrNYZJBhR9mDQ39L3BSsVZ3Z5Rg3wTRVyXswCosWb4USEvNjtAKgLKLVNTFiSUq3REJB1zRo8TtPe
FkBFk2LYRL1hiHUrBf6B6bQ7i7wCtkeWD8NtLvxzHrjC,4500.000000,5B8YNmbVu3Znqjr7jjjFFF3dqh3U2tCLwNp9gsMTKFAL6ifzQfBAPvMhfGXnjUFFimX1t1Ybh43VkUC3a6KVPnaG
2Y7syiYkgcRZy1LJNfcYXhYTJBBMKZ39sLXXrdN73Yiv,4500.000000,3pWg5NpshyahyZeEG5b4aU9RSXn6RefJMzLH5Me7pQZc1oXjgVhEerZhEbSDdCZkXdd25BkHMHFwMeR7fSHcWyPp
Gp412ZPhwj2BfqBmgecbrb3VB2fVhRdemMfddP9bm51R,4500.000000,5eMQT6U1FFP8zJxFBNQzC9g9VrmFjqAXNrDDVQPPK1dzPjRkncfTdokxd9SgihFXk3USTXtK6JtFdcCPJVtc5CwA
Cv963fdtjFTjCh8YFpH4rWddUEw8oSkkgtmRKjuWvsZd,4500.000000,2HY5G3PYtwGXXQjxqJ4zM29MkbtB781SXuF72bxUnqrgCRmGfEgMrGAuhb5xcTZ9bXZ1jshTQr96HttY5GkBPi3X
6T3Jwsb9QGKarTNK92ZiChkHQUFe7T3UZXQyUTtDvSne,4500.000000,4RuLbgsGWoC7fLVZa3SANfrjV3KEiXESeNj5s6MGcgWYSbJsx34Yc7kirdBmU81DKf9nhqbWhC8AYRM6T7jP38ey
HNFFzsCHJ5sHtEMBTv2B1Fyc3dEvtVMkZLpAUgt9zoJC,4500.000000,3EFaUTEY4L18nhZZC1ANCq2W9sJW4Gz7BhNg1ysFhnRvLyomD9q9YK12hasGyNZFv1oJE6CCAzZBKht4c6EbchgP
BVCB5fwFw8omUbZWcSnV7HtpRijvqB64KZsDZaVhoq4F,4500.000000,3hRq7pvSw4J8QDH9qT1wbCLMtniLs1xnA5PTGUamy8RpUWHJy1Ucc4fbB1BLPGqHbKQLAABeaN5BEU78tGGEbSDK
6DE3bEStZJGEFtfrvB5smrhjWms5sKKKYk7zWv7VAiB6,4500.000000,W2pQRgdzyEg9WKDzHMd8VvyA1amWe17ywq5ayymT5cP1s4uNSW7FD3mbL4yitqqstCJHs5vJktM2CgsrmfZ73Ra
44qGRYkmnHMREvsVKpkHXQ9jKmxKff7EgjMdV747hPbg,4500.000000,5uSWzgn4aZvxaiLsiyAwihnBhqVAXj2F4Vpybvx6RASKcM7Zq6o7y5sdgqrDHGL5o8Lnj5kjUETpGYZoqFCTVLcH
DbgnqfQvbi2fYdeNiLgixZMneYyGwsqRyFtRD1MEt6ei,4500.000000,4ke2azddP9DHno8NqTp3jjFMsfprk2cJTLuCGCFhq7iYzKBufH5nCWmZtDep57dPJV6Rcoje2fMNDSaTbpsjF1rV
Ae6pNVLJSNrjnxEWXcB7gaHkScBrMp72YwBgKU9XEyRv,4500.000000,4b41w4dyJkRaUSVxRYeHAvaWRZUBrFR5cxv8XeZS4gDn21vzBtMev31biEkBSSiDziTakHffU5Di5FQjPpK1kyGC
CYFTP5nzMdffJv4tCh1ZAVo2tzj15VGpKtUEMWaFhw3Z,4500.000000,yGPd3Cmee59KYgaL5bSz7jBvy3LrR3PTUXw4LW6VWrQvQteoaas88KTSM3XmVQpJJNzJS56ob93d8sBPGNn47zP
ETadYWi12myuJAPTnzsaSuKfwwXksVw8ctMzXgqYiNdF,4500.000000,2ntthQUJWzTsSXKb2cF8b8YZEYMgoKYRMPJX3pFSfdjvyVNRvPxCbE8aHetKuRrj9b8QKFE3xVuYhMmSeYPTHGHt
3gN31kkHxzT1gx8uwjddu6hux1CrYZsKZ2Y8FCaLUoyA,4500.000000,4dYX212TrDHtEpse7TaNMPkviLkGojuacJrqDe7Cs1g8RUywjNTvhWQzMUBWbVZvXZB2RcRbBKz2VBa2mHXr4Mkx
2WNPuWVxmerfx6v3rvdGpurKafPoVfbuHJF2d2LFv6BQ,4500.000000,yonMPra6DXn657hwFSjLJjuRWqqDJSrNiufdHgepq8sxqQ9z67K9DvMpyXZjZ3AXG7YUTPNJad946SLZazUyWWJ
8h7zf9h8XYrZM36URnyYLCar7higHVGdWBBU4FWZk4qo,4500.000000,3L9jyBZmMeUvgZMc5UmMf7d3igZVqjUSrBiXYF1PQ6di3GTefqVhzFywyCQd4KZczTQf6XSgtehnR4GM8ULvs7by
5FNwxo2anCJtndFoH1sU7iA8XhmWpY6fsXPZuVMEAaPz,4500.000000,4qiactoc7qyAVJJR4tbQKHT6bryBxDkT7BxzNuNojaeKB3PbMfeuvdM5yqkGY6yzrTTQK9NQAEAeLBmuwDTcNtYb
5TpCgkfmuSxPcrRGSCghHE1oTkkAZVnb4Afda4ZVbMXA,4500.000000,2TMxCFLCLw5S6csSBcKKya9jCYVBXERSPUbMCDgFiRnEi4xH76SH1kEvrZVJP7ePpHTDPH4o1G8SCQYpoVw6QLpJ
3XbSTfaxizJKgPQ2WQS45amtMXoKCwfBreVQrdmjbXhc,4500.000000,65SYp8XjwBhUdzKEPWVJfiR1q1CDkFXbDDpRVm4fEhDJh69vJGBpfZbG5jf89dc9sFSPwrhRYto8U7UpcbPGdj92
Gobj8R2ecimHU2e3h3UXTri5fYvBiQa6kUSe5vgjnb9E,4500.000000,3tejp1wEhmthTc6FhggF3x7GfuWE996yriJjWbweLqQ2jEfkePF7En23P7L2hc5qQKEKcFS2TbGoSFpMB3DM5gMh
8qVp5eMVzMj8wRGcKS32NX1q2KQfqddnZfoxVph83k9Q,4500.000000,2VB3HD6RDu27paq28v7CFcV4tTzrLAxbBxJKtwchBJmoZz4UeY87wZ6o1SeXWSwdYvmHqjmQupHcpNB9m4JKGv4D
BBr6Aob7Qu8FUJaFtkhfZNBnshZn8F3y9K4SBi7rw8TU,4500.000000,4fuGYNdFMZtwtELuqfmG2kUkLd25rVceaoxiG1qZ6kkVNZQuTGELYhaVkxJsgAX51kA8oiQsZx6DMcCdqVUXZye8
FG4maXLqdaDHwGXEcjKGKmStLnvk8dr5dTpDfep68cjp,4500.000000,5zZG2Mfyeavc8VBc8KgeYbAnpLbCvGhU2Xwp5FisaeSpGfz2SeFvEynB6M8KHDT21oLhqjwmceYkNT5teMwoPArP
Afd86pfYj6yx55hmHpwTo1AmGW7MBkFqjEdxEgrfVS4Y,4500.000000,25zjBtgE2KxxEh2XNmEtJWVaXXr3QUNBjNnxKHiWyogLNCKEGqCpVgXRViRRmA6zovV31EbAiMZHvCa8JryddFnw
HiejGXTnsxeCfviWeyXdBQJHAwFXZkK9TERade4MYxhj,4500.000000,5x7FiSGJ4KecaPe9o2yQqXG7jyahaLGiMqwnQeD1pg4MRrkqdyPK3nt7qqHa2Kf6uQS3xwb7jFNtf7T6254LnVso
3gVZhmcP46kqPaxFRXPUi82egh2dci1ESTpmKD7MyVjy,4500.000000,45UCA7bj6sGg5qcszNx6MLA7WNyucoaPY2C726zAbiHtNupapaA1UtaWJtTJvkNEPfUfvFymgLC2BenE4Dd9isYP
8Gix8gPNFQfhKuGda7WzkrcTaokiQfRRwAaeSiSs1byM,4500.000000,4ViVPHsCnRGT88h5bSYdAwUr2crh4VxT9iqKfD91bFgmjDLznJAC1rXgB16yybeXi7z524qKtnDL6UtPQvqKnyUb
B9ezq6BWn68Pc3tLuE6o5YijuJcMC8vWCdUqPsT4U4vi,4500.000000,4H4BJDJP757mt7pUGn8iP4gRsNQ2QfRX5sEX8vSk9PbhZxx4dbJUB5LKQXuvDsoq9y6pZLKrVAynnAZKBsMndJ6M
hVctHrJEACpVEurDLG9RBJ5uS8xgcVnH8Ug3ZTJJ5Qm,4500.000000,CWTqrMY9qmyc2JZV8vjohTMW9xhAhpvouzLe1DRCemXqUkSpB55bnjzQ53MWMToR5ivbVXXEMSQuag7QevoQw5t
DN13gBZNHubFb6bkxHpZsbGNMJXEnipeX7vXGWry8nVQ,4500.000000,3WrEaWoJDmDC5HkatDfToUMnYTYpPdxqVGTnx3fz4NXDTa4Wz8jbnr2eYB5nQwhvNGpxwJemfEJxBafVcVov5K6m
8kSCdRWvo5SYL5ZPks1vzUpthutGwD8NApPy7yKCiyMj,4500.000000,2FNXvqUsNRoxZBjKG8uemRs7PETugsxuxbVdQvKPc8RAwC7TmF6ueo175Y3zoQM9W8RyM1kFx4wok4q8NteozVXV
HrhAhNn9aJ6XBeB1NgbYuvhe2ZHFGhqvVYgoS48ntDHd,4500.000000,3W7N2qV9CzWGqXpkwoNhmZRojCzDnonnUWqtCBwQgHdoZApzcbteS6nFB48oKC5rorzuAPysi3Khn1ag3qb2ft7y
AjNhW31evNhUuruGv73a2uPYhjTgtuZLPw3uJrs3h6Ad,4500.000000,5CPbuAQxoHowGg9sfT8U7TnX371dtxe8AFbZZiQbg1CSRgmD3ozgYULfFYEERos83DjUHJ83cEuDfM5ai4Se1rgQ
4WHgHKGjyD2VYYwDqXKSRJRGgRayrYscx15j97BMXysc,4500.000000,2hYdvJQwH3gAAbyLq1QS58UMncWVtuMa5M8pC5m95ESjNwHZBgJXN1g1AgPT4xZ4gfu7mkf79tEaSRDM6VD9uwX5
B8GkmDGgiAMgwwoAunFXCuy5Kc4pR7eis6iKNE4Dph25,4500.000000,5ATmqtNyaQnHWihBvejY9ggYUYjWc7iGHmiXjXKV4uRM7GCD2nWRRQqKoWneef7JYC9qMXPrLC868hH4ZUbu4d23
5WW2YDBKKLtgSANYo7jB7xPHXUF8Nx9cC3Jc26HuMtxD,4500.000000,JcsHzKNdhYtd2fQPRKqUnrvwMyemC7Nw3nFTdRC2CLiVVmEWWuHYZbLoK1CapTjnWFT28QK25mob22x1TkkdUxU
DtZiZDRC5Z2xsdk7dMQwJErtSN56Cg9CjWZThacTMnyj,4500.000000,5wv2k6dMnU1282r5TXNCrZgNdW995j77yhtWDjG121oGoaapJBMf3RcPpXr7MMXNZ9K27KN2FVyeKbCxkq97guk7
ET8Az4Pw24eJPqBSxx8UnnVpCi13qCDHvGgbodww6R9h,4500.000000,62686cPnPAD9RZT8gXtv4SHxtoQhiWCHm4NGHVMUDgpwh7TP5eN5kG2mESeGumVLJrzmxtymytEJ6tkzSnerSofV
2R4Pm3c6LTcQcNCrAsff7k6Q9vgxsqD7tAdSo6LzR5cn,4500.000000,5D9fLzsWD4LMWKojeofPrTvh38aAdicHA623HrE7zV447czbRhwVeogwgcnoNmFGytN3YYoYDkpijdDaE9JMvoko
FzDzpVgRNEws9R3U42GMtbXFsViGv6VdiJxTp8wBn4y1,4500.000000,4JXNb2dnQpWkKVZX9NMaMhKv9m7fs9NheapibfrfjsVD674Re2aiH346gsExAYJYE2nCSpCUnhXtN5EQpgZ9XPRC
CNDhgvF3mB3prfRzmJ91gya9QBPeV7udnH6Jg44Qrbz3,4500.000000,2NQSrcv1D5PBqrK7ADxymUvenLCCx7jpgW8isFmBtBVS7amkpRuraKvwKYjRGH9K2X8UWS2i4PUxMzn6Tj1qP8mY
DziDVK5GjZgrfymn45Cs38ZHwdyE9gh8FDMjBw44qnq8,4500.000000,4TmyXqg5u5qZ6h3KGU3YQxD1NUroqi3m4JaMD1Web92CTufHhy8tUvckn84uCRutoLzC2YPvXenwDaHoViZyRAdR
4J3ryX4MJLK6YmUBWY657eAWzJD59YnzpJrnwujZjqEH,4500.000000,vr54ur25Zc4d7uL5BQbKUaST8BLjRiuqVezBD7vNEzAShcuUaJbZhZy4MoGCATFAE6irphep21WGC4ZE3LXh3k8
7uci7nHdp1dmsCFdt7gGBnzJ4FMuEADBQSdwVX4UPC8m,4500.000000,3tVS4eMa4n49HUcVxW4Lx2UmacRfHtvVqenofGr5JHQAsQASscXiBWAX3BwPsmpeuFH7WbLMXt3RQXnZGAvBjRet
3tfrXveBJm5xh6BJDczdnxsxAmKKaBNAWLbRJRbKrxpn,4500.000000,2FE3z2sUSZY8jg3gqcr1K3V3AQVjEiGJ4ZmfM97ivY28G25rD8btPQz1JeszQasJWsazotqbXPW8RdtQUdQbDN6B
FGMtYPwo7JLX1LbDXoRMUSa3ZSTQ8PZbYHWqAShtiZAf,4500.000000,2VQWYqBM789m9HBQuZ3xzzrGnegxNGRnECv2eJ2ogJ9EnUxVMiwkBs9w8zByASKfx4mU14tgxvp3fMcF6raxLXcM
8RiBaEqxxUFgozvyBtEeumjupHSiPma9AknZBfkvd8YW,4500.000000,3XzmKqbNdKEbirefXpd4JDShKMAUt4qJMAHZrrCcyk5VNBUMGPDqQkCjGdSyJEdaB7nJPHQjiF8Ld5WeUJy5hmCK
GiSiXnnQXWkiab4yQKDguzVMqShab2sdANqSxU3VNCxj,4500.000000,28ni4Wzu7QNu2TGBjPiGNwv7KTuz6zuNfb1jmmPu5BWbKUrUEhwBYrfsZaz2H66egpdTx9PQ7tPCGXy2XAKdonbC
6Fm43wRt49geuKyysE42ZCYFfWU1gkn9gbr4V2eVbLD1,4500.000000,4FyM51BcJ6MbCNawgibaj7YRUyS8V2yH5MaLQAbKiyNT3HPevHa2hBWBCvWxEufDkB6QuxsJP9g84FxxSPk9LLJp
ZWPdA7T7KFjodwobcfycNkHdYoKj5Z8x6zJEYTJuuUz,4500.000000,4gPPehpQJkAfe1W39UGHMUFU6cJLt6pLmGJdHpk8Nj9V8v6DakpNubHEgQEUMbzUbvu7NwLWxoMerNLR5BUzi3Qw
H2Bs66wDDLCkDVzbUpvDwPnQPJhPx5BDodgFpGbttu6c,4500.000000,gCiFykPiGuWwRoti58VUdYrpTKy8RfBdGXq4PTZ5Pt5H4sPDXPyGjUziKVDBSSLCar8PRco3HXD6G2S1ZatstKi
6Wovvh9ex5SJ6XEH6aH6PS7QirWf6czgYR7nZ2xJPt1q,4500.000000,2oedpFrfo3Xe5aDuLaR8VoYgRjMWF1c8zHMiFWP8wBZ2XCsZr65UqX7NRDU8dQafsNfbs1K5MrsfZpMr562ZHAVE
21Xpr5xhKUpUvoCexQ4q4Rj24YE6Wd8hiJqGVajQ8Mu6,4500.000000,3dP9AbXpLsn7kvjZF73mQCJkB4Cr43kaH9fdvyWL2mu4jLv9ZQffHzRKQFVC4nda7omkeTXA8d5ar2hu3kJN1u1G
3X3qJq3S5QoDA92T7J3FvL3qUP7883CsumEW4JeiCMw4,4500.000000,2SwTyoeZpk1MrjU5yiCY9J3vu4NBaMUNdbZQXp5eqRpEHbFiGj5uxJQBdcCx4C6kxEjwPRVnDAKau8D39G1w3ZK9
8GMfhPVW6VhJ2UvE942xwBE7EBHoMEctWKfkU7cQcz3k,4500.000000,2KWJFjXgwkZNPvWAfL1iLdYjFm5rVGmPgNjQKA67ztNdFvWzXXse2ZizBBfYNWw2dWWQBimB2aVXUUd7DpEqv5Uk
6mQzaAwgmZs6Kp69JfX7kiBi9ZnYVeZbu3UD2Q5qfUZp,4500.000000,6418FJFZPkRNLEpp71VPwWzK7oSygfin5f5HpnZ2gmiX1s55mbYRs5Ugo2RtFAcJjoyYEUvvbzHqoShgqe1c5hQT
4LBw1yKgZfc99MYTCRFURMoyQyuE9dQk3MuBiNnn5wq5,4500.000000,4W6paBuyvdg2ZbaFi1EfKnizBbNv3yLr9XDbX4mrEffQWjRZWRTjZFbWyCuCtqcxqKX6Q8d3Gu56XAcaBjXB4kRm
7F6hbnaBjVzmgWAyC1eNvLCJrhGt931rpkREAfkUHcDb,4500.000000,4TAGq8kiPJ6YBaETePtqCVCadPu3PzEvsLPVo5uD2iGKASrwVLhj2QZe81weULZXKJsv9XiZa8EL5RP7MJ7xBkur
FQvkQW8ZaG7fctD3gZmm9TePz9R7LuwSUQXSZvspPjwB,4500.000000,5SLbGZ3Vq5JFiVSLT1yVeRo9ncGvjtR9oyUsyRvK9ToxCzQKCH1XXXdhFv6QPYE53z1T5ch91t5K9tGcMN1zwuis
BiQBqaRbEYpN4hWGNfVNJMdwqoHCrd9439m9wRdscbmS,4500.000000,3C9y5HFUSPmWmxF5R5NyPTb5jHpfVgAwPseWsthpj4TiqGy1T3wJTfeGMVopwV3Ttpq6gx8SHR5RmK7xujsT16zH
G8pi8HqjPzzWswpVbLZDQJhYF1duMZ3hzwLi6UziCXJU,4500.000000,tz4ttPxvJYSkQEEtZDVNnhhkUwMJfYbTv7LgpwQLa8ft15s1GA9b6sNDCaa66hswr4oFiPHm3LNBBzTa7B2ja7g
J38xE3JMvy7yV4ne5HSVU6pFW9dmmz877oyhnAHLxGJj,4500.000000,5nHzS4sZUfGAqi68rSyXNBWibsT361K7bDtQaeRcM5mTZoU2FRpqHEN2YyhLiuSQJeWvPcWhUqUNAg2uUTWzn4yq
8XUL99Aj6PMNU13pUdCT65nKRFwfHAoCLWDZdHgQwv75,4500.000000,4U5hghiTL4HNdLqge2E4vWZCs5cTZLXmJqrUDKdzCo3KsitvXcNsfNsajj9jS8S1DJEw4yJCVGWpgJZE525E5HMN
6a8YRovSc82gnZZFS7YBhH5QE4xG4AC4odzZzvTAu8oW,4500.000000,AfZxssshE5qcNfz4PvC3TAR24ttBo5rFb7xi6Sy6sGLnKvbZfsCESAVKWMzgsoyJd2CVzgHd6CxvFGfZVdxjDuQ
C63WkxS9t1r8o91CNrKniDuBVocTSjFzS3brxzKLCipQ,4500.000000,66uNWLpQFbHFCf8DbYceWvkpjAYJSWcq3zHcZGWcYqaX3hbKJShVMJAxaFDapMAQhJZQgxi2WRfhu78eq1Fj95Sh
FdtqEwkLMGsLo7YjuP8nHLtrNh2P5hofZEcL5Tnjuyd5,4500.000000,7p54nL54EsaeNLDodnP6NXPJ9xsGqiyArUxJVGzpn16HUio3cWfpj16c4VKNf6K1c5HpeurBzG4gBFy4mSmqZUG
EV5cFyB76pm3t5KfJH6xDDhEXfX9ENGXxoiwo6UWPBPx,4500.000000,5HFQ8FZTcQZeQX1BmzxRQK7FPC7AUUHtiuwYa2xTpxY28GNYtXvWfKhFq18oaFbbMxzb8pCGTcZrR9XnxYKZQLdP
AurNJNLBmXW7UFNMh35ZjhKQu51DSjt3Vg9MaY25qiBh,4500.000000,RAvAoroqraRpugQbUUMJ1qFJHUWWdbTUEwvs6U896dkqKHUVrtSGCmT8a8pDrVVxzjrom8bbhFTGZQaiT6stkD5
ADAgKTgfaAuFQDQCc5RnpgpbPp8AzNSud4BGHqoAW8rU,4500.000000,53xj7Vr4xBwk2i744vBh7odzRZocjf8sJFpPsWK3Mi8Jdjttk4oYxPtTbJHBWpUx4VANYKZXu2B7KwB5grJ9ePQB
EEMg6Q2hfJRZpokqU9NTGJjFkXM6GY7MenfDEhz1jFQa,4500.000000,2tb2N77Xqadgmp8N6KPSCiLpmXjz5YWVsVf9v7gDyRZprdpeiFkyVRHi4U86EjRvKP1qiwmu1Z7fmyY2bY3N6QMe
D16qLHKcvr451msPT9fFpQduovtkognac3W8nd3ob8oe,4500.000000,3sL7W9EFfbE35MJArY11jixvaQBVdfPUZahxwP1YwVEVKojQuDy6iCJBmfNtJjUMpTpu4u2MMHfqxHquTi1N6TmE
EUxFKMPxsaonHvV8MnDa8og7NTB2yQqc1xRsPGkXii1N,4500.000000,5GVoDXCbCjZW18MvLDR1TDKkeMM4rrYVapNmqFGwYdUHFhyzZNa2dzi9EoH6AAi1CzURye8tYLxgNfTC8vWwZkWp
5YWzNKfRKM1iqDYhTmGeceam9AqDy9T995GJV8R98QvN,4500.000000,3MaFBeBeJzBzYTTWFRPN2JwyMjW8PUFnvoiGjNf4w2ztLhMC74aZN7f3VutqXvuSuZjjbWuQsjL1FFPSes69ZVoK
9H6zX8BJVjb1d9yzkAUfAFMQNoUYBZDpvzDzeBSzQct,4500.000000,VxftHRN1Rb5r8VpAtnSddsdpgTDf9r23aE12WrKFCtzvpCQdtSWXoC7oB9gFaknUQLUzm6H7hScUDbfErgpiZAC
FcvmZ8ik7rowVXeywpCmXDvQbzsNLE8B8JFLo7EdnJBu,4500.000000,TJYDu9a3vvW8SoZcXc5z3SmrKzfABfk3VHAQ12RX5ZMn73W6XSx72oJSYMESDJMR33ZeHg4BmRvXjXJpR64sfzb
B2DW29K1ohvsf7G9knFQHmfX2AfbbmtW9h7EbqBde5HJ,4500.000000,y9jNruEwpsPGk9LN5GyxBLrPBHb1o7R2B52R8zAejgncDyYGXsWGWZAxqcW5UxRaZWbsfkv32rh7k5MWv6yHqLV
GDs7ksRGe6p7TzHbMe8eRCDUgP69Jfb22bzUpaMdyrU2,4500.000000,Btmvuor88p8MH4sGPgMQ2RpCRsD2oYt6c7coXh6JT2nA3YiDJWi6stybdqBqkb1mgqZNP2FqLsVuE9QHgDGoKEm
CYPc5EWoqtTwsSbFM12CZiN7tCfuyBQPcWTavTvcRAKH,4500.000000,4KzK2quPMhuwr1LDLRMjLoFZDpLFQPZDeoHdkCfsp6P2viYwAL8aGmmUt2KGcsvboobTox1ShA1jMqgwb9zAHRJY
EfmaMRkns1Adk2yR7xiCrPcwcsjAzdGn5wucxsCAFNc6,4500.000000,5EpP33rKQ7E77mvBn8J626HwP31modFrPNkEAodvCq119pLoGpSy3AJFhb9zVQhb3mVAQ55kmPVmrfagbAzAAdAR
3mtCzFvVFpgzrjvLtCrpfCToWcaJp5BPbBu9E1t2zfig,4500.000000,3QWYeUKQNhnZnKPs1GZ696bNAX1pFwMDBEgaQnQrwvsWnJSQ8rAhkNKW88sUrTBcXpHoHbBKexdWs4ueZvsYCepD
CLHwCxUCn9e8kPKLBaXEx98NLnQvkv7ZFZSBw4phjQyy,4500.000000,67pmvHWyRsb3z5QgFouApAMfYCwytpuKFNb6xrthoVdqRLfyLnyDX9LMn9MAhzopVUGZPo2suzz4HeqMWMZ8CRED
33CsRn1W1aKyWGqUbeCBPwoi2sRXBT3nDV89bggdeAaF,4500.000000,2zd78m2eDL6uKandMvJms3FdjutgT169jjMPsZUn4yLZm9B8XzkfFc9Y4xaGxcpEWdnZnNzNxmcP8HXNf79JN5Gt
3kvR6QrQ92U64Ub8wNLrtBs6xza9u9QfGy7CR2c9NAj1,4500.000000,4MoGERJBNr6HYt4MGRdoxgm5VeTDdCXiazBfi9gy4v1fiw1M1sN3epdUMgKQUrcMsLbxTx1J2wPw6B2UWZKBTBYd
DCjp4uN3EYYQ1vKjmfVdcCRynJ5rNSpyjSwVTyjAa6mc,4500.000000,3hx6wQTQYH8Nv2XiyASZF4Exvo9E7H514yVzoge3eHQKje6hNrNS27WShBZLbenw4oVgHGSCSspUV7TgUTG6So9i
9ZDaqLggko7gH9xq2xnTSJzEccLKUdyeBWWrSVFjLAAy,4500.000000,33Gc1484i2HPnrbFx32UsTjZnVjcqsbWp1zCitFZfiBBsNgBCzy3Fc7EcmKCqJEywNCf82aFCrrd6k31LDzC2Tid
9H7HGAgxRLUmY87AT9sNxPu2ts3VbdeHwUvJvkJg4UvX,4500.000000,F13z44W1g5t8ipxgFPNXM1ZUxDwdep9Jradhgepv7gwwfXpci2oP6HiykPi5XJs7WV2eXdpqu62hhwtdeGPvttE
8DSWQmjzkqJuVuzrU433HzmmYNXZ88zgsgS1S3XoZRBw,4500.000000,2cuEbHVk14sdsZzwioz9KvdD6M3bAkPGDS3CAVaEKv4EowZYVPZpmZjKarN5T18QGLWYKLGk2HJE64aEAaWbA7Wv
FbUDY8tqRLkMFNng5Hs9LKqFoPXohTfq89sDVF6ysKHC,4500.000000,WG1nhvjz1HHyaVdrBdzLMjezbvmRweMPJqsiv1V1T6HR73NHnjDTvmyeSyRR6QwrtKhoqungLtrnc9ponTvUyhL
Covv1nwBmU3xDQsTwKsN4npM4i2xJ4XF4yHx3WCN7Tss,4500.000000,5zMMcMa3Jn5ms1Lrew7goKbBnCNtzeBCiBDiakngSu18ZgmXWvmuU696UdmS54N9c6NfBNdLvVwaDamco9fM9yJK
vv8AiCe1Uyhj7yqRmYfGVF5Y295ctb33npD3YzkwpJT,4500.000000,2ceeDPPEdpCNFgB1yG4zmd1VqdrLZQNMN8PhBG2fNPkvVtUDrNvXGJX9BdcwQAsw1yRrx74xQqRC7Kb47Q88aWAk
71kX5ZRfapgeP6PqJwsYakHyvHwkRsLnQ5ngXa7bdzDL,4500.000000,4xDTYrCmAZp8DBMLGumQmsZ47Z693s5nTAskvxDwV2qJthrme1QD6t2yZ7xMyTJhYGPG9CJFQavhzmqABw9FhXvn
2ac5ZiYwiSi9ZMFVZkrPshanHEAGqWDbCSP1rdtw89pv,4500.000000,3Qt7XfTVzNzcQ7ZmuYjiv4G8FwNspmSEAcDkD1xGvE3nh2rWfwcguocLg94EwmXcHdLhKcbSo9YGBN4AbqZYa9DU
5Q6mFihZYSuBLpfvnxDvHQyfqqATiqPwS61PaJGB7LjF,4500.000000,3SzcHGDuXc3ysmEjA7wipm8C35Bo3skCsKNbqFdFzGgnBPWD6Q4XVNDyopeP9atJpBuaxgfGTQWWXJ827BsBng1f
CAevs2saN5SZy6yTe8viDTeQusuVLosZJJtF2JjaEq6R,4500.000000,5bxcEQaPSWoTZDbWpGsG438PmuuYimxAVGHTBdHhbwtZenpHGvbrt4ZwSpzWzt8d5s3bZQkDd2sRR4DUe9eCG1Qm
7B2yTFSDqndb2Rzt5dq88hd4q6TVQDE1Fs3mSXBxheSW,4500.000000,2CHcP1eAqTwyGavscRyM9xV8XJ9pHEAoFmAPDBTtWCdbtVisWeeUX9DxWZu7PceJXgZyzi36wx1oEeTzaUMKPZ6W
2yPh5QYLxakwzTiuEa1F1sJdSdpBQDujtorDHJT4m7xi,4500.000000,5hkD9S7QsPMXEa3FN87mjS8SHgaaak3nSMpMhUzFrmJSvazNmX4od2Uk9zdkFtPxjWmx43DLmWoaN4s1AJyiDhdK
pVxzNnJcTbAPD7yWiHunJdqJrtMBrDoMVUhNEbeWvWi,4500.000000,5SDTrBskopS1fGrn2Puk1zUaToRQgvVtyP6b7RZ3ka9jGGZ8oxobJydtsupz27dpqnYzBsm2BN9PUeFYigz9dh2h
DMiRM725g5BR4CvJViSkmkYzG33WC4qzmmXzhGpAkKbS,4500.000000,5jnjjvDcgNd1Q5CeL3mKbNdoVUHykRCQ7r7Xw8L2o6tVTvFGpii2hPMSzsb8wkqJ1diAvmJehWxEtRguRPv5QMtn
H7PYC9bKmzpTLMNmRUmgTtA4YkkuU9iT4jDTr1xAiRYu,4500.000000,5V2GQFnZx3JKKaxKoyX153FLXNyEMqKmYTxFNL8HTDh37Y9vpCKJrAuHcKWtzoweekKjL8AJ45P6CAmbHDJKyS9v
4GNTTZvb4UaHMb5eorCW2rh2DR3YdvpuwKpKP9vt49JK,4500.000000,2GiNDRA4NNstJ1VSni1PuzC7h5QG7F8EQ37ZxLpycFtM58EQjcYuUDjG7pjetY6SZfvYc7fDAaRPVVGiVjT7Xz6K
HRf6Md8NndpGJxgy7B6EvNTZwxqgx6U237TN9RD5364K,4500.000000,AzrUJYJFhwyeHfsmSV6DBCtBogpxv36Rui2TN4jW4ZE9gXyy4hiuqRVvPGXpP6gTFPdNrH79fdSpaTRS84r5ego
3HSLcrNnDXhtUFtrFZqJXS7XMSpRW8bHuRqUD5S3tdQd,4500.000000,4UUPYnXDSMwZUMsGjptQv3zcmwYarN5vP9tFMgPsHtMAm9nUecSYjiEu9Av2u5Z7iXGsRrVD8RvLCr93Vj7c9ogH
3W64zhr8sddG6j5FE5Q24AvZ8ygT38xD9jGKnhXXkJdU,4500.000000,5vvVqCjLvCNz8u8GF4SR4E2rXeUewfHCEoXTGW3PRy2ZE4Jw6YUiD2A4Dj8BJfKiDGLvmAf2oG3YjN3z23sAeX1t
6C5nFaTWNziqPXzZ7pnNDnCZiT5eqA1XgdNX1yzjrQJX,4500.000000,2PtZ75dxG5kTo53KwVSd2RfCrAG5sQD3G9rgGNGZjjwrb8fP43zwe5s7Qwc2ECQsTo8p8rXVyFTq5TZ6UJonv8id
2yoeYs9XjSxqPRvDA1g47fVaK52m9tB2DZH6rxRyWcgR,4500.000000,3vpaMU24zzcqDp1ZyoxDKdhBWKBe2jTwbuGNneweWmrkmS7DQ2PqeX3ktjgWx2zcUoqSjGQQDo2JwjwrMqcQz5Z7
6P12Q5TB8hJQKX76sqHKFmZbWUaUMB9CRajBpUCtRKfu,4500.000000,S9g8DzZZmUQo5tpsLpfyUYyBRoniZPYFmZX8msNTzJWsk96j4zNY17H32GcChJ3SkrLiCFrN8foUhp93rjfcPMG
3rx2LLegrL75YNZsLFvuFKY36qV5moFeemJTL4j21r6g,4500.000000,Fv54T9nDSEqDUHYhGEk68eR6SS5B6NoYvBmhJ25TUuyeFs7UicLiMsZ57t1Kf2TcggXxYZf7DPbEZfb9BifRKUU
9UCZV2f3tEdKH7t5rF7zPsovzY5MRf5BYGt1pQ8GZVLx,4500.000000,5tm6xYp5jrBVAWwLTUgeSocKJQ7EmSUAtt2619Fjbn3wj3V44rKZzeeugLk5GjV5MyeXcNswyerPPrk3tcY8iPLm
GPkpKUmXBqqixxxsffqkkW1NZMTXoUWAbgtYFZ27u7SM,4500.000000,48gKQ6UFUKrxsjBYUCp1X5Pm3gvgo1pB3eLnCKeWZUanDJeGHnxdf4HbsxugerTRnc4Ny8nF3thFhKUE4bzBd5t6
4sUqQztoRe6eCsEc6eCZA7Gx6pgzDLfvXiL6RDs8xYTP,4500.000000,2dsVykwRAuSiikaocXiR5SaBdxn4NkBvQxm1WzvHwETHb5uEETiVEK5nkza6Nif9Frxgd9yQUx5hAi48y94cjnEc
GuCyjezACgewryBnw3YAj9kzgzKBwKBYZk8bwiAr8b9W,4500.000000,2LNAJuJysz2qgkut152WcwabJFXXLGo1wG9AqkW5SXXLbVJ1fhQsMT6VajRfv4oQ15tVyD4tru5sb44ACkkjoaoD
2Q7CV2rRQuA2QDvMpMw2hz27NbmYQQSU9T2HfMe5ejas,4500.000000,iZAHdr1GbuWXTXGwbRA19zwsgnKYFsCDcKDbDuurb5p7gdYdJirL6Fv9hn5UuWBp4ZGJt16qP71wTQ7JvLtcwYT
9atqEgqdW6e9K15ARvNB1mD8zMZip8qratH8HT2nFn2v,4500.000000,3fD8UBFWCXKocsurJXCTTdcd6uA53sDK8FasC95RbauWE562awNXJ3iSjA9jpUFnCakSp3U8a6hTSZFNQMpsBH6U
4HCJtapY4GE2s7n6zYdPpNNCQ4PEfbJaTEH6D479HSkk,4500.000000,37RF3Se1AiomKjYCXsMyNrHhE9YLHyQV1f2D881eA2dsf9xSqUkmG5TH4uK45tkbXpXFHUNkp61KeRDCZHD7RVoE
9drtBmvFnDZqm5GVf3vjqmdjkgiMnqWA1TG8Hfjuxned,4500.000000,5t4uYQruokHmCef2A61ZgtkznHt5tCo4X1ikN3fLUFWzYjELW8HqL5UTKuTq96gG2GgSZop32bavKirFq6UDPL5i
FNiR36bVjKF9AZBoeq6EAypTydpbnPKD5MC27uGK6cwt,4500.000000,EtWJwoMeWsQkqVmdgkAHN2ZhbcigZL8DD4B8xSuAgAQaDZ2SSP1kjPEGebuxkkxCSyjaawm4PmqoGaWc4Kq6grq
6J7a1gZ4UgHdt5T2JPfkwKSda542Fxen3noMjEyftmfz,4500.000000,3rZydHNFsRAU9gkN853BQcsVF3XdzvDocb1tGDE93geRgFUCqgWo1NnHPbVLboocKQQvAXMbR5TpH48gGZk3WscD
6QBkAR4tCyZATbRfMG68k2mxshjhKLpkdC2t6iWLKdbS,4500.000000,dWEfVRL7TbvHdFq49Evi7WiauRtVFfQ1YPWY6EPfwJp9hy8idqKb1xPtoFUeD78TTVG26ragAcX1oP6jdpgB5mc
3QEB9omh8aZWGuuTKRzvnyxdenYNaZqXpE4oR3oThXrd,4500.000000,oP58JpdhdqYwzS5rQgGZx7A6Dsvi4vSuQ3oUCPFvrXXSWbU6Y22EmMRYwEip9NTWxPRakvty1xGqn3Zq8x5P773
2cNS9RdcmbQfUPZyoqNNrsJ5pjzDhS2GH416JHS7jzyL,4500.000000,665tjfLNxD8rKeydbBPWFKeUushMYJ67UUoboYwLU4jUYZGuR54Vz9wvmhqKoiGnn6icquCegRMy7CjHaqCVmhLY
2PVHMehLoGxD6nwzdmxCstnYBB4FJdaHqWpb2BH59AmA,4500.000000,5sShds8RzquXtv1sMaXpVKLzdpiSknF71YScDycoikeePyUKqwRy5z8PT6SiEr4AjXrJ15MR7XvM2rAYxbCPojtU
AMHfkDR5YVeK7iSWnN7WujcJ2jnint6AUv4m9wXjKXnK,4500.000000,2mTtuWzaP58joFAmSVUyWbjXPscLE2wwySfUpkhWQdmbrE6DDgpExmP56N6nsZidGpQctTr744TDH4ryXCc9nzHw
8CsQhhNoM5t1Hra4SXLis4gMmGgExT3snTNAbhGhJ6GD,4500.000000,2G5T5ABiwca39ZRowCigWJAQEcg2VE4CcXwtYcUnZsRLCJfkfNEp5ko3w3kGM81r3jv5q5Jzx833wT2Q5C1HmzLN
9gfFv6foSTDo3iCLGd2tm3QvSJWKHsZ3L9CTeRi7dJq4,4500.000000,4hFmzQydDyLdDa6PGbHW1RNY1d7GZn9Fqm5ccBP3geEzrsyPs4Gt4msaZVbMF9Lsr4f21X4Xg3F3cRu5JKhTZ9Kw
9P22Yc1jM8Dz7KMKVUsMdsQk9kE8DiyKFWoB9fKLW7pe,4500.000000,4wxeVauFSWWgVuYDtfUYjKdjaQPUWntQnWettYPUFAkdr7RDbaPdHfHTv2nYnuVTHirLZgxUwEo2HABRt3qipQkj
7SMaA6KoERkiHUSqy4YP7gziY5VbLVh9peHobL7ZuMek,4500.000000,38LU14Xhro43gqUUVjT2K92veBJjLbhKGJrKEZszyWmfUDWP3jzdFKybTwP3Yq4ZBLgEmQaxto6WXmDgyp3ScC2y
7RZwRWq6iyGiPqonUGRkZHrcR7b52z8j8xWN4atFnrnm,4500.000000,31qqw8ckvic4J82PXqig7Jmj8kfyVj7DDquEToycPuuPQVXGGgrznFBfjBmM56iVhVrj8HrobXueKMrxD7UBfYjs
56GQ2KVN3nNTtS7UwWf1ZK8LgoiAbMcWxoiFBxqeYDCS,4500.000000,358FQL76XhkB5KaMQZSRxfyK6qei7saCM2aWkT1dzRzMq8pFzCQSMSaEyVWysSKWUX6a3uWHqh3KS67pVVUKpd8G
6CV7ktwAWPeXuT4fQF3tnoN7m8JQufp98nibf2YXJpJc,4500.000000,4hrFkxez1FszjfnkrMXnz4ZCCcT6LmntyPEMZtSgMYt2Gsg8QLkmpdGGbTVLVH8TuDMdgMkGdBzLuiiadgEVFT3N
AayuVemvNqF3NJdkDjEDoZqQ1SaWuiJf8pay6Trkv6Ei,4500.000000,5oRGS9G6SG2Wggb7r1fbu2oH2fuAwiMBGih7p5BjKeVArGAMzJB1paHaPeofFhevF3bsnRGfBA7bnQi3kXSr2KHD
6o3zwLReyDayzsWUrtmwzaST8Ux8KQNDN7PbbVgXLRV5,4500.000000,FSJXRVnXrDHtJ18BiksEVcNFor3aJHzodMoeNZ6WuuYuXcMzk1iHVT6dHxCv22LjT13VpVq12TRWkCmYGBZWJxf
H7h1P2b2xn724UPeU8NdzqBnrjWMquHBzFN7RsPUTQGN,4500.000000,3Dws9DwC323LBGUqSLhBrHcydo9KiK4Xp5knXr419XTYQi8U33nKwtjb7pLEJ7Qvk3rYMkMRVc41nHQDKGVmKVwK
HnXS2a42iszx2PBpboWTcSFz3kof3RVsKxyG95xEFR9Y,4500.000000,5wK7ahjnxjAtgWGAK8XpNfsB2jaT24UruLs3tLEbCG8ajAbVe3hFyHJNkfzmK9fyTaKQMDkQWjweb5Aep9cSr1oC
85JKikEYyPdExnG4MeadN6bZPj6hPjvEYbFv6ZFiTgi3,4500.000000,2XNrya1kcwycje3bZNocqCpPkDYQjRmPqqm8y5BpnsnnL6hiGf9BuRbpw9imyw3r7XnGCjWE9fVJjmTBWP8cWFNy
7iSA7A7Kt4HwrGF2vPMjeHjgFFdsoZsEpYRyJ4BpToNL,4500.000000,63CKhZeGxav5bcSb9jFbRYbZxGfan5ijC96MkhgTUgj6TFQhZcCX5tbYjCTx9hz1TU253yrSzT4cTTDk5qVzo8pd
8wJXrFh1sjK3ApHCNkFa3PM4UD7sLHxzJCr7bJxDCWiP,4500.000000,3bJibz3CiLxsuZVdbKqXcYtMwVcYDAcDidEST1noLjCCozJMCpeWMbdYQaafTiv5vrRctSPhGpfeXacg3oM5rLsa
3N6Sfo4XAEW9ZrRoWSyiAkLKn2wiQoEsjinJrbDnMFnB,4500.000000,3Jj88g2YLfQCfSzYSZkzKqcKzK3owUHEUAqVE4yu5zqoTQUDP3ZSHh1FEyUspLXrWF5V2Gdvim8Df7cwkemi234V
8WneynMq5UdXkta3iuAyqXhKTZ3bDLnEHceFTJBxaEA7,4500.000000,2Eda7xewbP2xzEUsRpdYZ2jmdFMWCDDahQjcoDNWkM6GUgJWSut53BeSbZ1E8TcAu9sePFQ7pyuw2tup2WpPaWB7
8ouyhxVAm9zceWRgZeQ1P3HwuLojkeHM1ftjGEDpRzeJ,4500.000000,2BgyW8vinoAYKf4CdwiQfHVLQd3qqd197faWRJ9tFo9YPivNpBz5vNUHTj3N4NBzP5gXYLmvV79h2TsdXKn1BeRz
8oxBroyPMT59uUohGVEcR39zZjsLbRmep6ke89Ch6ha1,4500.000000,42VJYbXPhuunjQMc7FaLxPcFBhm6RXscniq3UwfbCEQnEQjDYtpxpxLrh3T47sSbanuwEcGMvMAMwf1XFbatRRtH
2t6CmJc1j9WQqkGb2s6VBoi5f5JT5ND7ZcqL2vffJh3c,4500.000000,3VNVw9qsf73sF7nuZWgQUeT1pmwQ6Cj7WAXKRfzPWW7D53WjUojqm8PcArDCnBXHDtbG5DtCMvdq9RbpKYYLXxUh
B1oU7B95wGU5eDkRFSzkxTzV2akRQxGSvEhfAKyC7YxF,4500.000000,3k55dDEbDY2aaaXVmKjXoq9aTZCgepgATDo1ad7Z1F2p1sjk1WEhekUwPF1NXRgBFNqzZ3QHNwuhgLJZ9zQBa6kk
C1gemySganq9fYEzbAAmAGu9f8xj4gC3xAH8HnDQ8o78,4500.000000,4FmiMZ9zQWqQNmWsekFPbencFNz9V6nzTZNafnLZwP6FjqsxcN2dkwbKp7xTtxvb5GxDfRd4ubGeqSGmSNGuJ89z
HNq77ETg144Z6EC1DMnqbt8LUSTDusBZ3JvcZMWLtLk1,4500.000000,4JoGFHcj3jf7PU32dzSe3EheRFJAj4mM11mUapcXdBnrz5QGUBSJvLxcUyySas8wTDNwZXisGKYDT1ahAioRwxNT
B7GsgwUn9rBq2EPssNe55xHN7dtueoKkC8awKZuc2fQX,4500.000000,3ATrZDKFXhHkYhxcdjJjPnGjnrqVm5WBfhbuh9LJMmsWzWNvpqj6rXWwLhkdgQWAz3BcBQRdz6RZ5eGdgdhGwJDG
H4TkNG9iqbrNdXua3X7313PJbURct4yWsESj3Y6XTGMz,4500.000000,35nwMeYcoEF5LLGdt5f6mMq87mqsxkdh4JpU77hctp6ErpJThz7pVFCKvvnfZvPeKRtL1ZXo2ZfSZ5pwK7VhVhek
EMrztHo2puamAivBJ7ecfEJVg2Rj3agfypKCKRfs1UEh,4500.000000,2hhPsJ3GtXBKEypz96wYXzBkLigGzrHjxMgpaqYg2pfqb5mHRFfF98ymVkbmvtS2mG9CTwVtTojh8N1SJXMSxzLD
CBmfW63vYjwa7RcXL9QkBoJKQy8iwt8rfxPTYZb1raYy,4500.000000,2DWqxq8x4faHrNACdmaGXjvSApzbQyYZFGMYna7m1ddFemt1nBemg4h2t9GKaA7GYDD3nxEwJdtjXbbkNwzz2xEA
4nGx9P4HREcEExsSEYMrRNsReeYXu47eQyL3GHBc53U5,4500.000000,3rDoqcRqfu2nxoSzhqC1jf8KjSMr2av1mGHR44tha7kexyNdczUnaFjkrQrZqHEdpXmVXXy3K1XQuFavFxUbx2GY
32gaEf3Nres12Xt6succeKNphvgLFD3Nqo4xqJojzuoo,4500.000000,baCRj71dj4fiFYiW5rzrBSfVYSTWqf9hxm4qAiuSmBDnHJiNLWm5tPX9kgCbx7cJGdBaN1ufXAXt9FtCLg3hz5M
CcsJphHLmHDjuTtD4PULFp6FVmvpVGARW8PDRfHcaKEc,4500.000000,4k1L3hq6MaBfkYKoa4z6YZ3m4YF3wE5JzoRi3fdofzVnkfs5VpBatFX4KDpau2yh9u9kRhvAuRrLCag8hTscZJ46
67udJbpkfAvZXMig3KXoka4aHPkaRGNkiZzLxYoAe9qq,4500.000000,SD85PQE2W2jqtE9sEgwJ6A5HkVZY6xtY7Pje13NEeepUsbt2UfqHWjv7MrUcR5VhpsyxESWRCLHKo5bGTq7Awp6
2iVg8nydF3KgdoLd4o7ATUgcHyaQUwhMsHg4zY2H5nxu,4500.000000,3Gew7AGyj8FmCRbVfkHVKAtj1dnLUipUCYbSE7uy7pA9YPoDHkM2SLMEDj6ZCLAZKx3suJ9HgGxhau3VtGiZ5r8B
7PA2hfGyeTdkfxHpGcoH1DDUcvcRbnoXJUvrD4Q7oq8e,4500.000000,2osmij1bgTifhxJY87D9vncZiS8YX8w7QnivoyajCTwmmV9PNAKRRAE1r3cJWSYXK42guKSr3pWXr6xbVW1STWTt
4tytgnberZx6F77yhGkdLYKPLZfbtWD21uni8TkYdQtw,4500.000000,eikpHeUoEjwErMcLqWsrNHXWqU42sYMcWu3sdxhzZznionKTEinJGw4i4z1uExUQm9aCN9jDWkvfno2krnVsui5
4SDouNn8gUTytVXUBQVsZ2aR9C8QFwsbDgzLnzH3Q2Xg,4500.000000,2MybE3hDJ7QrrWYPCPb4u92oLctwQgcWADEPbzx2TcR7bddC4S5b71KiKwNV3Y6HYNtgKQKh8oMQD2qsbTxFcuoT
DbEBw1YthvKAwGHKUvPoHrJZ6ioGBSaGweFMbLMPhPqm,4500.000000,2xACXQEWMFtYW3iL9pAnYACAtypyfRs1nQ44oVM1zcREtUn3o9BmhAGB1SCoi8n1V58FbTqfLQd9RJmG4mFxitWx
EqkzQ2EuqmGo8XEf4VnRShXD9wQ4zwA6615Bd7qD9jSq,4500.000000,3S3GEvPENJmybP5uowQ94SMAS6Rj4w5CATDTfjb4CfkUa8cxShEZkV28bCpsRxqMbfugWWjA42zo2FXt94axaDQd
9JXNsPCQS7Fa7K4vf1TA9ERHRKRVC5MMKK16JR9JFb2V,4500.000000,5H6KeyRFffGxGtwz81gVDL1EBxpcWw7pSoF29GofJNrqoofiAJCAoSC2dpFzNH57toD4nYi4WcYYPaDRzJ37BaZu
FoTz8LBCvVGbBE4mu21EAuStK4tHYyBXWJVEEzKTJKWg,4500.000000,4ZtUrVh8KcbwiDAmDmFDFSPdaVLjV4HFTCr6T18FTKT2AtmAcG3sicYkhB8bqSDYagAQaEfWdAKwq76kwp2BLRb4
7wtmYUCF2KhG1PQRnrR1ZX11S58LotRktZtkXBrcNmEE,4500.000000,2Bf9H1Lj9sVoCizMpMxP2a147WPrbiTKrJjyp42HqpaQCAdvVyr89THmUsGxhbEw1L9j6mCuq5fKGmSKwHnMFDDG
8Vfp2dubcxwUv1sukiYigWQ1tvFfVAWJk5B7ZmRsd1EP,4500.000000,49paLD1mmG5VCXxp9GV63Pb6dxwgFmA9n9ymgCKfFx83sdf4adY6YF9JL75aSMAFAC8mLa216rmHVAXFE4rS5BaL
2b3Tu3jw58nSBjC5sxna2cc3okfNZcQp4DGYsQhA4AzU,4500.000000,2FEGFcYLv4fhqbRjbgXM7FAJQ4qXiH7eYvDNr9Uc1h7h6dQh7yay4BMHfc2Mrcz2GXCDYkvbYqy4pN2LLjcdv2VZ
HdfmCdBZjrVKRrDUePjf3DFTnyqMpErXqHwrjRsm8jK8,4500.000000,5NYwxR6waMb96tWjMg4Nr1JhmZ3Z8zXvsgMbs8nzga46km5qxnHpyacVYpPWBXCpyTfTA5CCnFNphi7xchXMt9Bf
EdDVptaxEJJ1tM7sp5jXG52WhNork82JVPcjZwdisa3C,4500.000000,HLYX8XDozbpVmZrGWph4dnQXcWx95EoNV7GyQCg3Yhb4CDYaaSRgZdLcXao8wwC67b2rWBLHXqYbNwfXqn3XgGq
8tuhy63nHf1V6e62xUuHfr7sVfgneKTXdSgNaf7gYacD,4500.000000,3dTYpt4zadpoN9hjqwbCTNwAmd3JRrq7FiLT9sjdCNC6qV7jEszQ77Gth6fRLcwMDMeHUBpvkVWBzy46KRzC1cSh
GvWg2CMsxtJVYK5DftTXu8rVeRGdaHK6Bp5fxVWJgghP,4500.000000,4ytJ5fbkXLkHYQeQi9WGNYZrHyzJQbMvzEmosY14GtP68DXPTVNXmGzVFshkwh3EBuVMnLeqNd332nmKDM4B7cMc
FdNfQ7sstAzSx2uziC4GtzWgnYj6GbSjPrM3k8PMasyE,4500.000000,3AzVeZLsQJsXsnK2vz4Cv82W18E8vX9LxwvwiMVWtb3ajCerhZCNw7You1vr8BfVj8FgVSbqqhuTHSWnyVqRS2ij
BVvWKbVT43t6srPtXMEux4GTSzdixU9GxmH1mGCrCMNY,4500.000000,4t7cV4pGsafzSgy7UNXfJqejoKZBMy48CKzmKvzZKSj948ChS6wWKPhMPeCH2QBkTgKU9LNxfV4P7MH83iReoQ1H
4vGxkFsCx4ZWcH8WFgQqrs1DtH8EkyxGz7KhQKWRnTZa,4500.000000,2ZvpRg2xFs4QsUp6y5AGYFgwXSZuMzY5HTDqTB5hbGrGqTU7KCG7amdGRrCfrDA2Q122NuB6YULbUZ22obkdT1nm
8tD1tkUgVKmqMbMx9f9NXnR7PZFm1PWVPW8ogrRy2N6X,4500.000000,59KE1UGpXVEmtEsyy7uBG4YMkvPjH9fvDJURrYWQ9nj37syQQ4hcLqwBtVXAn7ErBZZHeWpQaFPqVeNwfkgGE2yT
AistgpeanQxgHNC9XNgKgWUT1J8x7KYXZg4Hoqe4MnUD,4500.000000,3oYpBMGRDtf2Vfn8njP4nQa16wu4ZNwcz8Nozy4MVp8aQ2nq6CGkKXduN6ZqcCPeJpxx5mYUHbYoDaFmjm4ggdjC
6zWagp2DZUrFg3mpXC85WXpaNSwhgcVtDXc3Ux4TpmwP,4500.000000,296mqaufpwhfKpEVtAewK2jXEd2BK3FDYh8AnA7brjkFXsdTyCLK8ZjBgvc8nTCFtvm6AoMTD6xLw81rs46VFQzL
NYApdCfTnpf23ZPgDKuGy7BfjHLrSdij14m3EKKrvVx,4500.000000,4pV23Vu3NHQ9bEhQtf1Sn5oAgvDzE9PedXozCQG6A52Bx1MvzFFFjSmX8K8erQ91TLxm8qFzzovjFUFYz4gSdrdj
Gy9ydpEm1YrCAagNETG6NbQSGVkZq6mANEsnJHsqCj6x,4500.000000,5PJNBi28uUCAsAoGUwE55eqcZMQjW2pd1L3w9QqneNao5Y5KoL2Q9ttzaVm3MauJtHEhgmDgAbTonbs2yAQWmM9N
77NXmwjiEnHQLG5XWFmDWst3FYPtGS47Pas7EuoQ4tK3,4500.000000,3A452QM1UQmG5Mq7cCD5jQF1fzYUZs6ZJhityp1B11JcjZ6ZibhaG4nCVN4iEV1HUiZq3R3v73cRu7ikJRFVc5ED
1252RNgeysDtDXoYktcx2RCxr855wKnKHvQeCLJ7h3KK,4500.000000,DpB87g7AmcAYGDoN6GCANLzRmnT35pYzebnQ4btdMzhwGyMTfRRQFvFKhZn1FqU8K7njc7tttVAsMeAJTAEoQYm
7r7CmiTZ1zJLhNzkqEU1oNJJUgVPwMNiMRaM8bUZceap,4500.000000,5gCoDVcS8yZh47RaoG9AA1JJAqkXLHdeCAKaZKip7mr4YL8j2rsb2yrdc6zvWyhVTeKgvjbpqA5DrhJag72PVnrw
EFvEnk3YVkRPgDwgu5Vhpdf18j4yERqiCos7PkezURAL,4500.000000,4GFqB36vMpxy459twYnNRkk69uhUMfLVmyVWuPMYiEuGSnwgFqNvvMd7XBHSPpGnjiV7EUgUu7aqgXq1NCxE1daJ
4GMTx1MvqvQvzVqXDa8Q5uNw32neRt9r7ba33Ljqxk8d,4500.000000,qesfWeGnZRgtXGQS8wf6Fjvd1yEJJkcL5kv6B82NGcetcPTaxPt6wzRymucRC3APioQdPxz5SzYL3WvTDw6RjFa
2RAQJuboZHpYdhyVN4RADEC2ETL5mijHQfW1fe5WUSbD,4500.000000,5nqN2Pvwq6ErsTT7b8wrghkEDYuoVR7R3cxF7PKfo8syDNwpn48eFywd2pc2gkCL2c9x8RfCbyWgzya8gDsWb4yA
GAwoPNHzV7vzXbgNLN3xiuGtYQCWFnQSQEyWKco9uT7A,4500.000000,5cEuZi9nggEL8G9Rhihuwv8rjATF3WnbFhETuJ1vNRkzpDvjdLZpTXuQMUxqQYAaGXm6cMsSGtyHvKdzEaCGizqj
Bh7y8u5hMLVaf3i1FBqhQmSyyvLBd4hpPWFVh88VuWzP,4500.000000,5Cp3GR1RLd4cppQGiPNFGrdo8Q1tj59S6Y3gLS6dkP8hR1sHMfVNfE5gh83ouFgpKzxyaJhDwAxkAMW7ZRv3bFRG
CJGCAy1XczJ3VtEp31WGEtozCymEnvsKNfeygMcx9rKn,4500.000000,2BR1YgAkeUa8kHRHubfDi2MmqW4vpdupN4YpbGifTgMyAgESbkWtm7eBjWVEHD8m8DQkG456sP2uqRoeXM1TpDFp
41txFFvJYrSMDHQHgUDDfv6cAi63ZPXqZqeCANTmhVZe,4500.000000,UMcMQb9DHYKwDfU2PRTYvZnQufRU2i7MPWQJp9JYpMjCtLhvEQWkF227iAaYisGJVNG77AKYJGgLNGARG3CFcnB
CHTNmd7NNFx7F8j1FFi16dPELpv3asgZfmrQ76rwYxCb,4500.000000,48C5i96qyyc3FpZi7NiTkSnBPVNvBDYLdXfw6LCrGg65VFw43NP9LkmbWHQYmdmjEx9WMVumqZsGiBd4kYbcPPg2
CNq8XQgAFr6wY4fouwkHj1CaSoJAVGQvyZnYpkmRwxit,4500.000000,2D2fq7N9HoW9zn4q94o8K4Z9AeJsbhJXH5oNqgA1m62ZKAc16KJ6UXVxs4yCJUe9L7fNPx2PMy8ViDW1uYZuzYfo
JBrvpsbZW79ddyofTo6dmusu3ZH9y1PtnchHqVsEsnGn,4500.000000,2ag9dpTZZVhsVmPjV5psDxyDBJ2eijxJqpuWNBXibpmStUf9zogZp5Tv69cfckr2ETmaYGaCidVp3Bh9o6QiazCv
2U6qXYx7GrmE2qfxGVFEZjn65MRCNbYzWq9sXrVsZFTK,4500.000000,4Tj3XcDrDRKS4d7qHjTGiVfjD4nLFaR2LCDHiV8MSaFyybtr74gBKaXHWAmLDKq9T7Ep3JUcYw9xk7Z1rDFcHWcV
B1Q5L9NFp72CdyRrBj3dLJnFqieCjtgQ3rB7iDvTpo8H,4500.000000,3xN4BCvw6WSCzB8PoTQcsKLkro4rLUa2eryJRTzVvNHs1c8gT9sjHRBY8pjWKxuG3wiyC4GeD7rj4c4pJGCoMrJr
8a5tZ6ye7SiWkU9LPVEqcD575f634aFoyVcRp7NmGTWx,4500.000000,494zM4ka9xC9s3ASE8A95hvhaZHCEemZwrW8Bb29vcANzufRhY4GjrhYooWHvdmnz1Z4roVRieraqDevMeFjRM4j
85mBG5ggJHCT5gXLpLuKYHfS9hwhpxFyZKeHp2nR2kzq,4500.000000,61HBjdVtuE5Ve3iuLRXjVQpEs7Cg5QmYtinPrX1vjsg1mRXf4wrPCQnrxUJz5VELk3aXM5SwEMrDVfneuM3bn8MW
C51YC284p2FrNzobB2138DXjhpHwPeY8w8deqCHBL8nV,4500.000000,21bTiZBwVEqNEr9Y2LZrR3qtdtQm1wgDD9yK2PHLR6x2eHrmXVjEP6KTU88dZCPD3AhDc4pDMEnhSq28W26n5CF4
ErvvVp2t8LNLrvg71UcNZGJVfUfzpmfktz3HbCKMsMao,4500.000000,5eH5Ex5FHUfboUp2DmoQyu6QX6MmuutSaabhkWmoSNH8NDwkRN71g2ZxbbXW9wgTqCVq9WvMtT1EB9Xthth8w4ga
9FmUa9BNLAkF8y7ueYnwHujX8hMZzqbA3qyXSTHHpfy,4500.000000,44DEEN7n2ovD92oD1upezLZe2hUMvMBqmmUrUGaggL1f2hReZbH4F5ZjtuwnFQTjVqhgZYtHB5CkoZEHr4UufQGV
8W3yop4Ekia2vwLDwK4RjxLvTWtdGrzjNtMyaM51mkDK,4500.000000,QHNtyWVn2qAUaJuAMcgDz6Tj7aQqfMhY6NUBD6nBUPpgvW4Q8jPRc3Fr7hs9pDbCuboACrKXFZj4Jp6nMGkkizH
DzkhSHskRKEuvxNNqozajWB2iiu6Hu1DMdEhyGoZUFdB,4500.000000,2sBoLNkJsNKEkztSY8wkJMrWh5dREDmZC1f2JUEt1znDc1GDycbBGX8oaEJY6Xw8WSazcoJeUVJziuUHpEyiDwnM
3tbjesi9y1Uc8npWX85NbQUL4JPSygedByD7y5Z2FVR7,4500.000000,51EpZsPCVMoMMPMu7iuzDW33Ro6art99yEE349WfcLKktbwisRJHue4eoKPyHUVDhcUdiKc7YQUDam4fhDdH2Xcy
E94enBihSbMfpGUWDx18fD3AUPtGkPg2HokxkWzTuZxR,4500.000000,4NUFJLZk5GiaXNpPmXr96CzcocAaYFX5bUDHDDJZnCzmVEm2jwim9WY6vzJb2U3AMQW2FCvUdmCWDzJhfMwc1MFS
7TQEgeHrCZqkVo8xoR8GkGU7D6tJB8GLR6scf642K1ki,4500.000000,4xV5zbKvoK1Fd1FbGzBb4e4TV2PmmJ6NiaBoqbAVB4zf2KfRN6AvvJDUR2MbrDPkNqhv5r3UryiojXgmP7SQnG6s
2Tudd9Ugmc7ssdCo5GRgwh55fduKXBykwLKpMJkYTFJn,4500.000000,U9orYz8PzmTRYFwe5SXpdRYsXVF7Ap8hedBj5aacWQjBLRWaHZrf2oQ29XVmrHiQ7qiYJjYpCGdykWh7uEHbMyV
9qXw7pHJvaeRLXM5egZg7tEX7gVWnCifFu286TB9qPjf,4500.000000,2hejdpQWRMyrGfMnYoD3b7XYbURzrtz9aXQBZNpPupJxihiDGgo3dw5Hxfh7gNjdUwuHsu6nLj8URZkDCkbiiPsf
9NNYXXuP2nt3AWPuhVBRENruyafeNUf5GenbcQgdjC1N,4500.000000,xvn7ePZTeav4hRqzfN1B2aAou62XYUin1aKB8wZb9QRUuhDzkDhRrX2h6Q3UZCwbaAvYnMvL1V5S39da3KeUCtj
6t8k3SvZddMGG6bi1doX7ZjecQZPYvtXUTM9aPhH69nE,4500.000000,RyKege2FEpg6Ufgo9fMYBAxSMXRnVep53EE3sH7DzwynH5zkWLVdNy6iYYZV3xzcBsVgN35htHWUX7TAFeLUvqt
HAmiwDvjnd7r233pF3KZqKZoQdbvSVaCPiJQ4819ZWdJ,4500.000000,5CN8tFxo6E1426ct7vozTzsgtY3qGAqJY9NUPRvK4m3oVJ9EVE2zunznp9JFikT2TcRST4eB2pfFaQQ6KYGS8Cax
ECzajKKPcKqUsA52K5dCUGV6VMn92WdrDDD1fJVz378D,4500.000000,3RAFzbzFpoJMptg2eESTJXRq7NtTNKMRLLwiD81M1P3VPzuuiDPPDLRkmvwGmrUfjdUi57ytooZuGigTxtAa3WMr
24i7eefLyTcp4WcnH9rrQiqSxNDMPWA939jB3yDY7BYA,4500.000000,2Hn8FvXzH8tbQxyy76hqbhRf6HGwReyyLhxw1cHu634qKpd2XySVwnwwDqiW4uSo2krzkeY7fPTEzpqyeJiM5U13
4n4VVU5LhwHWBdZ4Xk37JGZbrGF8H3jjbfwwftrknLxH,4500.000000,2pFwqXwXmPfyzs6ydG1XoVZf5UW1Tv5eDuz8ThsRhbaWLQgt2stVu5i638qfQW2HrocZTPiDM5mwksfqFsCsLn1w
AKRGuDcNpVC8ZRo3xUL9m4gWq8ECDbzsA1rshoeVvqxz,4500.000000,zBYCx947uU1WMBAkvCSSgSd9iLpp7yNUnGgw3oryyRxupue3nBWxJrg2heH4xdNWLWWPQCnV2TmiBom6B3yZFnS
BRru2SH5ToYqmPX3Q4nb8LFpPM8XDwQgFGiPptc3QuLZ,4500.000000,4Gi2NKaHR6EjEEpRFpMPn1xhjPiNMyrzjrr5YT4cAN9Ue3HLvfgXBppxpqtWor7tTpv5R87TkbzDThfakS7tFf98
GMNDHvYqiqARnabNg1pfJUm9shpHjxu2rQnSK4qXZrJY,4500.000000,4yoctFh5ENrxJyExtN6FQZ5txR59SSoCgutEGmpWLzrZ3VxhnzCzgPVeSf1hSdER3pkCNAjiPR75wxYzssfGDsc6
2Px7SsSDRxLLzQfSeaCjxZs4dnLw6QRZYMtLgYynQKCy,4500.000000,42HBRcfruCs3LbmGjuRoAQfPPB5sjWbtPeBJFtfJk5XtkNz1MnTSmmFSbUcwgCNfvBMa6aCXE4b5yNbz7apoj4GY
Cmf7DkAb7wjcvrn1jtUXyyCTMJQVv3gz7Wri4e8J92n8,4500.000000,5KvSEurczZ5KNtuzhuyQkvmj6APRQqsznvRM1Qt4RzK4YxrdQ8e1v2RQumv3r7PWJcsbTcyTtubtxyEWjSyAhXtr
GaMDyCQji1U4HQ7FhPzahKhekH5oPdnsP1qYcR8pazyM,4500.000000,4vcogrTWDu5JywK8oxqHiWUhDb6iK1x8BXq89Uita4fEe3KqisWnp1fpmJSeurtcTL8xVASSjXQG7sMSKSBukPBq
6TdVoXcQxU35fYTbmmhjv36YmtmKgukCaJ9C5bRkM4UG,4500.000000,3eZ3Y4EX2EF2BGMbeGfGkxdHCiLYxzFwiQEfXpAkQTtxXwSfc5SEEFWEXqssghL9zbiDRcGevauNwJsg1PcMfTuB
5AwKWHMruPYq9bf2z3C7WiRq91hEPKahWNRV5uRgRW9S,4500.000000,2ttgexGbXhnXvEY8PyzkdS6qoUpT3jhQ59dAJkwcCGY35V5YMDhFBUCUSDKSTE89iJPhYQ9NZN47pB2csoq19bLn
B7uTrLjTWqWZW54dZKQHMLLQJaKmimTgnEcrAD2V41cD,4500.000000,VsF2p66VrB9oTXbfHHxomEp9rWFuxsSAGBnwQVD87ZqLgxeAq8hZjymzgdLCG3G3sq9EptE3rrgvnSzk5Kyt7c6
EcAqYkqY5yLizJg7AtWaa7GdcdJ443Uio5ZZQhjmka6b,4500.000000,xZo6cVu6ZuESsmvGtvaMT7vp8ZrE7wmYsa4RAogibLMpfj1E9eEZuAfTNeyfWZzriic8bqi4ZHxox1q4kf68FWJ
8ZFZLm5Ce8bm7Rp3bMHAfxBBK1NzqNSdPoTDQ8E2XQeX,4500.000000,2r8PzrxDpyAsuThFEhkUYKivHgaxYENEjaDXrbaL8dCZyzUk5JWbrrDGwo5PtPwpvKyUVWTkeZnwXdFeDFEuADh8
8CozRa8oExEm1xtQKV2rCkXu5vfQSF3rCPQUg6WCzFYN,4500.000000,27sqDp92EgyooT6kfkeiqjsBL6xPqdeQVjTXQc8ULMeaDZBEJihoQ4Lpoziwyw75d2BnenThnLT32oWiAYSbLebe
