recipient,amount,error
4sNGc1FQ2feWyRxtPiK8uC2YqyL7FutQ82vJemoRMUnh,4500.000000,Error: Recipient's associated token account does not exist. Add `--fund-recipient` to fund their account
F3bmkR2bp5ViUuUaKwwaqefTm1rdX7tbhMHgBDLRXAtz,4500.000000,Error: Recipient's associated token account does not exist. Add `--fund-recipient` to fund their account
BjpjHuWK26Ma4UXdeXe4gqYTqRXftSAs1rLKpw2Y1hJq,4500.000000,Error: Recipient's associated token account does not exist. Add `--fund-recipient` to fund their account
6dZpYyAWMCFmk3cwA1hP56i4eCXoNi3k1HRkB6nuTT5z,4500.000000,Error: The recipient address is not funded. Add `--allow-unfunded-recipient` to complete the transfer 
FZMVNzSLJ5fkDLKzjgStSV8R1o1vaYszpx81T9t6k9SX,4500.000000,Error: Recipient's associated token account does not exist. Add `--fund-recipient` to fund their account
4MNj9TNtjurenJ2Lb1JqwNCbF6kUe8zXTLAxwuHoWnqH,4500.000000,Error: The recipient address is not funded. Add `--allow-unfunded-recipient` to complete the transfer 
H7xwUYDAWFJzZUrgH1Kuk25qjMY9q7zC66PLS9saEbEx,4500.000000,Error: Recipient's associated token account does not exist. Add `--fund-recipient` to fund their account
ADj4rUxrtBVvxk3UFScsDKCMVfkwivqFkB8zztfqHM5E,4500.000000,Error: Recipient's associated token account does not exist. Add `--fund-recipient` to fund their account
8pDoPLyTPE5WjedmaNt2bNk6v2QhDdWFsPJRy4gRqrSY,4500.000000,Error: Recipient's associated token account does not exist. Add `--fund-recipient` to fund their account
DWin2oG2LfS6MK1dLvfrckhQSu4dcDTK79BckhKw46NH,4500.000000,Error: Recipient's associated token account does not exist. Add `--fund-recipient` to fund their account
Fjcz2HdrrotqQdo3CAfqVp8JY8QHL666P1iBRJjzmnNd,4500.000000,Error: The recipient address is not funded. Add `--allow-unfunded-recipient` to complete the transfer 
JBCu81nnGMB4mSJLBPzo7jciLUyEFJErnqJ37jEbJ3o,4500.000000,Error: Recipient's associated token account does not exist. Add `--fund-recipient` to fund their account
7otXZpGbXPWzbbD9CrsR4R1eYgEVGJbywHXiPffzmH8c,4500.000000,Error: Recipient's associated token account does not exist. Add `--fund-recipient` to fund their account
6jbvNqDm7k8nYQhzbcx7tM53uU6aZwmqtEPSan8irqcY,4500.000000,Error: The recipient address is not funded. Add `--allow-unfunded-recipient` to complete the transfer 
39tmDNT1epGRb2VYhPP8ocmcuENMTxiWaH8s1gGUcEHj,4500.000000,Error: Recipient's associated token account does not exist. Add `--fund-recipient` to fund their account
FGpeGxQ5mXTgQUPi6LN5QDs2K8dNRbV6pvhKwdYtPLLv,4500.000000,Error: Recipient's associated token account does not exist. Add `--fund-recipient` to fund their account
EWopBuw1KqW1Y38p2f2DCos8PnyZaciUpm39vnrNN2q8,4500.000000,Error: Recipient's associated token account does not exist. Add `--fund-recipient` to fund their account
H6PBvEnqLNsP44x2xLS4oWaUge4maQuY6hgDj2c7uuat,4500.000000,Error: Recipient's associated token account does not exist. Add `--fund-recipient` to fund their account
HNV7zvxPZH753wi82eVC61LyCk5bZMpS6SrUc6cupa57,4500.000000,Error: Recipient's associated token account does not exist. Add `--fund-recipient` to fund their account
9RptFVu7BoV9xLZ3tRHgjSidSfjmJ1rpNsazzvEfTVyv,4500.000000,Error: The recipient address is not funded. Add `--allow-unfunded-recipient` to complete the transfer 
9XX57o5SPxqVqoYpKi6w3QRHXnQ7yT5HeFS9UNv51LRr,4500.000000,Error: Recipient's associated token account does not exist. Add `--fund-recipient` to fund their account
6pjv2mrDViYHPEYXcs6bHW2ewTYV1u8wXXeu18MjEj5A,4500.000000,Error: Recipient's associated token account does not exist. Add `--fund-recipient` to fund their account
Bze5tBFvafM4piS3qh6mSDGHxYkj14RwF7VLi693LD4V,4500.000000,Error: Recipient's associated token account does not exist. Add `--fund-recipient` to fund their account
9BQkZMtYtoBywnxKUZ1ZqbFk67bPUsbA8S4bjbN2zHev,4500.000000,Error: Recipient's associated token account does not exist. Add `--fund-recipient` to fund their account
4fJiYKn62uZJ4W47NJEVToJ67NZ3zwsmZXnVXi293Mvz,4500.000000,Error: Recipient's associated token account does not exist. Add `--fund-recipient` to fund their account
JByNzRfF3pruLQKZ4VoMDRPXiCwW81YMHVLUa2aUUnMa,4500.000000,Error: Recipient's associated token account does not exist. Add `--fund-recipient` to fund their account
4ftv5PAnntR1beJkariXZ4sZiaJkGBk2yGx5G5ARaH4U,4500.000000,Error: Recipient's associated token account does not exist. Add `--fund-recipient` to fund their account
992RViAmocGyYUpqzxjXshKFrVNdsQYpaiW7AkA9YcAR,4500.000000,Error: Recipient's associated token account does not exist. Add `--fund-recipient` to fund their account
EGMpN58uB4vWe7qEsX4REawU9ppkTi1dcgc9gpa3k5P5,4500.000000,Error: Recipient's associated token account does not exist. Add `--fund-recipient` to fund their account
FJFYUqreGXjvQkAUNKX8mLXGdNmrXVw4cwKf3vVPSiba,4500.000000,Error: Recipient's associated token account does not exist. Add `--fund-recipient` to fund their account
3GeFYVyV9xege7ZnmeRDLUP8fCuZg8yUNjCDSxKwubk4,4500.000000,Error: Recipient's associated token account does not exist. Add `--fund-recipient` to fund their account
ALojv5DjXp4Jf5FQQynMuxZaSt7eW32pd95T6ZarbVJs,4500.000000,Error: Recipient's associated token account does not exist. Add `--fund-recipient` to fund their account
7mG4Gif5tMVPBcRQ6qYU8mjfYtagvWrwsk42CbcySiRu,4500.000000,Error: Recipient's associated token account does not exist. Add `--fund-recipient` to fund their account
EGsoZ74qpL87V53WpWexDoTEKoZaDFj5dwXj1nAo9XzL,4500.000000,Error: Recipient's associated token account does not exist. Add `--fund-recipient` to fund their account
i9UK7EcABhKMoLXHjpKaK1oVUaeJJXHLYUUqWFiAGL1,4500.000000,Error: Recipient's associated token account does not exist. Add `--fund-recipient` to fund their account
BfHctdfKwfgZqbPwaaGmdDk9aeKYjYn1pmuUMKRin4pG,4500.000000,Error: The recipient address is not funded. Add `--allow-unfunded-recipient` to complete the transfer 
Bpt5Dy3xcBu274CZwH9Sc7o1YSxNgwbKocjqw4qDXrwW,4500.000000,Error: Recipient's associated token account does not exist. Add `--fund-recipient` to fund their account
24HYpQHKBWR7UiimFae16k6ZQtn2sBfMC41jCJYJDu9V,4500.000000,Error: The recipient address is not funded. Add `--allow-unfunded-recipient` to complete the transfer 
7qH8DzBM6PhxuMWtDsjWUkvagavVXH4RMttXpggFTXi3,4500.000000,Error: Recipient's associated token account does not exist. Add `--fund-recipient` to fund their account
ERkBbCSnrFdaAfyNrrysHrddHShX4ZrLYmcYp24A6fq,4500.000000,Error: Recipient's associated token account does not exist. Add `--fund-recipient` to fund their account
BHfu6rdkBge5LaaddWDVUNhoYnUNEsC12fEriMhTZoNr,4500.000000,Error: Recipient's associated token account does not exist. Add `--fund-recipient` to fund their account
4w4BYrWUdTU5c5h6tNTGtycmtwQNAB6P7381zCFQjVxm,4500.000000,Error: Recipient's associated token account does not exist. Add `--fund-recipient` to fund their account
9CCuWKqNWgxYBducswq7ea9svsAS7nK6aC1kfujW1LVz,4500.000000,Error: Recipient's associated token account does not exist. Add `--fund-recipient` to fund their account
8UqrYXW12cLbb5apJsan5pYh7EyCSje6gv3kEhXBCig,4500.000000,Error: Recipient's associated token account does not exist. Add `--fund-recipient` to fund their account
Gug1QeyKRCFEymbVUBFqaYd5acXEWNYWwWbpVU629TBa,4500.000000,Error: Recipient's associated token account does not exist. Add `--fund-recipient` to fund their account
C5ymWf6zBkKgLFq2R2dcvEPgpYky33xC9e2Nv4Ht45Ak,4500.000000,Error: Recipient's associated token account does not exist. Add `--fund-recipient` to fund their account
Di2Bv7cAHBjkV87A6hqS6ZuDnwDM5Aa7uVQ3AjhDVH7o,4500.000000,Error: Recipient's associated token account does not exist. Add `--fund-recipient` to fund their account
7za8W8UB9N6jkczK5JaiacrpeBGrEL5Y8ahSSCLhMQjG,4500.000000,Error: The recipient address is not funded. Add `--allow-unfunded-recipient` to complete the transfer 
FuheWyATnr6XUsz5tjuRJ4e2SqCKidY1zd4y3zdeQj4X,4500.000000,Error: Recipient's associated token account does not exist. Add `--fund-recipient` to fund their account
BgbPa3nxzbxfz6zsP2qKzvk37e9uspriZqDKWXzp3L6s,4500.000000,Error: Recipient's associated token account does not exist. Add `--fund-recipient` to fund their account
4XqCBBoN6wYfeedWVmsLfzqJZXLqbWSTeDXXny8wdQaD,4500.000000,Error: Recipient's associated token account does not exist. Add `--fund-recipient` to fund their account
F1KG2oKpckaNvxdLzN4n6NjjcpvoWixhJhQZmUsH4zX8,4500.000000,Error: Recipient's associated token account does not exist. Add `--fund-recipient` to fund their account
6zvABCuEo8TFPKUf2XHM3awuKQrTDvaeXFDWThhqkwcb,4500.000000,Error: Recipient's associated token account does not exist. Add `--fund-recipient` to fund their account
5nvA9bvBYczvxnuQspzAx1MGYZi2TghTXXMWrKfVbhcR,4500.000000,Error: Recipient's associated token account does not exist. Add `--fund-recipient` to fund their account
FmEqxgUz3NK6JnzdMT9rhVUEFmpp3x9LnhnpUKTXNn7u,4500.000000,Error: The recipient address is not funded. Add `--allow-unfunded-recipient` to complete the transfer 
BcathNM6TN8rEmM8tVLkhaYVxfQyhPAT1HbuM2ttR4oZ,4500.000000,Error: Recipient's associated token account does not exist. Add `--fund-recipient` to fund their account
FGa58tEwvRWRXRchieUHUMMLHfmUEtPV7XDdNnsA8jpP,4500.000000,Error: The recipient address is not funded. Add `--allow-unfunded-recipient` to complete the transfer 
32XKXLgPRNh8sXRhsc9V2PbUvJKsJnuTbs5DaQwfCj8N,4500.000000,Error: Recipient's associated token account does not exist. Add `--fund-recipient` to fund their account
HHGteZxWg1oTrxiVtKCJuMRdaiW1JZjnGdEBNFxVebag,4500.000000,Error: Recipient's associated token account does not exist. Add `--fund-recipient` to fund their account
FwkahfHXbiJMbhNAQ91GSsxDtceHbA9FxdQHg4qVXF1e,4500.000000,Error: Recipient's associated token account does not exist. Add `--fund-recipient` to fund their account
6uQeS6Z36ANaC9moG6xsdVQXqUJMMa2JmiuaYbFhMFN8,4500.000000,Error: Recipient's associated token account does not exist. Add `--fund-recipient` to fund their account
DLJf2urQAjKBZSi8aMATYfvCPUxgWA8TXga6wJKbqutn,4500.000000,Error: The recipient address is not funded. Add `--allow-unfunded-recipient` to complete the transfer 
2bggExqmma6YjSFjAUphmcAgpvJ8wAyHHYG2thG8wPTw,4500.000000,Error: Recipient's associated token account does not exist. Add `--fund-recipient` to fund their account
7L7Z7bjqtCNBs9Bx72ApgNEhBW5dW9fshQ1tMmBkvio5,4500.000000,Error: Recipient's associated token account does not exist. Add `--fund-recipient` to fund their account
51S9TgyuvxLUoj4iX6crRDe1aUg4jZzQTuBjHBaYrqp2,4500.000000,Error: Recipient's associated token account does not exist. Add `--fund-recipient` to fund their account
84jAbTBNe6FiLHXjqgTj2YqYR2QYWb3ehwb7uHr4CLKb,4500.000000,Error: Recipient's associated token account does not exist. Add `--fund-recipient` to fund their account
EuSHFyaWRMRCQxDGvBpZFUh11ZafNw9gmj2L89xZf7VF,4500.000000,Error: The recipient address is not funded. Add `--allow-unfunded-recipient` to complete the transfer 
8PtHcEWwSsgJ8QxjLxqPLR8Rg32givtyaWBKQq8JEGPq,4500.000000,Error: Recipient's associated token account does not exist. Add `--fund-recipient` to fund their account
8JKphTJrEvgTo7bmFuZ8LSHSpbh2vrd4Zii7nzyyC1PS,4500.000000,Error: Recipient's associated token account does not exist. Add `--fund-recipient` to fund their account
4vC6k9GoNNzMvxevQMraztdfe7kp4uSEydjb26WGTYti,4500.000000,Error: Recipient's associated token account does not exist. Add `--fund-recipient` to fund their account
BeNXH4DdLfRp3tWHKGHBQv8MTae61B6N2xHPo6c71VJF,4500.000000,Error: The recipient address is not funded. Add `--allow-unfunded-recipient` to complete the transfer 
9JTMSQ2fLHyZxdYMtz19Uu6pbNZ73tF7dA53AsG5mXTf,4500.000000,Error: Recipient's associated token account does not exist. Add `--fund-recipient` to fund their account
5bwdeRw9A76TwDBuZYLcqFZ4ecfeskwbmo13S3KodHEA,4500.000000,Error: Recipient's associated token account does not exist. Add `--fund-recipient` to fund their account
FVRHaSDdsthJD1E2ym1B45AHmNvpy7RhdfD4YVhWrzCN,4500.000000,Error: Recipient's associated token account does not exist. Add `--fund-recipient` to fund their account
8fqrrMNCb7GH8amumkAMsAsHetPGGxbUJYQ4KhY6s2NA,4500.000000,Error: Recipient's associated token account does not exist. Add `--fund-recipient` to fund their account
GmRT4gWxnWinABe46RCS6oKP1J7KvkPkC5iXgwFPi5z2,4500.000000,Error: Recipient's associated token account does not exist. Add `--fund-recipient` to fund their account
4fEFHkCFFCYZqELQqU4SrdLr7wxTYpMv5Ug4eXhQihGL,4500.000000,Error: The recipient address is not funded. Add `--allow-unfunded-recipient` to complete the transfer 
7x7U8rxybCnyUQcV3ymdUgTNBNMP4Kobjc5cFnV7iMq2,4500.000000,Error: Recipient's associated token account does not exist. Add `--fund-recipient` to fund their account
Cp623kepeAmuveziXanFp47oMBzFnq6dHaT9wTmUzKgR,4500.000000,Error: Recipient's associated token account does not exist. Add `--fund-recipient` to fund their account
DXpWHNZ5k677NW2XSGpkaQ9r1faioSZj8VG6MboCPJY9,4500.000000,Error: The recipient address is not funded. Add `--allow-unfunded-recipient` to complete the transfer 
6LSpc9U4FT6WRQkyavd44PL3u9ERRRwxeGjW764dStR8,4500.000000,Error: Recipient's associated token account does not exist. Add `--fund-recipient` to fund their account
GJgsD2A9FVTVwWw1M9RDbFVetKqYunG1QLzZRo3xm5vo,4500.000000,Error: The recipient address is not funded. Add `--allow-unfunded-recipient` to complete the transfer 
ByUrE9fS5ZWSkDiSbPbfkqHPUdNnpuVSWDuVBkw6Doy2,4500.000000,Error: The recipient address is not funded. Add `--allow-unfunded-recipient` to complete the transfer 
A3NKyq9FydizgaiGD2LYwi4QtxCJBRPec2UeVzdyuTef,4500.000000,Error: Recipient's associated token account does not exist. Add `--fund-recipient` to fund their account
8jqaADsCDPnavJg95J8Zqcw3d7etb2qAvcr2QnHfCpYe,4500.000000,Error: The recipient address is not funded. Add `--allow-unfunded-recipient` to complete the transfer 
2oevtsDDr19kohK5Zk1zkSktTikB39f1rYii8JF32hhP,4500.000000,Error: Recipient's associated token account does not exist. Add `--fund-recipient` to fund their account
CTUXyH8wa6ipNA7xj27eitudgzzaX8eY1jEcnTKqxih3,4500.000000,Error: Recipient's associated token account does not exist. Add `--fund-recipient` to fund their account
2DTbcGDkPy5q9rREhpJ71QpgHxztQUBZAVxWg38hQmay,4500.000000,Error: Recipient's associated token account does not exist. Add `--fund-recipient` to fund their account
88XorLiapLZuBsF3HeyHCHSFLMooxzw1mPkTummBeebT,4500.000000,Error: Recipient's associated token account does not exist. Add `--fund-recipient` to fund their account
7EFi1bVtehhnxmDyf1CEeAfAXbQGBfdJnfqjGDhh4Gi9,4500.000000,Error: Recipient's associated token account does not exist. Add `--fund-recipient` to fund their account
BnXUUb8eERsPEMT3cW5Brpov2FRZ1gqhxJArTNvU76Zq,4500.000000,Error: Recipient's associated token account does not exist. Add `--fund-recipient` to fund their account
28PRKQEwFE4v8EcGiStq61c3frrBriFQeNDEb75mxLnQ,4500.000000,Error: Recipient's associated token account does not exist. Add `--fund-recipient` to fund their account
EUQ39ZaQSL3baB8czreRNP6WQzmyeaiDd6bPZSHTJPUV,4500.000000,Error: Recipient's associated token account does not exist. Add `--fund-recipient` to fund their account
AWCknky2pbENsUdZ9MpQL6mVCCBX6QH4atG4WWfrWeP7,4500.000000,Error: Recipient's associated token account does not exist. Add `--fund-recipient` to fund their account
9cp4imnjBdX57yPoLC6s9L4fbhQTyEK7YWQevkjMnjyS,4500.000000,Error: Recipient's associated token account does not exist. Add `--fund-recipient` to fund their account
42r3PqMdiYCiZDxaQWcFuHiekLvpY6HSbgTVfoEtEo8M,4500.000000,Error: Recipient's associated token account does not exist. Add `--fund-recipient` to fund their account
7HpE4pc8xV7DTN4AZnfrCjmk7KKJet2npVkW3f8tbYdb,4500.000000,Error: Recipient's associated token account does not exist. Add `--fund-recipient` to fund their account
82gPQFoYTSUMYq1JgEQ9nbcvDeFR8nqTq1BSarTFnnVJ,4500.000000,Error: Recipient's associated token account does not exist. Add `--fund-recipient` to fund their account
KtGfY1vCpoVaoXp3eU37kwS1DTBe8LiPcVEcdxjPqvM,4500.000000,Error: Recipient's associated token account does not exist. Add `--fund-recipient` to fund their account
Gfjxb5sv9sEHCYr3xDE9AYLpXdKRFA2CvRLxoEW8uTWr,4500.000000,Error: Recipient's associated token account does not exist. Add `--fund-recipient` to fund their account
8hmSj8UH3NxBdv4cD1L1GRx44ZFQiSJUUEF8o3Qwp79S,4500.000000,Error: Recipient's associated token account does not exist. Add `--fund-recipient` to fund their account
Bmy41ykCQ5p6y2Thth2CvDW2tdPps6dWwJRcWRnBpEmB,4500.000000,Error: Recipient's associated token account does not exist. Add `--fund-recipient` to fund their account
8AXzXsZzZLDyJDdmv63uBqMFd7V6gCshB12AEUp8onF8,4500.000000,Error: Recipient's associated token account does not exist. Add `--fund-recipient` to fund their account
AtbX6EwWe9E3CcwAvVHQvrZtMKPn1emTsLVU3zy7bHLd,4500.000000,Error: Recipient's associated token account does not exist. Add `--fund-recipient` to fund their account
EpmuuvNymZNuMHy4QMxKTbfr1oqLXQ7NUxUDNJBA1cHk,4500.000000,Error: The recipient address is not funded. Add `--allow-unfunded-recipient` to complete the transfer 
ExwcyP5BXUBqzM47wNpMpDN9VAaDxTm3gAgHrEpmCBzV,4500.000000,Error: Recipient's associated token account does not exist. Add `--fund-recipient` to fund their account
6q3KfMj55hECdLAoC9d7AqnjgBHTPPoGNoKDPps1zTfz,4500.000000,Error: Recipient's associated token account does not exist. Add `--fund-recipient` to fund their account
4jyNf4mdJqv7avDzLCTFHopSHWkgZNPVVKk5qEaxkaSV,4500.000000,Error: Recipient's associated token account does not exist. Add `--fund-recipient` to fund their account
FFgeVdKHupERDRfR8WAuiqX3NXbV7DYnPPZ1hFAhUHyY,4500.000000,Error: Recipient's associated token account does not exist. Add `--fund-recipient` to fund their account
DNx5RukXgpgwCDHZjGaRbooyuC9wc7jcyQVWX31oSVo7,4500.000000,Error: The recipient address is not funded. Add `--allow-unfunded-recipient` to complete the transfer 
FZsm4yZGZ1XSBCZNgkL9a192C1sgAuMpDAQR7BCb26Nz,4500.000000,Error: Recipient's associated token account does not exist. Add `--fund-recipient` to fund their account
FgD79gL1EzG5nDbot9FNmPDZiX4rFJLENoUHhuot2Kvm,4500.000000,Error: Recipient's associated token account does not exist. Add `--fund-recipient` to fund their account
D7RF6YNu4ZW2FEDfZJ1Uc8eFttye1UTQ2eHiJPeyQpQd,4500.000000,Error: Recipient's associated token account does not exist. Add `--fund-recipient` to fund their account
9rXm6UpVJsKXm2wu4s2ufJSCpZa34kEJYvto6GYjRkXg,4500.000000,Error: Recipient's associated token account does not exist. Add `--fund-recipient` to fund their account
EMQr4sRKfFtZHpRtSeahXTNVAwZC88kJRKFzoWsGRgwQ,4500.000000,Error: Recipient's associated token account does not exist. Add `--fund-recipient` to fund their account
AN4Yuv5TpLUDAX8WBcxDjrZp17Z4TDeVLxPpcGJm8SVh,4500.000000,Error: Recipient's associated token account does not exist. Add `--fund-recipient` to fund their account
A955rDohm1mtbqnbW4FxoatYFkKxicKQcEsQDh4WJf6D,4500.000000,Error: The recipient address is not funded. Add `--allow-unfunded-recipient` to complete the transfer 
DbiQSTrTzekHFRu6piCWybJjwXbw9gmGVdECXAFXfrts,4500.000000,Error: Recipient's associated token account does not exist. Add `--fund-recipient` to fund their account
8i9vxk7US4CrYNkYcv6ZdHvQ8PHQYtnSp18iX2zFtsrn,4500.000000,Error: Recipient's associated token account does not exist. Add `--fund-recipient` to fund their account
Csfbws8qe8QW2vV6wV77QpAJ8Tw1uhze5c8gdZb9zpJW,4500.000000,Error: Recipient's associated token account does not exist. Add `--fund-recipient` to fund their account
78TSTxdhjM6nXfKwpMHyPjZMQQ3Cp9YrBgCW4TKjbxzD,4500.000000,Error: Recipient's associated token account does not exist. Add `--fund-recipient` to fund their account
26n8xvVYvXpmJUAu3AeMPnfFMxoCjvMXsmPSFCZVKCRj,4500.000000,Error: Recipient's associated token account does not exist. Add `--fund-recipient` to fund their account
69RitEj6FYrUUrt5kBg6o3BrdFE3Ur3iAs8QfQ14Z8rk,4500.000000,Error: Recipient's associated token account does not exist. Add `--fund-recipient` to fund their account
ET8xozHQenmZZig26LEsVxWGu1WebL6u18aCf4rhutY,4500.000000,Error: Recipient's associated token account does not exist. Add `--fund-recipient` to fund their account
6c7h4YZikZeB4ipjAeXjKxJ5dRbmobCqa9cNksNkEAik,4500.000000,Error: Recipient's associated token account does not exist. Add `--fund-recipient` to fund their account
5dzw8tmWGSoRb4spJKrApGXf4F1XMZwThKy7byoCi2QU,4500.000000,Error: Recipient's associated token account does not exist. Add `--fund-recipient` to fund their account
2YPAZSW3ie7nhy1S5CWkcjEikSf9HwLzVzT4pDwUb1MN,4500.000000,Error: Recipient's associated token account does not exist. Add `--fund-recipient` to fund their account
G5TnaZDhfyrdqpkxhPqgJuiUetechqUgmHUsv6nV4LSx,4500.000000,Error: Recipient's associated token account does not exist. Add `--fund-recipient` to fund their account
9rYRsrsLp7EXKPoujam71CtpjjrnkMccz9RLeZKvx1f4,4500.000000,Error: Recipient's associated token account does not exist. Add `--fund-recipient` to fund their account
FAQwS2h51a6Q9CkRp4UmmwJX33ZffMVTLKaxBFQxDGY8,4500.000000,Error: Recipient's associated token account does not exist. Add `--fund-recipient` to fund their account
7vf9gzCGLqAcM2FuW9gJCjA23hBe69zWTcputvBktUvM,4500.000000,Error: Recipient's associated token account does not exist. Add `--fund-recipient` to fund their account
61PMTrUNTW1BP5P8mEaVX8DknrnRMy55FuKwWZYZs76P,4500.000000,Error: The recipient address is not funded. Add `--allow-unfunded-recipient` to complete the transfer 
67WR4rLyfMCV9J4Cpwp74GArE9aeSXoWDbscEK8yMSYA,4500.000000,Error: The recipient address is not funded. Add `--allow-unfunded-recipient` to complete the transfer 
5dZtPwSAwNgVDc4Nc7yiefDRNkWkDhkVSAMFiBCV2ASq,4500.000000,Error: The recipient address is not funded. Add `--allow-unfunded-recipient` to complete the transfer 
GhTRucReSGiGJwB5JVHVA9pyfhwchBPWhjBkE2PoAvLK,4500.000000,Error: Recipient's associated token account does not exist. Add `--fund-recipient` to fund their account
DRXzHo4rwxEEKBHk2wKuRfKgeXRaJJ7EBxzRUiJZQ9Bo,4500.000000,Error: Recipient's associated token account does not exist. Add `--fund-recipient` to fund their account
DTLfEG5LE3FQCkMaonNGwv2gNh8qPcL45evBMovQNJHu,4500.000000,Error: Recipient's associated token account does not exist. Add `--fund-recipient` to fund their account
GySEGNwyKpSwaYHgre9s2ty9pezdtpzGS86XnWoujrbr,4500.000000,Error: Recipient's associated token account does not exist. Add `--fund-recipient` to fund their account
8gJF3iWQE5UK6RiNUdu7FbBksRh2vexToc6ARPuc2LKx,4500.000000,Error: Recipient's associated token account does not exist. Add `--fund-recipient` to fund their account
ANNiUXwX2CVwty7mcpj46KfxCcy6aWJUFh6mSTJ49gm,4500.000000,Error: Recipient's associated token account does not exist. Add `--fund-recipient` to fund their account
DEsGHTKfXKvfSxStWFuCac3ne6WTLvtxvzQoAUrZtpEN,4500.000000,Error: The recipient address is not funded. Add `--allow-unfunded-recipient` to complete the transfer 
2vUEgM97iGL5zLPx4LQu3vp2bUxArcH6K4uzAFbvu6LU,4500.000000,Error: The recipient address is not funded. Add `--allow-unfunded-recipient` to complete the transfer 
925yyVT2iX4xTpZ2Vz21aV5e5DyCJmk7LYgMfFUje2pP,4500.000000,Error: Recipient's associated token account does not exist. Add `--fund-recipient` to fund their account
3TEKF64EMPkbNPbwmeoMGwNN9oEXUPJuyY4h45KvRZpa,4500.000000,Error: Recipient's associated token account does not exist. Add `--fund-recipient` to fund their account
36qmQWZvuKniF3cKHuMvcQZcXJp2LtLMTHkVmxZSZBd6,4500.000000,Error: Recipient's associated token account does not exist. Add `--fund-recipient` to fund their account
HbNEEwcYNB2vo5FUGDGHP1UhETpvAL1ZXuXzKXu5XzWd,4500.000000,Error: The recipient address is not funded. Add `--allow-unfunded-recipient` to complete the transfer 
HpkbhhSc7xPz9bKgmoN5xtjrgyyM9DfQo87ZWQH84hXN,4500.000000,Error: Recipient's associated token account does not exist. Add `--fund-recipient` to fund their account
GoaozvSns985xKWPNpttY9fWtLh4zcFuSGu4FYKcDfr6,4500.000000,Error: Recipient's associated token account does not exist. Add `--fund-recipient` to fund their account
7QYJHDjvSykS7F8KQtdDUuP1jHgab1tPkTeetjAfGgDx,4500.000000,Error: Recipient's associated token account does not exist. Add `--fund-recipient` to fund their account
6wBniYzgk35ZQcQ2irTWwzNF9mnfJukbxf2aifhsu2qY,4500.000000,Error: Recipient's associated token account does not exist. Add `--fund-recipient` to fund their account
49Lx6mDq9oakdUW7T83TA6dtcRULgcdT2hqMVWZJt7rC,4500.000000,Error: Recipient's associated token account does not exist. Add `--fund-recipient` to fund their account
2KXnGYgGSjvibwJANbRsVeDQw6eRjodhG8UskBsLArKNl,4500.000000,error: Invalid value for '<RECIPIENT_ADDRESS or RECIPIENT_TOKEN_ACCOUNT_ADDRESS>': No such file or directory (os error 2)
Hiu7nHpsS38CwvkY1WbMbB3jqxnkpQEvXQUH7kLhZmRB,4500.000000,Error: Recipient's associated token account does not exist. Add `--fund-recipient` to fund their account
ByRF4RrRLVSAEEiDmVSXrkGvzv6FxfTaTe859KKLF48Y,4500.000000,Error: Recipient's associated token account does not exist. Add `--fund-recipient` to fund their account
EeoFwMXtoPRaqwy7r3hZb4fP4ZChRobdRTxBDx1fvD6R,4500.000000,Error: Recipient's associated token account does not exist. Add `--fund-recipient` to fund their account
BgtAAUpoxw5enLiEX4VHLtWdrD3hbV3MEBsoPDbh9y7z,4500.000000,Error: Recipient's associated token account does not exist. Add `--fund-recipient` to fund their account
HGLK8jyFEVExkUsRMDqfWR6Kckxt8NuxzkjCLMShy8GK,4500.000000,Error: Recipient's associated token account does not exist. Add `--fund-recipient` to fund their account
BER9VhjBUg87dbLBDYUHVRpAqQpWZ55E6E5CwCX1UW1G,4500.000000,Error: The recipient address is not funded. Add `--allow-unfunded-recipient` to complete the transfer 
9Dp99rBumtj347hf37oaEgj4vJFg6HMaGc58i7irMZ3b,4500.000000,Error: Recipient's associated token account does not exist. Add `--fund-recipient` to fund their account
2BqAR9a7vjtz9aupZ7ngR9GrHYhLrHTZX7ycmmTdr1SV,4500.000000,Error: Recipient's associated token account does not exist. Add `--fund-recipient` to fund their account
3xiicUcG1V83sLLQZi9tRmBrpQBJnKRbrL68nZjc5cNZ,4500.000000,Error: Recipient's associated token account does not exist. Add `--fund-recipient` to fund their account
7AUBnF4wgRdBB1BjYw9FzqGwsJapkCHZmYNi1cCkoRDz,4500.000000,Error: The recipient address is not funded. Add `--allow-unfunded-recipient` to complete the transfer 
3oWha9kLqHEXn481r11wHBG3ipNUnFpNQXaWZpXgVM7Q,4500.000000,Error: Recipient's associated token account does not exist. Add `--fund-recipient` to fund their account
9TaTzgS6eoTaL8sQrAGuuRvUjSApC7P4yMfFEExyz2Cm,4500.000000,Error: The recipient address is not funded. Add `--allow-unfunded-recipient` to complete the transfer 
ADUL13kzsBRq448riCTjTHT9zroZ6eUGrLr8UFqNzXa3,4500.000000,Error: Recipient's associated token account does not exist. Add `--fund-recipient` to fund their account
Daq5H8MKFSh6aWSykSZjjn42SqxbjPC4jgk9iXEAgaot,4500.000000,Error: Recipient's associated token account does not exist. Add `--fund-recipient` to fund their account
6JELiPwGac9trLSHChNid1f9Q153Xk9u58yhEjim5X2C,4500.000000,Error: Recipient's associated token account does not exist. Add `--fund-recipient` to fund their account
DYA1Hs1X3X7ZeYTSawNaxsFqS7MFDcDzZGov1WP21Qrv,4500.000000,Error: Recipient's associated token account does not exist. Add `--fund-recipient` to fund their account
EJXt4PfaPLreX1RPn6YrTeyKVXPK7coq9JXduoegQa1u,4500.000000,Error: Recipient's associated token account does not exist. Add `--fund-recipient` to fund their account
737wqo68Xn2mnwyL7ZQRRPuFSGuimju4aZSkBdHNYtHP,4500.000000,Error: Recipient's associated token account does not exist. Add `--fund-recipient` to fund their account
HSiVyfJGwV5NgxQFA7j6VbqUCDGquqLvTreCJeF2PPev,4500.000000,Error: Recipient's associated token account does not exist. Add `--fund-recipient` to fund their account
9G15X8Jh8PtRoHPrYWyNu2ib6XhFXQResnQc1cTY9ypG,4500.000000,Error: Recipient's associated token account does not exist. Add `--fund-recipient` to fund their account
EkmiJutFA3P35KnjrYhRpfokf4iX2nX6ovAQWW5fvdVB,4500.000000,Error: Recipient's associated token account does not exist. Add `--fund-recipient` to fund their account
63g4BHkHBMLHpozqxf8nNDybA8dSTWHPxuuF2r2QSkYg,4500.000000,Error: Recipient's associated token account does not exist. Add `--fund-recipient` to fund their account
D2eHnAkF9GCeXrwbJCrVCnDAvEt4gVKstvzXgigHyzU4,4500.000000,Error: Recipient's associated token account does not exist. Add `--fund-recipient` to fund their account
BuZXgniGNXYHf6HoVm48hiZGDmz4KNaD4LPV5FA2YGsm,4500.000000,Error: Recipient's associated token account does not exist. Add `--fund-recipient` to fund their account
F6TRRaPQvSoMWCUh9Yrm21SM5nKkv3Ee6gMosj5c5qKQ,4500.000000,Error: Recipient's associated token account does not exist. Add `--fund-recipient` to fund their account
9MXjQNPveTpHEFuvZhfLoBc4E5y9X7vajUZ3EsF4aNfj,4500.000000,Error: The recipient address is not funded. Add `--allow-unfunded-recipient` to complete the transfer 
5yW2A6GbuBPvZSUMtsoLU7iJdjowh5uASRLYP3DuSSog,4500.000000,Error: Recipient's associated token account does not exist. Add `--fund-recipient` to fund their account
Dp27L5niESjze2kMVE3bc4DLVaRhojUcLvS25ptHY725,4500.000000,Error: Recipient's associated token account does not exist. Add `--fund-recipient` to fund their account
7TUY2jqvaLjW4j91xriKR3ckkuXXozP6ScDREueEM1R4,4500.000000,Error: The recipient address is not funded. Add `--allow-unfunded-recipient` to complete the transfer 
DxDGXVbtSJruS3jRmk6WaFzAdDUAaJCSUFStFNQQGz6B,4500.000000,Error: Recipient's associated token account does not exist. Add `--fund-recipient` to fund their account
4vnsGJCAUGn9Cv5XTvgPRsUwYTVBQLdUnzLx1raYLYku,4500.000000,Error: Recipient's associated token account does not exist. Add `--fund-recipient` to fund their account
DQB9zNr56mzrARUZGc8tmT4x7ch821Bp9Di4GNfY3iWw,4500.000000,RPC response error -32002: Transaction simulation failed: Blockhash not found 
BdeALg2ndAGvoxMBpZT53E1yF764cGXcaubMEkLKHSSa,4500.000000,Error: Recipient's associated token account does not exist. Add `--fund-recipient` to fund their account
3aaygUKNkSbHBsSWzMTT8P7kZN3MgVbgpJb4XgF6qcpc,4500.000000,Error: Recipient's associated token account does not exist. Add `--fund-recipient` to fund their account
3QZp63pd2C1Kxgqd2g3HrDUPw4H81GBcWK665MqjfEvU,4500.000000,Error: Recipient's associated token account does not exist. Add `--fund-recipient` to fund their account
7S3iASJRNZjPcts57xM2pFDSybZvz8bHcmzLxC3arrSM,4500.000000,Error: Recipient's associated token account does not exist. Add `--fund-recipient` to fund their account
Bho9mnPo1CHn93SYpSSxAX4TzX22eNFT51Z5bWv2tsYx,4500.000000,Error: Recipient's associated token account does not exist. Add `--fund-recipient` to fund their account
HZSNDVx1Hz1LBv7Uca3j8c8tZrjEPSRh2FKRZzZgMiRo,4500.000000,Error: Recipient's associated token account does not exist. Add `--fund-recipient` to fund their account
6j3Jz5FF6cGqZSdYz5kLGeBtVeGJXq7kzgnKdAFZsPtv,4500.000000,Error: Recipient's associated token account does not exist. Add `--fund-recipient` to fund their account
8PvcECM1BPChm5nt6v4demtdXgR8zCByDv87WqfqLYB8,4500.000000,RPC response error -32002: Transaction simulation failed: Blockhash not found 
1yHCv8GwV8rpt1teF4WDiccDwxVPXrDVVjJ12vmX7eT,4500.000000,Error: The recipient address is not funded. Add `--allow-unfunded-recipient` to complete the transfer 
4kw17ytUp9KZ6FE1AEvgvmg2TLMUBBhD1ZjEfgfmDDVe,4500.000000,Error: Recipient's associated token account does not exist. Add `--fund-recipient` to fund their account
9Q7aHbau3tFuYQ5z6QDVy4i63BSVhUeZdW6uo61NcRy6,4500.000000,Error: Recipient's associated token account does not exist. Add `--fund-recipient` to fund their account
52gQaNueWrfFoK24HnHo86Q8KEerLEKq3ZbrKsM7i8Si,4500.000000,Error: Recipient's associated token account does not exist. Add `--fund-recipient` to fund their account
GwnfEzFpxjiGCmRXK54H69x6gf8aktfqYidnkbik5MFF,4500.000000,Error: Recipient's associated token account does not exist. Add `--fund-recipient` to fund their account
BHznDehEnHc6yUXdnnZTju1Zq9eTD7RjsPoYzAmyCm47,4500.000000,Error: Recipient's associated token account does not exist. Add `--fund-recipient` to fund their account
xfKKSpuxkLYiDgrZVvLENuaqUN2XL4yewVnyUuMDyPD,4500.000000,Error: Recipient's associated token account does not exist. Add `--fund-recipient` to fund their account
GRriaDWEjdVPFi1a8WHwhPdphFAZzPQCMKxn6LabyP7j,4500.000000,Error: The recipient address is not funded. Add `--allow-unfunded-recipient` to complete the transfer 
8259gpKCcCBi4WeH3dBdn1v4fuiQzdtXMeTAzYTzutjJ,4500.000000,Error: Recipient's associated token account does not exist. Add `--fund-recipient` to fund their account
4N73nJ6bH8DJQT1pb6CHE9oi7oDGfeHMtRksX4GbZo1Y,4500.000000,Error: The recipient address is not funded. Add `--allow-unfunded-recipient` to complete the transfer 
3r4vNex8TaYbNKTrLUY61LQC6Grtkf6vvPskGdy5SpLZ,4500.000000,Error: Recipient's associated token account does not exist. Add `--fund-recipient` to fund their account
3mtipa9Qeq3aLMoVc1u9sv9cHzRT8sdd8wkUzqrPNgnf,4500.000000,Error: Recipient's associated token account does not exist. Add `--fund-recipient` to fund their account
CkMePWXpjPaaAeK2zHxxFS5NiLxoK2KQri4KDvntxcGL,4500.000000,Error: Recipient's associated token account does not exist. Add `--fund-recipient` to fund their account
CL6ZAtuMG2psSHEGuuandPh2NRP9WHLSJt5yy3y3PGQG,4500.000000,Error: Recipient's associated token account does not exist. Add `--fund-recipient` to fund their account
3M9zNZngD7TYQMU7b1QcF1giNzWvCscAaaT4EBo2Ufps,4500.000000,Error: Recipient's associated token account does not exist. Add `--fund-recipient` to fund their account
5QABHXSe1RcfuYWeJr66iCaviGTrao2UPFRKe3MuXCWB,4500.000000,Error: Recipient's associated token account does not exist. Add `--fund-recipient` to fund their account
APFqvZhjrvGsKP6Zy3aZFW1iKG5KMBTHVWztTV3Xnm2y,4500.000000,Error: Recipient's associated token account does not exist. Add `--fund-recipient` to fund their account
8Sz6a4TS94wiKP9WEe9uwwowBko72uj58kGJpKL3S72C,4500.000000,Error: Recipient's associated token account does not exist. Add `--fund-recipient` to fund their account
7PD8q2f7Vz7WpTHMfKrVr8Q1B6Dne5qegcC9o4oGxyRN,4500.000000,Error: Recipient's associated token account does not exist. Add `--fund-recipient` to fund their account
CJJ3nPmFoCkwMFsoWbBawHbomwqJc4bkb5CskDzTjof1,4500.000000,Error: Recipient's associated token account does not exist. Add `--fund-recipient` to fund their account
RHMALdDLczP4AZxBvNzzP9e2P7eyxr84Aaucg9gwAx3,4500.000000,Error: Recipient's associated token account does not exist. Add `--fund-recipient` to fund their account
RkbC2YnMh2SaBjZzRVcnpaPPETmQFvGQykW3GRjgFXm,4500.000000,Error: Recipient's associated token account does not exist. Add `--fund-recipient` to fund their account
GjKvALbKraMhH6bDBBxZXjTJo8ekCBZUPxZHoWXBQ79,4500.000000,Error: Recipient's associated token account does not exist. Add `--fund-recipient` to fund their account
8LEbgi8mCPy1ny3gvS4xpSjUeUw3uWNXfeHbQS2eT1st,4500.000000,Error: The recipient address is not funded. Add `--allow-unfunded-recipient` to complete the transfer 
Gjt5q41DKHtw1cA5v6PPad7Lx2eo88Gu2tJ2fTEzREZk,4500.000000,Error: Recipient's associated token account does not exist. Add `--fund-recipient` to fund their account
CLj7taMp6NkCo1jWDHTLAsZSDadDh2tMzrsv8qxT6CVA,4500.000000,Error: Recipient's associated token account does not exist. Add `--fund-recipient` to fund their account
9i9Eu1paMDkPbTUuX6mBUNsX9xW1mpr4bW2TV7Ub5XkN,4500.000000,Error: Recipient's associated token account does not exist. Add `--fund-recipient` to fund their account
HwLCDCzxGBaukekDwtNiNDWztrzn8iB4BHJbtjWQwG4K,4500.000000,RPC response error -32002: Transaction simulation failed: Blockhash not found 
6zctceYr8myK1mbSHiTjwMyKjXtrPaxa5RmgRo8MNCQF,4500.000000,Error: The recipient address is not funded. Add `--allow-unfunded-recipient` to complete the transfer 
EViPAfYFcvV8UaCWCzgRgDW3kdNWq1NEANQXh1wbxbDo,4500.000000,Error: The recipient address is not funded. Add `--allow-unfunded-recipient` to complete the transfer 
4anBMqNE7Au7VFRxxQ7KJ4De6CK8tjo2FMnSB8eJ9GUr,4500.000000,Error: The recipient address is not funded. Add `--allow-unfunded-recipient` to complete the transfer 
FVsmcLJQojRShvvAEZWwazWYbJuWfeo8dfKo2UgNQipP,4500.000000,Error: Recipient's associated token account does not exist. Add `--fund-recipient` to fund their account
CRQbArGoJUGi7Aho7XhvrthPk6Ej6cchHVT98NuZ7NSf,4500.000000,Error: Recipient's associated token account does not exist. Add `--fund-recipient` to fund their account
ARjsbSdjWCPtdorJRZr5FkvEQhKPP3kU2LjRqYvEfyiZ,4500.000000,Error: Recipient's associated token account does not exist. Add `--fund-recipient` to fund their account
FafaknqmsvynTH8ZUCGw1Qeq75H8LX5XHG5pF1ST2jvJ,4500.000000,Error: Recipient's associated token account does not exist. Add `--fund-recipient` to fund their account
2PU8oxMkZdN3Fynio3KoYZc3uepwYZCB3mZLy1ieRKwV,4500.000000,Error: Recipient's associated token account does not exist. Add `--fund-recipient` to fund their account
DUJRrHWBneVrdHUR9zvjmfoSjuu8frVUBkqetbqj4jdB,4500.000000,Error: Recipient's associated token account does not exist. Add `--fund-recipient` to fund their account
8MxQ7HhUs8QMrYQTdUY5HfxRrfYe44WPYgSajrQtnPkL,4500.000000,Error: Recipient's associated token account does not exist. Add `--fund-recipient` to fund their account
24yxR1qED6hg2xzhbZE7tHw6dCSmYtBRVkvfzME4kpBY,4500.000000,Error: Recipient's associated token account does not exist. Add `--fund-recipient` to fund their account
AYZyrBQga36EE5BfmpJUASRUSsoU3mrh427bo8wNvgHd,4500.000000,Error: Recipient's associated token account does not exist. Add `--fund-recipient` to fund their account
9MPEA9zm82kmWLvRj2AvV4B5QdgeChkoSbbSKEMWXeTU,4500.000000,Error: Recipient's associated token account does not exist. Add `--fund-recipient` to fund their account
4VHjhLeDj4Er5d3Tf8ivr37hu8phYuKPAZhYJR6s4XFc,4500.000000,Error: The recipient address is not funded. Add `--allow-unfunded-recipient` to complete the transfer 
4znM2WNLYCDW9NGfBmMijzqmkjarMZ1VPSo9D6gFkXSW,4500.000000,Error: The recipient address is not funded. Add `--allow-unfunded-recipient` to complete the transfer 
cQmbM1MPHANxwjR6e3jdHL6jwGEegcTRnxycXjpxgJs,4500.000000,Error: Recipient's associated token account does not exist. Add `--fund-recipient` to fund their account
4483varzyHmEK81qTr9cpc87UGjMmbpT8tpku24CrmGa,4500.000000,Error: Recipient's associated token account does not exist. Add `--fund-recipient` to fund their account
81ffYtFGRbGqopDS9MrfDD26ghMw63PmZT592roYHrey,4500.000000,Error: The recipient address is not funded. Add `--allow-unfunded-recipient` to complete the transfer 
AQg5R8xqGxyxVeq2XSQThkNAfpPdBtYY7J19NCeWz1TQ,4500.000000,Error: The recipient address is not funded. Add `--allow-unfunded-recipient` to complete the transfer 
FCKQRduD2APA3ytxGo3kDZvEWe2xEq6BJe4c76d5j32s,4500.000000,Error: Recipient's associated token account does not exist. Add `--fund-recipient` to fund their account
qvuG3Np443gvfEvSHGFhrHpNWYFJMuJ2hBwiiJtH7cL,4500.000000,Error: Recipient's associated token account does not exist. Add `--fund-recipient` to fund their account
5fgvXHM5g9974NjjBekZi3yj8dVFNpibWi3Lt3qJnNR,4500.000000,Error: The recipient address is not funded. Add `--allow-unfunded-recipient` to complete the transfer 
4CHLx7WV91aCN6wVsaiQt1SsePGjBN7rysS8jiCEHMJo,4500.000000,Error: Recipient's associated token account does not exist. Add `--fund-recipient` to fund their account
HNq8hASPm3i5jSvrRUUchdukS12V5omQE6GNUMx6PfvM,4500.000000,Error: Recipient's associated token account does not exist. Add `--fund-recipient` to fund their account
ByArbbmvodKsF6xhaGkwN8qaSFgZDGTnfBH4whrXwbWA,4500.000000,Error: Recipient's associated token account does not exist. Add `--fund-recipient` to fund their account
FQguZg5ySK8WRqgd6jv7JU8ywns4Rrq9RVmZhYHxvRPu,4500.000000,Error: Recipient's associated token account does not exist. Add `--fund-recipient` to fund their account
6Su2JLCsd9WMbghXSo4F4y7hJzCmrrWj8Lvrana5rFy5,4500.000000,Error: Recipient's associated token account does not exist. Add `--fund-recipient` to fund their account
7HYYmzgpbpNBnopJspA4m8qc1N78AzsS7P6DsnUxutRp,4500.000000,Error: Recipient's associated token account does not exist. Add `--fund-recipient` to fund their account
BgbwxmL9MWGcgA5z98HtCamR97XMGUhGGLvJ4fZ5aoLC,4500.000000,Error: Recipient's associated token account does not exist. Add `--fund-recipient` to fund their account
63eknNk3pbgF7YarHKvvfTeN9yojDyQxcw9fZZUt2HoZ,4500.000000,Error: Recipient's associated token account does not exist. Add `--fund-recipient` to fund their account
7dGqxww21fTdbz2GjLCo4RwHakggoYc2nyPhb6nQ4Lik,4500.000000,Error: Recipient's associated token account does not exist. Add `--fund-recipient` to fund their account
8QSPHS9nyiY9njoZAn1XoxNCtT7qAibBw5zSL8DHJY5d,4500.000000,Error: Recipient's associated token account does not exist. Add `--fund-recipient` to fund their account
C32S21BV919mLicBwBfgjR6bPAdVNGEnSJCWmK4WeFUM,4500.000000,Error: Recipient's associated token account does not exist. Add `--fund-recipient` to fund their account
BXYKRRkf9VuWwdbTRpgSyGQuN1kDvX4fi19xjCLV3mpE,4500.000000,Error: Recipient's associated token account does not exist. Add `--fund-recipient` to fund their account
G1AZ6dW2L5MkbBch1HmnCfTDsqS3JnDGqAFYe6Ueoyzn,4500.000000,Error: Recipient's associated token account does not exist. Add `--fund-recipient` to fund their account
HvMR3hHYYXUkNhMLnfEC6f7RnTdSCRe82i9NVMuCKV34,4500.000000,Error: Recipient's associated token account does not exist. Add `--fund-recipient` to fund their account
HUABPKAcEvtUKHZpam74jQQunuKzJsNAjR3cxJZ3RfQV,4500.000000,Error: Recipient's associated token account does not exist. Add `--fund-recipient` to fund their account
FWbZ4gqeiHdjxKYXL7MUrZ7ZAJh5v62q3eEwLsDLp4Ki,4500.000000,Error: The recipient address is not funded. Add `--allow-unfunded-recipient` to complete the transfer 
HPUPGDoMbGWhTyqcuq5EYhafX4wncJzV3UxbUgGxnrTJ,4500.000000,Error: Recipient's associated token account does not exist. Add `--fund-recipient` to fund their account
91HR5uz83kgXd1Uvbgx2Q55vWxamFyYiYUseG3oHbBX9,4500.000000,Error: Recipient's associated token account does not exist. Add `--fund-recipient` to fund their account
E5sjhXr9fvqgUhrnhvW42h4c15XmCTEFU8mtSCcBVmwo,4500.000000,Error: Recipient's associated token account does not exist. Add `--fund-recipient` to fund their account
2odVfy9zzYyfCXzsAiVYcwUoB3JDV2rrFbEtqUBerB5E,4500.000000,Error: Recipient's associated token account does not exist. Add `--fund-recipient` to fund their account
6bwPVxNCa4L12441YLaYkdYbDcEqhXg1GiVmkmrQZyic,4500.000000,Error: Recipient's associated token account does not exist. Add `--fund-recipient` to fund their account
AoCvntg12UVjiJXwzJMFTimo9mc4qX4Bmv9fPS7SF45g,4500.000000,Error: The recipient address is not funded. Add `--allow-unfunded-recipient` to complete the transfer 
C7TdtaERS9umb4hQLDmTcopzL5F561cfS7f9h2NYCDdY,4500.000000,Error: Recipient's associated token account does not exist. Add `--fund-recipient` to fund their account
3RxE1hme2DDGsuDPwgvTFumLuaLXmtR7zBK26R3DPWcm,4500.000000,Error: Recipient's associated token account does not exist. Add `--fund-recipient` to fund their account
Ejdud3FJFKHKsSxiczNviVhfxP1zRGXH1rg7sLaCp2uG,4500.000000,Error: The recipient address is not funded. Add `--allow-unfunded-recipient` to complete the transfer 
HGDDegxaR3x2zdnbuTG9jwzDj7PGiL22JRaD48XBwhFt,4500.000000,Error: Recipient's associated token account does not exist. Add `--fund-recipient` to fund their account
HZ45Y6AkJ2xh74FByCj4zPZYhh2Xs3JHEmZ4XonYfEd7,4500.000000,Error: The recipient address is not funded. Add `--allow-unfunded-recipient` to complete the transfer 
8B63QKrF8NVrMCRDwsE1WZCsd3rX5ZwXRywEKiojbEMe,4500.000000,Error: Recipient's associated token account does not exist. Add `--fund-recipient` to fund their account
9F97YnXFtBaHxvNCkSuoMSggRUJBPtUddj266TeBaiZf,4500.000000,Error: Recipient's associated token account does not exist. Add `--fund-recipient` to fund their account
33Qptwm5BDkGoJtFKiUAs6BNb3DAM3EZbo6vyt89Mj7e,4500.000000,Error: Recipient's associated token account does not exist. Add `--fund-recipient` to fund their account
KgUR45QpuimjDf2SH498M2iUpu6jSGvGHSvbaAtuDdJ,4500.000000,Error: Recipient's associated token account does not exist. Add `--fund-recipient` to fund their account
HhtuRGLoxARJE51C2zT6aaHCzU8MMoadE1dc2LXP7pom,4500.000000,Error: Recipient's associated token account does not exist. Add `--fund-recipient` to fund their account
E6WaZmSZRGQdLWLsDFjm8pmr2qy4LAmgpnXiGYwFeEXS,4500.000000,Error: Recipient's associated token account does not exist. Add `--fund-recipient` to fund their account
3zJHZkRGDqzjNXECX23WyTdr4d3EaisUPHKrLJ66uuJj,4500.000000,Error: Recipient's associated token account does not exist. Add `--fund-recipient` to fund their account
76stTCRga6YrBa9HcmMAnVqfreJQCWuBcRdVJPKvSzGB,4500.000000,Error: Recipient's associated token account does not exist. Add `--fund-recipient` to fund their account
5ZNbPWf8xZnXZ98gG1SMpc7xWAewN91KasseuNhTRL7v,4500.000000,Error: Recipient's associated token account does not exist. Add `--fund-recipient` to fund their account
6DjmrnuaUjqhfcwsG82jfaSgMPwqx4EtP4AQCCGGuH5q,4500.000000,Error: Recipient's associated token account does not exist. Add `--fund-recipient` to fund their account
5kXUm7M9jsKxGs1m8z2A26XTbgXt7kJJSBXdGhyBgKgQ,4500.000000,Error: Recipient's associated token account does not exist. Add `--fund-recipient` to fund their account
8nf2etzxtaYEG2dUFwxF2RXVz6F31m8ZmEi9Ar5UD9Jx,4500.000000,Error: Recipient's associated token account does not exist. Add `--fund-recipient` to fund their account
9CTpuWvVE68UX98AMLBozrrF35GKTMeHBE97FZEArFYh,4500.000000,Error: Recipient's associated token account does not exist. Add `--fund-recipient` to fund their account
HX4x2R7VKXwrAHGB8JBeVaHPRRpdTbx2fySUuqDC24tv,4500.000000,Error: The recipient address is not funded. Add `--allow-unfunded-recipient` to complete the transfer 
CwVNfiSeE3iYNxwBASrJDPqBhjFVVPpcny7jjMrWuArQ,4500.000000,Error: Recipient's associated token account does not exist. Add `--fund-recipient` to fund their account
7Lew7WQwdAwbxmm1CYYwwnSU59cqB54ut591u6NG9en5,4500.000000,Error: Recipient's associated token account does not exist. Add `--fund-recipient` to fund their account
3TdW5jvCVmsbrpzdTimcwd5vJLPX5GJpUdF64KZsLhjc,4500.000000,Error: Recipient's associated token account does not exist. Add `--fund-recipient` to fund their account
DT1ZerVirVzzf58LbSd25cFXZz7rcnLCXEVTdrSQhbBw,4500.000000,Error: Recipient's associated token account does not exist. Add `--fund-recipient` to fund their account
CyKrk8PRPQ1f4vLzZWFgeLMnbs1k3YU4LrMmT5TkrLNo,4500.000000,Error: Recipient's associated token account does not exist. Add `--fund-recipient` to fund their account
8V9E4K9mrKGuKjuzqYPPUvJhHiCogR51EehwtRhqcpze,4500.000000,Error: The recipient address is not funded. Add `--allow-unfunded-recipient` to complete the transfer 
HvUPGhSqCegdHjKTkE6mqQ9JQHzCM6NMppdiS5WtWTjh,4500.000000,Error: Recipient's associated token account does not exist. Add `--fund-recipient` to fund their account
EgUCdsZ8wrcvr9yuRAM6aarbRAwRya7oX91zcPYazUNi,4500.000000,Error: Recipient's associated token account does not exist. Add `--fund-recipient` to fund their account
7zuJC4zLtdf2WxjuZvY29gD2uh5KHvGXrrtzjewKeeHa,4500.000000,Error: Recipient's associated token account does not exist. Add `--fund-recipient` to fund their account
GAKqZeDZ2W4pnLmBdEfnvmuz4QRLCL7S3b4W4ckRZWK,4500.000000,Error: Recipient's associated token account does not exist. Add `--fund-recipient` to fund their account
5DoqmXwDE9CioxG9WGv2XQFekVM3L65M8aYvbKJW4DY9,4500.000000,Error: Recipient's associated token account does not exist. Add `--fund-recipient` to fund their account
4XFj5HQCJh1a6dfQbuLbRErSkVU4DzL6eWifjS3pG3op,4500.000000,Error: Recipient's associated token account does not exist. Add `--fund-recipient` to fund their account
FEvmmPTUE7t7spGLMf9rLF5iQ4FXadTcxaMajuZNfTkA,4500.000000,Error: Recipient's associated token account does not exist. Add `--fund-recipient` to fund their account
9ieN824c9HL778mm5LAKm5sDuBQjBVbLZBAGhBKThymV,4500.000000,Error: Recipient's associated token account does not exist. Add `--fund-recipient` to fund their account
GXn4SZ6zQ5RmfHD6ayQ6NvLZyKPqpqYJkWJ9qCv4zexJ,4500.000000,Error: Recipient's associated token account does not exist. Add `--fund-recipient` to fund their account
BrJcVGdYTVkiag1oMH2FGRo9z9G1omaGRB1NQcBDUsr8,4500.000000,Error: Recipient's associated token account does not exist. Add `--fund-recipient` to fund their account
3XUdLaF3bNPrMYBrsAmn64KrDhcHNwJF8qJK5XnnYWKB,4500.000000,Error: Recipient's associated token account does not exist. Add `--fund-recipient` to fund their account
9xdKRECcQXHVFgmnVNYv79djs9azcEjp3ke1G4johPHU,4500.000000,Error: Recipient's associated token account does not exist. Add `--fund-recipient` to fund their account
GvmBLfszUAJrqvAYQKHhdmbgGYoucrYgPzGmEEhzdVMh,4500.000000,Error: Recipient's associated token account does not exist. Add `--fund-recipient` to fund their account
A2vkuASMaWageEoBduyBWh6KUZQ7eoZZ3ffg37DAS2h4,4500.000000,Error: Recipient's associated token account does not exist. Add `--fund-recipient` to fund their account
H92eQ4MbtczEnUxR6bsGn5ENuTrwiKK3brpfXTQs1iS3,4500.000000,Error: Recipient's associated token account does not exist. Add `--fund-recipient` to fund their account
2HyrcfB68VErngVudhxuKrcXotzYy7Hvy4D4WGH6xxmG,4500.000000,Error: Recipient's associated token account does not exist. Add `--fund-recipient` to fund their account
A7hkFb9keJm1wmgHfCXdqjKFPeqCHCZ8rQ7jMpbupppy,4500.000000,Error: Recipient's associated token account does not exist. Add `--fund-recipient` to fund their account
4bHUTg14edsomPHw4MM3fEE7DXViWroVZ3K4hscw7zyT,4500.000000,Error: Recipient's associated token account does not exist. Add `--fund-recipient` to fund their account
GyKJupTkSFLCvKMLhxjRQvM274tM2UXGaubqSWSGdAp8,4500.000000,Error: Recipient's associated token account does not exist. Add `--fund-recipient` to fund their account
69DNVCbUuBFj7kBgo7nXNc2PUufLuJV8vu1JArsjbGiM,4500.000000,Error: Recipient's associated token account does not exist. Add `--fund-recipient` to fund their account
5pZSoKkfxzUJLsGqtcjowzKYCRkR97jfcvE9p62cxu9Y,4500.000000,Error: The recipient address is not funded. Add `--allow-unfunded-recipient` to complete the transfer 
3MSowGh7y1dJwyrNkBJyPZwcf8ibLsP2p9hpchC9BVY4,4500.000000,Error: Recipient's associated token account does not exist. Add `--fund-recipient` to fund their account
5PrGvGDt9iy3hb5YevnYB3dDGHpTBLwPBJ6HdrVUhMVE,4500.000000,Error: Recipient's associated token account does not exist. Add `--fund-recipient` to fund their account
CTpmeH6YgErvrNTDMXHv8L7tJvubdyz4K7z1PpQJduoB,4500.000000,Error: Recipient's associated token account does not exist. Add `--fund-recipient` to fund their account
9FNzyceaXs8aMVx1JGiTaBwqxzfe1YJYp7uCvMjdTQKE,4500.000000,Error: The recipient address is not funded. Add `--allow-unfunded-recipient` to complete the transfer 
FmQ2adCcppxT5MATmzGDiC3e9nuLnMH2EmMnGtvUZr74,4500.000000,Error: Recipient's associated token account does not exist. Add `--fund-recipient` to fund their account
yQQ8CUGaGkYSj18vVudBEXKxbqxL7QaU5EYjgcnPxXe,4500.000000,Error: Recipient's associated token account does not exist. Add `--fund-recipient` to fund their account
2WBPVSkGXF8qnnkQNUsFrMYN7nxKc69FmNh5po2uwRsk,4500.000000,Error: Recipient's associated token account does not exist. Add `--fund-recipient` to fund their account
4X5i8JejcRSKeAx51m4C5b44F1i3u2yHebmwqc13GjHc,4500.000000,Error: Recipient's associated token account does not exist. Add `--fund-recipient` to fund their account
Cvce7J3mdKHoGABeyuQjCokfdYtHjLeSNDXS6PUEQqCC,4500.000000,Error: Recipient's associated token account does not exist. Add `--fund-recipient` to fund their account
HydNwGQ22SYtGiz4zNwhrnLKrqryN5uZBpTeDMXZsfkG,4500.000000,Error: Recipient's associated token account does not exist. Add `--fund-recipient` to fund their account
9BmFbW5GNTYwdD8nvijkPKhoW7PaM8wSfxaZZBk8AkNK,4500.000000,Error: Recipient's associated token account does not exist. Add `--fund-recipient` to fund their account
CKnzQqVY3fZvFms6HeMb872NEyZWcsG9hXGcDmrjoYQ2,4500.000000,Error: Recipient's associated token account does not exist. Add `--fund-recipient` to fund their account
42BUPi332boCRxmRr5YHX6unmk9CFYrnfbzrx2da4jVB,4500.000000,Error: Recipient's associated token account does not exist. Add `--fund-recipient` to fund their account
5csD7DpLj7FYGWzLx383nFffC4ofq4PyQ5X7qmfq91rw,4500.000000,Error: Recipient's associated token account does not exist. Add `--fund-recipient` to fund their account
FSirh5RUkb8sBT7yxH8uAMDCZA6hbgeGsEDW5qvYTSGw,4500.000000,Error: Recipient's associated token account does not exist. Add `--fund-recipient` to fund their account
2i5E5bXB3YqHQCCFAxVWncEFJPN3CSGNSvEU4AAA3vr5,4500.000000,Error: Recipient's associated token account does not exist. Add `--fund-recipient` to fund their account
DRQ28onq8httgTQLnkYrCB4xtnct7QMa5TvwjxsaL3Cp,4500.000000,Error: Recipient's associated token account does not exist. Add `--fund-recipient` to fund their account
6mD3HSrrWJRPuDPzT2xoaCXeQ8iPu4BaUmTVkzUkC1RF,4500.000000,Error: Recipient's associated token account does not exist. Add `--fund-recipient` to fund their account
HNcUtKg22bQhCUdM3cKUnwuREFEF6Br6uv3QxPn8PoJY,4500.000000,Error: Recipient's associated token account does not exist. Add `--fund-recipient` to fund their account
41WjakDKVTkMwKqcK3fAH1QF44GTmmvkkLLuR4THKC9Z,4500.000000,Error: Recipient's associated token account does not exist. Add `--fund-recipient` to fund their account
3E5epg537YQbGucxRvzmxPzVhQUyMPHZ4xFcdL785pjH,4500.000000,Error: Recipient's associated token account does not exist. Add `--fund-recipient` to fund their account
7wCj5z8sriMpBuA5Be1YiEa2t8rNEXL3xcYpXNhEmFHT,4500.000000,Error: Recipient's associated token account does not exist. Add `--fund-recipient` to fund their account
EstqmUsw42UGniHeEXGNmS8tfQwjDBGqCVVW4Jhj7Mu,4500.000000,Error: Recipient's associated token account does not exist. Add `--fund-recipient` to fund their account
6Totd4A1W8uUgBbMS3p2rceKFPwMhf9pdj4mNhGjqxBo,4500.000000,Error: Recipient's associated token account does not exist. Add `--fund-recipient` to fund their account
2S6VUJEVjjvVAqMGzTM3tDCR47bm95pwGTEsXTnW43Zp,4500.000000,Error: Recipient's associated token account does not exist. Add `--fund-recipient` to fund their account
HSx4Hyu7njecqo6oSkN8trc6UCepTjnJ2cBLocFmWME6,4500.000000,Error: The recipient address is not funded. Add `--allow-unfunded-recipient` to complete the transfer 
6ocEjw76CQHj1515996sN7nzKVhsuZCLJTdTAK3Umzrc,4500.000000,Error: The recipient address is not funded. Add `--allow-unfunded-recipient` to complete the transfer 
HRkfyJMj8ZVtFCXpmRHJdCpx2A7y7aCAMYFRqFAcSxLM,4500.000000,Error: The recipient address is not funded. Add `--allow-unfunded-recipient` to complete the transfer 
4hKQAATH4qWLQ6YmHh1EpQLC39mwz7sX2YZvsUUWBSmj,4500.000000,Error: The recipient address is not funded. Add `--allow-unfunded-recipient` to complete the transfer 
E7CvH3CxsgDrLm6EKD14u3qqBLfTnyYQNa7ornGtzk9w,4500.000000,Error: The recipient address is not funded. Add `--allow-unfunded-recipient` to complete the transfer 
H4oG8SR1k8BvKVeD4c4yPjmuGUQdPiK7Fd2XDr8kAQPM,4500.000000,Error: The recipient address is not funded. Add `--allow-unfunded-recipient` to complete the transfer 
6rCrXA57zz9DTt7LEGPFB3XNv2X6YXLPaPyg8kXhZkuZ,4500.000000,Error: The recipient address is not funded. Add `--allow-unfunded-recipient` to complete the transfer 
BkAgJxKTx82tjGuuYiiMc2QK2gqsSNQg9WND95xbQcBb,4500.000000,Error: Recipient's associated token account does not exist. Add `--fund-recipient` to fund their account
7cvsQv3vnEYRXvYZqSFzMducoontA3YU2ALiJRgu4zYq,4500.000000,Error: Recipient's associated token account does not exist. Add `--fund-recipient` to fund their account
3WtnrNPsz4V1TgCb5iZotSyFhK2buu1vbgXJiJ7iukb2,4500.000000,Error: Recipient's associated token account does not exist. Add `--fund-recipient` to fund their account
DuaXRYBuBuDRJ7EL4AD3aWaxQow4M8Fw6Ef57ATQtoz6,4500.000000,Error: Recipient's associated token account does not exist. Add `--fund-recipient` to fund their account
D2vN5eftmxWjeqrWCqURS8XgnsoPTDdJQEXCve2JYPBh,4500.000000,Error: Recipient's associated token account does not exist. Add `--fund-recipient` to fund their account
5kh8asNMQT2LrzwCnPKjr8yJKzdVawjKB8BBkEheT6HL,4500.000000,Error: Recipient's associated token account does not exist. Add `--fund-recipient` to fund their account
BSexYjVToXndK1Rdz8eAvYdu2So7u7dqC7CK9sjmA4gC,4500.000000,Error: Recipient's associated token account does not exist. Add `--fund-recipient` to fund their account
GMCv1n3mwbKuZXuENT7MGbDazChYj4wgNHZZNQDudBV2,4500.000000,Error: Recipient's associated token account does not exist. Add `--fund-recipient` to fund their account
9HkkLFp3AXnMKm2Mto9mVrrL1VWzfXf4GMcHUWuPL9WY,4500.000000,Error: Recipient's associated token account does not exist. Add `--fund-recipient` to fund their account
CuhsYotPSquDPJNFi3VerZE7WouxuC1xKMxBRcVmrcEa,4500.000000,Error: The recipient address is not funded. Add `--allow-unfunded-recipient` to complete the transfer 
5nh8X3BwgLvSfbMxvsd8F3vpkYL7R9oCSYUFuEv66fJ5,4500.000000,Error: Recipient's associated token account does not exist. Add `--fund-recipient` to fund their account
32Wajx9EPXXkZ4TktafdjDEVfd4RrzvkVZrAaf595V1o,4500.000000,Error: Recipient's associated token account does not exist. Add `--fund-recipient` to fund their account
8gg2nzjzb9NNP7fGZurVE89K2m8pEVVPhuNtqH4kj7ur,4500.000000,Error: Recipient's associated token account does not exist. Add `--fund-recipient` to fund their account
BbidnXjN2tYiXD2LPXL1ribCAYQ1hp1nvUSx7Es2YS6B,4500.000000,Error: Recipient's associated token account does not exist. Add `--fund-recipient` to fund their account
6AYtq8CnPqZEw5ci1DhtHpJHtyWXBSrfaNwz5N39jezV,4500.000000,Error: Recipient's associated token account does not exist. Add `--fund-recipient` to fund their account
2sBXPLEazWJtGPct1xszyrwwQ7WJhD1R8YyTPYTnm8be,4500.000000,Error: The recipient address is not funded. Add `--allow-unfunded-recipient` to complete the transfer 
G4cErPvzxXNA9TWDnmFtkeao2J8ekXTK6PyYsdcWiNfb,4500.000000,Error: Recipient's associated token account does not exist. Add `--fund-recipient` to fund their account
5MkXTjP2g3GQa1cng3xcgucCXhvd9xvter7nYWB9tMPv,4500.000000,Error: Recipient's associated token account does not exist. Add `--fund-recipient` to fund their account
3xTKSf39VhpboNVmNZ6qRMrBKubgBvVC7XrrvXFMHTLx,4500.000000,Error: Recipient's associated token account does not exist. Add `--fund-recipient` to fund their account
GmL4qsYmppG9QM7ptbTDHHEJGnCQpzo5VbUA94Q2yggb,4500.000000,Error: Recipient's associated token account does not exist. Add `--fund-recipient` to fund their account
2cJ4sVHxoHuVZ5nD2Cn39yNH3CptSnPYzaHHWYRXPXwg,4500.000000,Error: Recipient's associated token account does not exist. Add `--fund-recipient` to fund their account
3ZCBEZDiyxse7bfYeH15S3Shv1N6f2BycVTERP5iWiRg,4500.000000,Error: Recipient's associated token account does not exist. Add `--fund-recipient` to fund their account
9UqKDZ5rPyDfT5zevJGaR9QAYHGcPAZ88M7qgWD2nwZV,4500.000000,Error: Recipient's associated token account does not exist. Add `--fund-recipient` to fund their account
6cDteAJYWGGwgoUcZo3stsW8x8whYt8CuFPtngWtYUrm,4500.000000,Error: Recipient's associated token account does not exist. Add `--fund-recipient` to fund their account
6TDyoVUb55rVVuHJw75uckpjj42UZT5dNBMNhtY2isdu,4500.000000,Error: Recipient's associated token account does not exist. Add `--fund-recipient` to fund their account
5EyBaDnsKZ1LF4HKj6Ead37t8NmCY45hNFv8Z3r6koHy,4500.000000,Error: Recipient's associated token account does not exist. Add `--fund-recipient` to fund their account
GgbfebAkoaXC61HwYdUax9XnyubSy8Jp7Bf99LwmRm4v,4500.000000,Error: Recipient's associated token account does not exist. Add `--fund-recipient` to fund their account
CH9TYUcQZDCgSwJkmLnh1yNdYJdTgbwQPaShswTQBUPJ,4500.000000,Error: Recipient's associated token account does not exist. Add `--fund-recipient` to fund their account
EGfyMoBm9D354HfaHWKzHt1fipcQDKiJH9dccNAPnqV8,4500.000000,Error: Recipient's associated token account does not exist. Add `--fund-recipient` to fund their account
BP8swVyLCysYzQpkHb6rnjJLpKcWuiJW8LSAuYczwPq7,4500.000000,Error: The recipient address is not funded. Add `--allow-unfunded-recipient` to complete the transfer 
9nWVFCRjAELzqo2NwwQWgfJv6NMABQVspeVPEqukZiEJ,4500.000000,Error: The recipient address is not funded. Add `--allow-unfunded-recipient` to complete the transfer 
DPFNzNzcLAMUqAi5zQyn4bq4nc8fwNr45uKEZFEfTWFy,4500.000000,Error: Recipient's associated token account does not exist. Add `--fund-recipient` to fund their account
3isLygDuXFU3J41uwXY9cL4hBkVR8KZhHJ367aM9Fwm9,4500.000000,Error: Recipient's associated token account does not exist. Add `--fund-recipient` to fund their account
6EBws22uNHNbphrEjLNuQAc7SaMnwEnSkYukkFCFnJHu,4500.000000,Error: Recipient's associated token account does not exist. Add `--fund-recipient` to fund their account
73ME7RZyEvMKMKWUcMrPdgJK1px5TYXrdJ3SmthGhbkW,4500.000000,Error: Recipient's associated token account does not exist. Add `--fund-recipient` to fund their account
9bkpRHBZD4CBL1RLzfD9JLvUXZMyv7Qns4najZHGyEmX,4500.000000,Error: Recipient's associated token account does not exist. Add `--fund-recipient` to fund their account
BUEpPBgbsr9f7ZjdNuhXWWbmd9U3TEQGgQbd98vk55tC,4500.000000,Error: Recipient's associated token account does not exist. Add `--fund-recipient` to fund their account
7MjB4dCox1NLsBpdaWchYS5MVitsGxoTPAJskD41jaHG,4500.000000,Error: Recipient's associated token account does not exist. Add `--fund-recipient` to fund their account
8ctZWLjqKbKNbKsVTKzsFUcNk8FsbB1n6MVgB11gpYRS,4500.000000,Error: Recipient's associated token account does not exist. Add `--fund-recipient` to fund their account
7h7mtReHzkqJYVPXWhEj39qLNpyFfpL2AWBWUVUJabkF,4500.000000,Error: Recipient's associated token account does not exist. Add `--fund-recipient` to fund their account
2AnZZZZidWc6xe37e4iLhTdo1EqBn1wy31vJXPWLX5eQ,4500.000000,Error: Recipient's associated token account does not exist. Add `--fund-recipient` to fund their account
3CPLFGLG3f64vuRNGZAkKavFm7MkdrffPduWCC9CWGQm,4500.000000,Error: The recipient address is not funded. Add `--allow-unfunded-recipient` to complete the transfer 
YaqCpjXYvo9CpX7CfHudwx4D2qeaBvtEJEa5TzF214d,4500.000000,Error: Recipient's associated token account does not exist. Add `--fund-recipient` to fund their account
DFFsrRPuzebaRyg9o8qrkoWUye1verBU9tRT5rfiywyU,4500.000000,Error: Recipient's associated token account does not exist. Add `--fund-recipient` to fund their account
5Dpt91dVf6DJVoSMam6d1qB4Qu7CTyPQ1ZwZroDvSpnE,4500.000000,Error: Recipient's associated token account does not exist. Add `--fund-recipient` to fund their account
HUzH1aEQMsEbotcLtkSgJ7EN5HCdqf8JavrhMYd41fMu,4500.000000,Error: Recipient's associated token account does not exist. Add `--fund-recipient` to fund their account
5EnZAtzdomEZQyDhvLBAe2vjXU7z8hEW1TYdHDH94QPz,4500.000000,Error: Recipient's associated token account does not exist. Add `--fund-recipient` to fund their account
BbZ2vb4DFes26ahitHFd2yKE6fTT62dJ1DCbFVAqaNt8,4500.000000,Error: Recipient's associated token account does not exist. Add `--fund-recipient` to fund their account
9v8qRiXDkRRxCzzu5AQppmkGa8D15ZuaF3LBo9kwy9Az,4500.000000,Error: Recipient's associated token account does not exist. Add `--fund-recipient` to fund their account
BQMzYphEy8yn5vsM7GjK4qyMF3v5Po4kLYDE1Ln87goz,4500.000000,Error: The recipient address is not funded. Add `--allow-unfunded-recipient` to complete the transfer 
H5Hf5Pt4jVTVYwn53bXTFk8wZVGzvGdwZGBoYDU5otgZ,4500.000000,Error: Recipient's associated token account does not exist. Add `--fund-recipient` to fund their account
CY43aewU2fiJmjTu3pw9qoc1Fg8DuzWBMCJ3m7YTmNxC,4500.000000,Error: Recipient's associated token account does not exist. Add `--fund-recipient` to fund their account
B1fMs5Md9xHW4oaNxToaC27NUpi4NWHhm8GbMjtHkzif,4500.000000,Error: The recipient address is not funded. Add `--allow-unfunded-recipient` to complete the transfer 
2ZD1yc7o5kkJtjWenkZNTt2CUxmH9Ti61VYbtftzMWx7,4500.000000,Error: Recipient's associated token account does not exist. Add `--fund-recipient` to fund their account
BfkLBgR4PeChB1n7yEZXmwfjHAvzpepEcrHATyCXZk7P,4500.000000,Error: Recipient's associated token account does not exist. Add `--fund-recipient` to fund their account
2gYnhGgPh6MDfUpffM75C9ufAN4uep8Jfg5DmLT9bGZN,4500.000000,Error: Recipient's associated token account does not exist. Add `--fund-recipient` to fund their account
EVLf7eDCDfBdWNSEQDgq43eDuY8QjnC8qEhKzJSgRhUy,4500.000000,Error: Recipient's associated token account does not exist. Add `--fund-recipient` to fund their account
5mBpk31gfJHpZKrXYxnvuNoqmu1e8KXa8ZmFa1jH7Y2g,4500.000000,Error: Recipient's associated token account does not exist. Add `--fund-recipient` to fund their account
HCRzbKAz9vx7PsYEAu7AMwTRnj7ToqjLqUV1hWtS1P8D,4500.000000,Error: Recipient's associated token account does not exist. Add `--fund-recipient` to fund their account
CJSXAUJD9VChrT5Ydsumivqrk7TsqbDVeD3uS96zn8SP,4500.000000,Error: Recipient's associated token account does not exist. Add `--fund-recipient` to fund their account
AycM6uWXLmbCYtBwW54AY5AgCrCxwiDWbNEmHYY6am76,4500.000000,Error: Recipient's associated token account does not exist. Add `--fund-recipient` to fund their account
6LsHiJA2SJvkDunvYaBgHsGv6F4PJVabGSkYSBN4imjK,4500.000000,Error: Recipient's associated token account does not exist. Add `--fund-recipient` to fund their account
DbhiJUVEizrTFGzTQGwTqgdQKMcjGb1ZYWLRKXK61fMz,4500.000000,Error: Recipient's associated token account does not exist. Add `--fund-recipient` to fund their account
BGatZFP6jXmi7soZkJuxabJm5acfovdGtmbNBx9gVHpf,4500.000000,Error: Recipient's associated token account does not exist. Add `--fund-recipient` to fund their account
3i8VvCZeikePT3LUDetqN5WTjaVT8LVWZHeY4gMENQqy,4500.000000,Error: Recipient's associated token account does not exist. Add `--fund-recipient` to fund their account
ELVXQX7HNxM8tJHcAWki68j4hB5GSVexkwghdf3zdAUq,4500.000000,Error: Recipient's associated token account does not exist. Add `--fund-recipient` to fund their account
6rwxMiB3dGXVJ6USURz23xS4zHecpnpe9817kNRcNdaY,4500.000000,Error: Recipient's associated token account does not exist. Add `--fund-recipient` to fund their account
8V4AH3pFqRbZmkBVKUkmY2Vrksovu2UiNPh5RRMmNj3C,4500.000000,Error: Recipient's associated token account does not exist. Add `--fund-recipient` to fund their account
D6Grt8uDKTUm67kCsRnKGcpY3LEsAKBRWSTvVzjVwowW,4500.000000,Error: Recipient's associated token account does not exist. Add `--fund-recipient` to fund their account
HTdnXRav8NwVurn9Sj5hNdM3nLGx7xoWpgJ5pHvC6pvi,4500.000000,Error: The recipient address is not funded. Add `--allow-unfunded-recipient` to complete the transfer 
92xZpHGRsbzgrDsSg1xDirmjBGEXRK9qvRY87mREuJfT,4500.000000,Error: Recipient's associated token account does not exist. Add `--fund-recipient` to fund their account
DMJeRk5NS2NM2oCJoRvBrNgwnRXoEfpACKruPDAqPArf,4500.000000,Error: Recipient's associated token account does not exist. Add `--fund-recipient` to fund their account
4wJ2Yf9842TjbVuzGmN27ziWJvbZpvSa52Si8LshvmCK,4500.000000,Error: Recipient's associated token account does not exist. Add `--fund-recipient` to fund their account
6QBKu9gyRMrmqYo8wmabv2xb73oKWGeTv8ZTHNRtAPY9,4500.000000,Error: Recipient's associated token account does not exist. Add `--fund-recipient` to fund their account
94BFtYsNdGgRLo5JtsXNMw6d1CH7r9nwhF8yyxz7zPbz,4500.000000,Error: The recipient address is not funded. Add `--allow-unfunded-recipient` to complete the transfer 
27zxodnTVihK1mz6tTyFf3TeCumLi4VXpcwckmmq685C,4500.000000,Error: Recipient's associated token account does not exist. Add `--fund-recipient` to fund their account
7XRrgY2CfZKLsW516vYF5dTAfDQpYQPxoHcKD6g1dxCn,4500.000000,Error: Recipient's associated token account does not exist. Add `--fund-recipient` to fund their account
7FJqDcgpHHexb47kkju3nVmxDTLEuTMMxT4bXj9KpSQf,4500.000000,Error: Recipient's associated token account does not exist. Add `--fund-recipient` to fund their account
BeZKY6aKy4uzxpT5EGi4Kgf22pd4Z4xiyw1GiXG5TCY3,4500.000000,Error: Recipient's associated token account does not exist. Add `--fund-recipient` to fund their account
DJ1qMbputMSruMnu3N8NdogmumG3c2wCdDtrWFEUegEu,4500.000000,Error: Recipient's associated token account does not exist. Add `--fund-recipient` to fund their account
8vEboTbFiWWyHf6a2gah1oWpmEZjpsELNdJ1aXfD2NRk,4500.000000,Error: Recipient's associated token account does not exist. Add `--fund-recipient` to fund their account
41VSVYHFc3CGsCvfrgYb2jHuz1uk1AGwe2b57DP1MzKd,4500.000000,Error: Recipient's associated token account does not exist. Add `--fund-recipient` to fund their account
DnfT1LoisgxAFEsqw24SmzKpwCcTLJ6Jg6tc1pXTBhD,4500.000000,Error: Recipient's associated token account does not exist. Add `--fund-recipient` to fund their account
2SHDfrx9pfMAbY8EvEnvQc9Ke2cZ63YB9cPiYjayVEsj,4500.000000,Error: Recipient's associated token account does not exist. Add `--fund-recipient` to fund their account
3nVF3SWJmoDDhXnQdo26ehtqADTAB5CBTvAiFYfF5Jms,4500.000000,Error: Recipient's associated token account does not exist. Add `--fund-recipient` to fund their account
Au4yzZoFMmPfbqvStpyf93cuJXXu7zpLPTUedRTs8cuD,4500.000000,Error: Recipient's associated token account does not exist. Add `--fund-recipient` to fund their account
8DXb9TS8B4chqJE7Vn6hrZY8H1omJeZpkqjiB6sLk4kU,4500.000000,Error: Recipient's associated token account does not exist. Add `--fund-recipient` to fund their account
AB1nHtSFJY17eCcApZQvkH4q3LiSpxYMY9zt6NetdkCw,4500.000000,Error: Recipient's associated token account does not exist. Add `--fund-recipient` to fund their account
7Zemj4cEhmeQJzfWWyG9tPhVWVsQgHZUTy14CG2T7Jq5,4500.000000,Error: Recipient's associated token account does not exist. Add `--fund-recipient` to fund their account
FkHFSFZNXFPxeRbJGa9aBxm2pmMT3foW3m26Razn2GZk,4500.000000,Error: The recipient address is not funded. Add `--allow-unfunded-recipient` to complete the transfer 
DJ6VuoW1WJCphZeZZiDP6CGpBnXzccnECpEJgaqUDYCy,4500.000000,Error: Recipient's associated token account does not exist. Add `--fund-recipient` to fund their account
D5FSQuqHHrQjrFrRqPZyyoXxqM7iUyVb5gSggr2kEkhC,4500.000000,Error: Recipient's associated token account does not exist. Add `--fund-recipient` to fund their account
FsNFwLPniKs6sFTir6aM5eUWXRn8v4pMUN76ZG5jLtsp,4500.000000,Error: The recipient address is not funded. Add `--allow-unfunded-recipient` to complete the transfer 
Cu82bLqnE72exLMUHUrmoSzNXexnRRakMZ4WkSD6N362,4500.000000,Error: The recipient address is not funded. Add `--allow-unfunded-recipient` to complete the transfer 
BwS83oi1coX7ffD1fto7XBenXDdHTuZvtRqbBcNLaXej,4500.000000,Error: Recipient's associated token account does not exist. Add `--fund-recipient` to fund their account
62kiGu1WeTUdr71rw7YgZGE3FgozjWY17Ymi85RuNXng,4500.000000,Error: Recipient's associated token account does not exist. Add `--fund-recipient` to fund their account
72YJGb9esDaZD6E7hYjWJbzt1HQRnMWUSfSmxfkZpUV,4500.000000,Error: Recipient's associated token account does not exist. Add `--fund-recipient` to fund their account
BmTtFLKFjDkqJPswuj2WK2GKTD42pxnaN9sSd4JCg27b,4500.000000,Error: Recipient's associated token account does not exist. Add `--fund-recipient` to fund their account
H71iJzGWvmeHc9QYoVjCgX8ecSfrCWCyxxapmJVUeQAJ,4500.000000,Error: Recipient's associated token account does not exist. Add `--fund-recipient` to fund their account
GNvkgzFuYYf3RLyZCXCkGuJ7Fi7VWJgyFjKesZUk2v4b,4500.000000,Error: Recipient's associated token account does not exist. Add `--fund-recipient` to fund their account
6sGhdgtjhPVxt1VpRBtvvBgRpvRc2mTmVd41JkN2LVB,4500.000000,Error: Recipient's associated token account does not exist. Add `--fund-recipient` to fund their account
3JMLzJWrZcuqeSSykw7BC4b91f4HTJzKbuWfun1CAukY,4500.000000,Error: Recipient's associated token account does not exist. Add `--fund-recipient` to fund their account
A9Cq7Zd2eah6XLbHG6fLuzfgKTqiZH2vZp6evokCijH4,4500.000000,Error: Recipient's associated token account does not exist. Add `--fund-recipient` to fund their account
7J7xgm8oMHYX6z8LYJNBPWX7q8PBZkYqTxGrnREz6N9h,4500.000000,Error: The recipient address is not funded. Add `--allow-unfunded-recipient` to complete the transfer 
Et4pD7L7S8jNCkzrCN3skrejsniGXtQv5X9UFWTbfFfh,4500.000000,Error: Recipient's associated token account does not exist. Add `--fund-recipient` to fund their account
4c4PdL8oxAGNi1XUkB26zURq8vrqPstwPM7MnwZxqiGh,4500.000000,Error: Recipient's associated token account does not exist. Add `--fund-recipient` to fund their account
8hLcurgxhmRfwW5UQT8RjSUjgMMqeoDgpMrSrqWurAhU,4500.000000,Error: Recipient's associated token account does not exist. Add `--fund-recipient` to fund their account
Hk4LFuLCPZidANgpiJeuWb8hg1318pMPLKkeMLG9NCRi,4500.000000,Error: Recipient's associated token account does not exist. Add `--fund-recipient` to fund their account
9Hnff3yLRKaEEWh5fBnyHfdtCUuDpsjqH88b4oEVuXFk,4500.000000,Error: Recipient's associated token account does not exist. Add `--fund-recipient` to fund their account
3yaCFqpRb3n6BvmugK5LCULHAPvk6P1kUQG5n2YQe24L,4500.000000,Error: Recipient's associated token account does not exist. Add `--fund-recipient` to fund their account
81CDi8PJxyeuvqagvxg8ZaPNDrsQZQ9R2qaPGU2vYXLe,4500.000000,Error: The recipient address is not funded. Add `--allow-unfunded-recipient` to complete the transfer 
8BQ6g3YntnesbpjQ1CBgueakBX2ihAPVh8cFnZskQyUx,4500.000000,Error: Recipient's associated token account does not exist. Add `--fund-recipient` to fund their account
JDNmvysQ8VQHY8AHUBZ1TF9LS6NVPYATNqWABeuxC6jA,4500.000000,Error: The recipient address is not funded. Add `--allow-unfunded-recipient` to complete the transfer 
De3D7bRLbS5FELpL14HEyaa7H5peaPwdVMnb2yDofPXe,4500.000000,Error: The recipient address is not funded. Add `--allow-unfunded-recipient` to complete the transfer 
FntdJHsMwwrzAsmJzszpBL4PvbsSqW8PTbRQuDNcXpP4,4500.000000,Error: Recipient's associated token account does not exist. Add `--fund-recipient` to fund their account
DtwYZqm5LZ1N2rf5X2XUcJ75QxwLnvWHEgUhZPhRUZEW,4500.000000,Error: Recipient's associated token account does not exist. Add `--fund-recipient` to fund their account
88TG8AgQxyNweWe7y1rPLUaYugNrCpQXqqhtgbnE2RX4,4500.000000,Error: The recipient address is not funded. Add `--allow-unfunded-recipient` to complete the transfer 
BtdDdBwu7uNdMh62m7SqB4b2JudPRtMHM6DJ1q7asdqz,4500.000000,Error: Recipient's associated token account does not exist. Add `--fund-recipient` to fund their account
