recipient,amount,signature
4nRspwbnr8uTAPh39oTcomAQ6m4HXu7xXfDFasuUVS7F,4500.000000,5eZfb6aoDwMaxyFYCLz8SvWeATxC5qWaS1rCQGRVWHi54vx2fz2DVkcVnhgmVUbXZCPmdaVZkZ2YJvRD78fToKKU
7S1BJmDqtjjPZUWDJbrduT9LFWVXnq8uD9F8dT1xMz6N,4500.000000,Zug2oDkJtT2uuUU5zpbs3Hz8Wz7xyq2nbgGYhk4ZJgzuK85Fix6RihfVg4pMbzqT3YYF5Wkg7NVHRJqvty9k4YY
6sLKRT7ut5odzjB3KYtrjorpCxbdhmHXDk9Bg9QdGjJ9,4500.000000,5gRqKiG99gRbwnhi5hAWFs88RifpQEvhz1CVs8DqMRisdDNpstLmokAfCZeLtGXXnsUhY6VzN5uXxp4oq2pCGSkY
58MEsZexedEm6YbcTviSmYkH4iomxt38WkgtNeKf3Edp,4500.000000,4zCaQK17mnYd1r9E93tBwKxfXMScmJsDzA32YuNuc4UVghUX4T3muSB3jkBEKPZXjdBpXy51JfVtypxUHRULSjvX
ARUMcPdWMGbYxc2rcVNdXTTH1UsL8YF3ZhPRJuDphJdz,4500.000000,2cfi7hQa5wxJkM2KSdeC5g9YkZK3Hkuoa8xyfDRHEb935qTrbiwfQNP3c73K85BJbo76sr6rG9AdfpWhwSWxSops
Lkc6GnPkCn3yWrbXjq79eynXUv6gZXRy4XN3NHuqd3Z,4500.000000,M7RkuhBUCwGNLYNbEmsJw6G61rkQ1VrJ1mAU4jaKPT9SY4vghdNGfYGyGpWftwwg5RAprjcAAQi8AiEr4xcjK63
AtqyZSwKK5eZSPuxoQiyM7bJAMkXJ8sSZwXh1W3iaV3v,4500.000000,2MdDpwfjmzG2478C7dSQC7Jg2yh5mVQ4FZ7KKA4ppXN5Gf7m9d1fmCW9Es7JkvtSZEaiYghk2aPjwSvZeWnLPjRi
CCmud9Ppitjy1tDiRFafRM92SiQJQqqcNrWSRiXjGDxp,4500.000000,RXYdxVTUYJrUVHKsqZk3MyxQjJa1wzva25BDA9U6TDNrxbxioYahjCJzHR1m2AYmnaxVTPFjD89kDbQkju8y1L7
B548Hm7W7P7MQ2Q8SoSbk1uS6nMHsfhTZw2KREwUNpDM,4500.000000,3eM5jmFTK3YnQZ2s23rgLJpmTbocw9iPvmSMHYo21tsqn5eQYFMETyd9YzcaaRJBR5gZaNJhbk756K4NAZCTrbjS
FST3ywsNrtKZNKhJvaXYRy3Maz4pFFqCSsNgikhqorW2,4500.000000,4MZ2U2VRNsXgLZJ1noVL1GRiFxLtHjgFM9J6N2CgYggyYaCYVHEALCX5nZDYNxweEr1FJeWKFo4ixMRfHVKwLTpU
AUUQa6FaWw5QVkjpqfkznELhZBQA4wUThhgEh44i6Dfb,4500.000000,4KrQzHinPsNXPYRfUA8CbKpGEhUZtidWrzKJkUHhe3o5vUJSuD4ouwhEVeHmzqCqSvfkyViMJkQqgFWN53BPYrAX
37zHMiZ5acNsRDYu18tQGDMhB81P8NoEq33E4KimzpR4,4500.000000,9tkQKbsGD82CVLgV3q7dBdArUMfWqVdvMyxCS6a9TZqA6TMtktAJMM9a2hu2Q6pqcieTD6YiqrkBqVJXRmp3zw9
AAWenS39oUqACqdPhMgCxv5n2n8inBZiDJhEc7NT91ux,4500.000000,46idvFAgE6V3bHFf3VCzD9LtgNxx76WS2P91Fh1dVZMjkSWqjCdyhgN2TBDsbYCACfr911EhGG7HcSJg12kWssri
A8jR9KifP2s2dzUzV29rMJsps8CD2qr6bKzk8N9qPiqj,4500.000000,4jC4upmfwiBxNhrjj5kyKUuazbx3BjH32F8oMVAG6SLyL66GpEBzQevB2zhK2pFTqZqG4shLB3k5NYebap8C6uH2
ErViTSeKMHsKonZLWM8Nk898x4KT9SskmKj225KDKedL,4500.000000,2N13upm9jDrbM2g3YF88C87LteRHko2UYDMTmeusU7gdwRgYaT9bNpd5yoZm96g12KmUv2G2a1K11swm5PBc3KZ8
6ZZKu5WSKGYwfYN1HADYdg8XPN6PhBGwaJMAs632SvWi,4500.000000,3bySowVHCty3Revcha5aA1op2LrhQEe19dTSM8zUez7pmWgV1JgZQgQd9WfuTmkw8Aenfbtfg71phzKtL3x2vMa1
4w3EkWaYvAjUPqtPomh491sfzkKzqTNRUEQQod4wvp58,4500.000000,48hRhAYYVko3ifi6BqTdYQPc7Z7wvyvVWSGPpaAB6DQx3nVggrkVQLdrqeYDQZDLDeyHMZ94NWBE1owL6G64gpWu
HRXmjRTGD3DMH4Kz2RAkp9Vs6Vh6LseCacYk1y1AzuAC,4500.000000,3vXyX6jgCCPW7qu13WCXkB3KeF1UbDcDmYsN7yuLreCU672XfToL2u4WahM2UwXEV5vaoxDcNzynDguxiPSahcmx
GHzyu2rxPsdoZG8h32gvKxcobzL4hYyxsJ8Fj6K5R9Vy,4500.000000,2hbzmSJeJCvYGfDJPt2x4Se3zYpvKDR8iYXiZKXUVoRxEEomHUPVvRd2DbmcRkQTuMJLnQ1KADQdzwjcXRsqvw4y
4PwH26pbfFDGs95eK6QNnxRqnwQnSiN4QvrcNCyyH6QH,4500.000000,2rDPFkoh3RnpwXeKfWdzBMJrvYLcXdQ8UNq4mmpMXdMKgYkBngZ6o7h8SkHbqNcPTPGpWYzGK4G4PQrdAMeK2ebw
GgEExJzSs9QmDoSNZd34j5AkiNaFX9d7zQUqboUp7bC6,4500.000000,2uQQSWL6LBq9gyMyBvKe4vUzijpH7bXfhrAM9VNKZPmBTHuHik3uxYh8U3iMPXZ318H8ohzDBF7fF8U7c6TpJsZc
BiBkHBrZE1ar2UJx86PALpetc9YvUb8bw5dzSitFA88H,4500.000000,3z3e6TgyQx9hDzNFHwHnUAuMeS8WBbAo7z5J2dQFGjrkMLgzKeaSvbPDDdRDrS2RDfHiPJ5zPR3bK1ha55f7kWmd
5MgVw25sBvMzWy2msvoDCSzPh3x8qaY5rPbNui7yCaWP,4500.000000,2hAqcXnQazuWEwYcZcYM6fw8aqEXem4xEWWVJ4EaBfq1wRDkQV7jZAQ8Nmq9G9HqygjvwCJNRg1oRQPZd52b9Cx2
959tz4TYUgDhDAb5btAX2kzJHigPvw1QD1XpHXRWksTV,4500.000000,22mfhPjwJGNEE5JWmXSR66bY3Po4cUMuUu8GaTTcMDfq2U6ZgCqpszuY5r9QM7qySoyoByhrVAgZ22e69A7DxfZL
5qz4tFbczamf7anBEQn7KsuM6nWUs8bSwFuy9wnHYPZP,4500.000000,3ePeffuWn9ahz3zDsMitTxLKeg23rquRpaamAApoArtwTKooU4hR97SHJSCj7QBruVaYs5fZaSJ6QruDhpbKH7M3
64V2ahKRmDvvC4smUKW2sEYmkPxXMyTJNPoGBG8fDEVr,4500.000000,5cFaAHz4s8QznDAoDXWvibd2DCuJZCZDQtncgmM5MHCsaaXM9hoJbXNB946X5ydww8uJgV8GRG7NwcTcrr5PVmbj
6SDCJPYjJkcnTZzs6NWynfTV6yGWDLEKGoqYceroHAUX,4500.000000,4NtYpbfMw4PvMtG9cW6WqV7p6rmhPi947AJoJscNHPXjqVPBVDvvACWsbWKTxK6swi7GRv9fZuwUNHkRAKR6hYEh
3jiQsJnoSTCKbsWscWgKoAdzJCBMp7gAntjDNQXycFYG,4500.000000,Yvq1zpWzhprh3VYyKaqqqwRSRUAnMoJ5MDmuwEqtQqnJKC4yAtarxe4m3qazXuc6h2E3FUqdn7gSBM2pFPsSZ4C
PkWAA7pqa4raoHdb6oR1nr2Umk7A2uwnzv5jtMYtfLW,4500.000000,33junV3aKWaVtjgc6DJYaHXvYPrjfmrzd1MmXWa7fcB3WcjpLMHx5jRWrwgHvmFJghWwrk82rMeatiGxhnXhTtB3
CC1F5gvxx4TjQgaFd5dWgxRSpdE2dGDnTAaQrpXctMD1,4500.000000,2qLZpQXu5zrhqAHC7VnmbYwqZVwT6Pvz1raFtM8M1tBszvBPPBpNNZ3osU5YQ3Pg2vqYUHi4TVnSLRxusBqkJgpM
6GymdCWhYm9QL7Tw9iESPs9asY38qta6iGMpwaL5t2za,4500.000000,3pUUZ7zojVc9E37VQ3aDCSshfmYrqyVLVJHX2xvBkqtrkZQqAFqZ2A482kdevhX9NazPwNjvVJAL2x4weXmwSD7m
EzfT9AHERM6zAZFyro3RdmZM9NpwmL5SB4fDRUgKkvc2,4500.000000,2bZNVvQcvGdJRWvNViMkhqsHvtfgi4fqdd42ihFVxzc5t6SNYq7765kD4w9uWZ4YhqrBdxjHvp36PfQEwbFom2Dt
5jbKJsdC9tBNVJKvpNG3DPWSWwWt4yUeZHumEBTqjvHt,4500.000000,Pg2gDrtKjSUKvwV6pF1FdhtKUTjwXWAdLHRGeHVbRETvYB7JunrKJpZnfwKGLxWt1zuoGJWXDZszUeFCXY2ZbHv
CMmAzSocnq8za1CdLktVjNYZ4bjyA2UyCupVTyHjZGJ3,4500.000000,4ErLwfDQoyGFmVPdHqQtSChGQ8i7AZSr3GtYdKvTnoMY5uUUtiMybcwfNK8xnUbAJGBYhtRQ9ecQbtU7HtCm57UQ
BVVc7fBi6zDWmV3fV921p2PzpdpeBNtoT9JR3DuDpj6C,4500.000000,2Rsi8qdMU1PA4FmzqmohGNYgKsm7k1WQx44LfcKZRSgZdsYQt9XKbUrehFL5aBMhiYhhUuSN4HdRXXnmDFMTEzFv
3ZZDa2fj4unVQE54TE1PUgWVNtrkKyvY95HMzAWDRAAi,4500.000000,xB1q1JPreQh3LBnGHppfcpjTDrT2dwGNJQiqjyfMtXT2gceLSkqwQif4AgYyhiAr8jfJtgRkVw4TseTdyBa4VnP
BM41AahK8UCqoqaTmwBacfFw2CziaNxVnZfP2oQbrBia,4500.000000,MM8vqN5Xw3Dzao5tryiT5kGsCvR4HrNtirA8KX5Aupd1o7qVURfJ1QsqRkTYVNjBW5q63eqgbBSF6Tc6JPgww9y
F8nTcaXJAkgZW1MwomJmRifRCikq52BgL98BSMJxxLps,4500.000000,3g3E61bPDe8sKgHuEFVrkCWK3TZFPZb7PUh98Ncyy87YnPiC6nihv4mrK8ZggJLGvKshZkyxvujhXmNeDHhov7qp
3ouu1sEJtQzxAofeq2Ao2gg7XKGgdZb5BZr3MkH9euBU,4500.000000,33HAYYeNtS7Q8FMH7TpKWdhu3HTHmxtZMtFPZbb8QnMwh4PrYVTbRK7TuXNJX2WrwXeFnjLKBP62TLZSnksW4XTi
3AcyppJgC2aHy893erxMuVecMWBewtcxYMVPE1zdFvL9,4500.000000,58drnYnwbTMe7xJ6wyqUZM8oGUyR6x3EmajHVqW5WMu9hV3YrgTCQC2SjoCgZbNqWFtAYaJScNksuLWUrqXJAQJw
57jL8w8MtX487DtrkSNPMv4bb4ZvhiNZq2Sb4MLVGqj7,4500.000000,u7u69WCQNy48epzKqLgQHbHNxPs9VAGJGKPDti9e8NVMXJj1Vk6UL6mwiDD9eFEYHhGDUnYFcon3NT4A5xSkQjf
6DmNEvXYVeqeq5TvBqeTv2ZTkAzXNiuKf22m38XrXSde,4500.000000,3KNZkuQHH2ABXRDQzP6UZ5BdrZAzv7fbLPy1J4PGvmRGAgSMTwYMe5rr1DjhFPq2pWvJWk3BsyuEZeHPLk9mkAqr
TuHp2m84Rou1TEGpMksKQ7Z7J6eWBaCffk37Wd9aYZM,4500.000000,32R646uBE9v9NdjhGDUDwTc7hTqwTEPZZRpA2cWTdaxxg8XtRvg2crX2pnyFfMkqWMkaMzesqPxm1PdJkvz4tQrm
2MaW1krwgcYSE5EPhaNVbnRzxX5XcHw5GLDmwRfCeKPT,4500.000000,3Zh8pK4S2PXGdPDTnEERDH5bXPM3Tur89tBnCn2adV1rn46ywoKQJjubmP6zLNRFxd6LZ3oKmv57djwj1FHmjUwk
38LZCSZeT4acfJ4GpeiSyCyHzg4utsN1S2n6HYGUAmeg,4500.000000,34mDrvEzM3FmQ1cKjPwzNdXe85YU1SYRPUgPoSPQL1ky1Lgpy4Dx2PDob4icj3Wb2bQQWfN2eLbcHEaRPP5RBqF5
BzF4DaUdK7XXhaBRp1FsJm2nNxTTsxNRvUQ3gqEZ9qod,4500.000000,416upA9bNUtk5xNGUUbjr18pFWUagjaw1XjqsUi3JcCcMmF5nfnGJyXQtqH99NKfdAcfgrmy4XSW7ahFmyPqv2Hw
HfidBRp2TgrbunUuAEpeBdFsNabUhTxBhmeHgA2DVYZJ,4500.000000,5WqayswG9DB3wCwjCavftEMjP9jL4CXgYxrGgqbw2Bucio6pCwZE2aJhcump3cLQBDcA5T9WXawxU8CeoqJi9dsr
BdD1okGCgcZANB4Zw4dqqfW1iQbR3s9qkEPVY2zrUsxi,4500.000000,57528gtPQgcTCU3AKyx6dhMKJ2B6BiGm6dk4QbyjcShZH7Bn2wfzKpTUMvqGgrANoRBEVyBoJrTdvQyRLUkhdGp3
E4efNZfXoH9VAbLt4xvpRB1ZspYiKsdmYMnECbNLv1mw,4500.000000,5Uq45jUkHtwQXuh65NEJyRCaqPwcGferXPb97zFRPEwx5i7pZCAHH3msgZ3PixPArvdUN1VLXTSLBisdVfeBN8GW
6Xqo1RDfcNuKhzdbqhwRetuovm9p9mEDkEY99mWC4EHc,4500.000000,2KzPN663k8PZ2h516RaQTgYosr2YWXVsmBKb7ksGZGk21Q9VgqpMergCyUjfp83uK4A1QA5fHJp4yJkX3vzR8BKH
AnzLFmQPFyYkbVDstjLcHK5FBGLJYJ5hD4iMTHVWTDTu,4500.000000,2JjHJBfuHtMJAAV4zPyk5AGptFWVGA5prMdhpnLafezDnfVoDmjqvECbfwyof47UxVQgQz8o5kH6fe5XDdYHqANU
4KU3oD82whroZJxgWp2Yvc2qNdqqY7RirHn8XcVho4Lq,4500.000000,7QNdaniZ9EqE9zMveGKSerExfJX8fRYvLGgTsBHgdQXNiLUUx9fk1xvNeRyExqK8YiGcVYtpAXNjP9r3h8iJJ9v
8dQmM4ABYxzPA152zAHovvub5QuUmFHsKHwuuzFUdmxj,4500.000000,3qfaGCQQrny8pf9fA2JB73De3EZ3XCmCRpFmTYfzN5q3e8acwCdx7L6EqpJisKo592hmZ2qxtnwx6ANWt9sPjAmc
BpwcBvE1wWKJ2ytzpiFNpcTkYNEbNEKXhCws4b5oo9i9,4500.000000,51CNnGVpPFyUzNPDyqHBbXf52D59yzuh1daZw3XHBnT8aGooSWsqkBQiz2Jqh3b4qycQJmPY1ifv83AQsVwSX3HX
6ZXDy9v3HxVbdSWVhQ2uWbCCvQmZ6a4B6tibqgWY1PgT,4500.000000,4mYx59ND4N249EnTzGyk4UMUeKYg4XtGKJwjFKjzpno85NG1tCyC9DBfAqzTNBCMrjq48KMGEx1x8VkVpYW9NRC8
8yttg2s6KKifWm7ZWkf5SVCZW9ByZ5FaaSf5uWvzyKn8,4500.000000,2YY6nVNeVqo2M72sQCS4Qa7EiGiw4qwsMb8b9R3BgjK91zQo2ZdkNtRyijihLBnX4V1W3PNqyDxiQVHzDnnNmj7m
JBEsAFNRM75eoe7xirs1CXsoCy7LCAN2nibjDJi3BA2W,4500.000000,2vTCbtPbNdNXeypyHZHNKy5AGrexHYso7gkp3nreGk5jW5AK59mSRqVMFdUkZatZRV7XT4x3JnUc2qH2BHGNrKmt
GwRHAfPTEipxuBNvRFPCXfyoRhvcPaVJezv7MADMhyGd,4500.000000,5DFji6heCjniovyDCQ169M7ssbKsAe9mEiXvBTpzaTwwQqpABoTdykyHapVPFruRkgwCrcUizuzNzEa7yBiDdeng
CP9W4iWVQ8R3PQd52uu5xu5JEXkX6bZSH2KhNqbh35Fv,4500.000000,4CjBq1uXrer38BuQsMen9MgAtCqTPVHdtBwK8eJnQQjepDbG4fvfjFXezsxfmrFZiEqNpRnuo5FkwcH5oKEVHRHb
FApavALKTxn9PmGhcorzyufVsfqN4sseXN2M8MZVyxJk,4500.000000,4LN7gJScVs8oi7MPvnUVTZd4AYHY4QhTeU2f6LtWbzeLtArEpwZzWi8r77TSbkT61JdLBVA9GJEKhzCnbxFjqCbo
GnyeXXNpuWuBmJ62ryc8nRH7Jz9SDtVR1ui4W3u5CaEN,4500.000000,5AQiYGFQaM7UkUYNPwreQyG5j9TPTMNoe16zSeWeZbbVSexn5B1jjXLtjiF1BWnAR3HD45ewrehQfqpZdvuwoJ2T
7R4zt522aZF9YxPvLUFZnVWQtQDduA7gnVEtF7aDqNj7,4500.000000,2mtw9FFXdmredcretFUDpW6CVSow4mZ7gYZxMjPARrD7TL53EpfUmYPzwktHBD9M37cmBXzapQwz29Q1yNJu2PH4
9aRqT6XyUXR16yXPYvGsu1akja7aVjFEc7i4uCSKF9Jy,4500.000000,67Az1qZzgjJe8541cSWoE8hSjuiSU5kHgEH281gz5rMtfeZHJdx1w8iHPuikNttea7V1FNuB8BJdWZhEYeMz3Eck
NcGZCdrLWk86Jt8q26KN2uZ9TPGvvPQ7ELKxtun61Ky,4500.000000,zTX8YXTR4Ftyx9munixoPNu8SnbYmHTnXKVsz7HVCD9NJVm2mfgpRSZPc2G8Ctvz2b6MF7P7JwZdKX1zrxy7Tbb
FSovmkm4mw9daMu82JLbx6qp5LtscDG9yarTJr2Vm42Y,4500.000000,43wgMRyGoP7V7NF59GTDrCnHwxxvWDyqjEpc9KVyv1PyXnSaac8qspZ5EKjmigsVtRTafAt2wFbrdfi7EaBvtCn9
FpA41pfu5WSPxfKcmKfbKtxNbbaiWHRJsL9qx4T7cWyy,4500.000000,4ZiKxxhwhVGFVUdFDbVuGfdVaB7bCYWvt6PYrCcUtvvdnkF3CJrbfSAUzKkzim2grVw4SwJKZMTatynw7izWJKcw
FpHeHypGQ1xyeeDeh5m4s4Gq59erjnE353oaEmDG6hhM,4500.000000,2gdunxUjXb57TgmSghSMVfB25FyNf9yJHRxr2ZNTnMmbxRtS9W5LUehgY4GR2Q9sxkSXzs5PUf8pQf2g2fkmhm9o
EB9aidCaaxMHj35XFq6KWqFNHLotLWHM9iTsGrMvANZS,4500.000000,ZhYPX9NFEBWF8C6KUyWD74k9gQkhsAWiDV1wGVpYTDY64kexYEWKoKMscpUT6cD2Vkxf9ubwXKpewjbEcoxS7Sf
3dgDfxZGXaRyC9jk5BU8jw8xSE9AV2F9GE6bfjy5WArJ,4500.000000,2N1fpkVKeNppfi7YL99S3537xiztsZ5eHK2rP56cb4sxnuWNV1ZrsSm4jWRdgzGEDrRLzMbdkaN256AXKvAscKES
FhrgCyaN9KKQMfaZn8AL3hrtPpUfabKJzMrYwCWSyV6i,4500.000000,4bS4H3qBMn98e5uDn8AuYkXoYyBPaghteH8cvXDD9d1aKm5PuSGzAfMcsb66YvkhFA3maj226QSp85ggZs2Lcv8y
DzoY3JFMT62FKsB9Maouwv9NWpwqDQzxa4LeMrTfRt7a,4500.000000,3Qy3swFxiibZJmM2YxrHUzHVFLi5cxdRnjc8wfQZqnEwZSET3ZpahxDYWc3ar3mYNUZLtaWdcLCya4xWY6HkU8wm
6ECRWgHpsL243MwNGxCocjdhWn1JUvqvSBjHiyWCwfp9,4500.000000,3UHEg6XmoxoUZEv6MGL1z26ZLMhNUxAcpifjPkSA9pUprj2gkcpMkSH4fptXHCRAEqPXrq3vNekQzYYiM49vei2q
8ow9KgnT46WBiDjEmCk5F3yF5Zvtnt25aDqDRrPezRP2,4500.000000,3YzeLKK912ivDCxh6BwXGZA2Mrt1SbTPZpuc8q8pzurdyDk5VGCQrd683xMTyphGmJthcKUh5pJtUXSWK4grUgmd
DgGi3mt3wz41Xc2w6ZKvNMdafXPUCivYrmakZEhwBhRF,4500.000000,2rzP5fD7JtuUwEmEKbzaWVsAGgH5Z3RM4Zb7F4GWH9tS1iDFJMY9VzF2SH2SFnxvuTenGww2ujZHaCH3Q74jrAtG
9sQRkqa4a4QGdY4v6WznSAkU1ENmCbULnnkyEwP5JbDb,4500.000000,4MHUheEPPzsPmRapifDPFkyXJRKdxMzcPuHksh8BfBeergDbfr3Dj6MR4tMLG747X2HqWe3aXdWGV62ypff7iCTE
9o2QNrH7PVAg8vJzFT4sgPo4rDEYRgjGauBHMxkFz8zk,4500.000000,HxaGH1FWJXTRTX1HuWCQ7EfRwazSQpn2zFycdjgdGWo4Zvks6BBgGyfJMufojwbdTDr8j155UBcJbm2wxVZNBJz
27eTn2tyzNrDzJbVB46cb1Un6svtGszgemkrU6mt9TWu,4500.000000,61oY3SaC3ixyFquXt5tKqUEVdXSYchQen4au7eHVgLnUUpovo19NjojT9dwDq5y7DyCrZEUYnZpWCwTN16M7rAcF
JAtBLyRG7Q5NDyx76aFcTspWr73KQtbmaAmvHhVnSmBg,4500.000000,3cM1XZDVxHAXaFCjyhiaTgg7FFfx6xuo695fFAWpftWah4XyVYp41aVNnpJGMKiqPgjwe84z2VNRPZQNuNZJxSWJ
9MvTc5L3HatFTuk7CsjgkcshBMVGTjWurhFjnGVb35q3,4500.000000,2EvdCYnaWgd7hfKAVVSbXNWWiRRu5NuLETuvddXPD1HUKpAWnhhkypaAafVbfF4JMh3cmhxEwiegAFR96vxtThPH
ADWH1xffv4F65tRhP55EkAsWQtzQyydA2wcqdwidcL5o,4500.000000,126rzzVHosiKb3ijyA1f9Zyu36WQ3vhXkNXQ2EfvhABS4Hd9wcTgD5oTT5TAWqfFN9ShXKgb89454PkJqnkohETH
7gBwuskNzkp9cYd9edZcud6zsRqPCprBk91DWsmSPxUU,4500.000000,5VuimjtGM5Gjjc3DAuonb1pEudKSYKfBKkXfTL8a3Xce2zwvs1fKBd31ZvuxTLdgyAK4o4Z7BryJZpRDoFoQ1Spt
B92BidKduVpfKnsVCBPgjQN1TeP9SsFoNQZtwvLPFgo2,4500.000000,2XCqkQdHRFNEFgN5WMQEESWCZK5uikF1BodmyTqr7TQ4byQH8msH8j8xzv8eMCvP48VTX2xS5AVf1BkER9oBpJ52
5a8NZ7ovvPKTHyLGLaBorY7ugiFvguP2eUf6p6hsScww,4500.000000,7SvFwZzrKL7J8ZwGuwwpMNh4UqbGz5HLxNRKWNhmMArpmCyeEe1KaSsZiREmPb8BWLXajAHRXq2754Vt6dEXuE1
FX4NCpvw4Dwksg6AFvfz99xqxwsfpFSR18eBGQsyWhbL,4500.000000,4wMJfsT6wmuZsG4CCdprKyv8Uy9mfK5BRbpT9ieNa4CJEwNq4YUAqXSeNdNt1KzhQV1UNoxxryfLb1PGMY5GxMsT
BFs4NEJuQcqMDNgt6gAe7FcZknSHJXgZo2myjd21oA9A,4500.000000,5qWhmrrAPzvrFnfpoWcdgbT1cCDfJD4RrLRj6AfLr1wn7d8guxPGNNmbzYk7YEhmJ1DVosd58enznzg7HwKA1oQ8
CbMbkFEKZuXKuxcLxWRKVg74onMHfjWXcZK3hamJ7yJn,4500.000000,39odjSu7WNUnUjMGTd3J3tQWzWUeXizgdf6Sh3Pv1HGUKL2Ux16LdTe4CxZP7NjwT1JcN6YJmJqFAXzgqVToEJC4
YvrNY6rQuUk3AaW7HdWMB9tqe8A489B2EFmM4bexzaH,4500.000000,ApPpBmYft9RaXWzgGbBQXtYQ4j93Na75GCwRrgZhPcA3kJhj1qK8KirSPcAZpvKhntYkSnU1quMGptaXRSF3jrv
FBLF4zqe4m3TX2kYUir5h4LhDMch7ebFrEiSgWf8pPAZ,4500.000000,2pDtAUc45JR6XWk5SaNpg2K6vNGEMJCkbLhMkoiTumA2kgCRj3Cf89BhFouaPhueH8WpnoRa7dkbKhgRndhgvSnZ
BFWGzRp84SM8Wje2znoSK7pjU5CyGJR4MxnetWQjUy9t,4500.000000,5E1cGSrkGCYeQmfWTxrWGUXw59bKSNWUcVnrpF79YzomYmeejeTXw7A4DgAKsE3fWKDeEjupBzKnyYUVhZxYYXWR
79W1GwWoUwoo12udgCYPQ3uCdPKAAKM4fHivZUhoSkMT,4500.000000,vogXg2jxDYSp1Am55cuoArrAWhk3GaczsMugSUkqghBfQMvspvZhnNAekfgvMEokJbmALwGYJArAQEcgqdKxn11
AmVbVpvPZodnCbtuWBAQcTghrcxvYRBdVnmcfRf4jUFQ,4500.000000,3t5oxq7ne9VMp6mxkcZCZqryFtaCCL7F7MU96EchJqVxRJ2yFFrqLRmHCs74JMrZRymY3QG5qggnRporTdaHrB6q
13vPUgtS3BzrM1VRqHNTt7btqghf2xvknW6d5jr9i1cm,4500.000000,8sEM8dEhMAxVcpk2VpHUipybHuEtWdCwjubL5gRHrVwFjMLyuMbBxZE4K2k5QKXUCnMCDPwGULzgTH42tNGEQii
EQu5HBsJ3FEmxi2UUUzb1yTexexd2gWV24EzogUCxjnz,4500.000000,3NAwQn8vXCEh8w9LCB95p79r9dCx6rmuYuGJ2WdkEPQyPdCBgie2m3AMdYn5iKGU22K5HNYcWYiBX3ZvPsVyZm71
6RQ5YLCrLYd2SEU7XVaAGinRhYbSiREuKTHvo1GHRCRA,4500.000000,4UhwN5mkskoS2868s6waXGeKHc9fk745pnsmcJa4NtUnbZPZWbEBSP9CX4NZzvzpcDrigPrfcGDJUzYjQxoobyE1
6b38yQU4kkaAwPcYZDf662gp1XbBfdSWtnWazy4k12dB,4500.000000,5RQfSF4ggV97P8wYVksNp6VuocgQcY77ar6iewSZKNx2LJWT2JgZcNtUThbHx7eDtVejiRVCF1A4p2tF1Qxt5PXw
4gVvfn6ZhVKvpMyFbjnAZW3NdRzo78M4ZwqpUcw9TphW,4500.000000,33KNxu5EHpZBTsyPnGpDbZdnv2fLwu6AxtzR34WfYdUek6LDULT6MQayMd2k94tTncRH216eLHyATJEhcwP6FKdT
DuJrw3aaYsK7XByAvtBHXutjoVCvNBxgp5dAyhuSRupr,4500.000000,3m4y4P8zvzcr7bQuK85pr5jKYDbhweJwjPNeFPndUpnPsWYPNtXU7VN4gyozrzjj2eiqFhAkxwrzK8YdUnY7Bga6
3JZ9po22ZyC2jWiE2VFTo9BXi6u9EPMNKfysGhtKxgMh,4500.000000,39FRQFv1o2a4b1BVzY78jL3p7evT2Gn3LuqELUiA5DbWDEB1Q4Sd6LXPBEVdDhzwkT3DbSfXCyhZ6MyDjNXQpSSP
7MTPdTaTtzyY4FQaHQ87sjZ4MCBSUCZsgW8aggW8zjX8,4500.000000,2pSR3BYGsNGPGTpL2U8Y6Z5b9rEgjEaoGinfdmSTX3oocBjUAHMp5idQu1qJrS1LZv9UDtPb7NkRHZZYQgjihypn
GFDtEwT29L7aZGiGHnYdhZTbKvcv9qA9ZaApERhpmNNz,4500.000000,5bM4YGucaWBuZ5bLsr1FBc4G84Ji1z4j2p4vj8sLaGCjQhywcNWhMP66dggtXvVJqu45AR2kFYdkckeY8HfmZ8gp
GrEmcZPQEA4sTUp4HrcJsvXqrck1ua8c6edaYRStua5k,4500.000000,4ZG5fR9cDw3DG7a8bZpD3GUEoPs1Gw6ivNo59rzrfGsSN7h99VJQdY1uDPoU6b6beQ3k4LivDNx9dEXSqUwAM52L
B21cUdEEyKqUK7K2PSF7xvVUBuQbFeoPZ4zhrGt97Y2t,4500.000000,2FifGEEfRU7joCLF5YgcqQkzZmkrs3HkhzijRzhhRQHGY8fHMAnZaXcjvQjXYXQ9UCzZKLJSeRaBTsGabb7Q1rwu
DtJTZ5eENmSUH6gEtweLivYn2Sif6B4qrynRy25hX5p6,4500.000000,2s61Atdhb4xwJq8iPWYPaXjX5EAjmYz6uDYgdyyziZWNtLbMvbxfnUc8UPxhuHPBYsqnxGFVZeB3Lb3xfCBVg6x2
CKFDq5LHLVT67Tg4GVDo7KGqQAzTuq1gxQZuyTmyrof8,4500.000000,5Kp1wg21nvvgtTzX38EoX75T1gCV1Srps23HGoy5P89eZ8GZNB3Z9LDhPaDe5pYSbGW4rpxEsxBeY3kyRfd4MT1F
ZfofMbwXdtJew2HjWLUhVBTs51orbbkM3PSvVHs1axp,4500.000000,4XkhPxjHvKabxW59rVHRfiyJqmJRVyNYcHVDDep6UiR5BJLJr8FHN4aqeZETJiecuPYmfVjtHkGbNUTPdXaAa4SS
5dfodcTWL8mgND3y5U5BryoVYE7pwb8aXqH2FJED6hqG,4500.000000,6JthDBoxia3NJ6y4u3USTykTqmcaLa2KygMBDQLXytGhVKWZDLfCQCprLbxQwj1Uqvd1YN21jNScpbPXT1Fx6VC
H83LR8Hqnv6Y9ed7RY9HhJ4j7FcRT62Y49Gmv71fAhzF,4500.000000,4wwQpS8AZE6Jxg5Xa1UBqjA5ESQcAahg2RkwcmJVGfyYq2Yu1iehtHnixnG8r52Vbfn4ZtrbPbfAM3agE9VboH39
t1GXPzBKRRKJFGJPNMPFHA65oDsTU3z8JnT5g8NvzW8,4500.000000,3q7C8b5N7t2PpJi9HVS9BZE3RrkkhQz3NkzETgtuNudJqNbexrLpq6pUhVweiHSGA19rv9n1RudtWcEfzAQnDUsP
6uWrh2jftpBEcHrezWBTtYeUssjHa8NeFHzjqRKhXtqR,4500.000000,52p1cTyXaoQ2iTsBHDCK3LkC4TVjaAywFgyj5AEDEJc6j94x3fKQCPm267PPmTodQ3mkxfBQec2CFN8ybEZLwQyv
3rNFPmwnR7DVBCmaMqk2DQXgpE6EeUA5rdieRpE3Hwxx,4500.000000,5xaTUsQJb5zNS6Dzbj2GxDRf11GBy9Pks9gwgGC6tpDsTKwx5zKv3CVyUEEdPKiri4ytmtnRGAn4H6GjNS3QQa2b
9jtnLjHZucr2HbVbbaKWMRRBBZN84t22kPAiXNaZqh6U,4500.000000,4rBCEa8tjxhV68v25AZX9rzGCXb6hw7FLzXj3pyMbrpk6f1L4W7qXKC9kVBoAXNFUe9mgiRvHZgiGeEnVSKvUDZC
B8V1o4YKrSQrvFq2Vs5gwKaD7xBnZApULScGhcGgwAye,4500.000000,67feQpyAEYv75MzjpqsgVnb1FQfxyTPQ1XJoqtRhXnQpYBmMTKiqzQQ4L8zVpEaMDG97nH5jSGpjxcpRbsBs4TY8
439C3uzkMFunQzQRtMNhP9vfKwu7qfd5bhHn1SGaSU3J,4500.000000,2pS3LVqwZpG4muiFM5mbH7pRWHZFDnJ3gzWtLbMYNu66UvcsAUd2aD8oknfsCZ9WRJt2vHKySCmiasybg5iEYaGu
6CpMMhcwPdxvCVQZbSGJ7pD17RjAdkXJ1QCRQgG2288E,4500.000000,3YbanxCwd9p5p3eRkDvCFpgxs16FPFpW962uvPgKhajm1XfZmWbLJ9asxpPQH7TZSb8SnaNoY2yrphdxqqJ6TpR1
47SzbFx595Gd3patvgnY6QMbo5HUEve9obqc2Uv2VmyT,4500.000000,2DbN2EVWp7McLWmpUhP1SDdEgApDj8eq7sepTYvmf4ExE5q3yPKtZns11LgjzHSUWjdxUfhhcDMpCdxWRA818CkB
EnRYAG5FrkrtpR7zPvX6zut2PURwKcfcg9SFnjajKdob,4500.000000,fHZAa6g9TjedFu2VWiu8EzpXi5kgdYV5gAYCGR3AfC5Tz5KhAqCdjjcpNnpVnZgxdg9czoD3zxAT2yNMAPibNPy
8eSjyfP4zYnSz2khwQ86woXkRbJucd8k7dx7be8f8jeW,4500.000000,3xp4WAiMznqx2yFuNEZu5LbSfmpow5LFDSquA5hFdsc2zqEnrAQs7PTNSjMf8iARnQQUkxEHMX6QjEQrDSeHxc5u
ExwrVTuQuBVE8c2tM57D4FoCsZmag8M4ZgVuADCPBUEx,4500.000000,2NiFTNghDAHKvB8vDdPCSQyUcGTdAWd1CMDyMXnvuvzamrPfTtaPtYeWn5LCUqfGvtqWsYxTrCdNrVtyjCgtToPr
B2qDFr4DEYZCZe8cjQPwQsmj61REKZCAch4TCCWSnULS,4500.000000,3kDfWkfdrXpktiPByV9eXxosHsfykShgCSWXEkwyn578ECBZXuz5roptcUvajymvESYuqJ1F5B8ZyEuBja94fnZS
DBS8Kp8gM6ZMu2a9vj1oUAKeXwCAtFT5m2Tr7TF2pRyP,4500.000000,5prMEVfR8z4DfawPNtvNBu6k6qRt9vVxWWsBaFzFmUY5GQzKfkXvv1tvyGdJNwR6tFsHDu4Lit75P57vBoK4j1sy
3n439af2Fok8AZupec4bBRevNGVUCNQghFTvqww9Qspd,4500.000000,3e4HRjnC1M4qFrjSSPYbP1dQHwyU1YYieYKq2TGhExFuaMFU5PxfTBVecBtT6RTWr5ufXRrSgXRtJeY6yjdxyHGy
F1ZH7rNgucip1KWnBdDNm5Hmvz3FWMxeKK6aioRJbQQ5,4500.000000,oU6tUtQkzXYMH3RymXdN7xcdmq8QikGx4UJj8N3uT69ouLAwhFwdKJUUFCnfaGxeFLMa9g2YRifbLQEYHpPgSYi
EPm8EvHHdazVBhRLbi59EZTEcRnxbbwBmz5482XsJFWG,4500.000000,67psFa2bVfifVBxA2hGjpdV4Z8qq6NNzNNz74btwfhjcCJAmehjZLzQbmSSJR1e86yJt1uDhjo9b9jLVMmYJL9C6
Hb7Jx2TNVKzYJ9uQ4yR2HJe4Hgfiffo1EJ6VCh7dwVf2,4500.000000,2pTmogtHgU36iwAtojh5dUddn6yckWzWKspp8a9k4N3RWHGe2PoRz2ZRHS7E2nvyi9cCgBksx6V29NEcXdfpvvRd
aHPGCadiWmBPhgrxpcqeh2d76Q3oHrxARL9vQwYcaat,4500.000000,4bP5yCZCNLW3GD7wfe37ozqE4fzLJZ67ja643tN2X9gbAZqSALMyziXe3e8AqVXYKDBpdeNj2CuBRXk5kfGhntJW
6RH14q6syVLFxMZRB7GxG6gQaUKQaxgKBhafT6KnPrda,4500.000000,2mWNM92rQbsdpgxjUtkEdWdVi15rKgvwX93z8YBgm1LRUh8qWwPs6xBbpsz837QKeWQc5FXrjdJXV4igqexfQEGr
7AEFUbWJF1YEN7PXGngiE1Kw9zDEte5rnE4DJZ6N8394,4500.000000,3zJuhVABDxqDxsQY8zpXNhomCRQq5THRKeJ7HPJhyQmQu95EH2jQSZVVPqpSXHz5ptKzsJSfwPvS1FM8eo1jrqJf
5FW3wWjzQyQEfJJfWC1cr6HqZtpA6fPbeAZvX5u76eQ8,4500.000000,5nSZjjNXEJ6vKt5eBUAYmVTvWRnDa58RnCqDDLsCXRwYJ59t2bi3Y9NuVag5xq6Bh6DZxwwiRKP2WwLTsQfHbwWD
5ygqDwdS92uaUMtEizY8ExD6NwqrLeRT6Uq6YRtQkExN,4500.000000,5Y8wr1QuN781mtwFNhYLus4f6zLFJLejSgpXdD1Ak4tpgy4rLR8EjdsgFLdkTs2W72VzfwLHbjW5X6xE2rTYoMi
Cohr1b81D6WQxNUEAJVLrEMGEnuSaAGvMoN3jnEfRjNX,4500.000000,3jmfGpxff6EbBgm5j41wj5E139G8BDbfK8B7bNyxR95VxMR5actrhaYZqRuC2ptJpn41A7DffgFRYS2LQuvqwSig
EQbtRNJe9WBuxDsetnyRJN95xPxKcpbSz1GWDtPwsYqp,4500.000000,4qN8LdsyVRgq1pZ1L3bkabVWzZaKiFFezBFw11soD9hBBhdWg3DFron5DRuRnqBA9obmzR4KS2jPK6DHmncRZcRA
FPottoC3JEsC4aoCA2FYu1WL235NbgMz2A2DDxU4pgSv,4500.000000,2DUY53T3FPUGtiadNKMPtWRsrYS3bbfeUJ3QBhqf2h863dTADE6EZvtk6shzmM7hKxiEPFV9vJVBEj7PbxqP5wjf
CeNdqTspSP3tN8H4KigHAR3MqdBFvNh5RhMZcdhvnDsG,4500.000000,2YphfP7RdwH7aEMeoic83BQYzXU6WaR9jUhhPNEQQaWNomTWVbgxpGB288H3bS3UpVkzr3Py3MCrDXZoBUfSCYNX
ADkY84GyHvgyvQsV9jeQnnS1HtkWpZeiLJh2bpPEny5g,4500.000000,43ne4XqoQnjVhKhC3SLCpqJ14KopWUm2E2X3CQPxuev2azbLEuxHB9nzLVaJq9gNa2VpsyBHF4TRnebAKSnexFkD
4UErFNzfe6AUPUL1xnGpU5grhgtB3gmuntGyV7mkUzta,4500.000000,4BMECnZ3Uq79UzowZc86ySj4mgBcGy5W2KGgh419Cr87xpaxNMrHYmn2ZzNZWSZtvb9aNBKKcsPgZdrdK8WSVGK2
2QJBqub7rxiMk7HaE8YV4z1KWpY3RonR7aBw8mNNdVNs,4500.000000,hw4eh7mmiyHDHVJzSZ5Z84aXfesepZT6ngjgYtsj8fSEDVpz1LhKHyx5BgPzBs4vfFBBCZS6qibo3765ySfqo5n
Aj16VsfegMEtFwNLKdZDsfyn6G1kBd3VcMKFjjmh9Vr2,4500.000000,293iRZNSoURzZLAqfognmTXSo8W8o9dDnMoFUaKLaGegXdmwWVLZW45CfythgBnikp2zmwttnvqBYNZYT513Fhr4
5xhudzjbH1thevKc2SRs2AYiYwnaTC2KA2wDqEaYKWC6,4500.000000,5nF6NX4MTNU6Skg9R75j2RJtPaXLVnk6AxPAzATihHRp2axQVFPqJEBmXtt8nBS8QpZbqeZavQfW14GFUQGNx1a9
9ocp6zQtVXj2xLoeZyWyE6jDH6nXEvjASV4QWnZSmUSV,4500.000000,4yDiySvPFaujPKnk2kK7g12vjf4Lpikn7n9nnBs41vKu4go8yMYYrPzWtDu6yyre3o5JB2aohWf7ooBDCviXdSWE
4W2G7d3wcLH3JqUFTAs1ZQEM3UJAoyMyCgnWEXh6fS2o,4500.000000,mEMoUKaxGdksZpVQpBDxtV4djZs5JQxXMXJJQYGGGqd4nBMLn9YUY5zgrdHC4jsnpjxB3UzLATgnx5ovB5D8wPS
5whPDnZTem9pmKdumiKy2KniPoYmjzTG8duuXuiVaEkw,4500.000000,4TxqQnjQaBNUNKcX66NStQRiZFDytnWnHw4F47H2MvoH9b5KxvCjKCS71rUxemqKLpmoxn1BA1kTfZPXU23ywdmP
GhxD7ruRiySn5DNt9AuSJfgKbgQEFSN46kQPma9aDDab,4500.000000,2ndzjAbJ1LQgQyS2GZ2NusXuXGakR7M4NBugA4B2kfNTXd3M8ydJirFRXxkgCTta6nBbywbM9ExMntKnKeRuZuKf
6vQHzyXsUHUJuntrGWvmCY3PiREybfrH8xRSH5jtNT34,4500.000000,62M6GgZrrQ4EGy2KHo1h7LHUVyuPKoXnAZDL17TLxicznyCNDvDDYL4fsoymPnVVgGB2vCSsRPWAtk6TzmKM5Ly6
BAnexGyWzbpFq9Y19CKp7SKMgbAywWgqFYfjDKVLMsbU,4500.000000,5GB73VEvpvX7Phw5HZwv2FHdRYVz3ZqSYiX17o9854rG99cFqqfUVVWffEHCBabWVwGtUutFQeukqKqdWoQje4Da
FR7PuDg4cQbFvSyxZ3HQ9Bzsw4QBJR6SjEV4AWDYXdwD,4500.000000,3pHmtnmQ3sC4bcje1CoBAdUHNjVMa1kL4stLEQ7xP9sBFdZxARJbEZ3pR3Tno72Ah8RPvG6aSUG1F3ceLaBYeAqi
Cv1kYbw1YdiLsJ6vKasWt7Vmi6uDq5rzD2WGXuM29AYt,4500.000000,ucuE3Zxb3Qji1TCNpS8o2f3LTsCXPqvVwfCNrnroYTziHWDzvXYv41ia5Pxm47NgbsYUTVXgREkZFdh6kfcd4Wz
HNA7a5QG8awxKCsFtL7GSimgHGo7uyvcP1uD5khR9L9m,4500.000000,Xfx4QTAhs1nGvCgS2fAYDLeLHTR8jkxKdDzYHdCdt8PN42tdMddRcqp3uHonc8mL4SF5Bapnonyx5QXsMKJof1i
B7NCwLxikQhqrL3kpXWKg4XVRZaig2fJBF73oeLaLqVM,4500.000000,FyQ9GCPCpsUXMYUAutT7R86Bgs43XsZes9uRSXwhPGtoP5FZrAFmVRmXrDJpDLrxgwSqcgo82dGskK5PLCUuuw7
E2giVqyKje2JWn6tFkisYTgSJ57o7QdFeUNeQ7dgERHW,4500.000000,qGpQ1z49PcTkKMwQLvRzZmXVwxm8cKiPRkrtEAp7HgFTyQjNwdntRaAtMcvW4Dredxu5nmEfNzAcsULxoSZgvbk
DEhWD5iVH8Di1c8Gx6djCm4jPZDcVzeuE7zgpQLAg4C9,4500.000000,4MSmVbV4UPJ4Fd9EvEDqNV8L1F2VFUtwmdzt2JLYhEBFwsjfi7GAzfh4336oEd7NXzpqT4bGmu4xmrAHt1cEnU9w
8JeqBoArEPetMUn4knvbWE5evwNthEpZPD56w3iP55Z7,4500.000000,3VbCWBJYMkBmTnfUSRzXomKX8MiwV3ZMeJR5An1UNvEHHjeDUr5wCv63sJdxrv1KPDwdaWf2GRM5xCfNMs3wtRoW
4KA7JcW46RMyNT8UrXgUeh6BWMK7CCmq1ZGyiKssqn4P,4500.000000,2ETErUnoyLRTjZpMj6KiSdqVLY7kMfzeYHpo6x8r9sBX5PP1ACWNYGGLnvqVgHThpyUKxgdF6yncvRqBhgyjFjjL
DyhoqtwhtakAfEDaLDfgxRSpLxACrusJXnUZwfoXhvgh,4500.000000,4u8WyFXfaE64wr3HqUH1PqpxBsANuFQ65YP5opHgMjbkt3btfroLCFmLLaCfhXoUCDyRMsWafWUnNRd7d66QGMPL
FuRvt8fkKTNyNjG7xkaHFUxB6CvVANsPi3nqUKmxPyqe,4500.000000,3ERqUtwQUGheUDFkajrGdiMqHpB8uQ6epAvYVxXMBgrEumPK8BZBYNboicW3mGMVsQ9boU8WYhTABf84xG4WiW81
9zzgyauUVTDcRtofsj6qoG8kXduat9Q5YSWKjgTdodiz,4500.000000,3SSfHHBu72Tmb76biSrSSD2mkVZMUGDSgJfCrjpwUMUJ9UmaUKXi5G3oxcRXN2MhijnsHRMjNnrcNQGiZBdqzweZ
ARZ4CHBuP3wjkHxmQtMmCoFVdoi9CrttmH94eXDApCtu,4500.000000,4qsFm5q9GzKhARiztqiNfaCHivMXN2G3SfgaqHsUKQWywAU2Y6dKDXD2oCyNP99TXcgNDaqTWtfSK5Q8rL3jgmjZ
HiGQcA8i6ZbK3KayDybfoYTLwAc45EgYegYkEisYrfqc,4500.000000,62Zjby65SR97Nn4iKKaWpsGXhkmYNKaAYHcd1r7LRkC125E6MibeewGZxDoEwmgW6y4uapcAmSmBdYur45D6vYPQ
FMXS3xCtp35JkL1pSwLc4eNKEWRCatdUyK1m5iPJUJhY,4500.000000,4ZgjGTzLCRTsMn6Hn8vre4MoYrQYyFkr9gyF7nFJo6WLqkuDk4jCFqNWCusNc1GiSofCndbmpJZojs1D4PB5XDEp
36ZTu5xKKBqMWcDuumENtxdKHr6JRze6qDarGRNUKmuV,4500.000000,3aAtghn8nfrBaNJmeBX3cF19Py6GCEYQW4vLCdCeroKromJHtht54RREkKVzqGDDDbVAmKZf8sNgnfC2cLLtmna6
2qAWwuyiVRCwvULsAAKgDSwZ4g8JxEkMA4UitYuCSWbV,4500.000000,57YR1qAacpt5JBWwh7GQagyo8jBRGWQm8MdFUwy8t7VCF5BmHqdbni3Jqi1Q1jE6Xn6HvFG2EdXSPTdWfYCnzCzz
8zBHxnKJyGdn9XEwLfJKgf8uYcQkZSPSHFnPPh4Unm1q,4500.000000,2DSHUhuQTuYZVjMRGh2g4teTzYBpYBpKzzn3mZCsNRL3234jpwDy2MbW5e1fb8BbnJtKEegDwrEwGqBAyqi4CakY
GcfTfQs4yr8HBQjbXXWmnYw3pYw6RZmXG48Gtg1cAGdL,4500.000000,3ET9CZepGX71euGmW7X3DJZ2EySHLGZoXqazcLUeZv795RRkyCpuciVX8QvVznTcZz1QiLYEfuPpm9wyRLEYvwUv
AZEp1UnTh3Wj38PVbzdj67GW7ZaeooX5N6n86kebRuRD,4500.000000,3JDv1sHpkqUgNbqXQdWmb3XHZedPG22mSgxNe4j81R9qYufMLbN7npET96yPoZGBTFVHcHBd77XvnLAdAm8BgBzW
4WVYW1dFpToJCCACzqmPoJqM31RyJ2aGuPvGixi74Scm,4500.000000,51Dn1BbdpLmWTcMYJNiJ6586nrZLegHK756sbhgvK47nUnCb6XiNbrjqRy8HYZimh4o2xVYFerHzvf1m977Rne1L
PuTi3hKFMnegu3moDdFHHCwa6duEUPHEuM1W39aBdkg,4500.000000,3dEkxopCuxyuxWmJ91AHAdp42auHL1joJ6vrQZB668gaktte1e8EjtsZ7YRG1RNijms9549rcQsFu2zBEwMFGGJ
AqSc7uDoZGePGSJ9ftnmLbE3vSgcYW1KqtT7jmpX9g3H,4500.000000,28vqzs12eDUNxZwkA6PQesFapgkXWCrXZNi6nHV3H1XvemggRoTYKXE6ao3oN4aQY1aGAG8LcRV6PKAaDQagFBRq
JAGBCuYq5jnkfMbQazcK4kDVy5aUnXPxbBjtBwDpvbra,4500.000000,5Jm7MqRGSzXazJxckvrJkqLDhaA8qti1pUm7JVuWUmG31fRgXhvCwQWz8sYNeMqA4SW6qWWzNjSpfQKAry6VQnSE
EC7pYWZGVhPVZXxpttvigSCirAYRbLCpfHJe7cyueyro,4500.000000,2LEMGgt1w8EP1C15j9jLW4bN2mPZ7SJEkLFqZkwr6zyAP9kPuUV9srFCyDZvyS4pznZaZu69VAkrji9fS6vHYUec
CDrBxJB5w2gNNmXL4YURoXUDVP74RJTF5TmWckiDcmnU,4500.000000,5cwBYUqVqRoVq6ESj6dewbAN5kG6VnbcaF7zAy5VYDEzAQia72ttuuUdUVCvjbg5haBcCGjfX4VKYGaozd9KbgGt
ALyeaPTE9AGaAiRoQ6qgqX1AxgKZoUPr7sABhYHUf6aT,4500.000000,iiT1iM7LhyS9HF1ZjdH1QScuZSS4K7ZWAN8z1HZUfYHAd6Bjt85hSKzvaNEHu85kQjQALFCPCF2yNfHwGF6v33w
H45t9ug5Q6vamUhMFNwYkdZgSoTX6Fq8ArizzXNbFEjc,4500.000000,4RLR6F1qCYJ752dobg9NDShYy2nRyJpJXVkp2eRyYcuZcogTBQBJPDE4B4DLQuzDL3zWgUTcbV6nW2GPd3zckG9Q
CmVxPaaTdojydXam9Qam9uL6Z8WcdUh3tUjAJkfqp3r5,4500.000000,2zbbGVA2asSmuvpAHmD1jAbFZHKEcFJDaphqfZaoPJATUKZkJK5UyDgU1q1FCvEmCSZSF8J4yJKjhR5nLZgCRy4e
FYp3JSQZRWqeDmygWwkWbMd6m78tfpLtYDSSufavqaKY,4500.000000,4GGMUyjZtE5CT9oQ8oRhXKNxWiXNuCr1WHaBpPhkkgg3Rctg7xPqLhrsKMxFys5vtx3Vq8e8xg3J5qbU6sYEjU7X
FKxQtBYe7dpunzv6BFkbYhsWuGJPGHcNYg1EwtbUhzf3,4500.000000,5AVpsyCWr5WAWUkfrFQeHNeoJwU3kdyVrXdsPamuG4WyBAUfKyFdZFxbPZtjZGh9btFuUVJ4GHSmvpJ9K3BuQEor
BHzf6TB1MD7HZ3WKNvQznxuQ6SoH3ZZYZiToUGqphR6c,4500.000000,3uiLw7gSuLLeMizEzp2fJ2E1LoiCEJ5B7EnUPfQTzvxybWbe5dVwJkBo8CJybnRgk1QdBseuRxVZaHyUv6WfvTuM
5m1MBqqTG5jYiF2krxxmKknnWvonfcUe2x8DcF4xY2Bb,4500.000000,251Cf1uWw4fhg1CXPzAUbDJHAQoBr75E1zjzPPocue86K3q2V9D4MN4sfAA6LM3wf5TWzFsxvSaph4S2CC3z6haR
J99c97SmC4zpvuDzQW2wWKmsbS6pNnB6aYHtWJ8z3UEZ,4500.000000,Ghqc4Q37ecGU63rDo9ZMqDj9FyCPaG2Z2ac2nrcmXqBLoQBVvgYHJFZc4LSEYd9sMKaaQm6eqpw7dUUvkJ2vimN
6ayvkTwxdtBTQhxbaMBhg2WjzgVEtBttjyQXq7sNbr9b,4500.000000,3zu871cPHXwaZvUr79GqasEzhAx7j26K82BCeLEvJagL5LRf98ezm4Had2kR7WTibwZdnqnbYizm6pZXsqUM49Uq
48aeVRLYiTaCgGNR15kSrMfhTNz7tADezHXK2fQTcVVq,4500.000000,k75RstdpEckNjdrXGJkda8yVhsCnfHGSJjf1EGBxDgMq7uqBUgbjf27VMsStdNyRnTQEyX3vn9XzKKactS2Whky
EtWh8ci4CezLhSqQ8WdzUWXzg9NVzJEh7tQouGCyrmLF,4500.000000,5XNigjUHEuCjoEXaGcrTqjENqXqGhVWUEucqcWakLQkg3XzsTEYWJzqDXbXF8wTrwGFXViM8quBhPL6R2yLYMUNA
GGHV8WLzdgCfy1qSWhZY6KQcdhMXezLDFmRhuA2UhvWF,4500.000000,3YQASjF4FakSiSA5bqgEDrZV1LyCxBtR6Y8jWwcwfcNc28myp125pr4eJpV6Zt5uNKokcAHg6xKeiVRDFbduR6Fc
6oFr2JfCV4ZuRJ9ZGbESUcEqPpcxvQH9ZAjGEmeS5xXp,4500.000000,2ewvYKRwf1Z6u8KUU4pJWvsFxo2gkgfrVUH3MCSrdDpnmrzjBkDUTyF19FXCKiPq26NyaBR9vceH2n8v8jjMuRY7
7rawDAK6WLWh1GRkrtTDPbsPXkMqMasY7YWFQgz8bfo5,4500.000000,4EGGZHp6jNuMEEN4sfwQohC4Zd2mSEugFVCpn7FMHVLUEmcMuKVTktUxRwDHfHbnJSEs4gsCVYtbwnsZoSPRdn3e
EndUSeRm65zLKH8geyn9zKMKMgtUQ2hZr2uBmx1gwRZP,4500.000000,2LMtxWQ18Zr5kZ6KbtHkmAsnm8RJQhrJNpWXLP58wnmUWNa1ke9pzZbyg8Xs3L2tAGdcZfmyRt7G2KtFVnYjdvtf
HATE7B5ja2S5ojzerUeb8XSmvgtKECNvM6vB5QgFGpEp,4500.000000,43gpU6gqAPtkjBcxLCrRAEXZoZnUi61ecEp8YxMyGezVAE2QBYLm7fsnxDV9RL318FAbcmXaevATrxBFxM4uapn
DDxj9gEVGqj4AMp6KXN1JCboH3M3aHWYVeMc4M9w6xUT,4500.000000,2AXtNdxJRktxX12AZ1qJcPK2xYryEZrtd9t3M5KAbh4qxuoSX7Y5bspS3LY2Q23LfUcbr4faVFDYtmrJGxduWEpB
8GDCvrcUBVS8NMjgyedtpfUvofvfMBqapDvF11T85EkN,4500.000000,5LPsHpWjsxRJc2QZB9Bmainh8YmmM9ErTifrRBuT98EwW1HEEwAzB4PJSmp4QMzNS6Zi7ZhULWyWgvVNT1ZzWSBa
6qgbhGx9gUTkbL4zodhwrJTx4gii4xZK7eMSd38cGHLn,4500.000000,A2w3jiqjGcPtzXjVeMvqdHE2SGEQkxPn15EMSVL4iYnd3CKNUvXPDtYSWhC2e5YY5XDavvraMQ791afBF1ecS23
3uvyAcpJuX2qsH5gq99CoVGKCZ9gt2nEggQjYhs8qH8o,4500.000000,uiqk8K2HxNjZXt6kc3UWSHRUhQLTutDVWUemz58U1vYnbGmJHw4Zh2BCoCF2JrtV8DqEChu6o5qe1qpstFDrkzk
2LX8gYwHsbVKzFSBs6F6epVrodGtPs8CA3vMc3qTz6xM,4500.000000,4PVsGQbNsmUyf1a3fvk7Q8UAPGhNPN5TLuexfyEQfynABTmnWWiuyw2ZCnrnrdWNedpHBeWEsPU2Pemaes5CX1mi
3NBL1aJCMfjKLswEGRsjPdzMT1voLbdzQwbjF7KxnfG2,4500.000000,31Aq2L51CBAJpCa2xddi5XLfQHamiTkG3cNx67f32hGc6r1iKosPatKLvcYjv43Q9YQABfpihnrJiwE78KtnZB9R
2u2JtxyeEpPTLe7RtvBJYwJXBAvcgfw3QBY8HeFKT1f2,4500.000000,Svn3E9J5ZADicbTpuCUy8NNJgGHyuvcEdvDa16Qvw9nDGEmm9XNfSErPXYmkzpYmaDaUysmcrbFo1qqovjH783p
HVAtn1EmqRirJoZjHoBBae25b5pDTnefBnbQA2piyi53,4500.000000,NTuihX78jHAGzHYNZSJvmLciApwv8gNbEMV5ratbWqMnr5jgFazKnPtrpyzaW1g7enSdmc3ygDBECLz1nAMy7wH
7ypqhiipLUyC3mWS9h6f4uQ4hRbCRPy97aZC3PKbMc7R,4500.000000,3bffNEokcE6MfeQHrNFGq3juM8ePoayDSU4P1rmYb4fhJ578bR62P7kg8z9jACDoXc5G9PMkJKvNEWSp9bSzEkQB
F3Vjz6mtWFgPb1YEYaRFjD58gKQucUS37uGSeP8XWYtV,4500.000000,5o9zPo5wTbjdmQkdnS22prfhrDY9WvheQcSTfqFRB3eYwQyqoToKFsyvehGnymhsEmvgr34jsHQRU3f4V993zwe8
HAuNrbbuSKHGGLE91tTTnUrZcr51YAtt3Mnf7pBrsbHq,4500.000000,62yNYKCfbGXvdvL8B624xd84xmsPQMLszECikEQvm1krKaB1fEBsQ1qVhEms9YfdpjUZwS5CLDgURDGW4koiMAmW
HitVVpC6XcRcKAcpeTcyi3M6FDGjWZKF6HpFRpswpNaS,4500.000000,5tUvcmXJDMxmRnyYgyiZvhSCHVhj1RCpUavgWhpQfLWvrrmVJcQDitvDubd6hKTphLLx4diYxH9LfYAJM2uFWetR
7zpV6zb1hn3R8FFS5WSfY4ZdhDduCiv4HPAd8DtccaR8,4500.000000,5DUg1CLqw5QZY8rYgv91AzrCyUWpYE7hxUeD8x2znBfMZhp6meuhSmQNxgHChBFZgso749LFKiGoC3cGk65ryPDj
88aqbn3WVwCgcbT4A9P2SpYhYsXuaCmiCpmbQL33HgSM,4500.000000,3mYXT6HVoe48L7FNV9NndTtxGuGqc5pcZtgsArc4bJ79cXkdsPef2RJBxz8MQJYUrUmq7oSuiE3qSg1XbGdUDaen
EBtv7KFSQYEz4Q4RqsR5pSHGr7nAqJTnUsmtxbDfzfhG,4500.000000,4kdAENisCNwat3Fpeshgj9TxazBd8u6Qyi5LaGWGib1Pgs5pVHNZN6Ta2EDXH7evJJTZ7bq9nMeNRguWtNz4TsQi
9VFEaw7uHhX1zfjozZ79XJ742t6WQjKGdY9eUrFZs4Fo,4500.000000,3cX414kvorUUcGpcYtUWuwaqQgcpgKpQk6XK8QBjYTbQBbX1Qh5PP63xGczpddpxCB4UiQF9ZJhBUvp9mh3mp7yc
9LUwcVxVEawJw1me4tYfJxspk9GSmXYQ35LphrjEZhej,4500.000000,hK2nz1C4jX47CdDip6XyH332VTyBGbpQL6bTccfc3GWwd4osV24DyyC5B49kDoX9qSC1NTb4TjWxGNVs9qqQsG4
2evrL3eGPY1eUqxs63XPk4mrqKKKXPPp4tHGoX93A8mR,4500.000000,2FKY5XFeVzq6chiA2ubu5ouPrkwczyBbfAVFyn2bAtifqvuKmeofYtHEFsvUheaMXt7RoZjQqtGqAvHa3H4H4Lgh
Gkr92BsVp1JjNVcMLxLAiCa7br7ZMYccJwakVZv27ghM,4500.000000,4Q13G5a7Brab7gFjdoub1RreJcK1k1dMZfGVD9m59kdqRmeYrTE7L2EM2NBsPp5a6KS2FkWj8HcdwyRGCXWpgyTT
9AiDN8MfLpekYHM84GnruzpZRsNBqViMgHJSKGi7gi4v,4500.000000,2PzuTK7NyWYnPy3t54VQ5WxDWf9pRc7RqR76R4ALnymEADcXkd2KEYxD1zaq7zMDsDmHRNCUPMbYXm7MxCvdqEzd
3c5Egz3DAjeCUK8khcv2gBXj6XF6N6fjttZxGvScuA8o,4500.000000,5jzdQ1eomWyfsHK4cLZYhU9i4vz9ENMZRRDBLEVELxWpYvkwj6ZVcPD7F6dVJWPBwpbS91GfZEVD381vkvhLGEkq
7UZRqxkkPeDSpE3C7P5kjjdiuWTYy2zvGhj5S6CTeHaa,4500.000000,3tB9pvMKqQ28Tbtghw7kNskXS5gdmroC5EuFxAgAw8f4VBoQh8gJM4YrxTv19RcWMGeQKVVATp8h1ekQ9ZXcbH3K
4QeRDXVTTiLkUvyKaLVAbwxDg8GFtzWHJFBq7cHnHPeh,4500.000000,48cv1spnckPagMcuUEAHf6rt9gsW6cxzLDkZybW6hcs2y63QFsKoad6Ma28qukCK9GzqBF8bnjDDTd8axU45sAoo
2xgsDVukmp53UEC1aULqVSoiDtBFh6mpAy7U9dWCiPdC,4500.000000,2rzuuhR3JvF366LNCRe9VMmH4RojNcbPyREsBiZxJhjU62YwbMzZc9YWdoeXNNe5PfdwivjCLAjVWa66YszktkS4
E2gRbKaHJJSh16TBuXA4q68snETG4fm2oJPYqBD4Hqzv,4500.000000,41MHQ5Rpm5bbYYCsh1ShNvPFgeW48PsKXoeKbpCbimzeyEY7kynBR3potRe31qqni4K31bBYoSVEsQSk25UjCoNG
4HPE2eBJSVvSMcvZXomTot12ULmG9grKSRomWM6ictS2,4500.000000,oU5FyQ9FJZsmPDVuF5kHPLtMujAXmGfLo7T5kfxYZEBkGWAr7Kf1kRBic4TpAiohUo8SbbuBoZvKvjsv77ssWQC
6tjLq8GNxJqPrPZVDfoHtsD6utfXMeFKq1bmF6bjAmaz,4500.000000,3apuTUJxcS9eJ6GSjUGDpkFbqKcGdkSJgicvRNTsoAXdkdhUC1iknuxPAdNJxZK6PsASUMqmLnfDBkWyBRrsAsps
5smtee6rd4TSCUaTY8F9ukoJMyFTiZvk5PPvZ43sfEqc,4500.000000,8BxEF3jDFjCxsgoojpU2RXfxRyRFGKBV3r81LqEkhyWqsi1xnnRatBC3knemmjZ183YvUe7UcjMmrYTpcvHJAyJ
D74xuU2kJnzkVR6juzSJQtbRCYmm1Cr1cTxK6Wgyuuw6,4500.000000,YnwPt1Y633LAZZT7SnSGtTweENwBzBY2LvYKEqtnpyyKs5trUVZG8Sp6DGLMUG9H2Q4CChyKPohY2bPWZo6mgEj
J3sgDWKooMfv7MddHrKQmCEuu361cwE3Af2SMKRaKxEq,4500.000000,4qipst8LatQQK7tYLidKUNQ3kNsGDptcjhwodzVXfSLBfErKbHf29euzQJRXanVYTtpu9r2w2qgpVBnyRQ2rApGr
Dyzg9JtVpabWKPet9XKLSGSKcsoR5i113BFNcTe3ETTz,4500.000000,4c5ymMTiW2n7hSWR47FbwSLqro3pjy7ykd8c1FWr1fPp62XaAzaZH5Jn7zuke3fgzK8f1jpYhpA6XQJPvupCzFxa
EzzbRNLQwyjCE9xHfenGCvXD18Rrj9Y8Ntoc8u1BBxXC,4500.000000,4x4Y7nukGjfUKww9Rw72J6zKgoBDqCLuQ7LNgmpmLEuS75LbzKNGruVxtBzeTWhSnmos6bjriNNA5AiBGsTxamgf
DU9ZJtZBdsrPzcJxd81ecjPHqT1AaYKoAp3suFrtGB8P,4500.000000,4bNyAvHcVjtUsUatTjCJUrNxZbkg5nieSPsea7XQmrLoEvQ6KL36o4WxGvvW5R9VsDDjiitNbQGwsrT8DV6GoeM7
8jQQ6DiXbCuWx34yJ55RVDr85DWu1DjuCFQBxaV5N32y,4500.000000,5G6d5DayScQEAqLy1u3YukKgrF4NWiBDGDBMNJcn7zhtsNH6rya2fSU5S4MVPRfi6yVwxA25zJJ52SBhJCf6EPCY
8ZUgeuqJQTH2MzdAFxoCNATmUNLHLPRk5aZBJ8rg3zXB,4500.000000,3tfSL5D13ozcxcxy5Wgf1cufbuLz5joDmTGUKGfXt9gYkV6ZTAv9hGkUse2ifESt4Ay3v3HGzXsca9bjThrZkhgx
Dre7rCNtsRNaq8CxUd5BjUaEpdNF8Q17zdQFMQkbC23z,4500.000000,4eC49viNDHUMEwtuNnhaia9NFJRtAduCYjaqUckUr7YGFbmtyKvSCdJF61SQNebb3PBUXqLdpWjipsrR88qLChrZ
H6J6a55igHEfkGxdgAyqUpDhpkqap1AzGbFJN8r6spwb,4500.000000,eRPmpmH55GFnLUwZaVrdHhZW1CfMAcUBRD5FnXvAzQQakRCUXSUEPZe3KMMySx5kBcoCmTcPoWTdoFqMyTWAssm
EfugRWY5Mipu3zqZJduF4kWYD5nPcZufxyAsJLudAEHd,4500.000000,5UexmAsWs3c5HjJykCtm3YbdnfkwGEfJzP9WCeYjHxY3aEkrCzN1Lpgp6g8s7UydiRVQnF78XyDAHyaPnHBYJAG8
7Y46AUdGL8aHAXpT6714c5ouaB57a1WYKTVBFoPSVwYC,4500.000000,zz73aVGgj72pncrnXBrfR9m6KLegy7nvtVWW5XwgVR6PiiKcsfirFp3BYqhjqGNWbw4coUHBWzz9w4Eu2hgW8yc
A97CThxTDSTJpT35ivZrEu3kxBCejBZRhzQdosrm9GiZ,4500.000000,4KEqTSEDCmwukPfv66ARY7FjSU7ti8V4LCziS8EKbs561DXXoc48Yi9J9TsqRgeow27CnFPbBjKSn8Yb2ZpFgjL1
7tK4UPogTCm5mCyb984nEQuVhv441SmqwUR8HT4q2x9T,4500.000000,4kKt7y9zoW3b2CUuxeUWs4fAs3XeMesME5SJk9d6sbUUeoMQrkAyNzboSTARmpx1QwDJpTy6piBHNPbVSHrcXpnx
DMMzxQRrRQxv2Z9zksD8Yrvr6kc6KWSbj1Z51p5hQHy4,4500.000000,3M9fR2TfHWFZe3E5WUcEH6bps2dpq8z3Zw9Ga1WSi2xZicd5XbCYAnadY7Liw3XPDEj6EPtY2DEoAs9VM58Zy6UN
JDENT6QaBJRF3H9FL9w8m8TbJh86edQ8TbyQzvHmmZ74,4500.000000,5aQ4Co1v4EkygdJp8wdonyp8t1AkbpADxh9bEgD7qPpnYhmXtbLJX5jhp18qbZKXJmSsup2Rs795rmSkAtDdt4MX
CmneBbX47q772QjXJaPGFtoPxWYzzuGHfirHXTKMq4NX,4500.000000,4cikQWqJ869GrF1YgVxwSy2BhE8NkN8Mnh1oiWAtNZNjCKR1C9769mmcu1C2CZbK7cDEX6yxToJEK1cCZpKrPRU7
5R5PyTCLVFysgUz5EeQa72GkVHxLr9dPtaDrMrKk6dNS,4500.000000,3MUUTzbZzqfMQxWBTXHt7BqQunqNUZw7aiAvxbaxSVccxQsDhCnesoDwiwerXGrTFUANCaGKNSHHU7ZwfjswvBrY
7Q4ApQrJcs9XQ7WQ6eL2ghVW93tohdwPVDfVJ3yYqybV,4500.000000,4MMp7MXXkWWCswRs847Sn8Wn622qxMVPapxThgrZRD7SB76V9fCxJAJxaXKYqeKWqo36ptjwZURAXjAw2PcVxuLw
BS5BubFtZwTXX79Y8hvdX6ueV358mQvCCavBgynEqxTq,4500.000000,FVFKem5JuDr4kGzoG154Yf4fHmJJWsMwWxN1phZ4j8xiyJY2ycBfbLZ3JuEYwe2innYmdNaDuuyyeRYH8ZMniFB
EdHfQtszCC3wSUPc46fknQ98gZ9kkscXGkSLRWNq9nCW,4500.000000,4DcvBaccTsCwn2aCaXYzAwvmX8pvUS11HaSDQC4M5Zt57fXjUm7BMVYokoenMhYSZcbr9c2FVH3hWXS4sqbwLYTr
AAbzNELMKHFc8tmUxmHtcdG9FnbSw6bZAHn9Qyn62kFL,4500.000000,5Bfmvnjhg4TYN9pcAHzVyqVBpJVwNNwnq5Yt4T2ZEm6UwoeNokb8ajrq5Z3Fpz8zAAFXmrqiNeomCjxPTDzv4YUa
61j4v8tFW4Dywofxm66WBESMim9iCNHtvD7YCykRpcMQ,4500.000000,3QVj17KLZFfjVid7j7f35kgW4fKoVu1oRntF5a5ADSMjMEi6Pd4879qPEXLKMGh4F2rvLwWTjJFNya6CUexWLqZd
FGgGQqDKrNCozT4knyocR5xjESABjKpSFA7fsxRyx4iD,4500.000000,35LNRnAFkFDpman9Ey8fqejRJsh3JXFQR513fUML6KXKJAAuyRb2q2rUmWDM4W3TAhgy8uixz1G8QJn2WohudpGf
7MaovLtd1h3zGZ94PkJ7RMGZeTEp7NaStEQhQhVPCjYi,4500.000000,bp7kF5ZqWfXc6mN6o1cmJcCzHsv1dNJhTpJd8PHxBuYMBuLVRtWn53rAPdYk6nDCeMXBYJavoeaxQWHZ8qj6j9g
JDAa8VTtvvb9jVhDoHJjZeQwaGhR9LfvLogYp9app2r,4500.000000,3smcE5ThhnTxxjwo5yRyDuvvq3JB1fm3Rw9RxKXK2WpsxEC3HuRyMPAyfKaxSV94ksdBGZ4diQQDJKfkmUKgNKbR
CwPnqcJBV3uqZ4W737RNc4ZkkiVLcMtfAmz9CEbjHecG,4500.000000,MV3XQr78V2Se8QNuQXs5RNcpq4C7pnUTKAWv1BM55N47bYP7C2Zp8L6GtStHmPGYVH3FcoEqqpbQ9k1NMpi6nBw
2AkDRPzF2Thp2LkQ7sUmbY43zCdFN5k6PFg2Xz8shc46,4500.000000,L23fuCaxv3pJoX8UwRA4MkHLbHt9ChfaMZy34CaMavKUkPC81Zc5TRo6u6ha9Y5TU4vPxaWfK4SA36UaoQiZU2G
6NW9LwjRdQfCeiLFGVMMHBamBCU4S5CXEKMX7GAGmF2d,4500.000000,3vEcdpehWDTXoDZf1JGy7AR4eE97Zz44vyJWPEAQD7Ckb6VzoXbrjeb2KnvygHebaBgttjRrz8KSftEQTngToXiG
Ff7V8aXY2bhwz6PbVDUXHPJDzX8YjCD5Ls2nZBo6K4Pf,4500.000000,2jz73WF8thWiiDBrmqcURTAF4J47RkuZpjZoNS8n6fgsZ593Lb76x2PMMkvH91MKq3wksNYWCzKvns4q9Y5ohA7E
ENdwyr3bGQgwEYNmVmonxNMb6wvpQvUvcHBgRCTeQdbE,4500.000000,keJoC4bevzgexmWEZ4k5W7ZxQmCbdEjtTJdsRHWd5nUUhxnAtAeQqoLtX28i3oNPBdXjAQmAzeqey1cQ2YXft5C
21arSLFbsQ66j9rTg7XDsj4FSREoxhfMDHCD5RqmwVhd,4500.000000,3HH4ys8oeQFv3KUhxsi654M278VDhGVj7mwUGpawhVyhRPkKYgpLwzRYXM6bvdBjQgwnj5zBemeEF4aoMnoHRTMM
EzbX9PHYiZXj6BjGYtBVYmM6AkaSjioGyYyoqsnki1mA,4500.000000,5sbtGoTzWxV8Frvg21GbBiM1VW6qTkbRiomiQwduzKM2R3oCrLtFggaLeVTt16NWdf9rZHWR4DGoqZsZaYrwU6bg
5KUxy1gPiK7hXdWM5vZyUD2YGmwQvPLjTxFfvtLcrCte,4500.000000,2uWgqi2ckmEqy8RfRoygB11LGiU9Aqxp6KyFUjzgM1P55tAc1XCBRr5oQRcjWummg9ukorEtyVLGFNgnhQ28HTTt
FMTSPucQ2LDLJCMEZCnMhxex8hD3UGjrcwozwSnw54Gr,4500.000000,3FvBztzNVTafQvPnjHrwp3KAsRVWyoqjnoGnGnKFsyS9hifDZcABAGBz57hzWeGQjg4sGdTbyyuAKZRmL6bqQKXZ
FEe5p8TYTnu6oYKWVu66qRUhVBwnmWnWvmb9xpPTwGaf,4500.000000,6j9gZrqa1eiWaD9ToKDjtHLW16tkKbXoB3rpTxevQQfFwxQG8BxMbWYvHueez5VTRX3TC7ewGr6kijy1p124a1P
Fkg4yhCZPLKT6xwSz6E3E4YZCXenRJEVPAhbt1ZobAGu,4500.000000,5ANr3pdkoMvRnnLWQPkeNPJQTyZKrjjiDNxgMxyAwUjztG7p4Qgh27NpvbZVkAdhy4Y9fPyJoHQH1T6WuHfPYbwG
BZyejqRZB2xtaxjgTFiikWturSC6qtXRMpqh9auMMG9k,4500.000000,38Mbt23zHfaejH7DiiqfnQFm9Yt8EDfCz57zqp1KfGYmRSkcCKTHwzsbuTVjZg8NksTc7hKqZRN5g8gpHc871cjQ
12UkuEGzxsnWZDhc978xsV1HtsDJ7SvshPPuRkkzEZje,4500.000000,27r5VRcEMaV9JUvEisZX7ekrw3jjSdrjL3y5pgjeMo3yYhchkWv2zsqtNTzgmPyTR3cwSFEVM3yxLQWje97twSMZ
Dc6PTBynxE7cNvQFpWC4fPvKbsTGTSzyCMkB1ycQzCXg,4500.000000,42MpVLvrn9ivcAPx7yGVgVg5JpY3TjN4gznKe6L8QwJ3Q6WezWEr7ifL8fr5TJaQjQ4mxamEkqT8AoLRhTsEfLpu
DBag3V8LS9EFezFkMuR6CiYg7JNMoekZcQWpkYRhoTUK,4500.000000,3j2EHwtmCTk27gTMdHLY1M3VeScHc3G941LM5if32cicAEsnthZgFTq6QwPAKfoo7uJLrEnt6napamhidkkFcFzo
59uuJ8uAXXX7fETc9NJQM6Az1gna2cgT6gRFS5t4YB7B,4500.000000,424v6SqsMSmHma55Wsp6LjYZZhGJhNGor2qPxfVxbMjRjPehNg4SV41tZupCV4CmnMBXehFYxSu6WMRzYAuTUxrZ
EtD3kfy2CjhjkNjue7ANy8zhJJmz4RU5NwjrM3Di6vka,4500.000000,32gvELGZg4YoWLZQye4ZK9Rq8pjJyzP2Urfmxf56aKRokfkGedKvBU3E8S4iFP3Jy6MVYRgsj8CrWsHi89bYzSkq
5SMiriFr5aLtmDU3eoTqtiFr5Z4caJvbz6DWNckmCdrr,4500.000000,jJ3Eb5cnstNdE83MvpdxCFT6j6o9ju8aKmkriGSeDsEC2xoeoeM4QH7CFdcWpdrtsJ1z1Jg4SDK2tFhg7wrGHjN
GexE9haUDVjSQPDHwJTwUxKyPgb7f5X81XToBXRa5iEg,4500.000000,5ypy2qU8DKm9Sx5rSJG2ASAvfVWUrDWUrrxTU14hmW6K5xWnj53DxuoiWZDWk5DuVcnA4RWMUEhfE66EkQZttRUd
JD2NHN923hQbf8srWVePVENLufd3BvCYExZLrytonAG9,4500.000000,4yLAjzwuigKGLWqT4kYTKPKcEiDNJfTognBuLw1uc9MJ9CXoeD31aHHhFxPBWaTuxokjr2vQykksNBDSfgeVuHcT
EG5yFA35X4EPf5KrxKNj7xJrZofJkkW9J2nh4oyUNgtN,4500.000000,BitTdGPpdTiThS8LqgryEPKFs4eBVnAfjDjX8oNQ6UbbQDK7LqZHb9G5BSCVvU6nxanf7p167Su4PVGBXq25ETY
GdqgU5GLGh4avaWwH8ouHKPQ8aJwVcBmVmvVszEwFoJb,4500.000000,5j3WcRJnGxTH1z8Tk3rJ74vZrfGyTyT2PvxA14vGKk1dgJ296ZwmfhBUjVfsRwiN4hJCR9wd9kH42QJBoQ4xE3p9
9qCAzeT64J3sD1eMK6EJd4pZtaPMQv47AqG4oJajmWvk,4500.000000,CaJve5FfeFVnRnFvEvSb4gBfTNc1YkBsyhKpbcYaDDmCmitaqCsjYxPmt73URDofcTd2m1TbuCToigK7syvJ1xT
B4s2Xi7kNMCdZsr6zGSuEDiY9bdEJtJDQPwZgQZetYfU,4500.000000,3JNnRod27WrZodqejfWxpHNmywdqgDtzb8mxhbedbQm7oXUKesX3TK96KYuXT84rX81WhZH6fyiaTyFr4HHwEKGy
Gm35RRt5nWZdvEKyMr1vrSGw7c3eUxovAqNnYBn5cvNT,4500.000000,4xdR7CfbbQtbzBrdYpr2RghC9tv5bcVLp7eaCKhvov5FJHthB6xuRvnP1g2BXGqYTPs7A1yqbDafRG8kXwNRRjnE
6DU3REzs13qYNM7BwknRXUxreKACYWzSDx8vf8Rub3pw,4500.000000,5uk5q3EmeFr5gqgPrCjGGrsnig27NkvcsJw9375jGcfEVDzQmzMP1BpzJEf37JuP27weJ89eTZzL7CSe5CpVyLMo
98yFUKc5yU8A3B6Zxi7Lqtc3RfPXWRVM9UZnegad7MPH,4500.000000,4tkNrChFUHKDuzv9M2v7vLgi2LxgM7a9bxM9cWfQUaMXA1iVU7VKKZZwMve9zwmSdwoasGyo8c74WDwaNXFVs7XD
51fDBZoBPtZ9bovo46S2aCbPvUdkJmWStD6fGtoiPnFS,4500.000000,wNSJKBwkRrV15gApUD1KhQh3PDSD7JTNRVzTwQhoaCvpyuSjPst6ih6DCZ6Wma8uTfD7orc7zzM272W2nwaACGe
aHNbGtsifXFqQo13KH45SY3zFzytwcAejbsqxN8a65Q,4500.000000,5q48DPByaEG1J3FTpx5LeBqM7imxfo9qQ7cTRvBD4EVQWRHJaJcCCQcpL95rLJa9Lb7Qsxq9XRFaN9ECJ3rjXdEU
CibJxocwpPDmwD7VuHYfV4YmMfc3AFJRUNdyZvByZwva,4500.000000,2KW7NXx4hp8JsDPpbtkeL4Wo5DXN3vdj86DpvU85FmZQQefCuVXgRNKXSs6i49fC5VaHptJo24BomqLDHsaZEmfL
H8ozQt3qCK9zmvUnVHzSDHtgDsB7KaFdRp81W6Qxu5Rk,4500.000000,2MewxbU99JpTQGjceLZEHLDfR1QKFnC4n9CiPXJMQepJYFkyjs9EymEswiSrpKSytxjxfd7Zn3d8qFQxPvCbyRCb
4qbW8UWU3wzUWLCTe3KvgbhTGLqUx2eQa9yzFCdGTcrq,4500.000000,2Y94mDd3EEheKKULYATxq5cUJKS7VDaYwA4QgG1aMudepBSndUDz4R48H4MAvhAjLdH1ELBiFNSVDSms41gkEMey
4tYqgZd1acQ1K6i61suijNqyZw6X7o5d7U4gH3CYcVvz,4500.000000,eXXzpd7kBpyHHVgW7Eow1Gf2dTqmrNNRsa5w5nKtWAxtJCW1b3VBmnLaVpnuq1J7aHLCHGp4BZYTD3EtrmqAQhJ
HiDMB25qe6hu186ySxKWAUATj3tKTXQsh9CzKkx8aRRu,4500.000000,5nzD42Asfu7XZzW99eYdujDCTQfiHnerPSt7uAa1Fe38gsBGWSVphrCJi2L5drNVQdW4h3KHRighnxSdZgQAdG3f
26wRje4WChNZdaoj1JKyQUhHX28Akf8sJCp6ZugbmuN1,4500.000000,34axdPTzdvBevGXATVHxwtJRddiN47Jnco3rfrq5zZxDo5rmF6J8v2jwvQFF3APRVDzaY9YXb2bTNxivPwiKR2NX
Bqq5z14nMKyWBzgR9QiQRazqZxGgJEQeLMr2GEwuescT,4500.000000,4iXDaSkEDAE55gJFsYpKmWV8dhExRRC9ezih77zXpMJMDSVwK7rV5SMHLjoingRTXVZV2pBrkt841593c6PcEZSi
6y3jz55qWgdCRkVgTh8JSEnmYtkFKt5p9Ksf2NKiihsm,4500.000000,tqTNUkbTdvNRdeet7yg6htAbPRnZj52S7vkCzyBnWnQ2o3VM8oNStP6gBQawM7N19wmYH6pLEVKCKtfEGQAf5V2
4vzcFEADCwT7zyLLGZ29wLVdwzNtoVC5mm18tVxmsxjf,4500.000000,4d35eNcQj7QLPRJmFqjx1eJdJWi7TGg2YWjSUqhUyKe1y857DefqrPfSxidqiymjNGUP5HDbpvphYuS8E6jpPS1a
G1FS53cHgd7fWhYuGvxhZ9Vg2aVmXhpHg7kZYEXXKyfa,4500.000000,2v9ZJdW7ehC5mMdbWV1mKDJhcBWd8WwWwSuJXsCtRzZUdNNTcWAVkQmRSUnemjkbCFAWR8Jwoo5sNbEb5UA9aiYo
3B1E8ckneGeJPCSxkb3oZmDMqZTMCp4eXZUh97qMPAMR,4500.000000,2egvrjq6JYJJLdGjwXYypwBmXKr2mRk7CA3rGXJJqR2Z1KjXWZmwxaVWHtPqcT4zYLFGmPqhmEuswGMUcywUfEdi
VzQxKrBnz4HSHbpmhmpq4NZ3PmMN8ZG41HeDMgBS1To,4500.000000,5NAvM1KJ1PeXkCeyGFhQF9DuLbHEBhfym8nbUHa4UdNrvqAgWKiPseD4vMWyAXvysYTxu356PLvbh6kHpvKTHiPk
3iNc3rGmSMcHP5YZa1PxWXx62T5tUZCggo6JcXF7WZP2,4500.000000,34Eytx4FCoBGFv34FnGKeb1bwcfmgueZ2wS2CgsRmMSfN66ZZBVptRji39AQAt3ZaffRwtAuHPfBMgh9jRwhxP1V
HiQtgYetHE12dJPxqDofTroJuYKWjLP3sQQvJYSEGVuU,4500.000000,3ivMFautdfTyCM9YLq7yoSZx2wzymZ7PZarzt79PuJuaj5ntxjQUZXy5AwEgkfW1aPaBJ1YuZcjYDK1pCpLRkr4T
8BqNTgDaiH4BFK7VwrnNqbcQzNnsZkqg5sxmGt3CJisH,4500.000000,2aFRYUeBP8MhtNaLVg2fWbcWzxFQCGEHBkz2v6HhrFTnRQyPLDAE2atey5ZTfYGGG2pFMAaWsUkCSRfKc4L3nKre
9jH9nzKtgL1BRq2N1Gc3jUKSBYovrTSYbh2oZyRXzpoV,4500.000000,rJCu2XGrbW4XLZei49FGUh9Ufi5S1FscB7UwbEEU6359eXAeMHr7ijB366QkqYHgi7JMiSgW8XBWAKF9bTVrFq9
GkEUNnBCDf63SY9TWfyyrJCsLNuAgA6gZ9GwRMJv3y6G,4500.000000,mmbbgMpNKK3TDKVytfi76QSE1hV7vjT35CNZF3WDGHL9WVjgfraP99MJpu5UPzxvqJz1ZYof7wKZ9RxzQ11x5ex
Bq2htsnK9pNHvvAimEwvFpB4hyffdyepQNBjsePUH11g,4500.000000,9JkGeT7Nfx8equbVSjiQSxed3rZCVFZYjxMQPG1rhUwnpczfSk31H2EsVHq9wxLre5rC3iuvNA7A1EjVh3fAwny
48yKr9SiPmWsz725pUUTHZbpRcjkgV44BGjikRRSAMRP,4500.000000,5Ej3UEXEESVYsuUg3FPqMZZSCzoMcnA9eUiNA2cVgbXjx5a2QRH3512pCLouRoJJyvE8Ww7dDeGVvPn7k7E9n1BM
C7cqsT5fytCeefBYM7MUY55YcNwE5pS4gp1eREHLAN9P,4500.000000,5JyXoRgzrFvyWTRS17amDPacBF51ZcV9f7q1JCxLhh4stikm48JBtWENHP4NgSiaisAhs3yMYScXgr6pmejFK24A
FUbpHqoHdmx5hSCft2S6eH943YjfmyVQaeTHjCdLT5ki,4500.000000,4QHTst8LW5FQ7e3sTnbuGeVvh1Py4XJaT9kZFJ3CExNQiMzZPSN4d2xMLbXprASC8Nnysh3CPh9ZwqzhCan6Xo3u
Bwh4QL87kP1N9W1ANCu1BvoF4yMQjUXrM4CqwCzPRmtK,4500.000000,2Sj1oarYhMyKKPLqdKqqyUregEYRWWrDLgyXS8WwWvH5kdHE6m6gyjcFKUkFktefoserWpMGH7XN7hYVpEGZWCHr
BGTBYRoUcrU3ckFtAhq7ASnjr8KLHtQf3oAjGjnHDtrp,4500.000000,HYbNPtxcxfBN2QLNAfmkiVtbiFqrpfxSG3bskmtbDPzG8kKARaivhnZbzFUe7gPriUYZhkSPw9DrpgRGXa8E8c4
ZnCM1t7kW2RiFk1bBnUYsiDMvQ6hRz18u1RUJHmxBwA,4500.000000,2wGfb6j9cPXWbfEfiLZsfH8w8kWshByjhJFE42MaXpKut7o1VpfWeygLf1ZkcA9hEeexBqveYhZNrZuhGyHhzw7e
GZpcaH48tyrDvEyNygtY3AhBpGKwmJnm5rUXbyzaGSU5,4500.000000,2FzLCj1MPqJ2Gy7ECgpcMWuaft1r8SKvmuDWFg6e9D3rjaAQfeRVLqUVidsvzyK93uwwHZTsgRBBS59ZBjUhrEfP
GtJjK1UNmnAs1YtpU2C35TXVptHHurEycBnsxWJbFKmK,4500.000000,2jhpBaHaYkxHmqQxJM12vjRNhML9M7Y5rcQnVF1aTYsS4TrohKrYjsfV4ZkZqCz7zgQxFSv8XHaJQg18eQVjY1bP
Kbwf9Ki1edTfqmEvEdvc9icRUk2nHeEzuYHpJNSf66d,4500.000000,5b5MgL91QECc1nyXgBnhgtAbwRVgfGUG2x54Wk2U3u8k27J4jnZQJ6uReKrRgwRFKGa6du1ws45yc254vdKi1zjn
24yC9kPrNWSfMQL2KbR9Hp4o6ZEEofBdnC3uGtU5udTi,4500.000000,2BXgWiuh1AG1QQbBi8ZhUKZHhLLqUqrUtoEPRN98e84kBcJQ8tZhcLGcS1ZBiFNyFB1bEaShkCYUjj2WRsxUorwo
45LDFNkGHRspHyqT5uHxjytLgTzyUQ1LCGPhZzAHufp2,4500.000000,4avckuUwrdD5VnsQakpJG7UwbQLxqd8DK45ePNfu6vBSW4a4g7i5W7dyQYUC4hpk1Scsz76v4jNv655JhAXZ1t9C
G8x4ctDKb1PPAMBYEdro8SqdMhp8VCxGsE8ijpR3b5eE,4500.000000,rKGQMjT3cszZwSzkNKCTTS1Mer8CpokgPkVFVA46XkSYB5uSzBgVkcFVKNvgnMVuyfse4vYTPHahxjr26oufmcw
5afqKvwm6Ei86hmx62t198SH8gWxZFWj3fQEbvj68RUo,4500.000000,35oUL3D9XULcxRKd4D7zX7ZyhdD5VGyY594yCi8ymmqFmWPK5q9XDmHwjZyijyrcHpsit37h1xjHmmmfBk4g71PA
4mWs63DSHMHAZChzdPLvZPGdtkquPE5CJhvNmhuCtMSU,4500.000000,4B4RDyDNgumH9wJCAy5yL4LnrUnEHEhYEBGWZiLxMmW6TXjh9wowq27GdXcjmLCHbgd2obEKto15fB74zKUYMjhf
B4P2MShkhcGN23RuDk5CMTE77sdARy26v9XLcCXU3jsb,4500.000000,3REgv8HtK3FNNQsKLhHT2aDazKMk84mSMSSdiaBUU2PpjUeTY1zJY7jabnTyF8q8zkHHFZ2HnvtiKwAYK4kDKEcN
6f4MyKHnYqLrQ6THFn1X3V2wVqJeQJNiFxGJRGWmKPzu,4500.000000,5tEPHRA7nrBygKqxojfTHzurWVZVpJNsKSAyNxEkdCNLkPxQxgnoC3o2VBJAVo51U89b2jCFV45XnHyLCodMfViS
9KgwgoMYW9RPpMM9NSP55q6CDeE6rCBeF5VcaLtbcJ41,4500.000000,5UPQeqPMF2ASfh9ZdL2S2kRqhGufpES3p3RM5QxCJ8tF1piDjgtwuXvUkzHPNGyE4EZkQttvNBd1VJKhVvze6eSu
ETgdguX5QudtJrtddU4Bwr8PYZkn3GWvHBfV4oAxdDTy,4500.000000,njFHwafcDizc5eLGcbw3qT7zqC6TxHKb7ERqjFnfc9sHJiF1PXzwyvuZjsikncLey7ugf42sAWEYXfXrDFjAxEQ
9FPuetZWwSxsvKW3xaBEhNWzK5izzMb3LrGD5F3gy3Xb,4500.000000,55PJ6bkQQr6AiKYbbFv8QRmbWbhumuXRtT1ySjepaD8q5kpuBeJsHWa8eFpuZ7xBhGGNjcBodZA6i8ZD3n8mNJ9j
ASYEwGKNoix9HWQ5q6ivuToJK124yqcy9ETAKQDKNw5W,4500.000000,5pSbqYRrNyv2PaeADpKbxkB62Gm3Snm7FwdVrQ55U1HuHR5yrmQs5xczyu5GCJogib6TjmqGrSZPDMRupRDTKpTL
59CgRKPfbdXcz7qy3EaTaFyE1pp3VeM9rFy6p3ce9Bs2,4500.000000,4NEzsrtM9QqP45tXyhdMf5d11pqheP6ZNDRpqtD8YSyzExZp4KkQfVUaeveHFNjctHu8jQPx8CwNpP1hX6BTv6XZ
EvwKFw4EuYHxVpJYu1FHnJHNpkQ7QB2qJ4G95HR1GYoL,4500.000000,23xf3cWN9j59RdECWoLFMmeXbBWGZyWyEQVHtQk9Ch4s9kXRpUUmetZ9YmThFDKGUqpNcP47JGmLg9bqdwLzQov3
CbNxALGkGvhm1Moziq9GcqfpS5bwEaKHxc5KeAPk68Du,4500.000000,bsBWDJKuwwmiAzaLzd1fm4bA4cWZvSdwoNfvujDp6zJnHutpEY9kT1rDCmLb6BrXq5r2cxJ54j9JjuWLJTA4Wbu
7CHCauVpW9miJzJgenpERLLV5NxYLtgSN9WZc8L7yDy5,4500.000000,4A3LpbKmrVuJ1atHSU36WApf3Bak5VqimcK3Q6wQgiS6ob1raegBviu7YAomgXbbwMSEh88tKYYdzSViCyyxxCgQ
AmW1AHR7mreK6cZmYhvxFLTXceS4ixtFwm3GqvvqbXaR,4500.000000,3hj7RzL6gwLGpwdYMgSASgzyz5CwPftw33MDcyzvr9VG6A99bP8oAo9kdhy3i6x2PJY7VkuZ64PE3kwCSSq145Q6
9J3p41cRNTn3XCBjQPMnrNh47ccBJiae7arVkfRaRkrA,4500.000000,63ieUN521VnrU1eH5nmCfdHMgpvpXu6WuojeDB3h8musQ1w5nkswKBmYs3AMN4UUigeGs1dpphJJGTeoWReyzqw8
8EF5yXovy8EyPY7vdE2pXZJTLyJna9aMjMpfv6pr7GkR,4500.000000,5rsmMtrLL94NJDYVE85StZzYhPhGWsCou7B1rhTBsV5wyfdoawj76npu4LeofL8r8myWXh3yqfxq9sbomyxbRnoC
BFRaWsBp6ffooA6SKvHWvEfEcXmrXRULqsQTe5oD8TT5,4500.000000,2u896bmDH6Ch2PsdoFLpMWFJrwWhRPj6NB4ZhJRaZNTHWoUiNqfKN1G3EZqnZBpomBZ6f6kwYeYbBANu8V8GmvNZ
FjpuWwTq9MTJdLyKCF6pEbS9XkB8JDj3HQBzXusu5nND,4500.000000,3NHcUQmobyJ8hruoLmS887jgzYWMVumFiAW3JUL28RYora9cTsk7gZyC2fjxkkP8kmWugwpB1imS5TmoJ5gkTkQm
FFFVU5cvQqMhmuNfqkfWa9WNZdTkphEkDEtpfPpc5nh9,4500.000000,4CS7B34mzQgyZkGPY6YAV1JUAmQiAQQQ68aZurJmJFhXQaWSrDbk3R8vu3jgSncNCeMTfCSgFiji1fD2e76KBKfG
wWD7yXKKy6Megcjz2ctimEZnLgVUMTYQu3HTRMQKqVj,4500.000000,2S8UiFxwTQjwufXEC5DCCz6nAmD3ftbb8becyequgzJwDcVGaEZsdYqYofQmGyXcBKD8NZcde5pkdcc7NLG7c9oC
Guw7m3zyEPRD31KeEK2yyDzo3A3RC3HVJFg7hXXbpp5y,4500.000000,3zH2R8bKgLC23g9MH1BqngqzNQYnFbrVA2ANhEDU7YgV6qkLWmVYMc22j8dvWZrYqVsrmHEHrGtQas4byScGV9S
7oi28qfLLw135zEkBBFu1DnyqZPyTh42pfVgfxh5FsKz,4500.000000,XWYN3H7u5RQfPZpN88fSZtKVtJDQp8CuQegW8qCYLKUnpKzcjfSCZnQCMyWKMxGvZ3V6z2Addf2RFzZhJSnaRHs
UkNfNFK4vj2R1ogd2R7GZkTjrf8fQeKUzAANhE36vZy,4500.000000,ycrJns5GmmQPgMppkxYBNWBpiKgh4XDktPBPjYtuzntiiGfMunY4Nz27FKNh3zqS4n2kbK2Hcecw3cyUzdhmuEh
3QsbDi5Xg4pjNedCenyrpZ6gprAjAEUJoCQzc3FMcSPz,4500.000000,4LQ6ThzESb65Vfg2D8Z4fT3gThZZomXLWyipNk7QmUtM9r692PpXjjSUscUi6xApYw9wQ8xw5m1D285576Da7snL
9W97KdpoMxJ2w9mQyY2eMiy4Ea4CXHak1b4isfSCRyzX,4500.000000,23VcRUUAH9X1HJGzjSKH2i1b5sTUpENdWUEtQBr6AjvZ9tEPbzR3AfgfiBAPsc9sySi5nb69b1hWcYWF4qLY38ii
2EF58wSJabTxZALaYeicHif8DomAKsJ9ZNR1kFSkbD3w,4500.000000,2qeMYxHJZVFoKDjFqX5obq3GYPoSo6YacyGcVmcjzzf83F4YmfxZCThHpLnZ8hELFaxG1BQaAmBKr6RdgJ3n3N5H
7pxpp8S4VhKzR6pbhde2pCoZbMP4YSk8nuVRe8jKR1La,4500.000000,3WFhhS1QWXq3LQLGHnSJMPaHjJkTDV1MT2pwz1hS1RU9K9vovhUhsoWBJwkAG8EbUpFDSgQJtrNNaAgSAwkkxp6h
3jbDWeRd6zn6yNrZfd8ogUPdWGh5UCL66dkbkAHpqRMP,4500.000000,5pkUTyDDgoTScGwEt9kwhMpewSMHeTUZ7MRMzvJ5o6zeimmYPRs7pRVXLEeAjavPCroTUwxaV29uG2kGmjDCMCfB
CUn5icPkkHFoYWtATSt55XtCTYkDVd9D8HhEL3WUw1ki,4500.000000,383dnpmgzEW4SkjkXXKjHTCny3Cr9kRUGr1XigVB9biX9kXH4wayHvGnDdRzm2AsN4WcEMj9fmJJT8e4duP54T4z
Aa4tchEukBqxLJpKQCesyejqoFWr59cFgNWKneShrcMu,4500.000000,5a6wVyuyHEnYyn47BdLYRYZywExtDeyawrJMB8Z9zF7c33mVbPYoAgx6PB75SscuYY1B1uUNaE4pqQharEeDJxmL
CKRzSwoACY3bEsDL5LwtRcDzFNNSdXHTJiHcW4FT16wS,4500.000000,aB4H48ZkU9pPGZz5GdvFj3BkDwugbDPwksi73R2TtA14DXys9FV9qWKHGpvRoaXtL6EEpjHfo3LfVHMVSwRuF31
6AWP78TRFw6EJfCQiWcGZXiXBjjyETFK8fAUY5R13j8,4500.000000,3Nt9FQeJ8Z12CL1CJ9MqqBQJxanqECdrhxraKpxsJg1wvh37SF3bvyyTgnGEJCF3DJeZ1E5pfi85fiCnwhRueqYx
GvMKEXNfx2vynefQkXyTXhoDUenzNVzwLkRy4e652Tfe,4500.000000,43g3mK6eSAG7Ai8m1aJRnT27Kwq8G92Uh3xsiQxXcb1JnnAqdsUybfUiCAyqznH5r1SGDcq9xVcyu7ZbvWg4jCGu
FbW7wRXeV554Y8epgqf8qwaH9Vzgrso7khAwwL5pQ5w5,4500.000000,2rah9kpawNMLxp6MBLWTKZKPttvXzauzG9iwSxRdFHv9CG7oTTb6F8LZFPWSLxVEsUzrU1X216mFTWjsaFGYzNSv
7rGZHxGwDPv5EjtiQCum98ZYAUMym4LzSPPBGu8B4t6b,4500.000000,63N7LzsPzJfuXWQRGkorNVySoejbGDYTsdMis5fXEskmUZk1YKnVMfzJqLkZPtnk4npsgDX4eHbJcuzXAs9joGTv
6SPCU6D4kvQEeha4gPkzMbgDnaiycFQAhSojXPaT8HWv,4500.000000,rKr6hokBbaziGTi5AjSEDNjk3XFfKDpncvjtftBZgdvcCWwwdn9kbnaEut2w4Mbdf2Sbe2Y2aztfAhyHDaVJk9X
rQuJssmeZMgaAEjPdaWg3nWhtPoKKqsjuTw6F7s7g6X,4500.000000,3Fqbzzw36tREsG1ENipquAzi1cit8FVHnH6NVPAj26X4q9BxgKhJDvDLjoRD9K2faqkQUNciJyeicp61veJNBmtG
EDcvhpC3xqBsQFvaQ6T2uBd4g9ie66aALipTz81HN5F4,4500.000000,4HiuMvz5rFfDr7zXQozVjLJZ6NZ45bHfBtoPgEtkyzXQeaMrnVGt5tbqpCxiJXfAg5H6D9eL2j9bTnQBZ5Z9rp26
2zQB2wwTokDdHKzaxRC87PfYD18EjcUaQFv8Cfu4Gfxt,4500.000000,3XgAzRiFeQU5qUPAQ7sqzkp6tq4dKHiqreoWccCiJg6zp2h185NsPdfDBT7oUQTjYuiJzeh25BNTRTEntHCDLXjz
JDm8PGWn5GnNd75tQ2zBh7o8rapC9hqUfv3gtZ8rJWKu,4500.000000,2HZsuaMsYRgH2FwjcW4GegL7QLBMMe75dV3H55NWEHHL8s5UzETtnjt129y9RVk1c3tamTo3GAwncKd13ZfLRe1h
B1wn18q1qZSahj4jwptiKw2H6yy5nWpiUnAuEMwb7Z6y,4500.000000,4LPX3iiWiDg9wQSgSKJ6Zx3fdFwmLAA6P71TUQqLNhYVc8yx2Q3mkmSLMwqUXs6x8ptL4QeDdBWXJjhV3ZS5NfxS
6m4pw5EoStBKDn2N7yPtTF4H3YbdEXm25crYz28AuGyE,4500.000000,4ohVdBC2RR2PjYosfCadCyBqskXibx3anwxooPiKjYQRMEG1JuJfK2yftrGHdkz65XzJX2B7NHtXxuKbraKdoS1P
F7ja5nFKriNApnd5mGMoetNih8PyjUmfPPkB1XW8XtxA,4500.000000,2RY15dS27khs7KXXwn1RHowFqTVqLk1fLRMNMjqYqcFAB9eCNGRDkuSNgbguVhtVLo7Xa3vZiGZ5nSCoZUr9Z2zZ
6yWwZooVKCMg8HjHSzRt2ZGL3M4BKYSkDkxnceXiDKnU,4500.000000,3xra8ysjiHDLeUKWiG25WiFZdDTqATbAxDDxn1LUyS5FiCf7rGgZ2MJpPNhVWZ4xuSG61EXJvbB82U7knetByY8J
9LP9sDXt7S1VBCXYPi7vphVXhRhwMup1f7W2FkATMD5a,4500.000000,2A25S3bgMD435gLFiSaVnyDuKxLre4TvYSgcJp8sKxHwn8HzrsysnSgx5WxLq7pCcdfsGqGw5anRd5q2qfRbDRvi
yVZA1TuDxAVvKoicSnXwyDH7YZoQv8naAWwX6tFWmhG,4500.000000,52sjGm2jYRbpmbkmVWf3Etsq9fmZFMaY2ZNZEQfe6cU9q6T4f3Y99mH4S2qWNjRV8mtpiMeoVagAW8GMSYHSfxVn
56qLkK1o46BcZJtT8NF7STHfQFjWF4X5RGr3HNQNXgx7,4500.000000,YkdBMdgRE1mWmfaJ4js7jhXYVL6fh7QT7vKVEbXgdZuaCjTFdA6e4jsBQtCMoGEi95y97ZZ83d8cyHyzNHYzMxo
SUWUmc9xe2idFPy3dZbhng8McsuG3KmFyodMzRin9DJ,4500.000000,66Lx6SKK7W9s1hrR6ruJk77NDn4k4TCUhTACRD5VgqSGJMAFYCfacTQFyVKQVFAn66XtTe65u8oEsnHZEvJ81Auj
6PF1qht6LFnENAV4kUJ7SneQMKYEDLyXV7gTBEmZ7PX,4500.000000,3KwKkgkTdCgWmwTyuzmhv63t6853Qq9uDbuiR2aGKofTcHJXhxVfjsmXxb4bs66e8TkWwUxFvrdqKhvuAZtGWLVj
3MWEsXdVuwpko7QqkrYne5WMURXaHuGihGV3ZKxMhAbL,4500.000000,5Dz3S2KQDPQpo7W7Yb8SxLFbM5UM2NTqu1H2RNhniY2rrvdCSMTbJD7DAzfXs8HrjddcNGTdKj8KAn3J2muGxFCF
BbEkAFzn5MjjYWPiFGRY1n5uxMYnSmH9AHooea4j6dnX,4500.000000,3rC5WEA7LNKFQqhHbpgFdhmSZmwAmutAvgcoAFuQ4tjeoBdmTkDoKW6VjF4nUiLKGhi7xXRMFQh6z6ZR56n2BAk7
4r3xHNnD485Jb9nL5Fq9qRkf3KaqpUFx55deWLeryLpr,4500.000000,3SS4Cp6oagJh5sajg7GGhaMpqLN8SMm2Xh6GfFVGec8U468GAhJdB88xdg2eVXbmbtvsaD5VZDJxrbDacfGYH7iV
8iRaMPCbdZ9ek8Co2AxTyXy4yUsypBGubtwCdXZGDqmY,4500.000000,WE5gARF2Hu2QzLGwaxaH7fSy9kF73LMUS29grm7MXcF897sVSQAZxBZoDEGtzagCDvTDSZmE8NqH5waDpbsfUUN
EJoUBuHVJaCcLy1Q8ZiTYHPVKo1R1LWQG4ZL3vRiAUHC,4500.000000,5L4huHQMGcMQUUUonogBbrpJprqeHgNL2xPZMt18GFmE69NARvXDukFRrsscGDDNGK4fLDF7ttf65rhZFc6Xcww3
4hcrykHbYT2GfqrT1q35UMMo5k276KSGf1t9eNAxQFd4,4500.000000,61GJAgyy3rC7zXui8tkToDsdeL26PqVwbn8d87kaekMJN6T7cur3dpnyf3W7ZWp4itg4iAmn2ft4sTNBVaCkrcv
57FLgFK8WLvCtrgfAvfReFh74cfVmQZbeCENybaXDMA2,4500.000000,3FL1hqFoCaPfa5Cun2gxagt8fLyYaETt7QTEWU69gRYtRxAZnfryWfaxcMdaH9K3Yc4EF1vFUv5FLkL1ASXyPf1z
2SnHAfH2N2wQmYoVKdrskSAwU9yUcWmTkAPsJwAB5avi,4500.000000,4KxQYCbm1L3wRe3nfD8uj7WgxEGpSQHoPPHNxH5NEi8q2hBXKD43uyNWasPGF32dP8KKj6ubAVXsTTWfw22WRtBj
Hb7CkMFTDgXKH9KKEowhCfeF2qWDRWuZeCmG2ayJ2dMH,4500.000000,3LdqpcdX7t2kNQS2ySrTPq1i9rAsLVBGcoEGSRntc75exQ3E97FFNvBei5jV4TThMxDmYhF1Ft3MDHFzgX7GAU61
41mZczJtMCcnpsfk1fhhibZnd8oAXqRQeKxTF7PSip2m,4500.000000,xwdR8pdUotzVCbTsasY9evDv6jMzWp82LR4dEJN3pf43rmBJMZ78TLsNJzjwcnvn8pERbFP7wMkwi3UBL1Ck2HU
EDgYRHNaiNg3kgSwiAxHv5XwgfGv1R4vAt3Na4nzK8A9,4500.000000,3E9y2CuGD6AntE8QrFh8j1UPZcJhTBNhrHGJMsi21EpFvoJagv7949PcZ55rE28CuWEqEbh4bheub24PMSwSqFcH
7RrtsxYynYKDFdJQ4oXpDDe2wDsvCNte6GYYNAer1rkN,4500.000000,3ZoMvNeqw456Cv1D2w89B3izrYe4yXMtKBGS3H1PQzTc5w9ZgqkDZE6Nc243JnipM4Qux8n6Gqy5px7jbCFCEvQb
A8MbmLBqbDKBaJcGdMgDQgrG5DCuNGBUTLDoZSebKEnk,4500.000000,2Qjj9Y8KUzMqpUr45NZ87hLEtZPsnXM7R4NPz5aseoX7pt6cAymsVgDiJeiAWi3F1YDFUHa17ixhnGVtquaac61p
8AbaxpPmkaezEjA5nVDegB9DiEP756U1msqcGvsqh3gS,4500.000000,4ApS7aM1weBtPSkDbKNFWmvF4StuhpchyakAnbQtDwg5VubXT4bQFPt1dck2vmQ44CUGZspQT6yiHEFxvz2pUapp
ALmJEaEiXeBtVmLHwBFP2MbK4MzfHcfEMihaCuktU4Xr,4500.000000,2yDk5eVyMEKG9hLabuo7W4d8tTR4zHU1y5dQH8tTrg1vP6wdaGFKEbRrUPBHPtoHhZAgZxJ3Z9MXeUbUxvyAxaoJ
Fi3n7Rk2xZ7vxxRFY1mUASckmHWLPzVHZdmu3YoTNBCh,4500.000000,A2NvBC1wuqjTYi1YcaXAXHgZcaTY4fLxEUHnA1E3ZtdGmNcyt8AARheDnZx6sGvP3xGNDcyRsieR3itEGCrE3ea
6YJ1NyuK2gC2BtPKBfNt3yY1nVDs7mCZMTnZipnB3qtq,4500.000000,21QeWuQDHE6acsxt2FMf4HcEaEZsT6EtMvDufERuQziWhMcMcnpaMFmy4tySBjRSNKzWptNFFEYuBATH175PwRNQ
3kXk6ayMwj2N6NSH6hv3jnP7wkBq5FaSse9yH6zTKCan,4500.000000,28Atknr6Z2NHBpTdryPFPviUwP4CQk2XC8hGasXPcA3Gjt9FTpSxJv5HvybiyMGNVbDLHHmy1cpbp1b24QM2GMAB
2ineezuctuVX2kYUEmHJXaHjtWRqsMLayNAcWvpm8uD9,4500.000000,5xWa9a99y1GHNQuwFUEELfwteRjYKfSFEP5uRTzZvQtXVChSaBBjqLqkMrSfEcUYDEHoFw25iY9iQbtdKGKAygQ2
256rhPBLjjYEbZ6GbMmJUi59ZNtjDSy22D2mKrxhYGN6,4500.000000,uoJ9vw7ceTmkSzCiyK8Dsdb2jJvZUPRceDUxN6FVTozcM7Jhr9TpRoo6zr3N2gtFNtnbSdQpCWGiuFQECedRz89
DBcLdMQhYJWNtd1SCqXzRyDCXriVDYrsAobrABwXQ7LS,4500.000000,4sWNGD3Xjbb3T966v9ELpGXPYMMKFMm3ksBxJzYmxSdajsb6t6Rk48Fa3Cgay8Z68f79u9n98F9apb3uUZaCYjBs
DcnqSve6EiiSyXke8PQF7nCh51A2KnU3BmmWUbCs4WDP,4500.000000,5SvnMiyp1czZZBeGtGaTDLyrZMaKEZBVFRHmtaXfPe9Evr58KtHvjpmbKwAWQJy8n6G226AxECmrbSJEpAGq5AzL
FfyVm4Tca58azptBZmJJ4unMZEHzCPAswJv6nZ8NExCQ,4500.000000,wrnv9MQmFYtF2mXFbeecaZJ6beVGMRJwwc5uDhDjiyxnoDZpMqxgsFC9P7N4HLjEFShtBCDoMSMNSmmXYyoTnv7
8YUUg2Cxv8XCR9XhzBBeTbxgEu4ZduRtuKDfpym8na6L,4500.000000,4QEMWzJcMAjo79dfbsAZs7SGXAZMiXuZ5hmhcFvywi6wcttGm4QkHdKF7zCEqr5wPvnXaQ2V34rRBQMbERghYG8Z
9CE8Mx9oRNCeWGwdkoJQzbzTmEkQmrHrhsBiafC6pHqL,4500.000000,3Fpotgv8x9527vWEuM66k36iCxhNUgbBFQ1bn4j9jsQGiA1dMWYvGGYVkNLoUMtPW4jvA1cuBRiHvTLwMD5dECjq
8Gp3DmoaTXgHLCwg31kLeJQJTCtutCU5iQuqeum7A4np,4500.000000,4WspuEofzg3GevfvcEdwi1oGAPyWFKxdVpaxofTv56eeYBZKNPDrwPE1wr7czgqgLNBbCW5ZU4CrNEwiASbFqRwL
9AnDatCowgtPFhdAvgyfYaUVkEvs4ZoNioiL39MJJpfZ,4500.000000,5YcHuErrDTNxvNeFwtnefGdEoCxKGgsk7ryXZNLria4kbsYHu6ARjqRCS49VMwaaF1igv81WNSEr4L2BrHtVsWqk
D25ZLzJJMJkpeKBJ3NMsYoUAxghzYMF5uyoPAV9XG1mM,4500.000000,5CJNQTSdk2xsNzCGRKq2rAfo27AZmDCDsueA95UW3CSQt92rd5FtqrpPWGQ8Xz7yPezcAuzh5HP9a8HKAuKhcgDc
9bEkdixhZEdgn1GhZd9DJvxDidQ9zZ6oAujc7JLKdYU2,4500.000000,gqckBsRmrqRqCB9cp6NjVUiie1yJFQ1wNHKV27USC2wVbdDr5w6bnjAsoayBuXinkciF2a5t6PZWSf6yw3ihn5x
7SUCnMdN94rEzpfYv4sUkfFrzRqXSRoV1YNNv3cVYQGG,4500.000000,PcY3mtK5KHpmJxp1e4tmk7dMZUtQmAoKPPvvVHQ3SAht42D27XbTrQjhGzjo4a47Apm5VVXp6zccTwmpNiFCbdW
5i2dvCk5FyEPkmtugjyfbQ6gc2PQLCYg6wWPLt2KbMNY,4500.000000,2TGMBa3SuEWqtEryyMCvmY8Png1XisoW4qtJwRdFC59qAy7cRABzQWawRVAMwppNeCkZYoUM4WmKmz16WDG3Hg1C
DUPvyrxqejWi5n6eKtBLzQhazVj7XjRJBVRqxpKaAVJo,4500.000000,4FXXEUVVtqxZ12WAkrbkshSMKo2RtSfbRTF8YtF1tFv8ZM4iAjj23LTeHL7fyFkECP3W5Ap23ryPFE1WVtktjpvD
6mAvyBWvEM8yHyUG9MSKfq7KoTrSRgVnQphcMC2EAtou,4500.000000,RNjjBsdAb6EeErvi9i1EGQYBjpdZ6YigZSWHkdvxyosUeh9MRtTTPJ7LH3vcScW5Hd6Hje2tSrKLSmS4cDzQEwN
FEbqLJD69BBrKQQe9fEXppS6FFAXrUrAQY9DpMUF5nb1,4500.000000,4DPzZrJrbU8kLWssTx8cajBUXVoWpkJDTfJXyJZuE9pnMiwHeaXdmjWKB9ZZdQ7TpyAxruyKUzoc8jZV9wq4D9iA
4ZuV8PwKGXHJU7kQvzrAELhG6CYzEKoB793qUj1hjGrb,4500.000000,24bT98WPah1zjVRcbR1H7cB1sDrkpEKbaguAuceoiXrtCcJzW33JUTUEcPKC38d6JMSEdubFDVfDfJiE5VMs6Cqx
6gV5xe2q49DAvnHrQ8wkpfPY2NSapzmn1bHjSHC6qUA6,4500.000000,29MQzqia5MX68jGy4b9XdD2XaYTq4Un6uzhUEyMDF5ZU51tZk7yzyXbV37A64ktJYa3oiyw1iPJKtB8BWoEg6y4d
E1nyAXmGitKwtGFeotyS252eYc2zea4X8rp69EjTmamA,4500.000000,2yxtWtziL2oAFDUG84JEufvkYQENagrpcQguoajedxYUSBEezRTEqe1kkewskHxAsCiuxupYtgES7ACZNnzBa4wv
FsbUbUhrQ4oPNaEG1Ca42uF9bpLknEUxGgUPD4MxfQ2y,4500.000000,3bQuSXvhpr4zV9SVFU9cWwQ356kaN2q5uFK6EAvMvrco3DP2VYgnpsWQkkknDbshqAKxSgSgZvx8gMqtE9dHNQsr
7QMihTJm7apE8UQtBZrSV8N6UYQrgLfY5kwSrGCu9mQj,4500.000000,39iovCM2eBp6cMUE3GaYG3r6AeaR2pKQE2rSD4Ypw22XJYjhhSpjALxRyREHVzPkUFBzUKSkk7H5sdv2zUiuF32u
5YfC4HSAnXJFUXRkAMYg9a6nPaP1ibkXfVdXa2WrE9ht,4500.000000,9NnrnaXYHkNnUtTZrEdwh7BRV8dFpmJkhC6cRwD31LF6Y6eVDoZhMNTVQiftn3yDwsgm7kPouu6aFRBDZcWDJPV
D6xe4B2KTt78oKvdiUjGZ6PPqKmUbdXA63vQF3QSrcu5,4500.000000,yJCycViDYQCNjJ25FfK78zbfeYxMRRHUxxL6GEYiTdy7cxCJggDL8TitZBgyPbhwrjJDr2YdZcHsTq2eZw9Y3vX
DYiPERTLaRfU2EXUPBX691eorRQt59w9Qu3TDNBQAYnH,4500.000000,2rNhepJ9bbQEMKP4vA5GgSAMYs3iwyVwGUs9j8DvLepKxVEjB5Xb2f56coy2U7RFwk7y3huvScpAHdLMPyVVoWVj
7PZiXLbdQnpGUe277jYcJwKSrnjjmUKT2mUokfAAut97,4500.000000,23KkEqigjvwVo1PrV9Q4XJB7BEQq3mNBtmmUJ2SmExxceKJoJxbULn4WBrkmVx9S1zJduWrFPdh8A28vYRuhQx1y
38BqVut6HvjzdHzDkznWuGQZTiwJA1mdpxsJfUeWpFrd,4500.000000,28PhSZ574bXZ5mTfrG4VTJMSqVPJ4MGi9atZjxEnTZbHR4GgQxbesjttmRFyeugU5TyCKhXBA8ZgFR6ExpYmE2Bx
Bd3iQ14YUcsqqzzu1cMsWUDUKyNvGQm6imLE6omid9vK,4500.000000,wk4crAxEDE3y2JvCwGWFnjCK9VCT44w6ajXQ14ydLRDronRJt1EKC572VVQDQvTWzrqTK8bi5huA1AHNQAX9Gq7
BYv3guXbzxUathQnrGTJbGNVT6bp8roS9RLjWFGStxUg,4500.000000,2mwugvFki6UZ6wgvu3178syc4m1Mx2mQknfSppzW1SDsfP5URSoB29opZaRQw9rbBc3AAPjxe2XDusb716GCLAC2
F6xfFXHPKip6tyLn4Ja31MBuYk4XaSbdByGLxF6vw286,4500.000000,P3nLwZBpQNpxTkh32ojjBp9xwxymmP4mUgTwVBoePcAwKLdUBBUKA27BwttyWyFqgDauGovrsagzKeot8nes5Nq
CVQnDKcZ6XPfz2uAmQH9NGXCrVjRWsRGdKPAVnDVB9EJ,4500.000000,52bh5segYwULr2oDhm1d5vRVk5LKvRZzfGwwTPgg6VsB1wkiL2T7RTXTK7G9wB2CLx2TyrQFKwUQurDHRYttRBzk
5ZxWASfJ7DF4zA3vRPoNg61iwsUyp6WF7sV7MGWewpuv,4500.000000,HcKsVSRFJKh5KnFNNhHt74gibKCMQMhfqfNLFWjpnBcutVNs33BQH8MQrhYXBtJjeLESnmmvpNZ4AsP3B4vnViQ
DjNKjfEcT2FYPtuyra5dz4baT5psp9y7YvuaHi8kTDr8,4500.000000,5m6NW7i9EWMQtF4DguH6Wh4PvE5vV2bArU6wxrj1jc6HvuAXTf47tbwTvq4fi3X3wWvmMgibgVQhoKsRnaGF7iZE
GAqv66opa1Cii1g3NVUvR5nxCGkHp2zkDVvjMidU1fWa,4500.000000,7NoFQAerGP2cHDgD6RbVs8kvpptMBdrFLREaAme3rNPZWytpWV8XDBdAS5NgNYfoYjBXWBTeWVrgEFfs22HAyJ3
DzTNjbgezg99BTJ3cTgimp3uDUCAK5zU7HHs1QgYa8DQ,4500.000000,4fzVumzFj4jT5UvwQp6xXxzwh9wcCe1oh6FobX6JoVWDBwz3RoKnHRMf6L4nWV6643n3orXFP31bEv25Ff19ubYS
2kJZvCS6H5Fk62gTYMZLDqYxNAZThktBEXraRCvBHNyW,4500.000000,baiuN3VJ4FpyHVqEudoeyP5nTgqWn7Y1HbyKSLRjGpShUyo27LwD2rcFHnXJZmMjrg4SGTe8zhA3uXF1fKh7JsW
F1DexmgWCc1Aj342VGYmb4zGBapeqFQxeXDvkDYmbZFj,4500.000000,2hk4F7zvAokJ36y7FGjVaQwf6V5Xth5g5rCx5vkfGLV6D1jh8uEfcQFdu3A3gswxf8J3ecHsnPtVnkEP9bicDJx3
EYaPUr6xh9BEX2HXtqUdrDuqadDPLhqQt7gHpzUftdBY,4500.000000,4iVYiBoD3DuitWfw8VCJb2FRa4Rjt3EoNdo1KPRCCjqSVYP3owjibFrM4Zu8WhHiDoEJBdPi7aDCdWJWt7RkeuAt
5KGDRrTNspraZ8mRrNWX5DsPieJTnQkaz3vWPBDYVr4Z,4500.000000,5AZX6uC3t2hkadEpHNg7dMVFoJuuhQe1uczrmt9NL8KpheX28HzZT4VTr53yDYUUd9QSYs7dsNwm5RFd3XcDynDZ
9Tftu1iJHwmth2QSp22QER4isFewT8RFK56tk79iJ3Ek,4500.000000,2WoxCcPT8Q1RuKGjMcznc8B6K1Q3p3JGHLrfkpvJ8Tzm5yULZHbZHCuiZX2oVRq2kDHekoH5sCZuEGVJcDrLBqny
DkoFAMvGDWuAo18tSfSvFi9esKVm9omtcPE39Fn19oJo,4500.000000,3uwZDMVuE9TNKQ2B7ok9wJMgK13WovXyqFENBAneUz2kHouvTbeBNRBij76PqRAxEVyzPys8VMDWU2YuWefU2U4r
6yfEqEw26W95LAqctENjrdKH99zuVs8Gkjn4pEjDyAzt,4500.000000,4o7qedM3awLBHzwcRFdkvtJRGXeP6j2M8adNmhQ3SqPp557TmgdLZL1EkLWpR9UAGfCwzqkXD1dP1rqjgsrb8j2C
CYXjKGzaGmhe4ZvTjVJy6nwGy37c8QFxSDvWkPNBtdgh,4500.000000,3i2enXxAyvbUcq91uhMutXsbvG4Qe11aaYHr6zctA1HsqoV82RFivCwsK8PxePX6pnaq1qo3jXqmgHV3uTu5nqXw
7BRCFBYzLCjLv1gLzxL8Yrm8C4xSxLZtnb5QHaYCVv69,4500.000000,66sraNzQSqPZck3QgTubhH7VUgQJRpgBuZmwrSUHkELshzYvsCWTBsZHa8PcLvoQtYWcVWVAsdPT77RxrhPCdPi
2GqY2qHnZDmhjkxJPBa3xy8ewyZsSywcSKubzQUjdZzx,4500.000000,58AxQZgD7yd4FJY17BRJo3JxW4KG89XATcfYMvYqSNhYAEdrKS6yTNYMkGDLKbhqjmWEV9geXSLKCbB6dZRJijWU
7rG4fHUNvqKxLtJmLwM7wAFYv9C1ptZ3HGVUzxnrgeAZ,4500.000000,4bYeZfZpC9dYKThVVQDekhVQw28ChybnfzcxjGUWsCZZwJWbiAsvJ73ADcve7dSH5bt3ryCCNsZAhgNY7JHRna81
6cCyjPbaWmM9w3hc8vyEEdNHSt8rcn7KiostWCugvUoj,4500.000000,2qKDswQ7rkoYYnn5yZTTp1ak9DoD9bHDt2e6JS2DzhjhsHc6vzJ9MbKpmpQku7NkFoNhopDdE3DVAYYaDAKKbSMJ
GkNFArNxSTh14o92hSTK8vFmifzMotYseo4Dkznc5bvC,4500.000000,2eFMK2ZBv576iDfPVUAyjao4zBAzkrME68QMMDf9h97cNQcfkX3sek8rbAX9j7gZkRBq2V76WwhhZ1ARdPN3mSq9
4NtPUPKAZ7wLiEzCv5CsJKtF7UP1QSjWqEb65gezBJ3Q,4500.000000,2xGuDJP2HAs71XvRWUjdUPuKVFShBYYpfD7YTmRPnC4LZPmCB3ooVkTXXFZZ8a2B1cKT37tYZKpmgPg1aHGNboh2
HkarXcxKj4sfzGaA9TrQMXtBuRNSpbN2i4WxjSwEQJfM,4500.000000,2YYz2HkAjgRm5KoftKiMk3dUKQZdaPWzMPBQey7kQYhkLjNCTUsAKHLu6krMCGjUKYH5THpWDypKH3u7ZtZo7dFx
864yyZqh7LbtHjMt2csoZZTryazVfUiRDxbVKyZhdQ15,4500.000000,REr3t8ovN11ftaiai5SFDpxdKWc8dyd7Y2L3V3dXXcWkfJcd1M83onoS9ynHEvhGVsJNQ4eKFm7WJnA3bgcb8MY
2hJcGgkm1qDz3GfSMGqaqZZU5LdcBmk643Za3GWfRfAL,4500.000000,Nyiig5CHZN9MuUU7XmprFFMr289NUbmofiXA9Bpig63pZDSB7hQsANbxsrKNv9NUULnzsZcLMBGn9uxJ7yNPpCu
Af8CrhMLzubT1tPZZYryADyusrNoNhvnU8C85s9r9fFW,4500.000000,3gEiPeKUiJJ7g6p7Mr18fghj9CSnXEG53dLTiYbg1Gj1WZmHD5USCkNwzaELWAum2okKmzTaLayACUPSj665XzyA
GcMTBfYffeLpUhPuL9cJNpaRLeJkQttkJLhz2QsxZHzG,4500.000000,2z6ksQNSpoc7EZfdcphKpGse38DY6zTQWCSG9sZ7STkgVv7NbLfh7ENM3KaPK6EPz4NSBmBKHYTMfieC21LHYBFu
9iMYM4HmXb8m7L7NrFHSgty4qpeaTJrpJ3yGrMhZW1xQ,4500.000000,4tDfmrmagNpTCo7NHMmX12jphSgkVybqZ2qVbjL3sc1XboJ3yGuisxTWRZk4cmbz6dMp3PFjfpwcrnT1BJftiL4F
3Xj721PV1dF4rzbBb8hncZgZSzBQLK57fA7gFZ57e5Ry,4500.000000,4DTZ9MxtfZcN3K6nbAjsBcvH87WyD7BN5xwkdZjzoebCjtio5pxWgjYWNzygWr2coG7xkLAGiUdrEKCDzVJF2gLL
5ZepQyDrARdLMzM4i1Rg36rBAgLkn3jjynzycCXnTWp9,4500.000000,AgY8on7e7qUM1WoA1mxiXJjkMJZAhXieLxzHfnUqND4NJqX4gsmPxZPmHjEcZwUg75MSunNDfN3XcKD3BuW5883
G9NSed9vwgwhzXXLxqRndm2y6ADqncDt5h6fTsDdtAuC,4500.000000,fBSJdg3AGfWvGGfu2jkSn6qECAoATWY1wrwp6gUBNk9N2BPjgF4uGS2AeVWM6DcD6vfLYZys3W6t6DqGpFu2nL3
EPEd2ENF1sUDsikzGVcJvQo8KPg5C8C1yrr4DneUFam7,4500.000000,v4avUmHxn1iMCS9Sjnj3yW8SWdNmiCod8Wz7hro9wrmzrwZPGGbXcabaqtCNQBu7NWZpWmEXTz8TvFBFjyqKPGv
87im8o1iHVwtKavZfhUELY7VscQUq3XbkGxxh5pSVEy6,4500.000000,fkAYmnbLsN5EN2MAAhVvjgDVGWo5wQSd413Fu3gon4s4zSAVUSNnjrbgPwe9pWeWQEunBH1ZVx4hkSPMPMU2bVH
6KkyMVMLpjpBRGiSPhTpwHuRMBpiYCaGMYVo5KaDeiYj,4500.000000,5pstag9qXpaB13Qz92rVCsHbKReFGWH18ZbeMfyFebp3JKyPyStnDcxe89NyCesmdhMxgD1zqLSSqHJk29EYrjJH
GbKeqnoo7Ndghzaymzt1UxgLNJLRsxq24kGVkGjBXGUu,4500.000000,nkRxpeDMQbC78cMpsNDfBigrc22dzVQATtsWmMxzcyHDk7pSW9ibY9VXbRQnmhUbnnx9g1ZBp4njQJKoNEExwas
DehUo1TU537n3BQCxzLKWv1TNZKWLvpY6reeUb583ooj,4500.000000,q1sjoAZNh4YZ1LoNrAsCtzygkodMkzhij57i7uMwDcxgPQrfsWeQdGNsu6gB3s7SPHpXYGd2dxUyRDMuSfxgAAr
52WYAKi6x5xz3SuoqHgzRyunHEXTUf26qYZyTMHAK5QA,4500.000000,24QrxyPio3Wav1HqxngJdjeCDQcQWuVpLsaM4EzTw5ac84LQWdTPrA775TfL2eTQNiFRM19iRwASiEL6muiNYvWs
EgatkKneNEfxA6CbunWjrZQD6kdxQQC7jbrx7kxv7Ng7,4500.000000,5ChQ39thrtfi29AgN8YTVCCFQDFACFhkq7QPkQLfWNWikQxtXj5HPerNte4unxQaZSTB6d5jMMnvUJJE2rVDcXV4
98VT4CfA6QeDmHqoUmx4PYUSpXti2haRR2CpG3vV6GEo,4500.000000,3Ujfv79Te7gqRjvYXzAmNSnxTs6rYvwCnjjR6AcjZBccZpgkTJjVvG48wHZUdFhDGBAshHCNSyfWxD5YBN45jt4w
4P1HWC9zfS11BfoHSniuijKQxwa3QKvsw7Bur84fDJEJ,4500.000000,5QyD6jKMymFKyq3bp1JcNTfvFv8aqYGLVzQu63fd9JJtghLd29aseVcc7pNjfwUTXrGmkUWF31ApPPkwQ6STshGp
3aGaNjFa7x2F1dVA3QwSwXLHcxFyLCEXz6rSsWjufmhH,4500.000000,56Wm8WvLAnWd86zfquxRPX2131K1pc2FrQhn8xajRZ2U6KoR1SKPt8fFGXsRaaLHwgtWgCWaias7LT1Wr2B7ZAFw
666mdL1AgdqpKxW45imc5jehqozDXybFyH584k4Y2gDc,4500.000000,4LWpF2L4dZQJYmRe3WpCaZNZGFzYsPKxEcMVsgn8ZyJngDNgRJMDKhbv11FnESq7CrjDTdEbEZMv4c4t4BfrqsMc
8kv1ckFMyDUfzhtohmdY2KNdgXuWjTNYSXb55amY42Ja,4500.000000,5aE9aMREffiY31hUqhA5NZqDgKJQN7Ak6jCsEQDRVBSUp87Erc439jhKGkPDRSJJJZk5CAqwx68qFPkWBu9pgJom
7peYvvhmC9Vt9E9CnV37phVAyFUmVTLzaYuDvvNpxWce,4500.000000,GH6NZtB3Qb9BNAMbFH3TcZvXMuXzLrU7mLw5UDhmnfajqRJ7qHqpW3BUdjKPRrwnX7UYgqHP5HZs8bWrZ6up4Ze
6kd7JVUJsPpzj3nJEdDKPDDQWmVr6EdZmE3U9c3ywdjZ,4500.000000,3nqj24F6bjWHhFEWm25dwLpnU68wWG17kvpCti7W5o6AajxwD2nBGCbVDtU17555VfUn8EUS3veakV23VJ8SPG6b
3kbg3Yz4JXC4Gmo4vn1nzZ5xJrdAVS32fyRfMjtQXfBH,4500.000000,5Tu9SeMJQJVwKkyNzEBpN1bTSCKUkbShTbLTd83LgFEJDzXdeW6KhMzkQGYUJNNeaoLcW9dsKuRKvSZU3jXBQhqN
5wAyDNrFFU5j1TGVLJk9McEEWqFec5RJAETUWhiNPt6g,4500.000000,63adkTQNACQEoQR1NcAYmUnXvpb3ix2SHJSm4oeYdWgrB6eN49eGnCBKVYZbXrS9WpyAgyBAGqJh2BxHeJxstjNm
9eEQdh9fp1rmZFeStyHikosudazqX2xqcDCYuaaApAYU,4500.000000,2WBdvmHwwHRLfTth6HrffhfHPACQ81YqwaTN9Svz7aFhyqDeY9328GcBev9x4XWV9Mow2omMwk8UQJY9pwR42fnc
GhnVXY79HDy53GDmYWtV3oTJB8wfVzE3c4ev6vG8g7AY,4500.000000,4TDnUCsYz4spNrAXP7jXFfVb9VShdGREXyGdnYfe25PwRz16btUi3myqabMYB53Mzgm4jDMzAAGXhpcAa4HPMbGX
v3HC9L6M68bdriaHWcxQxv9Ffoo1sgVs58mHtrHEnfq,4500.000000,5AKheoKkEevrXntp2a8BD2DE7vkCcUrSeoyG25FcWmNpfwWAuhrweiDKquggGpcUf5Q8e4Ud3Moi7RvwFdFHxJUo
GiH6JpjukoxmcA1FPQNWXm3z3wd2MrZWx4eJ3KNwSb34,4500.000000,23vxh4hUzyA789HtTXbXLivYUUuJpGNCwStKzA3Hz6m4cSsYTQYf8NqSG9CXVTwvYq5ds6uUbd84e4VyZLZfh3BW
FwD41BJPhbWdR2W6MUoFp1WaD3xP5qZaLC9ppSxmDn41,4500.000000,3bxKJr5vAyqwJrop1HGMn9PaM4Gdjtx9ppKTgYYg4mPVLKrRRWtMb1Rqic9tRRqkb1an8NwFZLXNLE6ASP17mgrv
CRLXoCWeaitKpKojjp4CnWwdrqpsEuJos8VzRDPnB3YG,4500.000000,4QgTRoGNJkXGDDhpU2xDBneSUdZuoWZoFUor3Qzuhm1gHRVWoMHTssJdRa2Cd8f1VdtF2eoUPq5hPf5ngUjAMjup
8CAn1KtbRE5G9AyGYtdVrfv2kzo3AFttfzGWobx58mnw,4500.000000,3k3BMWSF5TB4sRnfsKP1ULv2LrPXjB7Lqn4q8TdRq4Qu1yZJXTiYh6xQ4wW7Q1xoCjcHaFvTv3h6FswHBRkwf61f
5Dhw7U9ibPbkTqzdW3AXUaxsWBmxJwS3mMjvoup4LvCH,4500.000000,2ksTAh3DqnPrdwCzkCjwKc4YcxZdZKW8vkt4Aa6urBkQisUzjJf3QctJvVUeqDaRcAiy7jcTmf8yQwiAiGGiwWQd
Ecp5TjqfyMz2dMSfL1tC4NXdpJgTKMcbVsDkDTnPHb4R,4500.000000,5Dh56reFVLtRXZ4HxRpPU8zJk4ztoKcVbz8xbyBj3RdG3wQVoNvXsefdQ3WoqL61Zh1DmaSi7C2KR3cLG3vaVX6V
6FTbrH2PqXFuTb3s4CkPvUDRwPqJK8BDkb6g3efizyDR,4500.000000,5Dg5gRcS4WAmnLaWTNhVymJLLKdmCujpvdeKrekK4hEPB1S9DQJyHUuvr7k5AKcVgsnCT3GfNJnW52FMfc4wDZW
HC3XXH4TfEg5MzUSCwM2Q4raN8NDHU1MTaieNPN3NYmH,4500.000000,4u5srNraqxUKK5cK7pUm3MX6wtTH2UcwpKBtm42ARTqXfxiJ2wbJZAH9eCmEzLPDudUTpoqt9FWsdZRXtxQfubcy
Dkg5c33Cknqm2d9F26m2sdAqAApfjVjd4qUmL1uF2Fgt,4500.000000,3k4367vxyrfu4sR8F4rQCT8z9pngbdBKT5oRBNhSTxajGHpyAMJUKiKa3o35vR58AWqCpN4NpuBaaED9ZTGRirBH
jYbE3Z7r8xD9yKXzLafZxcU5YWtD9Mn2exH1g8BSQa4,4500.000000,4m7etieZUoTqS8dA9dpLJG5brXM2GAY6nvzB3XpTtn1qH6N847TUZbvNhREM4Pu3LaJHUMwBwaPfFZoMZwFUi6Nu
E81Cd6jdJxsSo8Njqe2X2ffr9fF9pRfPpLf4woNVSRpb,4500.000000,63g7tbjvNgkaYS55XPPGTRR5Y4zi7aXdhpafvq6xZxFnnpp78mKbuudwKqayEKGXJxPqzKzeZzvebNUa9WLVdXQV
H4q1J6fj3McqULAEZGNHz8MTJmYmU6dJ9qr5N3onhqH6,4500.000000,5NXfgH6cKJDNAucx7tjyRU7RbXcrddxCoGR5LkwBBXmEbNJEfv3FwSe2Q7JwrLbG7pcUZbh9BRawqgSs7RTwsVxp
EmCp4F6wjLW5ofUzBWdKAAcfYv1iJoBaKT7YgJAKhZPQ,4500.000000,3L28CffdfWwEkpBsHh63Mz3tUasPnVyk3rjHXTRRkfiuo3oDhmyTPcpMbaJDxcAerwGkoMMhFZgj6aUN6BEspqRy
AFCGjMn9bDbWWttk3TceJXDqKpzHRYmCjeB9mJWa6wMk,4500.000000,2xzg4ZpYQMTA1NwCYZ9C2mFb1LW77jQ6NToF43UQ5ugdhevejxLzzsj616DHRDi3sHmv97rUjSkfctc6TRSvm6Ls
DGYVDVePBPE6A1Eq3PnebQGJBNGBJPnHUAGQ8H3WYpCm,4500.000000,4VPBaRP5GJ8MEGQTQymbE2Vh4LbtvxJZ4jkcb4rnJCMPeNCuiRY4eG2EgWnWCh5a3e6mKCyJbsX2SP3scGr8SBeD
3zHqeuUo8vZLgAzZtKhpRj7uBmgrzbRWPeEq9ZNiMpL6,4500.000000,4Evk5dPos75KE4LM1u2J4VU3DVQAfkjWs55Q9K4SPKrTKfmMyArnt2pF6uUuPQ4THUZm3JKzjevMgjVmre3yB7K9
56PfJRDdWBkjRnQUNV1fvzC4NYgtyDYNGS2eH7tDAKih,4500.000000,5yvbM5dHKqXWRwb97Kdn5ANfqnZEApw85SpCWwmJthrAchGdp4C3iWV2Pwpe5YLhrXF12VyxX9h1GUyTMcUzqwWi
4rRhJWMuHzeHp8vP7NLD6CFtos16xHsk41o258Mt98nQ,4500.000000,4BVcwypkf7n6EHaVviQNfryFdCbgwaJxtFmcTugvg5Vt76o3Jd77C1okMdPpzmFNaCEMaKH3E65i49taH5Crp6mU
63TmaWerFGwrjpKfy1Gu8WAJsw6GyJoqrgwd7wLdKCe6,4500.000000,2QHHpDG32kqZXoXSH47xMm7HMr2mfEHhteAYwF3DJ87Jq5gYgXJkKsBZkVMRdQXbKJGJx6Cen5pD3hYQ6fWYxMCL
9xutf22NXdwQt3JRSTjgrUygSmYgJbABJFdgcqrRgcTM,4500.000000,611Kyb6x6GKsPMNp6Vt8KNPUWpPxYmDP8Vy7kraK12aWggT2EMZvgRbjNSf1NpuuUq6B379szv21BbKAujm3XpMD
EVfXg23LCMuKjnB8BmgYB6aymmcs5gNWPnPQVPVPoBVr,4500.000000,3ZGMb47dMmiwQEFM4i5sCdeAgvnQsib2vaVGY45UUteimr68pyGA9BpzqhsRhhpn1rDaAgyWfKL4LWMZsrqYU1H8
7AghxyFwrAJaZGfSGZ5DG1JTtoeC3zgaRHkywuLK9gXm,4500.000000,4T2cgCwFg7BqixjCjtte61QkPDWo1YK7My7CMoTkFVcuJf2ttouyUmfwnaNa7xjEjPH1yV9Ku5Js7j8tkXKH77Xv
9cV64xt85bZWsWySCACLwqBvdfwuRdfu94bhN6tchKcs,4500.000000,2KVm3FyVz6hzFm5JQGS2ZqjcHmjP26qQRjP8Wonfc2Xgb8ucgCF8haxifTgWGf8qJFdtv3NpkRfc39U2UftVffYR
C56GTYbWpxDTfX9T3N7439o4aGcLSxYBc3bDL99vFmgM,4500.000000,3WAWLKEPvSvgdDokBoQQUCqVHa1G6ZdDUj2XCVW1gx24MFfE6mdNJUM5qTSQkA8RMyN9aoXiLq2r1GbXsC9wK5GZ
FX59EgGah5kWvLcPQGtXUPMeZrBXydk78NG3sGGfyiCm,4500.000000,4MvKY3bgDxFU6KdmqVhJ6GJwvj8H7d5pKYi3SS8nzWCrQ8xWfKgcXRDFesdvRZPed71vjrgSZtRioGEQMowt6Lcx
7GaqV3GqepgRNBN3j2rrDKzurbEZqzkyqD1Wi7dsNjaK,4500.000000,4qQgpuUETn78f8AC315hNSFwLbSMWeAzaNWLsz4HRKtf17viGoHamh25CUzyAyM8aVAQjvagctqsa8SK4RBnV7QD
24sqUY7fNWJtSSFAras37Dj4a5Rzn2LqiukJrZA7LQQM,4500.000000,5gW3CFoDLTnuLNByb6YnLLGT3csCDkExidJSKUXXLqccaFW3y8ouBdESNDEowLw3KteKSviARUYBs6HYKwqRGGCM
6H6SViSicpyzJBMio2NbzQC2SSZv1nLGqrm5wYwdszJC,4500.000000,4G9a8UnsymtBRCgHJ5zQooMdMHQpCVpQur2XK7VCkXAywDRQyvG2DTZpMec7eLx8kx49yxyEatNbF8K2m2p3XmLS
8gkNdxEVtyRBiYTZUSNusdfeY8Uqo3z7fQZtGhMj4a6C,4500.000000,4H1N3tfrfiKjS8xCUQ7DFV9ZyLkdTxC4QDazzhAHagiEBNTRoWqt57XRGpWaXnHatuDZAAjSTwcSEahdHPBJVVJ8
HxwKP8oscrf3N7icdSHErE78eoCcd1Ktr9NsEfAjwbu4,4500.000000,4ibQiZfPTVpkFJkiMWv5pnPrCFCcBS3YLrsyubKofmN6STE3k7JBNpor6HEDN77rSaSFd5pmEC3YnTXe4tD9S3aQ
FFtrSBhnLnYgtWucbcYwGvFeaycvie4VYK1nShtofaYJ,4500.000000,5ZGo6LtqpdvXwNSZwizfv1RxMMuF7mjgjMtXqDwxp4FrQde2AKkCVCrHvaP8dC1Ti1ykHUuBJJuCHrzjaP9RMvNz
6wUJYtUBcNoKN6KAGfSrGZ7icwyeChwyaB9Q9X8Zypz4,4500.000000,31cV78Fq4jwxGcTffYt9m8kNgpgMg9FqgdTiaof2r7ugsKFLpzQ158D7cD5gNie5QqdmE3sd2mPfmCZzYQigYnei
44ZD1yKhqiHu27zzWVvwkcc4V862xFBsf3nRTpDy8S4V,4500.000000,5vBz3XfbgfEKkH7aQqCDzVzjxicLTAZj9deqgUiRuK5RrV6gLiDu8AcUUb9ewzkzYPYB8ndQ5NEw2HaFgx5sNNc2
FQoWpdGFgo18hqAjdxB6Q2ptyTNgwazHGJUMmL3r3kjh,4500.000000,5sQU6Z2yfmBUPxyf27MUb2mfrZYLuSCh1kTLtQXWhYCgMiettp7DZSVuGWTXTeDc1XKmjuBfTbdVfogLiSnoY1LX
7FQFRPQVyjYLFrwBTXZ7NjVJWBZPSDCdhx6DaZ3wf1pt,4500.000000,2gqk1j1Lq2VgrXstPtMDQ6RZzny6mXiHu91AAJSSJyG8eg5JhEDtr9oS7jEaL4uLQWoUjRpS8ttz441wo3SRLCbv
FzgqjjdLiLENisQibaSt7rTavzr48QnqiYr3qKs6efz6,4500.000000,5nqipAqDLcMuyy1zFeC9K9mY6DBjSxEunEzD7cUSt68ioodGcTus1FnPZjUQq1c27Ayay3wwUykTjyyjc5a3Z8fm
GYX8kczDigZFRbiVqct2TSXGuh2v8ZbCLHBmAPVZXkaj,4500.000000,231eUmAyzpj5ArvWaE2Q7NTgdCxPnPnkfrsc9gj782PgXeLBp6FspUoACsApYp8arM4EzMRHNmMTB6ey4K5x5xHX
8izRKVL93RzkpgztPfQwLLZhshUu6EDf7sCANbeZKrXd,4500.000000,5QoEND6qnngWHeQG8wq5qVNTqF9dju3dSxyz4YxPQ14DMrtBSqGSxtVkHCVP3HXvBcrFADWnjPcpyHWAzBj3JAHa
FAjJm3Gt43pE8gPTmYhctfG8VsBqo5fw7q4jGtYz5wB8,4500.000000,4v2Qs5HTMiiAtnnLHQEovqtfP8pFDpqDLwNHyKfNKYPGUsGcJrdSd9AkSom26KysyFzGoHXrrKuenQGuH4661iPH
CmdJqg5HSYZKUQcF5oW8rBZSpWftCZREmCYjLqo44qra,4500.000000,5EaVopJL2MArnX2DVqg3T8F8Gj8vtj5UNU5zFNBBTxLL2VWiRG61yhbWCpJyhjQwFMdxamPdHXc9CvoRjLCrxdjm
4SYZ1AL8kCzSnmJqQtt1f5chPGA7rU1Zk2gV5WScNb16,4500.000000,468yHXoAdKTJYHjJpmfTeEoF3gB2JjToWUdoKzMc492HBFmUQ2LPHz343LAr1Nb3EgAvqrRsTQf5RtkKwo3mESzK
DTsepRipY88czYb9S6sxvASKuXCxytt1KQFQ7PyaroKe,4500.000000,5J5GsBuUHzameUZJE1t6PfFyhijnyTRoE3PR25ozwc9x3dyE1anNQmvVGwoYnGuPZYNxvzDHCtGpHLdchMew2EM2
8T2DFpoQFTYcgf7h4Skw77pUQVeVixMZzCoo4cQqh4LX,4500.000000,funZueX5t278H1yx1ydPqPJvvvYJobgxo7JnFtS1Ks8N5ApLn1z6U7MsmugcVAVB7ZwbFnmr2fsTTA54HNc692H
3oKKQF5c1mvostNvQVvfKHCauGeByH4N6YJ4Fz3khwwm,4500.000000,5pAo8uRws2LQGUu7cWdEmreamfGBPcTDn18G2QYE7Y8JJF61NcaDLrE2wiDSr4B3UisZCG5LaB9aqaPoiJe4sbV4
642yb1sze6ihXrqYA8uvXrfJbGbuQrMSqenDHir4tGBF,4500.000000,3ET2Htjf17GHVVE3yrrETzrHEaz5enFjisadb4uCZcNzjqM9eshRACoACAuY6N3TBsvxBjS8CDLdzYW1NT9vHhCP
F5vSXJ3QthwH2SxRR7126ZJoCkc2AU1prhiBKY67y4ZJ,4500.000000,56W9Y41u9H24oNjNDUC8R283i5sarCDqHSvrx7u7MNgzaXa9ZqK6ciskiJbZLdBvQJZwZcVT1rryKEW4nBckhFn8
1bgQjXwyBNNsFXYY55DjQDEPUBygEPtQEfcMhFhor4H,4500.000000,4627RQ1UNvqetfDt7FXh7pQhHW48BEesThySwoBhhrVzbkaxNHnsuPDjd1EQwvjV65v47saBPxgQg2B1bYHAP16n
AJW9iNLqmzZPgszcNpxCju9NvEjtMqC3rvXK6DmmgQWA,4500.000000,4yTNSmn9agy8J7DyXts3U1Ew9oJppMUJBXjwiHdN5GuUfFf3jwcLEZ5x9LUspyv63HtRY5xkvgAKHsw3vVEzauwd
HxP8RjfBzMaMZoUJw7bcy9iyVDVLodwHGY8V3hr1zcoS,4500.000000,2QUeLM1VK8Zs2S5tqqUB3KFDtetDrKsNakDtnZuvcdtwxH4jiqEE1SnVWXR3gtbYtgnEiZenMeBFKoNWRwpm9LLp
6HV15Bwxe3GxFwawP29RCkY7FsNsajPuuX9t5RKxb5sb,4500.000000,2LUmwkBnVjuXh4KTE9zr5inK8VGdL1USMHSn6N7ZUNTmLTBfwzv6AxBqi2cLqLmtQxuzLTitMNKqErCBk4Pf7Pf6
EykKhowWPrweehsV7nX6n3oWBzAJq7ak9aRd5K33epxT,4500.000000,5S1F2CVV9wUzpZSMDEKhwyoVMeu5ACQmq22dVsijtRTajXNbD5FD16xcycBih87TEvdEsih3SyJjL9zRqzhw1H6C
EHvRJYDh6opqYpFDdcMSg6q13kgGrgTqNzq95UCLomNV,4500.000000,D7igrUpAKgwhT9o5sZ5NdwQDXwbUHitdkamprPZBdZVc1SyFPxaExDprLGpEHT6UQuCqLncSdoWzmLNKhxRFKoB
3SiYavEsnbMxhj6D6xt87jveiU8aTnuqxwDzLJgENKy7,4500.000000,2C8hMmbQMrFDyqoZLSkVHAJBtSGwL9UDEaa4vKs14Dn6aZy23mQSQPPenRYX7XE8v1sv1BS7AG3tEYKdSu4gXSb
DvqgLfsGz6vhpjs3KKM6qbkLv1sz4K47QN86QbnK2oY1,4500.000000,5zwibWjnu21Zce2cLbCe1KjoegGYpyjCNw5TTS946kCuv6tEnt3cDGt6R41411NsRSvcTcY7qiu7JSsSKZ88Mnk3
6pQgsKBjgAck1mJgFDjbTzJvxjtDEBm1z9r8bmWefrT8,4500.000000,64vHufixYvsQUmtq37mwq4gKfiJnPLqZkJ5cGfF9naRFCZy5Np8cgoBEdNUJ3eYsVRTh2Wc7vXECvZWYoDbTn6nt
8KSrQ5929whDC86QBk4oS3VTAouG7hoP99Rci5WhZADV,4500.000000,29csmv5Y7dvSRZs7TyY8hH5WaBssdXMJn8wxtQuCT6d852JzsdxebyT2aJijU4w3DWqiP6VTCHQEccB5DnbsvFrG
91KdMANiepuuLMeqxy6ksmnKs8BFp2JpwULTxmwA9Uv,4500.000000,48ECRCVzSCXS2JnSmx15rBJGjNQHa4e1joUn91v6Ves1yJzRwxGDUDEEx1k42wNcKKuSBh7PtTJaTMhpo5wv1TwP
3vKahK6Sp256kY3EeQDr7gubPfG4pKXr4hH9KNJka6ZN,4500.000000,32pxs5XRt1JPcd5fMWgAZ9YN73nrt4T99ZLa3TUGB96iEPde1HUJpDvRgoByU6C1U5vGQoSZd6pYRats5FbVYquf
BhY1PUuLn799r38rBtme7HnVrVzgz4s6NHnH6kqurdhn,4500.000000,3kZtbQErJJ9sRrfu7RYrDyiN49WhPNVwntoZUEs6zxxA9715C8HKqpLhdgYmk1MB5BSXdbJrVRsZv3y8rebGH2R2
DU5j4AcAwuKPNH5f5VU19W7ZpUchSxYx7k4L2ERdwiMc,4500.000000,22a3sTBbXRH6KrMTG74ahFZhyfgevUjWqgHzn9QKpoks5jda4RXvDL39csBFSM9o5G8SCJty34kcF2rAZwRggQWn
EskWgjTedpxuZvu5DtXJvp9qt462xbtaRrCRudpLr5j,4500.000000,5WKKRYpJi7bn7vE7ucjTXMsSxXsLZVTfph6wgJFXDcU8Hy2W8pWfpeNF7F9v4WZscmLhuX3ySCx7x7cgkKj5hywm
FKcuv5VSc7GmVEVKRQcHQ8fEyYTPGTPGPrJvSJBkfiDq,4500.000000,5vhaV7NuVJM6Fr16YWjuEkcR9mE3injphMgrfK2Xwq7HDjWPWtVzRCRnXxW9arcazuGFHPWAT18SVaWYrUAfpvTY
BA3CNLa2s2eGbcGfLoVXCZMiT1EVxdL5GV5umziu49K4,4500.000000,5Dp5p5QTfkAJBHSdtt9FrPSE4V5XP82BoDAgxJNrh8zAgocNNzD7PkzBa3hdiGM8oq6mcF9a6mquk8MFaeh6d9Ap
41GSCgb1bTwcaeLqHGuxsLpAT14eS5jLvNm7CY5s7U6C,4500.000000,48hrD58fM85SjncoZje8ZtkY3GApfufR3Qk14pUXyixCYwrvLVbsiemi9mcAgUczqekPpaGHyZSXNQhcAK5pWLD
49cTcm1EyGG12w4B7ssFG6DHbEUpQQBhqtRsx8yoFviV,4500.000000,Fv98mBvp9v4zMxs8Fc3KzxHyYrqQAgT7XThigbYuxjQADhi7so4yswwbZrz6qVaoogk98fMVLG5yrZWh9XEmF3g
4CbZGuBKyDbEUxMsgJPP3ZVbCfHat1qEAFqoWWGeNEre,4500.000000,5gSs3pvqdesVzDN4pvm8sfqKvxP8qgJd9YCg1mBUZnJnd3DdmJvV6AUduoSi9h9zEWseV2rAtoqKCKNRSrRpA5ZR
PZNyYEQvyofdsCGN3gRfwLaQ35TSwxkwJ1reWp69mUf,4500.000000,3NyruroN2Ckqzw36X57wKaokgUE6ReeMFPAioLLKByria2y33dbrBLytG9ohAwXxEPoQtwgVR19BF5hUjoqmV36
8RPXnMfAB2LopVLd8vtAHayfUg8Nf52uA4Mk7Nq4MT5W,4500.000000,61bnwZjCNZPUUnZMsdRjeXkGu8hxrzqAzk49ESvWR2Bu9hvbnuu4f3JbBWozYBCaVsdD1jE82W2nEEFNuYSHZZhH
8kH67sRyyYmhmKbV7xV6WtQbbYjiwihvWbQ2Lm1BGsXu,4500.000000,ibXX3a2ARi7mCS2tukVHzU3ex9j123T2AghXtrUDxKwFv9RMqcYoTy3tSipTnJL7PSjJgk4JsPJTmtPzQb7fFrg
6Ar3eyrQseCtC11TFis2cTQ6UR2ZumyJEuV2gjtGcw43,4500.000000,3kxqBHvPNcrwk2fPyJxo4yZdTsDJMbgL888KiVNGfqrhJwHVh6a3uvR2CXrEoyi5bTmSGttQGGWwQmLKwFn4Up7D
GW3Ko9uHspwmdiPv1PKw2qAXX21uziwEvE8mmnXQsDHw,4500.000000,2KpV1kSrwRd39CKPKw2h4rgBkNStcCDxdJWykPXuEA6bL523hdZAWv5Sz2YjkD2fSS9prS1z2zNzTLVD4rHqPmMg
7uQp6BP7QnfJxbSyMdr1pRmedSdtvZdnjhJBvh8Q4rqs,4500.000000,UyZobKjeGoivdZG2SjSWDEreDFrSMGTwNcny9aUjXZXfoRjVy7ioKkeiRBzNAaz6cjCB8HH313eJjMaETjbDFDH
9KsMRUKFkoLKCYTcgktXQEHQSe31P9fKgZD8conQBzPD,4500.000000,34eAnRKpCCTCV2C5wCM5Ae7fLe7wohN4xQeB9Rkomb1WggetBnHW9A3wohiFuR1RFKca1angsEbWnpeUzu1LgWYm
2v2PpEsju2PK2xkHobkMHR6Ch9qkdkx2VeNQXq5RdBpy,4500.000000,2juN5khbHEXeLyspJvHcN9B7dm7jQ1uFUmqHAejQ7iNB48rjBs1HTBHeLpHjsvkE9jTwau1noFdeDjah47r2NCaE
ASut7xootC9piMF8CyFq7Qvmz7Lm75GvzWPNzQe7Hdau,4500.000000,3dtyTZZxmAmsoSWsikFMAzSKwMnhRabxUasH3CobeEj23gcfrKxSpTGztdVhiiwuFDyQJ2s2Jq1RfoqXCcQnMpyn
1km24ArmAPyApwB3jGE2HaiyKRdxUXv6rmY9fUgdajm,4500.000000,51HnzvKVgR6JNPL3tSA8AKSBYrKNWZ9RFGw17ZxP8pECPTcVbVzyuTSBz1N2HoaG3DUuRyWG2pVbMkMtRDPwLC79
2WRzZkMmqnTuTjNa9LXdVhEWmViuxtevHzRrofSpd7bm,4500.000000,2caN4967AmMJzd6oBqvXLgPR8bfHENWtRotdTHf2FN4RwFAYarrzFxVvxjD6jo64NZ1JPgT1yqTGPcwGhNpTQJk7
BYRQ8dtBv74u1rTDh9TvKPitMkkoEXFz3hfYmSwYLcSS,4500.000000,2K4nSgbM6FfoRMoSmeiQFwwZoa6JAKS1vxMU8saJGtShB7iqdkTq5zquWERW5sAv667tPiAX97qvjp8mximS83kR
H5sLdze7RUUHDmhJAXBWVYK2A7USQvMVTnFFmXTgDZG7,4500.000000,NatmQJFExxi2riipTmRyPT3yYczYXzEJzwYnRAVBoVNkfqixv3nkB8Tkt2g8917yK13kWqMCkK7XvYrBtZ7Li66
3ZrUWPFQuZzUr7wL9dfUbKsZoVuojbXwHqe5s4yUzJ5j,4500.000000,4MZ1UxhxbFyDd3o5Vdu8SzWxCoKCs2nuvnQvrbRhBzDFKffLP8jd2P3uACNykFGnhy1HSCeEADnBjNYrLEc9cGKz
9rZo55Mjw1V7J9KNbmkaj4g57sTq4d4dHy1jiCDzGrst,4500.000000,55rFhsE3WBTT2T4BT9q8VX1jAgUZBXVjDAdv1uqkz42KcRMVN2xpk3NuCCZegSVBHAR5BJab4Ye963ehXsbnZRvM
FDNjDPbNKZPxbArhdbm6CaQaA9Rd8d8MmNqK1H4m7uns,4500.000000,48o1Bbh8xjNN1aocXRPd4hXA8K5bsWzEbrgxCabAsxu7ufUtumeth6vn4ND6aPvedorN27tLQbTrC9xX2QTVyg3H
96Xp1Cw8x7VpvcNX2wMoPTxUMbpe3eCUYcm6W9V9hqzM,4500.000000,46H1cDABydgrrNmJpD992ZsEyW48ADzzMw4DRchSuRqQHMJU3tBtLBSf7zJbZvebbQ1sVxhDYY4H1epTXEUtkfxu
6aTgw7DJ96puYMjtSwjxGUefK8xrNgL8gJnULqwMPNAr,4500.000000,5CVC666oVMxo8zyXsvyr79G39yZetMqtFh8uP4sXKnFtm1WwyJj6S7W1m7CPQhCuBjqS8YefLEx9jVujJUFkmUCi
EbntHLfYcEi6aRoU3dpuJa8xuxkUhmdvuux4UpGjsUjA,4500.000000,R6TUoWvcxisM33bfhce6njXMPxg2xWFvdh96nTqj6B9GzzHZEz3sSyCs3Pf7VEuQ4Hn5CMXzLDAb7mcXdZvsDKi
7DXwJhhnDBaoXwXfAsX2EQYyydCUrNQYucosTcK6Uko3,4500.000000,3YKsBgmSA4Nq9wTnAuFZyyGdduJhEg1MQXpHsSc7X9svP8pmwneW2kZqT1BzbcdUVnfCAzSejDKsnz2R6pXXmAP4
CezD8rmsHyQjeDDtknQ8TyJzzGM88wbncSUiEmxR5KAj,4500.000000,2tJkAQwZZqroq6WcPAyrNUUyJkHsP5v3tq2zm4DYMosZm4oMu3y6Tn8D6wX1LX4W8QKL6qLreqqy6FeySp3GYtRV
9xcCwomFVz4J17QF3h3FSzfWD7gBcBAQDUcS7BPQgFzv,4500.000000,ZdHMwBKZtRrgyfzqDdDR2jseyfppvqNjtKZJXThNH8XBvH5GEt7URSbKWvtTp2Ps2V5N5cf9jKbtiHwPvWR6YTb
AkRHx18wbvRGpNGTSKo73hcgVfzWoZGYVFgAfFuVvT1T,4500.000000,44rhXcDHx5JtHBZr3i1gissDj2L7rX6SUGM2GnkauST17PXPm2vBbb4uTWyNNxjrpYACupC1MuVyR5NTwkaW8LTr
Cf4Y7aSKZ4EFXzcEazJHvRNfFGpb8Zgkzd3WS7BHhXbb,4500.000000,2Bxz74NdyshDUMFsz7QV4tKqDYELUhWMhhnf2pCieQSJcPCcUN8zZ2xy58RhwPLsQpAbGL7YkF1VTEJBDNnVWWQF
DdrPjGDsxBWBV7nbfdTjzS7JnJN9q7bh2xYVS35U9Faw,4500.000000,4buda5BzjBEyqbuGSgvYtgLjVRUi43MhekAEZtPrYbaFxmbs7vRFW4CUStbULgk3vSNuiEXqGswWA1JVJDc3tqg1
9LA2qvCJps2C58xyyPQmn8f92qD4nMk3Fe8fory8svDa,4500.000000,2egrp4VvUMzEah7Sy8bK9PmgtHzACnzhJzTR8YQbTmzcxD2oCYByvwn3GaNCsg7WvwU7QPmJastdBRUgvFkwqba1
B4m7tcS1gHAVWyvjZscxkDKxuzKAtmb9ohrV8GUtX2tN,4500.000000,3t4FDHEXUwVmyau7PKeaVGzoNKVJfdhVnXdpUYVkuhw5BqnGGk3dP7CEMCSHYET9j6ZSnLkqQH7qeLtwftPjc8o6
4fbje2skE7AKb3LbXcN187UzzaukEcU9AQKRfjhFLpUM,4500.000000,JKFtAKpFnRNwG8XCXh8YB6dKJ9yfAcetDwvPDxLGhsAoZ1fHDy48gu1AT4BUTmxBqseBR73ecUQ9xT5hMiWrjJf
D59qgC7kdpeQagbpFRkb899ZwZSqqfoR8V7MdRSfF8gr,4500.000000,4ujnCdwbTTAeQh4vLQQUnjhcYrnXPxrmMjezbyiey93mcVMinDLA8KCY4K4aXqa2F6KvmEzdrVoEemh2ik4Rvgag
FGG6yHeHGR4f2rdQBM96U1nZF2yxTDrXXyc8P2EgAQuR,4500.000000,3GZTi6UQQ2aFdmb2c4d6VxgmZsgFCG75ufmQMnjoW91ShMkQT6q81kYXqBNktpYTY5VKQvZ3v8ftaL2HhK194u6Z
4RuzAAQWeQcVtvbbnKHt9aVYU6VWNkDDnb8ttx4BLpq6,4500.000000,3v1sFjPbPhXvQxXqhQTFWAob5m4bQPwpUtVzmZLWkheqGrHo39tPadxizjh6y1dvYzEYDG8TcvA3yW24NnJyq1xr
