recipient,amount,signature
8w4C8VnE3YZgfaZwMzxmKRVVwbPhwndKXfQ4XAZ9mvat,4500.000000,cDTucAjaEp4VjenEYejuhU1RUTXxiHqQNQhH6bGYPRoxZkXzxqUn3SM5nn6Aq8TQMQoRmgqLJKRRZod9U2fGrcW
7LcDaz4WFDmBDfCMZhbBusmCdtEymNwob7rc6C48Lqw3,4500.000000,52WyiWrEuujXfiz1BgGGecB9SPJFGWDXYrgmsVrjLWQwZjT6fpCjbCzixnP3FzxRHAvahUaJiDSi8tTHDRVvibTa
E9ydQJQmGkyPfJEEn7X8fhH22MLiawV7S2NMFJs54f1U,4500.000000,65gMzkQe1xKebaAwg7VaDggyxwQ2dCky2qKtMvT4QK8N1FVihLXsvUsSH4RDFnkNk1o4omsKxQxEz2dR3e4gepzb
2wpfr4WkBsBrBhLxKhSr4s4eHHzqXQZCABx2p2eJ4dNC,4500.000000,yZNTbWYvEwwknqac82tDYVCAYDMNChsQwHbruvYtLWYuAC28eqKrQHK2xaB6xWuiPnok4ES9uApJGNtny7FWVZv
EZEnErHctdnq1CcFCKkXdixrdM7deP71DNd6eYPfxVgR,4500.000000,2mzeezaKNgFBSYXbjeNYUbC3c9CZZgvwePRZ2toCbSHsj579W86oQuuE9GZ5zAVJQZYGBm3fT93oo2YhgMimvyXp
oehZYjdtGpP2Gge8Gez7eTvW52JouXqHUKUYSvE7z4F,4500.000000,2aQiE7bWhTz9d5PX7EoRT6hChCXBAj7YhmqjvYC8DSx7o6H7Bby2XjiGoefYbFahBZ6dptBjkDBuGi2apMTigNji
GNjWNN4SpfbscwScjLqs6jw81H7cTLq2s2N244Qx7CRX,4500.000000,5CTWrbaozhxn1SHWtQrE5vULM5Aq1CjXWDSegVpEzEosqrC2mH8DeiZWKbGHeNFaW8XuKvr2g6dJoQ5Avb522g4Y
7hucq3NRtU3U4o8t2xPkR1Ga77NX1fgbadUHMFvp14Ag,4500.000000,4u76cZZLAoF2qiC16syguyrxBFq6HhyXSGKkXKdxQc9zmoA9RVUAxx16Z78TdVBCQFgj9TpGEQa7vnVs6TZfwhtB
CAVqVfrR77GK4D1Z1VNwifUBFFV5bPyrxFKVhEBiUn54,4500.000000,4NNuyP8pcG3ZvV3bfCCASV3bJUKSySJbcKvTG2yGZDYmGeD98j8TWqnMUzV42mhsZdRSnocdxvuyvnrKSe8YR4bR
4a6mVx36R4FenYsPuWDwKzfwL6rMC7VwQBvqnMqEnmov,4500.000000,2hXGD7hiUuNiaYkN6PUfJtmU3k3Fe3mzZcSj2yfoXf8MWuyk4m814wzDYxjpHzdXLxWhFGNsYLLigaZXJEJDex7B
sh9Mqw9KxBJmASH1TvwUQRK86QBrzyS5VRDhnCZFouT,4500.000000,2hZSjyMTJguxAtjMJqZgaM3vDvw6Ps7M8ieZNaBrQF5WxGY3ss5CWRiAfTBJsB8i5m7qadK9oRStELhEGbkdTVqD
4xPeUV6p9jsKCR1Gkhz8jiZVMe4XFPchz48dvUNcst5A,4500.000000,3K5xAeAXjrU65sLk81QG3fGMPvLbMhFS5FnAziHUbooxEqTtWmBEDxJcfVmiRtPK3UV48bYMcbGdeNR24v8jLjBg
KzoEatP5LV6VSs5qFEBZnQFefTvUPZF2ufQVK9ARYVj,4500.000000,37udpALi7tgFjxYvb9V25hr9QyZHdXE3iH6RwAXxN4Ekn2TWryJ5qLEtGk9sd51ZpeoQyspNxkiJ8r1Z2dvDV1Kx
Ei7jeHqVPabVEQoYwCjsMvgpuzCAwpf4kuQzEQ7kWonn,4500.000000,2t9MiUcvYGQs4zmcJA4CK7g2J5b6AViEETDEVenoYUXre4GPYyDSxYkN8eQnqHxo4xWK3s3DG9Sb8kBUWRtDtCsG
2KqoFGBwcMRvWTZ5g6KcQXNiaSnSrGrLmiSV5onZ8g3r,4500.000000,214PnKNHeVSZ5cZKEnSTdUmnhxbpDQYt1vRu4Z9yuuA9mkW82ZujgriimzxU9xay8L8kYnj36uu3pnPcPXkM4s51
CixxFJYgPbhe7ZJRzNRh4SxDzXVQDapZGqBAkYb2mYfF,4500.000000,2R3mrY9t7ZA4k9ukocjPkwMinXWBeTeqGCfKTNRgwX4Lp99QVkv4Ldi4E7ETdFxG8uDE7UY9w96JdiXcDzXcnbY6
9qxLHKdZpSqGJQNtj1at7pqLBuyZpdaA5E7PENagGqp4,4500.000000,5y7AhEoanLeaQYAv5aas7ahPj4jmPcrfRjm22Kf9jm2zcag2NNMFr47u8iu7GfmLkdF446REptxyw3zMGKQYV2d7
6tXkkvjuqjZKe3k7YdQXA3Tf6WwFt3nL6TPBrLVZ3Zra,4500.000000,37MLuCNzY9bLa8HZ1eBzaWDZ7uKMda8NiTVMGPDv6fbfJUU8WZLhrYurnJEpVja5aas6EGs9VA4oH45cmzXP3Ly3
6oPuvixZMJ6GKLN9jeYaxaYNYYCPU6XH1Lzr7qXZmHdj,4500.000000,3hLsXhYobb4yUQ78Q3fVdEcbF7K57dnWYfr7kvvGkayhyUzyMYk8WAW3AFEdhRYpgKwsJjVxxRxnrsmp9GGqPDDE
2zuhCCAbRxxvikprbaEEhcyn8DPdobBP6b9Q1JfsvMG2,4500.000000,5Ek8KxLuJDJeWsx22sPxJmcinLkRS1kPiAppcP6sDV5kCqNjNTVUjXrGiHhhU5e5g9yavZjhHHCgLFzZeRiVJomK
5Xfq63JXHpbf2gzWFDz61kqLyJACF61Bn3dyoUfFcdrX,4500.000000,4unMoQPh2DZ7vdBLNzsWJ6CZ493Ad8BArAk97sD6MzebqBYEPkUowpQLNJgyHLMPEZJEy6LG47orr8wt6eA5wkuZ
