recipient,amount,signature
BriKe2kckroHHTHbUAqBKZ5B9tRqsDdKwv1CDLmPqc7d,4500.000000,64cYNFgScaJWJbEnsu6iSqT5J9JSqaxUTrUM8Ts4PRwiqzKMxZPCFDe2bNQ5jbAhQBAcTTuup4UWdJyJ1rRNbLLh
DcsSKtBdyVHzwrftkSq38yoHKSMr5nZBo7F3iECbA4uR,4500.000000,3eSEWMS9zk1ivscJKCugwtFDQpNw17TsQYeZitRzvGMK7nBFKtVKnN8TBqRTLbyZ4K44aWLU5mxaY6cYjXAbwDMa
4VAQcp4wfgC6c13qSwxZiY7yyaMURwE84LYBbG9ZRdkC,4500.000000,2nZnG4vPHoEMcNCG3W93eAEoa3uR4xX7kTe35mcnHqYLuP7Wc2pNXJjKhCsW6ntGrU4GDFfG9FghtGbxUTaw3igY
A3rXFnaaXy896n8roe7Nquz7vWXrXjfXQn19uUs6VSVw,4500.000000,5sBcmDKx1ZHUfZV5Dz2a4vz4EK6MnzjsUyuMsKpJgQfhQGX9bbhhXSW39x96rBEoX9T9atYk9Uqnv2vxRUvrcj8a
Fud2SX3GR45k9tFiQLHw8vpa2dFDSzE8dLowHR61YXje,4500.000000,2Xb2kFA9Tw72nSTkaDt1mms8Rz1VikU67xXmRG2Tpm2Cx6pAhPTnFtYYuqYiHzmqmjqZKMwAeap4edvzjZJdDRXP
D9rxsg7mjgh2vggEvaHC2bmkcoXfaHUkAHpPqFgQqw1M,4500.000000,4Ws67Gv3QS3XZK38hebeMoiJRrHtVyvAC2euq5t9cBjgkVPE9dbjv4C72Cuk31H27bzY87ocnznNcaLzoDVmmqmx
HV2rtgAmYvcFmtepha6uunRbbuw35HphXi9SC7QwqRon,4500.000000,4NG6LxYqLhdmxAhYLCCXsJvGaPmAvC4QuZ4tR5Y2PDszmbfLDNZcc7bqDifGFntsV1U2wc1vu2dx7W136iswxepz
GLz7ZDy6K4U5vGZzpFZTZhuHXuVQ7LcBwzj97M22RcDK,4500.000000,QcTHtjkDor5amLxMmKvsr7jbFtpvN1NRy3WRWVoPZM18n17j6ijKpCYDViMNBPa35ALhpSzN3rZEpJuyKxwtRQy
J3TvfDh96pRgLUx3yTS8YXEJ5DmAbdi52HMZ6wyY9A4w,4500.000000,89cWfYPzqA5ZekSSnswNAJReGRwYaVKfER7c9hji4naAjMxo9QwCZu4GpP37pV3CU7PgwDpAXVfrLxEYydAZroZ
8djx9DxrhthXo1wTwXWx4AjqXZ3QEYvx22jRhzXq7DWr,4500.000000,2bPvgShbJuVzD3GgAqP4b1hAsY7ussR68eXUDkASByyEp94H8sMuuZABKbhmMXUnBEHwPqYAtYZ9vzKKHb3c6DjX
GvyeKnX9GDYw6S61kQCdEwLoGWdtcAFMrUBQYPJCK2Jv,4500.000000,5ZgQfVjFDByKM91pCBTpAxNv8W565uRAwTtcFx6gpeoZ2RyktXS9BErseBN38V44NUEzcL2UtJJMd9NiMzYvmYDZ
5Bz6o1ADTzVmitVL4xBXesS9M4b4ijUPc8A7gCRFhiPX,4500.000000,2CWGhhceyGQ9HaHTnkhZzpsWNbALTH1t2fYanR6QdBJ1G4o9FA9c5s4tyTk3mrbF23ejynZwvb2mT2MzvDcrwNvv
3uGDrb5bAshRTyEKmk4PsRB3TMZhhPBuFZ4nLvJhuSmW,4500.000000,2HQNEjLHskyb3HFjnmSEes9HSMT7sdjD96BhqaqsaCPcxhYvSRRjAr8jzoAnThXmstMZ9zCF2dxKmSbX9hXDDYhu
7SjwsYkp7PtdTzfz1UusG52P2ULV2R9EoVHe7cYkd9jZ,4500.000000,wCriNB4Kw6g9LgA6vELCGgbSGhQnu4PesMNw71uiGAhLKZ5yAKBaSK2vJ4qeHQ2rPCJ5z5caiLAmNxe1BhqNrV2
Eu7cPoerDnjJ7Kz5TRYQHmJY2BVoKcHdFwXAQcwUFTek,4500.000000,2nSpioW4kpnthbCUhhNkb5mmFXjeSGgFoUpk1SKtfWu4Xn9LXtEENzvHNopt7KpF4dCtXSrBqyoeJBhEniyb2n8H
6Mr9f6xMJhXBsiFwwx849LpkG99xcqGR4k49BoqNjCKB,4500.000000,24mBTqbsjNXtz6L7k9Hkxz14YrgpoGJwVKFuS81QttDBX4joKmyeip8hZ64zSJrUVyUzJ7mZuVBcxMXkNx5uxZXa
HdLtJ3FDJpAYY6VwnSrMB4DmZbaxeFozfr7V6oinH9KY,4500.000000,35CySjuZNdGiXo2YvUhT4wf7mCbi4vphfxPGW4ca6Kv553P1g2bb5LLGTifJ3sePhSN741kdwiDb9AGeeuT7cGiH
7ccHwqEbVcmk3QRxZqK64xGMjHMH7zFwwJ94GNVkYNii,4500.000000,31uiJP21FEZtiVYzabvaGEdd8d3JmUTqa87q63Yz8vCxC2MQxW9wBssj44SGKvNWYoQFVpfVxgc7oiBXytv9kWSs
FRCWHFb6b3pCVmgZNbmj5kVSboZEfAmBCvQhWAoNLHG7,4500.000000,3jJmFC49jXiMBi95Z8NpJ6uWkaxSaDMfXktucmx4xcx1GEHMBmKrTCKqUyADjY8gpHjUq3Ai5o6hbhtq8fNE658k
DWVU71kf6hvTEAGkaEaZBHfQZtnfR5C5J4y8NsD3Sc4s,4500.000000,4T8kv7mDbMngM7N9AXi1kun57DR3LRC2cUSvv82Zy1LgS1v1Ut1M5iQQzYCsumneyFUYvRfedYfmPfML9E5h3mKn
727tqVsBFa4Ucspf4M4tmhPt2w3GeSjVsys9bxZDQRjw,4500.000000,4UcDaqx1gSptdUPPisL88CaWz3eD2QiwjdH9hBRGT56CD4ApioSJKiBtCxonvWCNa1J7gfZBJCySzNsngRsLAJrx
BAjdCRwLBdpLEAdTdDj58SZyZWt4AXDXbHJgtVypbyvk,4500.000000,5za4ArfL7SeBKU82tdKRWAJeGqhVmDvMYa3eWY78Lo9fgYTc9wExNmLR1wmRDWNLfkATHUYYTuMZBEqbfqYxs4cF
BaWHAcd3DwyJ8xjEFsZpmA2xfY6rT9s9aRf7PUtyK7hf,4500.000000,Gb7hwRuyskzhUCoGwFWm3RyVpaxAgvezakh3wuQMqDuS2LC2kH6Mwg9HUSk4KWHKFFzo1Jn1fgmFPVxVZLRWYHa
6NVWJmkYhgRssNqAmC3t71YyFwtRRidS3pbm7ue9W5wa,4500.000000,2oWjiukDw1GvvqL5QE78zfcEK3KMLHWmDKJ4DyUTPQDtVM2S9yzo34rHAf1G7sQDbZs1uuRdpo8fkWJ95BAw5pnK
2ituiZjmoq23Ts3EL8WGFTWWXhMh9rYvCkjyWTZxz1DT,4500.000000,3ttw2zp6DaCf6xTu14H9JQGu2SMm77qEZNzkR7KFWBM3U5X4U2T8MaocJPY3pGKZRwiN2DQdCvKX5JjnPGBUm12y
DmPr5Pk2ie5yLsfkBPHFBG779SQe1XRSdoKiy2Yd7BSJ,4500.000000,2s7A2efYV8sePxmzCiRMc49PvLxTXvS5mx1ATteWR7JprZhempi6cecEAoeFUp2BEVkhHD1itWekqc3ui1k8Adtm
FFTzS9Qc6yNXuH7ZkeuFNYDZ35VgNCdAt2uNTeZ1atVC,4500.000000,hwxrxKXaiQuKHFsSrrXEXBLmjCbZ6sqhuYCUiAxdXFKc5X6oznppfvxzx6GTEYJgmaJqFzSp1UvQeotwY7fJ6SV
EiG6CBV89RM8hGLKNWX8pJ8swhTGbwUBCqAeXKL9pV4S,4500.000000,52i3pGbiWFyTUdJWpoumsq16UPqKLJgD62PQMcuPYVC3FLqwjtGux9CN2BWVzHrUE3HWdx1vxZp6ec236sxvnXAN
9eP3S8PDjtz5SpDKdVBU8LgVT6k4wA4EQcV73tJjK5xM,4500.000000,KrvC6R3Z1rfjxpQam8yYnMGBU51fVSDXj7qxcpC975S8o5eRh44BfGY21FZqeGEbJ4Y4dshcJdVmKeXtTVKXLce
BafgtHWazo4kWMqW1ijN7XKma185VYFyAWH7VFJA1JdR,4500.000000,3dHJTpxPac2WBKwSYv4MzgBjLfDzSTQc4pHSXAoQTzS9K9CpFHdvkDnc5CXnK4LSno1dXCrYxSQeaPNJACKrTFGG
8zB3XU96PXgNhFof7nZSfDaGG1aqcMr6KagdV5YJ6GNs,4500.000000,4y6pw8aXos6ooQevGER3bWr2VQVMhy88VketEzCAKVBy4bPwkW2ZE3GwrZ15dyfKKVQ1PtmyTSy9hqSESsTQBqTh
FhLi9GkkUujxPoyEkML95Fnq65rY4dvDG6fGDEpHL2Ty,4500.000000,2L1aJyh8aRgSav7jkemkwATL9dGeLuN9PPaPcQXg7jsSdxAS9cNW5ivLFcYUW6jjzCqAUEaYWN4qPi8Vk16ckkBh
BNnePkxizMNmjok33YgXnW1SFWXHbVjbWF7q9Q9rCtbN,4500.000000,425h2aw1w8dkGFHiWLfxaEJC8PTTsg9wgmJTWCydTgLHMPNDBdyFpQ3qcTpuyYJdQuzB6pbfLMRKwmN7AL7w3FLG
5jEoKBmgqfnpwtrcLUmmVN8To7b8Pn3Mz3jx7WZKearS,4500.000000,4JTEFer5rzL6xXmiS81RUGCofodW2eR5xNLaH2GkQ8Wfj1Sgk9SSPTCH3g2sdbSEdPTbbyB2aANDC87urz74Kt2b
6o4Y5jdgHLRBU77XkJehsFfKQXRMp3riCE8Xv5bZ92gb,4500.000000,55hh8dq6YjupVz3SER35zwVaVc3oRN12VsYy8quKChu9QBzNdsHnKfaprRwqvyk99nTEWGBEMb3o9bnuBjRzbgPr
A7ze1Hvf9LmCe57j16SGEGW9qqDcfmVSjg7acnCVKQ3B,4500.000000,47Yd8VVnyn5gfgA2Md1CgzzehyDbPD8D5p7UTsUDnGhSEQu3UeV4fKZhZmHcB3TzkyC3L5sSrub9EAtPhwRd6wkn
7K2z4qdgJW83La1h3FEeRNqZFwPmr7eS1L3QfujSSGcc,4500.000000,2VVMdm8HKnTmN2anNgisWBP1HWpH2XUV9EzHCgTdToL5WKHgBYq8AckQa98NJvJPBPUWSGWDVPYRq2qQmokkxriq
3nojGM8fWNcCbouX8RPGF1TonAw6YoGMfj5gEK8fzGEq,4500.000000,4XS7kxN9TCUAuaoTKrQfcuN8rErMJjAMFLVX8dSKPg8gHe6v4UX5u7geceQCy5po4Swm2UkWA7Qb1JkBfe1tAM7B
3WPtyTSEedWfRnd2h3f5mZ7Eqoz7JRm3m6SWbRBJGMsf,4500.000000,2vaRmiD9enut8YVWBLHNkyi1jFCqkC15cFxsht1YLeZRqgf2GwRnsiQMyp1MXiojbszAGgPQYjV5DTdFfAMu8oiq
49eWhcbGUb4uKiP7EZE2c93SttvivfJiJoEAqKMQNYot,4500.000000,3MPmgAAm6XqnUJSZetoGgFWhJNTyoTdawkroRfj4WTg2cEsVPbcQR9TwiKKuyaGikTwSUzMsz3SUNubzQwoXB5QP
GCXgnjKaYqZHWkRGKpEgsd7vL54x6WuAwPjh5Jz6Ests,4500.000000,31RZZyzwWbeBTDwYA5RvmUEpsuKKhnho6tPhcqUzTKrCMXQjevN9aV5rd2CEV9Qrcri8uXSqt4NbnGLcu1mVmHHB
6AZkzeHVjwjLJPp8Je2ocz5GiuKhuzUuoM4gLt1FGeZF,4500.000000,2vL197pfHCfh7gYJp77weLK4D39mmvgBXNtHh19BYqq64R5G5TVs1BLkesus7aBGjUFRG83nEVAcaFt7koLTeVfq
