recipient,amount,signature
8w4C8VnE3YZgfaZwMzxmKRVVwbPhwndKXfQ4XAZ9mvat,500.000000,QD1UbrCma5XK6zygYPwcbcbxcZP3VwZrJePz8o1cAvfPydzGp7khkofV7Dne568azSmhr8ey1bbbGeH1mQFCJtZ
7LcDaz4WFDmBDfCMZhbBusmCdtEymNwob7rc6C48Lqw3,500.000000,reA1PUAH1JekW5pTA5WCx4FBKx5aM1mZfoNDzYNeiXGBVRvzvMBeUFGWLRTrCm2VV15GZmRATTyVFsie72hrCWe
E9ydQJQmGkyPfJEEn7X8fhH22MLiawV7S2NMFJs54f1U,500.000000,66nFfzhkdwJjht1Asfm3mCGXL2AVia2T6m6r5EoKiDhCE9uxNnfNw141UBnsXj7Tkm9APjxDuzDezMsUWTGW5wjT
2wpfr4WkBsBrBhLxKhSr4s4eHHzqXQZCABx2p2eJ4dNC,500.000000,58PmeFoPqEGbfLsPyj3SWR7CDd3QwUCjjVxUCGe6dirELwAwQoQ3iJd9oKp2Aura6ca9QgVYyoNyf3f1oy64WGh6
EZEnErHctdnq1CcFCKkXdixrdM7deP71DNd6eYPfxVgR,500.000000,xKY3xfVkLprFai4wEQdDKzyhyaizJpkUo9Ti3WDm2JNnjf81W2osTao4FuXujUUiXVtFSqYbWmQpHRnPrBQWYKW
oehZYjdtGpP2Gge8Gez7eTvW52JouXqHUKUYSvE7z4F,500.000000,51dWTpZNDyXL9UfKwLVcrUWoLjrK6B5wj4YyxfmjMek7S1xnSU9Lo9NnZ6dURcJxsQxrGoPiZmFZD6oz4LjjH8ia
GNjWNN4SpfbscwScjLqs6jw81H7cTLq2s2N244Qx7CRX,500.000000,5EcSPQcNgBY6DtSGnCjzq7GXm6gPrJWLwZxVsNpWMtfqgXrwkKEqFpHj1YvSNCAGpKG18DPp6hbeUHHtDwdsomiz
7hucq3NRtU3U4o8t2xPkR1Ga77NX1fgbadUHMFvp14Ag,500.000000,5Z3K1scu1yRyMbCB9EGXxaVEJnJutjT1TNZRmeQBVbDw7CGLPWEarjuEBp4QSoCjn4qVTAyHYAeCA8j8M2RYcGZ1
CAVqVfrR77GK4D1Z1VNwifUBFFV5bPyrxFKVhEBiUn54,500.000000,3mP3zoYfDFX4YBfFm9BBtNqSVkRd8XD1JcP9xqEoh6diipdG5XTqHmSUvCzVURuV5ovkNwUJB3W54LCjcxyzyBgu
4a6mVx36R4FenYsPuWDwKzfwL6rMC7VwQBvqnMqEnmov,500.000000,SSe9PTPdsg54EwXRYCuHrnkRZGymjmAr9dLn1vqM2pmsbkhtNGVJSdqMzhBQJegf4RdtaioYQrT2np3XBGtxNQz
sh9Mqw9KxBJmASH1TvwUQRK86QBrzyS5VRDhnCZFouT,500.000000,5VEr7Rshdrjxpg8qWwy59hZp6LoHVXMVS7AdXDnXEhjQF3Pker7DsQY2xkeyudHM5ndgdX5ATeqqVEfQkmdj2p8L
4xPeUV6p9jsKCR1Gkhz8jiZVMe4XFPchz48dvUNcst5A,500.000000,4aofH4mm4Sr11aWmQLsfGsdL3YZMN6RFy967y7Pm7UhJGQuMrGa1VVjKVPhNfvLQASUQLgd3C3jBmXJnRezxna1F
KzoEatP5LV6VSs5qFEBZnQFefTvUPZF2ufQVK9ARYVj,500.000000,4Mojro7Y6hEwusQnHxo1CRxcfzxftb9C8pznMBTphrFdiPzdKgfB1iL95uGadf5wgqvsjpMwkHHVcWTDpytp47Qw
Ei7jeHqVPabVEQoYwCjsMvgpuzCAwpf4kuQzEQ7kWonn,500.000000,xmda9EsRMhAMup98xEb43HmRpaZzDD7gcK2juCKRksR4iQ8EMg8oMZhzNAQCXCuK1E2CmKpxEUFY818BixFcmNb
2KqoFGBwcMRvWTZ5g6KcQXNiaSnSrGrLmiSV5onZ8g3r,500.000000,4bCs3rK2TAPL7F7oDFN2HjKYMJgmcwovpSxEaswMQHnNXZ5p5CVzK1HZwKy4DtEZyXT8DezmLxMMBCquZTnJQxcW
CixxFJYgPbhe7ZJRzNRh4SxDzXVQDapZGqBAkYb2mYfF,500.000000,4eGv3fBrmyTTjhws2c6YVYyQVGCLrEjWkUuPmsxFmQ7CCM4ivfzNCdoSidNgYu8zicuUufUAWRA28GDiAm1e2AbU
9qxLHKdZpSqGJQNtj1at7pqLBuyZpdaA5E7PENagGqp4,500.000000,3fLfp597QqgrE6jxvmxEd67PRjeXo3dVb3T664WSBx3eifH3ai36oC8im3aJM9XjnNzACUEa6AvUR3rLRj9gSJ4V
6tXkkvjuqjZKe3k7YdQXA3Tf6WwFt3nL6TPBrLVZ3Zra,500.000000,3PpyRJGVTBo6Wgi6W1GxQo1wmm36YdLALMt5khfDve4ivCMruyRUVmbsbtWDQKfbQSEr66JLTXNi7PK6CjYcqRaZ
6oPuvixZMJ6GKLN9jeYaxaYNYYCPU6XH1Lzr7qXZmHdj,500.000000,28q5MVpM7uc4YHk4CcfAhntW1PWeYUWYLtsrAJ2X9GMSDqJUdFLF64U29n6QxK1ezoJkc7RwEP3svbfr73TDKy4q
2zuhCCAbRxxvikprbaEEhcyn8DPdobBP6b9Q1JfsvMG2,500.000000,2EKzqEMD5YykJmRhJTyB4UDXNE6zbvvDHGUrgvcHWh5w5PHKiiMs6dzQt2qCKnM4WZBGfv17ukN7z7BSvSy52tjo
